

================================================================
== Vitis HLS Report for 'decision_function_ap_fixed_18_8_5_3_0_ap_fixed_18_8_5_3_0_13'
================================================================
* Date:           Tue Sep  2 08:46:08 2025

* Version:        2023.2 (Build 4023990 on Oct 11 2023)
* Project:        my_prj
* Solution:       solution1 (Vivado IP Flow Target)
* Product family: zynq
* Target device:  xc7z020-clg400-1


================================================================
== Performance Estimates
================================================================
+ Timing: 
    * Summary: 
    +--------+---------+----------+------------+
    |  Clock |  Target | Estimated| Uncertainty|
    +--------+---------+----------+------------+
    |ap_clk  |  5.00 ns|  3.072 ns|     1.35 ns|
    +--------+---------+----------+------------+

+ Latency: 
    * Summary: 
    +---------+---------+-----------+-----------+-----+-----+---------+
    |  Latency (cycles) |   Latency (absolute)  |  Interval | Pipeline|
    |   min   |   max   |    min    |    max    | min | max |   Type  |
    +---------+---------+-----------+-----------+-----+-----+---------+
    |        4|        4|  20.000 ns|  20.000 ns|    1|    1|      yes|
    +---------+---------+-----------+-----------+-----+-----+---------+

    + Detail: 
        * Instance: 
        N/A

        * Loop: 
        N/A

============================================================
+ Verbose Summary: Synthesis Manager
============================================================
InlineROM: 1
ExposeGlobal: 0
============================================================
+ Verbose Summary: CDFG Model
============================================================
IsTopModel: 0
ResetActiveHigh: 1
IsCombinational: 0
IsDatapathOnly: 0
HasWiredReturn: 1
HasMFsm: 2
HasVarLatency: 0
IsPipeline: 1
IsRtlPipelined: 1
IsInstanceOverlapped: 0
IsDontTouch: 0
HasImplIP: 0
IsGatedGlobalClock: 0

+ Individual pipeline summary: 
  * Pipeline-0: initiation interval (II) = 1, depth = 5


============================================================
+ Verbose Summary: Schedule
============================================================
* Number of FSM states : 5
* Pipeline : 1
  Pipeline-0 : II = 1, D = 5, States = { 1 2 3 4 5 }
* Dataflow Pipeline: 0

* FSM state transitions: 
1 --> 2 
2 --> 3 
3 --> 4 
4 --> 5 
5 --> 

* FSM state operations: 

State 1 <SV = 0> <Delay = 2.13>
ST_1 : Operation 6 [1/1] (0.00ns)   --->   "%p_read88 = read i18 @_ssdm_op_Read.ap_auto.i18, i18 %p_read8" [firmware/BDT.cpp:0->firmware/BDT.h:89]   --->   Operation 6 'read' 'p_read88' <Predicate = true> <Delay = 0.00>
ST_1 : Operation 7 [1/1] (0.00ns)   --->   "%p_read77 = read i18 @_ssdm_op_Read.ap_auto.i18, i18 %p_read7" [firmware/BDT.cpp:0->firmware/BDT.h:89]   --->   Operation 7 'read' 'p_read77' <Predicate = true> <Delay = 0.00>
ST_1 : Operation 8 [1/1] (0.00ns)   --->   "%p_read66 = read i18 @_ssdm_op_Read.ap_auto.i18, i18 %p_read6" [firmware/BDT.cpp:0->firmware/BDT.h:89]   --->   Operation 8 'read' 'p_read66' <Predicate = true> <Delay = 0.00>
ST_1 : Operation 9 [1/1] (0.00ns)   --->   "%p_read55 = read i18 @_ssdm_op_Read.ap_auto.i18, i18 %p_read5" [firmware/BDT.cpp:0->firmware/BDT.h:89]   --->   Operation 9 'read' 'p_read55' <Predicate = true> <Delay = 0.00>
ST_1 : Operation 10 [1/1] (0.00ns)   --->   "%p_read44 = read i18 @_ssdm_op_Read.ap_auto.i18, i18 %p_read4" [firmware/BDT.cpp:0->firmware/BDT.h:89]   --->   Operation 10 'read' 'p_read44' <Predicate = true> <Delay = 0.00>
ST_1 : Operation 11 [1/1] (0.00ns)   --->   "%p_read33 = read i18 @_ssdm_op_Read.ap_auto.i18, i18 %p_read3" [firmware/BDT.cpp:0->firmware/BDT.h:89]   --->   Operation 11 'read' 'p_read33' <Predicate = true> <Delay = 0.00>
ST_1 : Operation 12 [1/1] (0.00ns)   --->   "%p_read22 = read i18 @_ssdm_op_Read.ap_auto.i18, i18 %p_read2" [firmware/BDT.cpp:0->firmware/BDT.h:89]   --->   Operation 12 'read' 'p_read22' <Predicate = true> <Delay = 0.00>
ST_1 : Operation 13 [1/1] (0.00ns)   --->   "%p_read11 = read i18 @_ssdm_op_Read.ap_auto.i18, i18 %p_read1" [firmware/BDT.cpp:0->firmware/BDT.h:89]   --->   Operation 13 'read' 'p_read11' <Predicate = true> <Delay = 0.00>
ST_1 : Operation 14 [1/1] (2.13ns)   --->   "%icmp_ln4 = icmp_slt  i18 %p_read88, i18 261524" [firmware/BDT.cpp:4->firmware/BDT.cpp:4->firmware/BDT.h:89]   --->   Operation 14 'icmp' 'icmp_ln4' <Predicate = true> <Delay = 2.13> <CoreInst = "Cmp">   --->   Core 9 'Cmp' <Latency = 0> <II = 1> <Delay = 2.13> <FuncUnit> <Opcode : 'icmp'> <InPorts = 2> <OutPorts = 1>
ST_1 : Operation 15 [1/1] (2.13ns)   --->   "%icmp_ln4_130 = icmp_slt  i18 %p_read33, i18 71939" [firmware/BDT.cpp:4->firmware/BDT.cpp:4->firmware/BDT.h:89]   --->   Operation 15 'icmp' 'icmp_ln4_130' <Predicate = true> <Delay = 2.13> <CoreInst = "Cmp">   --->   Core 9 'Cmp' <Latency = 0> <II = 1> <Delay = 2.13> <FuncUnit> <Opcode : 'icmp'> <InPorts = 2> <OutPorts = 1>
ST_1 : Operation 16 [1/1] (2.13ns)   --->   "%icmp_ln4_131 = icmp_slt  i18 %p_read44, i18 88618" [firmware/BDT.cpp:4->firmware/BDT.cpp:4->firmware/BDT.h:89]   --->   Operation 16 'icmp' 'icmp_ln4_131' <Predicate = true> <Delay = 2.13> <CoreInst = "Cmp">   --->   Core 9 'Cmp' <Latency = 0> <II = 1> <Delay = 2.13> <FuncUnit> <Opcode : 'icmp'> <InPorts = 2> <OutPorts = 1>
ST_1 : Operation 17 [1/1] (2.13ns)   --->   "%icmp_ln4_132 = icmp_slt  i18 %p_read66, i18 35968" [firmware/BDT.cpp:4->firmware/BDT.cpp:4->firmware/BDT.h:89]   --->   Operation 17 'icmp' 'icmp_ln4_132' <Predicate = true> <Delay = 2.13> <CoreInst = "Cmp">   --->   Core 9 'Cmp' <Latency = 0> <II = 1> <Delay = 2.13> <FuncUnit> <Opcode : 'icmp'> <InPorts = 2> <OutPorts = 1>
ST_1 : Operation 18 [1/1] (2.13ns)   --->   "%icmp_ln4_133 = icmp_slt  i18 %p_read55, i18 3293" [firmware/BDT.cpp:4->firmware/BDT.cpp:4->firmware/BDT.h:89]   --->   Operation 18 'icmp' 'icmp_ln4_133' <Predicate = true> <Delay = 2.13> <CoreInst = "Cmp">   --->   Core 9 'Cmp' <Latency = 0> <II = 1> <Delay = 2.13> <FuncUnit> <Opcode : 'icmp'> <InPorts = 2> <OutPorts = 1>
ST_1 : Operation 19 [1/1] (2.13ns)   --->   "%icmp_ln4_134 = icmp_slt  i18 %p_read11, i18 13440" [firmware/BDT.cpp:4->firmware/BDT.cpp:4->firmware/BDT.h:89]   --->   Operation 19 'icmp' 'icmp_ln4_134' <Predicate = true> <Delay = 2.13> <CoreInst = "Cmp">   --->   Core 9 'Cmp' <Latency = 0> <II = 1> <Delay = 2.13> <FuncUnit> <Opcode : 'icmp'> <InPorts = 2> <OutPorts = 1>
ST_1 : Operation 20 [1/1] (2.13ns)   --->   "%icmp_ln4_135 = icmp_slt  i18 %p_read33, i18 88935" [firmware/BDT.cpp:4->firmware/BDT.cpp:4->firmware/BDT.h:89]   --->   Operation 20 'icmp' 'icmp_ln4_135' <Predicate = true> <Delay = 2.13> <CoreInst = "Cmp">   --->   Core 9 'Cmp' <Latency = 0> <II = 1> <Delay = 2.13> <FuncUnit> <Opcode : 'icmp'> <InPorts = 2> <OutPorts = 1>
ST_1 : Operation 21 [1/1] (2.13ns)   --->   "%icmp_ln4_136 = icmp_slt  i18 %p_read22, i18 20096" [firmware/BDT.cpp:4->firmware/BDT.cpp:4->firmware/BDT.h:89]   --->   Operation 21 'icmp' 'icmp_ln4_136' <Predicate = true> <Delay = 2.13> <CoreInst = "Cmp">   --->   Core 9 'Cmp' <Latency = 0> <II = 1> <Delay = 2.13> <FuncUnit> <Opcode : 'icmp'> <InPorts = 2> <OutPorts = 1>
ST_1 : Operation 22 [1/1] (2.13ns)   --->   "%icmp_ln4_137 = icmp_slt  i18 %p_read88, i18 261180" [firmware/BDT.cpp:4->firmware/BDT.cpp:4->firmware/BDT.h:89]   --->   Operation 22 'icmp' 'icmp_ln4_137' <Predicate = true> <Delay = 2.13> <CoreInst = "Cmp">   --->   Core 9 'Cmp' <Latency = 0> <II = 1> <Delay = 2.13> <FuncUnit> <Opcode : 'icmp'> <InPorts = 2> <OutPorts = 1>
ST_1 : Operation 23 [1/1] (2.13ns)   --->   "%icmp_ln4_138 = icmp_slt  i18 %p_read77, i18 24" [firmware/BDT.cpp:4->firmware/BDT.cpp:4->firmware/BDT.h:89]   --->   Operation 23 'icmp' 'icmp_ln4_138' <Predicate = true> <Delay = 2.13> <CoreInst = "Cmp">   --->   Core 9 'Cmp' <Latency = 0> <II = 1> <Delay = 2.13> <FuncUnit> <Opcode : 'icmp'> <InPorts = 2> <OutPorts = 1>
ST_1 : Operation 24 [1/1] (2.13ns)   --->   "%icmp_ln4_139 = icmp_slt  i18 %p_read88, i18 260840" [firmware/BDT.cpp:4->firmware/BDT.cpp:4->firmware/BDT.h:89]   --->   Operation 24 'icmp' 'icmp_ln4_139' <Predicate = true> <Delay = 2.13> <CoreInst = "Cmp">   --->   Core 9 'Cmp' <Latency = 0> <II = 1> <Delay = 2.13> <FuncUnit> <Opcode : 'icmp'> <InPorts = 2> <OutPorts = 1>
ST_1 : Operation 25 [1/1] (2.13ns)   --->   "%icmp_ln4_140 = icmp_slt  i18 %p_read66, i18 7040" [firmware/BDT.cpp:4->firmware/BDT.cpp:4->firmware/BDT.h:89]   --->   Operation 25 'icmp' 'icmp_ln4_140' <Predicate = true> <Delay = 2.13> <CoreInst = "Cmp">   --->   Core 9 'Cmp' <Latency = 0> <II = 1> <Delay = 2.13> <FuncUnit> <Opcode : 'icmp'> <InPorts = 2> <OutPorts = 1>
ST_1 : Operation 26 [1/1] (2.13ns)   --->   "%icmp_ln4_141 = icmp_slt  i18 %p_read44, i18 73590" [firmware/BDT.cpp:4->firmware/BDT.cpp:4->firmware/BDT.h:89]   --->   Operation 26 'icmp' 'icmp_ln4_141' <Predicate = true> <Delay = 2.13> <CoreInst = "Cmp">   --->   Core 9 'Cmp' <Latency = 0> <II = 1> <Delay = 2.13> <FuncUnit> <Opcode : 'icmp'> <InPorts = 2> <OutPorts = 1>
ST_1 : Operation 27 [1/1] (2.13ns)   --->   "%icmp_ln4_142 = icmp_slt  i18 %p_read11, i18 10624" [firmware/BDT.cpp:4->firmware/BDT.cpp:4->firmware/BDT.h:89]   --->   Operation 27 'icmp' 'icmp_ln4_142' <Predicate = true> <Delay = 2.13> <CoreInst = "Cmp">   --->   Core 9 'Cmp' <Latency = 0> <II = 1> <Delay = 2.13> <FuncUnit> <Opcode : 'icmp'> <InPorts = 2> <OutPorts = 1>
ST_1 : Operation 28 [1/1] (2.13ns)   --->   "%icmp_ln4_143 = icmp_slt  i18 %p_read44, i18 109807" [firmware/BDT.cpp:4->firmware/BDT.cpp:4->firmware/BDT.h:89]   --->   Operation 28 'icmp' 'icmp_ln4_143' <Predicate = true> <Delay = 2.13> <CoreInst = "Cmp">   --->   Core 9 'Cmp' <Latency = 0> <II = 1> <Delay = 2.13> <FuncUnit> <Opcode : 'icmp'> <InPorts = 2> <OutPorts = 1>

State 2 <SV = 1> <Delay = 2.93>
ST_2 : Operation 29 [1/1] (0.97ns)   --->   "%xor_ln107 = xor i1 %icmp_ln4, i1 1" [firmware/BDT.h:107]   --->   Operation 29 'xor' 'xor_ln107' <Predicate = true> <Delay = 0.97> <CoreInst = "LogicGate">   --->   Core 74 'LogicGate' <Latency = 0> <II = 1> <Delay = 0.97> <FuncUnit> <Opcode : 'and' 'or' 'xor'> <InPorts = 2> <OutPorts = 1>
ST_2 : Operation 30 [1/1] (0.97ns)   --->   "%and_ln105 = and i1 %icmp_ln4_130, i1 %icmp_ln4" [firmware/BDT.h:105]   --->   Operation 30 'and' 'and_ln105' <Predicate = (icmp_ln4)> <Delay = 0.97> <CoreInst = "LogicGate">   --->   Core 74 'LogicGate' <Latency = 0> <II = 1> <Delay = 0.97> <FuncUnit> <Opcode : 'and' 'or' 'xor'> <InPorts = 2> <OutPorts = 1>
ST_2 : Operation 31 [1/1] (0.00ns) (grouped into LUT with out node and_ln107)   --->   "%xor_ln107_59 = xor i1 %icmp_ln4_130, i1 1" [firmware/BDT.h:107]   --->   Operation 31 'xor' 'xor_ln107_59' <Predicate = (icmp_ln4)> <Delay = 0.00> <CoreInst = "LogicGate">   --->   Core 74 'LogicGate' <Latency = 0> <II = 1> <Delay = 0.97> <FuncUnit> <Opcode : 'and' 'or' 'xor'> <InPorts = 2> <OutPorts = 1>
ST_2 : Operation 32 [1/1] (0.97ns) (out node of the LUT)   --->   "%and_ln107 = and i1 %icmp_ln4, i1 %xor_ln107_59" [firmware/BDT.h:107]   --->   Operation 32 'and' 'and_ln107' <Predicate = (icmp_ln4)> <Delay = 0.97> <CoreInst = "LogicGate">   --->   Core 74 'LogicGate' <Latency = 0> <II = 1> <Delay = 0.97> <FuncUnit> <Opcode : 'and' 'or' 'xor'> <InPorts = 2> <OutPorts = 1>
ST_2 : Operation 33 [1/1] (0.97ns)   --->   "%and_ln105_142 = and i1 %icmp_ln4_131, i1 %xor_ln107" [firmware/BDT.h:105]   --->   Operation 33 'and' 'and_ln105_142' <Predicate = true> <Delay = 0.97> <CoreInst = "LogicGate">   --->   Core 74 'LogicGate' <Latency = 0> <II = 1> <Delay = 0.97> <FuncUnit> <Opcode : 'and' 'or' 'xor'> <InPorts = 2> <OutPorts = 1>
ST_2 : Operation 34 [1/1] (0.00ns) (grouped into LUT with out node and_ln107_15)   --->   "%xor_ln107_60 = xor i1 %icmp_ln4_131, i1 1" [firmware/BDT.h:107]   --->   Operation 34 'xor' 'xor_ln107_60' <Predicate = true> <Delay = 0.00> <CoreInst = "LogicGate">   --->   Core 74 'LogicGate' <Latency = 0> <II = 1> <Delay = 0.97> <FuncUnit> <Opcode : 'and' 'or' 'xor'> <InPorts = 2> <OutPorts = 1>
ST_2 : Operation 35 [1/1] (0.97ns) (out node of the LUT)   --->   "%and_ln107_15 = and i1 %xor_ln107_60, i1 %xor_ln107" [firmware/BDT.h:107]   --->   Operation 35 'and' 'and_ln107_15' <Predicate = true> <Delay = 0.97> <CoreInst = "LogicGate">   --->   Core 74 'LogicGate' <Latency = 0> <II = 1> <Delay = 0.97> <FuncUnit> <Opcode : 'and' 'or' 'xor'> <InPorts = 2> <OutPorts = 1>
ST_2 : Operation 36 [1/1] (0.97ns)   --->   "%and_ln105_143 = and i1 %icmp_ln4_132, i1 %and_ln105" [firmware/BDT.h:105]   --->   Operation 36 'and' 'and_ln105_143' <Predicate = (icmp_ln4)> <Delay = 0.97> <CoreInst = "LogicGate">   --->   Core 74 'LogicGate' <Latency = 0> <II = 1> <Delay = 0.97> <FuncUnit> <Opcode : 'and' 'or' 'xor'> <InPorts = 2> <OutPorts = 1>
ST_2 : Operation 37 [1/1] (0.00ns) (grouped into LUT with out node or_ln120)   --->   "%xor_ln107_61 = xor i1 %icmp_ln4_132, i1 1" [firmware/BDT.h:107]   --->   Operation 37 'xor' 'xor_ln107_61' <Predicate = (icmp_ln4)> <Delay = 0.00> <CoreInst = "LogicGate">   --->   Core 74 'LogicGate' <Latency = 0> <II = 1> <Delay = 0.97> <FuncUnit> <Opcode : 'and' 'or' 'xor'> <InPorts = 2> <OutPorts = 1>
ST_2 : Operation 38 [1/1] (0.97ns)   --->   "%and_ln105_144 = and i1 %icmp_ln4_133, i1 %and_ln107" [firmware/BDT.h:105]   --->   Operation 38 'and' 'and_ln105_144' <Predicate = (icmp_ln4)> <Delay = 0.97> <CoreInst = "LogicGate">   --->   Core 74 'LogicGate' <Latency = 0> <II = 1> <Delay = 0.97> <FuncUnit> <Opcode : 'and' 'or' 'xor'> <InPorts = 2> <OutPorts = 1>
ST_2 : Operation 39 [1/1] (0.00ns) (grouped into LUT with out node or_ln120)   --->   "%and_ln105_155 = and i1 %icmp_ln4_137, i1 %xor_ln107_61" [firmware/BDT.h:105]   --->   Operation 39 'and' 'and_ln105_155' <Predicate = (icmp_ln4)> <Delay = 0.00> <CoreInst = "LogicGate">   --->   Core 74 'LogicGate' <Latency = 0> <II = 1> <Delay = 0.97> <FuncUnit> <Opcode : 'and' 'or' 'xor'> <InPorts = 2> <OutPorts = 1>
ST_2 : Operation 40 [1/1] (0.00ns) (grouped into LUT with out node or_ln120)   --->   "%and_ln105_148 = and i1 %and_ln105_155, i1 %and_ln105" [firmware/BDT.h:105]   --->   Operation 40 'and' 'and_ln105_148' <Predicate = (icmp_ln4)> <Delay = 0.00> <CoreInst = "LogicGate">   --->   Core 74 'LogicGate' <Latency = 0> <II = 1> <Delay = 0.97> <FuncUnit> <Opcode : 'and' 'or' 'xor'> <InPorts = 2> <OutPorts = 1>
ST_2 : Operation 41 [1/1] (0.97ns) (out node of the LUT)   --->   "%or_ln120 = or i1 %and_ln105_143, i1 %and_ln105_148" [firmware/BDT.h:120]   --->   Operation 41 'or' 'or_ln120' <Predicate = (icmp_ln4)> <Delay = 0.97> <CoreInst = "LogicGate">   --->   Core 74 'LogicGate' <Latency = 0> <II = 1> <Delay = 0.97> <FuncUnit> <Opcode : 'and' 'or' 'xor'> <InPorts = 2> <OutPorts = 1>

State 3 <SV = 2> <Delay = 2.99>
ST_3 : Operation 42 [1/1] (0.00ns) (grouped into LUT with out node select_ln120_128)   --->   "%xor_ln107_62 = xor i1 %icmp_ln4_133, i1 1" [firmware/BDT.h:107]   --->   Operation 42 'xor' 'xor_ln107_62' <Predicate = (icmp_ln4)> <Delay = 0.00> <CoreInst = "LogicGate">   --->   Core 74 'LogicGate' <Latency = 0> <II = 1> <Delay = 0.97> <FuncUnit> <Opcode : 'and' 'or' 'xor'> <InPorts = 2> <OutPorts = 1>
ST_3 : Operation 43 [1/1] (0.97ns)   --->   "%and_ln105_145 = and i1 %icmp_ln4_134, i1 %and_ln105_142" [firmware/BDT.h:105]   --->   Operation 43 'and' 'and_ln105_145' <Predicate = true> <Delay = 0.97> <CoreInst = "LogicGate">   --->   Core 74 'LogicGate' <Latency = 0> <II = 1> <Delay = 0.97> <FuncUnit> <Opcode : 'and' 'or' 'xor'> <InPorts = 2> <OutPorts = 1>
ST_3 : Operation 44 [1/1] (0.00ns) (grouped into LUT with out node select_ln120_124)   --->   "%and_ln105_147 = and i1 %icmp_ln4_136, i1 %and_ln105_143" [firmware/BDT.h:105]   --->   Operation 44 'and' 'and_ln105_147' <Predicate = (and_ln105_143 & and_ln105 & icmp_ln4 & or_ln120)> <Delay = 0.00> <CoreInst = "LogicGate">   --->   Core 74 'LogicGate' <Latency = 0> <II = 1> <Delay = 0.97> <FuncUnit> <Opcode : 'and' 'or' 'xor'> <InPorts = 2> <OutPorts = 1>
ST_3 : Operation 45 [1/1] (0.00ns) (grouped into LUT with out node select_ln120_126)   --->   "%and_ln105_149 = and i1 %icmp_ln4_138, i1 %and_ln105_144" [firmware/BDT.h:105]   --->   Operation 45 'and' 'and_ln105_149' <Predicate = (icmp_ln4)> <Delay = 0.00> <CoreInst = "LogicGate">   --->   Core 74 'LogicGate' <Latency = 0> <II = 1> <Delay = 0.97> <FuncUnit> <Opcode : 'and' 'or' 'xor'> <InPorts = 2> <OutPorts = 1>
ST_3 : Operation 46 [1/1] (0.00ns) (grouped into LUT with out node select_ln120_128)   --->   "%and_ln105_156 = and i1 %icmp_ln4_139, i1 %xor_ln107_62" [firmware/BDT.h:105]   --->   Operation 46 'and' 'and_ln105_156' <Predicate = (icmp_ln4)> <Delay = 0.00> <CoreInst = "LogicGate">   --->   Core 74 'LogicGate' <Latency = 0> <II = 1> <Delay = 0.97> <FuncUnit> <Opcode : 'and' 'or' 'xor'> <InPorts = 2> <OutPorts = 1>
ST_3 : Operation 47 [1/1] (0.00ns) (grouped into LUT with out node select_ln120_128)   --->   "%and_ln105_150 = and i1 %and_ln105_156, i1 %and_ln107" [firmware/BDT.h:105]   --->   Operation 47 'and' 'and_ln105_150' <Predicate = (icmp_ln4)> <Delay = 0.00> <CoreInst = "LogicGate">   --->   Core 74 'LogicGate' <Latency = 0> <II = 1> <Delay = 0.97> <FuncUnit> <Opcode : 'and' 'or' 'xor'> <InPorts = 2> <OutPorts = 1>
ST_3 : Operation 48 [1/1] (0.00ns) (grouped into LUT with out node select_ln120_126)   --->   "%or_ln120_106 = or i1 %and_ln105, i1 %and_ln105_149" [firmware/BDT.h:120]   --->   Operation 48 'or' 'or_ln120_106' <Predicate = (icmp_ln4)> <Delay = 0.00> <CoreInst = "LogicGate">   --->   Core 74 'LogicGate' <Latency = 0> <II = 1> <Delay = 0.97> <FuncUnit> <Opcode : 'and' 'or' 'xor'> <InPorts = 2> <OutPorts = 1>
ST_3 : Operation 49 [1/1] (0.97ns)   --->   "%or_ln120_107 = or i1 %and_ln105, i1 %and_ln105_144" [firmware/BDT.h:120]   --->   Operation 49 'or' 'or_ln120_107' <Predicate = (icmp_ln4)> <Delay = 0.97> <CoreInst = "LogicGate">   --->   Core 74 'LogicGate' <Latency = 0> <II = 1> <Delay = 0.97> <FuncUnit> <Opcode : 'and' 'or' 'xor'> <InPorts = 2> <OutPorts = 1>
ST_3 : Operation 50 [1/1] (0.00ns) (grouped into LUT with out node select_ln120_128)   --->   "%or_ln120_108 = or i1 %or_ln120_107, i1 %and_ln105_150" [firmware/BDT.h:120]   --->   Operation 50 'or' 'or_ln120_108' <Predicate = (icmp_ln4)> <Delay = 0.00> <CoreInst = "LogicGate">   --->   Core 74 'LogicGate' <Latency = 0> <II = 1> <Delay = 0.97> <FuncUnit> <Opcode : 'and' 'or' 'xor'> <InPorts = 2> <OutPorts = 1>
ST_3 : Operation 51 [1/1] (0.97ns)   --->   "%or_ln120_110 = or i1 %icmp_ln4, i1 %and_ln105_145" [firmware/BDT.h:120]   --->   Operation 51 'or' 'or_ln120_110' <Predicate = true> <Delay = 0.97> <CoreInst = "LogicGate">   --->   Core 74 'LogicGate' <Latency = 0> <II = 1> <Delay = 0.97> <FuncUnit> <Opcode : 'and' 'or' 'xor'> <InPorts = 2> <OutPorts = 1>
ST_3 : Operation 52 [1/1] (0.00ns) (grouped into LUT with out node select_ln120_124)   --->   "%xor_ln120 = xor i1 %and_ln105_147, i1 1" [firmware/BDT.h:120]   --->   Operation 52 'xor' 'xor_ln120' <Predicate = (and_ln105_143 & and_ln105 & icmp_ln4 & or_ln120)> <Delay = 0.00> <CoreInst = "LogicGate">   --->   Core 74 'LogicGate' <Latency = 0> <II = 1> <Delay = 0.97> <FuncUnit> <Opcode : 'and' 'or' 'xor'> <InPorts = 2> <OutPorts = 1>
ST_3 : Operation 53 [1/1] (0.00ns) (grouped into LUT with out node select_ln120_124)   --->   "%zext_ln120 = zext i1 %xor_ln120" [firmware/BDT.h:120]   --->   Operation 53 'zext' 'zext_ln120' <Predicate = (and_ln105_143 & and_ln105 & icmp_ln4 & or_ln120)> <Delay = 0.00>
ST_3 : Operation 54 [1/1] (0.00ns) (grouped into LUT with out node select_ln120_124)   --->   "%select_ln120 = select i1 %and_ln105_143, i2 %zext_ln120, i2 2" [firmware/BDT.h:120]   --->   Operation 54 'select' 'select_ln120' <Predicate = (and_ln105 & icmp_ln4 & or_ln120)> <Delay = 0.00> <CoreInst = "Sel">   --->   Core 73 'Sel' <Latency = 0> <II = 1> <Delay = 0.99> <FuncUnit> <Opcode : 'select'> <InPorts = 3> <OutPorts = 1>
ST_3 : Operation 55 [1/1] (0.00ns) (grouped into LUT with out node select_ln120_124)   --->   "%select_ln120_123 = select i1 %or_ln120, i2 %select_ln120, i2 3" [firmware/BDT.h:120]   --->   Operation 55 'select' 'select_ln120_123' <Predicate = (and_ln105 & icmp_ln4)> <Delay = 0.00> <CoreInst = "Sel">   --->   Core 73 'Sel' <Latency = 0> <II = 1> <Delay = 0.99> <FuncUnit> <Opcode : 'select'> <InPorts = 3> <OutPorts = 1>
ST_3 : Operation 56 [1/1] (0.00ns) (grouped into LUT with out node select_ln120_124)   --->   "%zext_ln120_21 = zext i2 %select_ln120_123" [firmware/BDT.h:120]   --->   Operation 56 'zext' 'zext_ln120_21' <Predicate = (and_ln105 & icmp_ln4)> <Delay = 0.00>
ST_3 : Operation 57 [1/1] (0.99ns) (out node of the LUT)   --->   "%select_ln120_124 = select i1 %and_ln105, i3 %zext_ln120_21, i3 4" [firmware/BDT.h:120]   --->   Operation 57 'select' 'select_ln120_124' <Predicate = (icmp_ln4)> <Delay = 0.99> <CoreInst = "Sel">   --->   Core 73 'Sel' <Latency = 0> <II = 1> <Delay = 0.98> <FuncUnit> <Opcode : 'select'> <InPorts = 3> <OutPorts = 1>
ST_3 : Operation 58 [1/1] (0.00ns) (grouped into LUT with out node select_ln120_126)   --->   "%select_ln120_125 = select i1 %or_ln120_106, i3 %select_ln120_124, i3 5" [firmware/BDT.h:120]   --->   Operation 58 'select' 'select_ln120_125' <Predicate = (icmp_ln4)> <Delay = 0.00> <CoreInst = "Sel">   --->   Core 73 'Sel' <Latency = 0> <II = 1> <Delay = 0.98> <FuncUnit> <Opcode : 'select'> <InPorts = 3> <OutPorts = 1>
ST_3 : Operation 59 [1/1] (0.98ns) (out node of the LUT)   --->   "%select_ln120_126 = select i1 %or_ln120_107, i3 %select_ln120_125, i3 6" [firmware/BDT.h:120]   --->   Operation 59 'select' 'select_ln120_126' <Predicate = (icmp_ln4)> <Delay = 0.98> <CoreInst = "Sel">   --->   Core 73 'Sel' <Latency = 0> <II = 1> <Delay = 0.98> <FuncUnit> <Opcode : 'select'> <InPorts = 3> <OutPorts = 1>
ST_3 : Operation 60 [1/1] (0.00ns) (grouped into LUT with out node select_ln120_128)   --->   "%select_ln120_127 = select i1 %or_ln120_108, i3 %select_ln120_126, i3 7" [firmware/BDT.h:120]   --->   Operation 60 'select' 'select_ln120_127' <Predicate = (icmp_ln4)> <Delay = 0.00> <CoreInst = "Sel">   --->   Core 73 'Sel' <Latency = 0> <II = 1> <Delay = 0.98> <FuncUnit> <Opcode : 'select'> <InPorts = 3> <OutPorts = 1>
ST_3 : Operation 61 [1/1] (0.00ns) (grouped into LUT with out node select_ln120_128)   --->   "%zext_ln120_22 = zext i3 %select_ln120_127" [firmware/BDT.h:120]   --->   Operation 61 'zext' 'zext_ln120_22' <Predicate = (icmp_ln4)> <Delay = 0.00>
ST_3 : Operation 62 [1/1] (1.02ns) (out node of the LUT)   --->   "%select_ln120_128 = select i1 %icmp_ln4, i4 %zext_ln120_22, i4 8" [firmware/BDT.h:120]   --->   Operation 62 'select' 'select_ln120_128' <Predicate = true> <Delay = 1.02> <CoreInst = "Sel">   --->   Core 73 'Sel' <Latency = 0> <II = 1> <Delay = 1.02> <FuncUnit> <Opcode : 'select'> <InPorts = 3> <OutPorts = 1>

State 4 <SV = 3> <Delay = 3.07>
ST_4 : Operation 63 [1/1] (0.00ns) (grouped into LUT with out node select_ln120_132)   --->   "%xor_ln107_63 = xor i1 %icmp_ln4_134, i1 1" [firmware/BDT.h:107]   --->   Operation 63 'xor' 'xor_ln107_63' <Predicate = true> <Delay = 0.00> <CoreInst = "LogicGate">   --->   Core 74 'LogicGate' <Latency = 0> <II = 1> <Delay = 0.97> <FuncUnit> <Opcode : 'and' 'or' 'xor'> <InPorts = 2> <OutPorts = 1>
ST_4 : Operation 64 [1/1] (0.97ns)   --->   "%and_ln105_146 = and i1 %icmp_ln4_135, i1 %and_ln107_15" [firmware/BDT.h:105]   --->   Operation 64 'and' 'and_ln105_146' <Predicate = true> <Delay = 0.97> <CoreInst = "LogicGate">   --->   Core 74 'LogicGate' <Latency = 0> <II = 1> <Delay = 0.97> <FuncUnit> <Opcode : 'and' 'or' 'xor'> <InPorts = 2> <OutPorts = 1>
ST_4 : Operation 65 [1/1] (0.00ns) (grouped into LUT with out node select_ln120_130)   --->   "%and_ln105_151 = and i1 %icmp_ln4_140, i1 %and_ln105_145" [firmware/BDT.h:105]   --->   Operation 65 'and' 'and_ln105_151' <Predicate = (or_ln120_110)> <Delay = 0.00> <CoreInst = "LogicGate">   --->   Core 74 'LogicGate' <Latency = 0> <II = 1> <Delay = 0.97> <FuncUnit> <Opcode : 'and' 'or' 'xor'> <InPorts = 2> <OutPorts = 1>
ST_4 : Operation 66 [1/1] (0.00ns) (grouped into LUT with out node select_ln120_132)   --->   "%and_ln105_157 = and i1 %icmp_ln4_141, i1 %xor_ln107_63" [firmware/BDT.h:105]   --->   Operation 66 'and' 'and_ln105_157' <Predicate = true> <Delay = 0.00> <CoreInst = "LogicGate">   --->   Core 74 'LogicGate' <Latency = 0> <II = 1> <Delay = 0.97> <FuncUnit> <Opcode : 'and' 'or' 'xor'> <InPorts = 2> <OutPorts = 1>
ST_4 : Operation 67 [1/1] (0.00ns) (grouped into LUT with out node select_ln120_132)   --->   "%and_ln105_152 = and i1 %and_ln105_157, i1 %and_ln105_142" [firmware/BDT.h:105]   --->   Operation 67 'and' 'and_ln105_152' <Predicate = true> <Delay = 0.00> <CoreInst = "LogicGate">   --->   Core 74 'LogicGate' <Latency = 0> <II = 1> <Delay = 0.97> <FuncUnit> <Opcode : 'and' 'or' 'xor'> <InPorts = 2> <OutPorts = 1>
ST_4 : Operation 68 [1/1] (0.00ns) (grouped into LUT with out node select_ln120_134)   --->   "%and_ln105_153 = and i1 %icmp_ln4_142, i1 %and_ln105_146" [firmware/BDT.h:105]   --->   Operation 68 'and' 'and_ln105_153' <Predicate = true> <Delay = 0.00> <CoreInst = "LogicGate">   --->   Core 74 'LogicGate' <Latency = 0> <II = 1> <Delay = 0.97> <FuncUnit> <Opcode : 'and' 'or' 'xor'> <InPorts = 2> <OutPorts = 1>
ST_4 : Operation 69 [1/1] (0.00ns) (grouped into LUT with out node select_ln120_130)   --->   "%or_ln120_109 = or i1 %icmp_ln4, i1 %and_ln105_151" [firmware/BDT.h:120]   --->   Operation 69 'or' 'or_ln120_109' <Predicate = (or_ln120_110)> <Delay = 0.00> <CoreInst = "LogicGate">   --->   Core 74 'LogicGate' <Latency = 0> <II = 1> <Delay = 0.97> <FuncUnit> <Opcode : 'and' 'or' 'xor'> <InPorts = 2> <OutPorts = 1>
ST_4 : Operation 70 [1/1] (0.00ns) (grouped into LUT with out node select_ln120_132)   --->   "%or_ln120_111 = or i1 %or_ln120_110, i1 %and_ln105_152" [firmware/BDT.h:120]   --->   Operation 70 'or' 'or_ln120_111' <Predicate = true> <Delay = 0.00> <CoreInst = "LogicGate">   --->   Core 74 'LogicGate' <Latency = 0> <II = 1> <Delay = 0.97> <FuncUnit> <Opcode : 'and' 'or' 'xor'> <InPorts = 2> <OutPorts = 1>
ST_4 : Operation 71 [1/1] (0.97ns)   --->   "%or_ln120_112 = or i1 %icmp_ln4, i1 %and_ln105_142" [firmware/BDT.h:120]   --->   Operation 71 'or' 'or_ln120_112' <Predicate = true> <Delay = 0.97> <CoreInst = "LogicGate">   --->   Core 74 'LogicGate' <Latency = 0> <II = 1> <Delay = 0.97> <FuncUnit> <Opcode : 'and' 'or' 'xor'> <InPorts = 2> <OutPorts = 1>
ST_4 : Operation 72 [1/1] (0.00ns) (grouped into LUT with out node select_ln120_134)   --->   "%or_ln120_113 = or i1 %or_ln120_112, i1 %and_ln105_153" [firmware/BDT.h:120]   --->   Operation 72 'or' 'or_ln120_113' <Predicate = true> <Delay = 0.00> <CoreInst = "LogicGate">   --->   Core 74 'LogicGate' <Latency = 0> <II = 1> <Delay = 0.97> <FuncUnit> <Opcode : 'and' 'or' 'xor'> <InPorts = 2> <OutPorts = 1>
ST_4 : Operation 73 [1/1] (0.97ns)   --->   "%or_ln120_114 = or i1 %or_ln120_112, i1 %and_ln105_146" [firmware/BDT.h:120]   --->   Operation 73 'or' 'or_ln120_114' <Predicate = true> <Delay = 0.97> <CoreInst = "LogicGate">   --->   Core 74 'LogicGate' <Latency = 0> <II = 1> <Delay = 0.97> <FuncUnit> <Opcode : 'and' 'or' 'xor'> <InPorts = 2> <OutPorts = 1>
ST_4 : Operation 74 [1/1] (0.00ns) (grouped into LUT with out node select_ln120_130)   --->   "%select_ln120_129 = select i1 %or_ln120_109, i4 %select_ln120_128, i4 9" [firmware/BDT.h:120]   --->   Operation 74 'select' 'select_ln120_129' <Predicate = (or_ln120_110)> <Delay = 0.00> <CoreInst = "Sel">   --->   Core 73 'Sel' <Latency = 0> <II = 1> <Delay = 1.02> <FuncUnit> <Opcode : 'select'> <InPorts = 3> <OutPorts = 1>
ST_4 : Operation 75 [1/1] (1.02ns) (out node of the LUT)   --->   "%select_ln120_130 = select i1 %or_ln120_110, i4 %select_ln120_129, i4 10" [firmware/BDT.h:120]   --->   Operation 75 'select' 'select_ln120_130' <Predicate = true> <Delay = 1.02> <CoreInst = "Sel">   --->   Core 73 'Sel' <Latency = 0> <II = 1> <Delay = 1.02> <FuncUnit> <Opcode : 'select'> <InPorts = 3> <OutPorts = 1>
ST_4 : Operation 76 [1/1] (0.00ns) (grouped into LUT with out node select_ln120_132)   --->   "%select_ln120_131 = select i1 %or_ln120_111, i4 %select_ln120_130, i4 11" [firmware/BDT.h:120]   --->   Operation 76 'select' 'select_ln120_131' <Predicate = true> <Delay = 0.00> <CoreInst = "Sel">   --->   Core 73 'Sel' <Latency = 0> <II = 1> <Delay = 1.02> <FuncUnit> <Opcode : 'select'> <InPorts = 3> <OutPorts = 1>
ST_4 : Operation 77 [1/1] (1.02ns) (out node of the LUT)   --->   "%select_ln120_132 = select i1 %or_ln120_112, i4 %select_ln120_131, i4 12" [firmware/BDT.h:120]   --->   Operation 77 'select' 'select_ln120_132' <Predicate = true> <Delay = 1.02> <CoreInst = "Sel">   --->   Core 73 'Sel' <Latency = 0> <II = 1> <Delay = 1.02> <FuncUnit> <Opcode : 'select'> <InPorts = 3> <OutPorts = 1>
ST_4 : Operation 78 [1/1] (0.00ns) (grouped into LUT with out node select_ln120_134)   --->   "%select_ln120_133 = select i1 %or_ln120_113, i4 %select_ln120_132, i4 13" [firmware/BDT.h:120]   --->   Operation 78 'select' 'select_ln120_133' <Predicate = true> <Delay = 0.00> <CoreInst = "Sel">   --->   Core 73 'Sel' <Latency = 0> <II = 1> <Delay = 1.02> <FuncUnit> <Opcode : 'select'> <InPorts = 3> <OutPorts = 1>
ST_4 : Operation 79 [1/1] (1.02ns) (out node of the LUT)   --->   "%select_ln120_134 = select i1 %or_ln120_114, i4 %select_ln120_133, i4 14" [firmware/BDT.h:120]   --->   Operation 79 'select' 'select_ln120_134' <Predicate = true> <Delay = 1.02> <CoreInst = "Sel">   --->   Core 73 'Sel' <Latency = 0> <II = 1> <Delay = 1.02> <FuncUnit> <Opcode : 'select'> <InPorts = 3> <OutPorts = 1>

State 5 <SV = 4> <Delay = 2.06>
ST_5 : Operation 80 [1/1] (0.00ns)   --->   "%specpipeline_ln0 = specpipeline void @_ssdm_op_SpecPipeline, i32 1, i32 0, i32 0, i32 0, void @empty_12"   --->   Operation 80 'specpipeline' 'specpipeline_ln0' <Predicate = true> <Delay = 0.00>
ST_5 : Operation 81 [1/1] (0.00ns) (grouped into LUT with out node agg_result)   --->   "%xor_ln107_64 = xor i1 %icmp_ln4_135, i1 1" [firmware/BDT.h:107]   --->   Operation 81 'xor' 'xor_ln107_64' <Predicate = true> <Delay = 0.00> <CoreInst = "LogicGate">   --->   Core 74 'LogicGate' <Latency = 0> <II = 1> <Delay = 0.97> <FuncUnit> <Opcode : 'and' 'or' 'xor'> <InPorts = 2> <OutPorts = 1>
ST_5 : Operation 82 [1/1] (0.00ns) (grouped into LUT with out node agg_result)   --->   "%and_ln105_158 = and i1 %icmp_ln4_143, i1 %xor_ln107_64" [firmware/BDT.h:105]   --->   Operation 82 'and' 'and_ln105_158' <Predicate = true> <Delay = 0.00> <CoreInst = "LogicGate">   --->   Core 74 'LogicGate' <Latency = 0> <II = 1> <Delay = 0.97> <FuncUnit> <Opcode : 'and' 'or' 'xor'> <InPorts = 2> <OutPorts = 1>
ST_5 : Operation 83 [1/1] (0.00ns) (grouped into LUT with out node agg_result)   --->   "%and_ln105_154 = and i1 %and_ln105_158, i1 %and_ln107_15" [firmware/BDT.h:105]   --->   Operation 83 'and' 'and_ln105_154' <Predicate = true> <Delay = 0.00> <CoreInst = "LogicGate">   --->   Core 74 'LogicGate' <Latency = 0> <II = 1> <Delay = 0.97> <FuncUnit> <Opcode : 'and' 'or' 'xor'> <InPorts = 2> <OutPorts = 1>
ST_5 : Operation 84 [1/1] (0.00ns) (grouped into LUT with out node agg_result)   --->   "%or_ln120_115 = or i1 %or_ln120_114, i1 %and_ln105_154" [firmware/BDT.h:120]   --->   Operation 84 'or' 'or_ln120_115' <Predicate = true> <Delay = 0.00> <CoreInst = "LogicGate">   --->   Core 74 'LogicGate' <Latency = 0> <II = 1> <Delay = 0.97> <FuncUnit> <Opcode : 'and' 'or' 'xor'> <InPorts = 2> <OutPorts = 1>
ST_5 : Operation 85 [1/1] (0.00ns) (grouped into LUT with out node agg_result)   --->   "%select_ln120_135 = select i1 %or_ln120_115, i4 %select_ln120_134, i4 15" [firmware/BDT.h:120]   --->   Operation 85 'select' 'select_ln120_135' <Predicate = true> <Delay = 0.00> <CoreInst = "Sel">   --->   Core 73 'Sel' <Latency = 0> <II = 1> <Delay = 1.02> <FuncUnit> <Opcode : 'select'> <InPorts = 3> <OutPorts = 1>
ST_5 : Operation 86 [1/1] (2.06ns) (out node of the LUT)   --->   "%agg_result = sparsemux i11 @_ssdm_op_SparseMux.ap_auto.16i11.i11.i4, i4 0, i11 1659, i4 1, i11 1095, i4 2, i11 1774, i4 3, i11 219, i4 4, i11 57, i4 5, i11 1309, i4 6, i11 1910, i4 7, i11 715, i4 8, i11 1669, i4 9, i11 29, i4 10, i11 24, i4 11, i11 462, i4 12, i11 1564, i4 13, i11 56, i4 14, i11 618, i4 15, i11 1803, i11 0, i4 %select_ln120_135" [firmware/BDT.h:121]   --->   Operation 86 'sparsemux' 'agg_result' <Predicate = true> <Delay = 2.06> <CoreInst = "SparseMux">   --->   Core 135 'SparseMux' <Latency = 0> <II = 1> <Delay = 2.06> <FuncUnit> <Opcode : 'sparsemux'> <InPorts = 2> <OutPorts = 1>
ST_5 : Operation 87 [1/1] (0.00ns)   --->   "%ret_ln125 = ret i11 %agg_result" [firmware/BDT.h:125]   --->   Operation 87 'ret' 'ret_ln125' <Predicate = true> <Delay = 0.00>


============================================================
+ Verbose Summary: Timing violations
============================================================
Target clock period: 5.000ns, clock uncertainty: 1.350ns.

 <State 1>: 2.136ns
The critical path consists of the following:
	wire read operation ('a', firmware/BDT.cpp:0->firmware/BDT.h:89) on port 'p_read8' (firmware/BDT.cpp:0->firmware/BDT.h:89) [10]  (0.000 ns)
	'icmp' operation 1 bit ('icmp_ln4', firmware/BDT.cpp:4->firmware/BDT.cpp:4->firmware/BDT.h:89) [18]  (2.136 ns)

 <State 2>: 2.934ns
The critical path consists of the following:
	'and' operation 1 bit ('and_ln105', firmware/BDT.h:105) [34]  (0.978 ns)
	'and' operation 1 bit ('and_ln105_143', firmware/BDT.h:105) [40]  (0.978 ns)
	'or' operation 1 bit ('or_ln120', firmware/BDT.h:120) [60]  (0.978 ns)

 <State 3>: 2.997ns
The critical path consists of the following:
	'and' operation 1 bit ('and_ln105_147', firmware/BDT.h:105) [48]  (0.000 ns)
	'xor' operation 1 bit ('xor_ln120', firmware/BDT.h:120) [71]  (0.000 ns)
	'select' operation 2 bit ('select_ln120', firmware/BDT.h:120) [73]  (0.000 ns)
	'select' operation 2 bit ('select_ln120_123', firmware/BDT.h:120) [74]  (0.000 ns)
	'select' operation 3 bit ('select_ln120_124', firmware/BDT.h:120) [76]  (0.993 ns)
	'select' operation 3 bit ('select_ln120_125', firmware/BDT.h:120) [77]  (0.000 ns)
	'select' operation 3 bit ('select_ln120_126', firmware/BDT.h:120) [78]  (0.980 ns)
	'select' operation 3 bit ('select_ln120_127', firmware/BDT.h:120) [79]  (0.000 ns)
	'select' operation 4 bit ('select_ln120_128', firmware/BDT.h:120) [81]  (1.024 ns)

 <State 4>: 3.072ns
The critical path consists of the following:
	'and' operation 1 bit ('and_ln105_151', firmware/BDT.h:105) [54]  (0.000 ns)
	'or' operation 1 bit ('or_ln120_109', firmware/BDT.h:120) [64]  (0.000 ns)
	'select' operation 4 bit ('select_ln120_129', firmware/BDT.h:120) [82]  (0.000 ns)
	'select' operation 4 bit ('select_ln120_130', firmware/BDT.h:120) [83]  (1.024 ns)
	'select' operation 4 bit ('select_ln120_131', firmware/BDT.h:120) [84]  (0.000 ns)
	'select' operation 4 bit ('select_ln120_132', firmware/BDT.h:120) [85]  (1.024 ns)
	'select' operation 4 bit ('select_ln120_133', firmware/BDT.h:120) [86]  (0.000 ns)
	'select' operation 4 bit ('select_ln120_134', firmware/BDT.h:120) [87]  (1.024 ns)

 <State 5>: 2.064ns
The critical path consists of the following:
	'xor' operation 1 bit ('xor_ln107_64', firmware/BDT.h:107) [47]  (0.000 ns)
	'and' operation 1 bit ('and_ln105_158', firmware/BDT.h:105) [58]  (0.000 ns)
	'and' operation 1 bit ('and_ln105_154', firmware/BDT.h:105) [59]  (0.000 ns)
	'or' operation 1 bit ('or_ln120_115', firmware/BDT.h:120) [70]  (0.000 ns)
	'select' operation 4 bit ('select_ln120_135', firmware/BDT.h:120) [88]  (0.000 ns)
	'sparsemux' operation 11 bit ('agg_result', firmware/BDT.h:121) [89]  (2.064 ns)


============================================================
+ Verbose Summary: Binding
============================================================
N/A
* FSMD analyzer results:
  - Output states:
 - Input state : 
  - Chain level:
	State 1
	State 2
	State 3
	State 4
	State 5


============================================================
+ Verbose Summary: Datapath Resource usage 
============================================================
N/A
