

================================================================
== Vitis HLS Report for 'decision_function_ap_fixed_18_8_5_3_0_ap_fixed_18_8_5_3_0_4'
================================================================
* Date:           Tue Sep  2 08:46:07 2025

* Version:        2023.2 (Build 4023990 on Oct 11 2023)
* Project:        my_prj
* Solution:       solution1 (Vivado IP Flow Target)
* Product family: zynq
* Target device:  xc7z020-clg400-1


================================================================
== Performance Estimates
================================================================
+ Timing: 
    * Summary: 
    +--------+---------+----------+------------+
    |  Clock |  Target | Estimated| Uncertainty|
    +--------+---------+----------+------------+
    |ap_clk  |  5.00 ns|  3.072 ns|     1.35 ns|
    +--------+---------+----------+------------+

+ Latency: 
    * Summary: 
    +---------+---------+-----------+-----------+-----+-----+---------+
    |  Latency (cycles) |   Latency (absolute)  |  Interval | Pipeline|
    |   min   |   max   |    min    |    max    | min | max |   Type  |
    +---------+---------+-----------+-----------+-----+-----+---------+
    |        4|        4|  20.000 ns|  20.000 ns|    1|    1|      yes|
    +---------+---------+-----------+-----------+-----+-----+---------+

    + Detail: 
        * Instance: 
        N/A

        * Loop: 
        N/A

============================================================
+ Verbose Summary: Synthesis Manager
============================================================
InlineROM: 1
ExposeGlobal: 0
============================================================
+ Verbose Summary: CDFG Model
============================================================
IsTopModel: 0
ResetActiveHigh: 1
IsCombinational: 0
IsDatapathOnly: 0
HasWiredReturn: 1
HasMFsm: 2
HasVarLatency: 0
IsPipeline: 1
IsRtlPipelined: 1
IsInstanceOverlapped: 0
IsDontTouch: 0
HasImplIP: 0
IsGatedGlobalClock: 0

+ Individual pipeline summary: 
  * Pipeline-0: initiation interval (II) = 1, depth = 5


============================================================
+ Verbose Summary: Schedule
============================================================
* Number of FSM states : 5
* Pipeline : 1
  Pipeline-0 : II = 1, D = 5, States = { 1 2 3 4 5 }
* Dataflow Pipeline: 0

* FSM state transitions: 
1 --> 2 
2 --> 3 
3 --> 4 
4 --> 5 
5 --> 

* FSM state operations: 

State 1 <SV = 0> <Delay = 2.13>
ST_1 : Operation 6 [1/1] (0.00ns)   --->   "%p_read = read i18 @_ssdm_op_Read.ap_auto.i18, i18 %p_read7" [firmware/BDT.cpp:0->firmware/BDT.h:89]   --->   Operation 6 'read' 'p_read' <Predicate = true> <Delay = 0.00>
ST_1 : Operation 7 [1/1] (0.00ns)   --->   "%p_read66 = read i18 @_ssdm_op_Read.ap_auto.i18, i18 %p_read6" [firmware/BDT.cpp:0->firmware/BDT.h:89]   --->   Operation 7 'read' 'p_read66' <Predicate = true> <Delay = 0.00>
ST_1 : Operation 8 [1/1] (0.00ns)   --->   "%p_read55 = read i18 @_ssdm_op_Read.ap_auto.i18, i18 %p_read5" [firmware/BDT.cpp:0->firmware/BDT.h:89]   --->   Operation 8 'read' 'p_read55' <Predicate = true> <Delay = 0.00>
ST_1 : Operation 9 [1/1] (0.00ns)   --->   "%p_read44 = read i18 @_ssdm_op_Read.ap_auto.i18, i18 %p_read4" [firmware/BDT.cpp:0->firmware/BDT.h:89]   --->   Operation 9 'read' 'p_read44' <Predicate = true> <Delay = 0.00>
ST_1 : Operation 10 [1/1] (0.00ns)   --->   "%p_read33 = read i18 @_ssdm_op_Read.ap_auto.i18, i18 %p_read3" [firmware/BDT.cpp:0->firmware/BDT.h:89]   --->   Operation 10 'read' 'p_read33' <Predicate = true> <Delay = 0.00>
ST_1 : Operation 11 [1/1] (0.00ns)   --->   "%p_read22 = read i18 @_ssdm_op_Read.ap_auto.i18, i18 %p_read2" [firmware/BDT.cpp:0->firmware/BDT.h:89]   --->   Operation 11 'read' 'p_read22' <Predicate = true> <Delay = 0.00>
ST_1 : Operation 12 [1/1] (0.00ns)   --->   "%p_read11 = read i18 @_ssdm_op_Read.ap_auto.i18, i18 %p_read1" [firmware/BDT.cpp:0->firmware/BDT.h:89]   --->   Operation 12 'read' 'p_read11' <Predicate = true> <Delay = 0.00>
ST_1 : Operation 13 [1/1] (2.13ns)   --->   "%icmp_ln4 = icmp_slt  i18 %p_read33, i18 57882" [firmware/BDT.cpp:4->firmware/BDT.cpp:4->firmware/BDT.h:89]   --->   Operation 13 'icmp' 'icmp_ln4' <Predicate = true> <Delay = 2.13> <CoreInst = "Cmp">   --->   Core 9 'Cmp' <Latency = 0> <II = 1> <Delay = 2.13> <FuncUnit> <Opcode : 'icmp'> <InPorts = 2> <OutPorts = 1>
ST_1 : Operation 14 [1/1] (2.13ns)   --->   "%icmp_ln4_52 = icmp_slt  i18 %p_read22, i18 7296" [firmware/BDT.cpp:4->firmware/BDT.cpp:4->firmware/BDT.h:89]   --->   Operation 14 'icmp' 'icmp_ln4_52' <Predicate = true> <Delay = 2.13> <CoreInst = "Cmp">   --->   Core 9 'Cmp' <Latency = 0> <II = 1> <Delay = 2.13> <FuncUnit> <Opcode : 'icmp'> <InPorts = 2> <OutPorts = 1>
ST_1 : Operation 15 [1/1] (2.13ns)   --->   "%icmp_ln4_53 = icmp_slt  i18 %p_read, i18 261524" [firmware/BDT.cpp:4->firmware/BDT.cpp:4->firmware/BDT.h:89]   --->   Operation 15 'icmp' 'icmp_ln4_53' <Predicate = true> <Delay = 2.13> <CoreInst = "Cmp">   --->   Core 9 'Cmp' <Latency = 0> <II = 1> <Delay = 2.13> <FuncUnit> <Opcode : 'icmp'> <InPorts = 2> <OutPorts = 1>
ST_1 : Operation 16 [1/1] (2.13ns)   --->   "%icmp_ln4_54 = icmp_slt  i18 %p_read11, i18 6272" [firmware/BDT.cpp:4->firmware/BDT.cpp:4->firmware/BDT.h:89]   --->   Operation 16 'icmp' 'icmp_ln4_54' <Predicate = true> <Delay = 2.13> <CoreInst = "Cmp">   --->   Core 9 'Cmp' <Latency = 0> <II = 1> <Delay = 2.13> <FuncUnit> <Opcode : 'icmp'> <InPorts = 2> <OutPorts = 1>
ST_1 : Operation 17 [1/1] (2.13ns)   --->   "%icmp_ln4_55 = icmp_slt  i18 %p_read44, i18 2554" [firmware/BDT.cpp:4->firmware/BDT.cpp:4->firmware/BDT.h:89]   --->   Operation 17 'icmp' 'icmp_ln4_55' <Predicate = true> <Delay = 2.13> <CoreInst = "Cmp">   --->   Core 9 'Cmp' <Latency = 0> <II = 1> <Delay = 2.13> <FuncUnit> <Opcode : 'icmp'> <InPorts = 2> <OutPorts = 1>
ST_1 : Operation 18 [1/1] (2.13ns)   --->   "%icmp_ln4_56 = icmp_slt  i18 %p_read55, i18 56832" [firmware/BDT.cpp:4->firmware/BDT.cpp:4->firmware/BDT.h:89]   --->   Operation 18 'icmp' 'icmp_ln4_56' <Predicate = true> <Delay = 2.13> <CoreInst = "Cmp">   --->   Core 9 'Cmp' <Latency = 0> <II = 1> <Delay = 2.13> <FuncUnit> <Opcode : 'icmp'> <InPorts = 2> <OutPorts = 1>
ST_1 : Operation 19 [1/1] (2.13ns)   --->   "%icmp_ln4_57 = icmp_slt  i18 %p_read66, i18 260608" [firmware/BDT.cpp:4->firmware/BDT.cpp:4->firmware/BDT.h:89]   --->   Operation 19 'icmp' 'icmp_ln4_57' <Predicate = true> <Delay = 2.13> <CoreInst = "Cmp">   --->   Core 9 'Cmp' <Latency = 0> <II = 1> <Delay = 2.13> <FuncUnit> <Opcode : 'icmp'> <InPorts = 2> <OutPorts = 1>
ST_1 : Operation 20 [1/1] (2.13ns)   --->   "%icmp_ln4_58 = icmp_slt  i18 %p_read55, i18 14208" [firmware/BDT.cpp:4->firmware/BDT.cpp:4->firmware/BDT.h:89]   --->   Operation 20 'icmp' 'icmp_ln4_58' <Predicate = true> <Delay = 2.13> <CoreInst = "Cmp">   --->   Core 9 'Cmp' <Latency = 0> <II = 1> <Delay = 2.13> <FuncUnit> <Opcode : 'icmp'> <InPorts = 2> <OutPorts = 1>
ST_1 : Operation 21 [1/1] (2.13ns)   --->   "%icmp_ln4_59 = icmp_slt  i18 %p_read55, i18 11648" [firmware/BDT.cpp:4->firmware/BDT.cpp:4->firmware/BDT.h:89]   --->   Operation 21 'icmp' 'icmp_ln4_59' <Predicate = true> <Delay = 2.13> <CoreInst = "Cmp">   --->   Core 9 'Cmp' <Latency = 0> <II = 1> <Delay = 2.13> <FuncUnit> <Opcode : 'icmp'> <InPorts = 2> <OutPorts = 1>
ST_1 : Operation 22 [1/1] (2.13ns)   --->   "%icmp_ln4_60 = icmp_slt  i18 %p_read22, i18 29312" [firmware/BDT.cpp:4->firmware/BDT.cpp:4->firmware/BDT.h:89]   --->   Operation 22 'icmp' 'icmp_ln4_60' <Predicate = true> <Delay = 2.13> <CoreInst = "Cmp">   --->   Core 9 'Cmp' <Latency = 0> <II = 1> <Delay = 2.13> <FuncUnit> <Opcode : 'icmp'> <InPorts = 2> <OutPorts = 1>
ST_1 : Operation 23 [1/1] (2.13ns)   --->   "%icmp_ln4_61 = icmp_slt  i18 %p_read, i18 261740" [firmware/BDT.cpp:4->firmware/BDT.cpp:4->firmware/BDT.h:89]   --->   Operation 23 'icmp' 'icmp_ln4_61' <Predicate = true> <Delay = 2.13> <CoreInst = "Cmp">   --->   Core 9 'Cmp' <Latency = 0> <II = 1> <Delay = 2.13> <FuncUnit> <Opcode : 'icmp'> <InPorts = 2> <OutPorts = 1>
ST_1 : Operation 24 [1/1] (2.13ns)   --->   "%icmp_ln4_62 = icmp_slt  i18 %p_read11, i18 12416" [firmware/BDT.cpp:4->firmware/BDT.cpp:4->firmware/BDT.h:89]   --->   Operation 24 'icmp' 'icmp_ln4_62' <Predicate = true> <Delay = 2.13> <CoreInst = "Cmp">   --->   Core 9 'Cmp' <Latency = 0> <II = 1> <Delay = 2.13> <FuncUnit> <Opcode : 'icmp'> <InPorts = 2> <OutPorts = 1>
ST_1 : Operation 25 [1/1] (2.13ns)   --->   "%icmp_ln4_63 = icmp_slt  i18 %p_read33, i18 93003" [firmware/BDT.cpp:4->firmware/BDT.cpp:4->firmware/BDT.h:89]   --->   Operation 25 'icmp' 'icmp_ln4_63' <Predicate = true> <Delay = 2.13> <CoreInst = "Cmp">   --->   Core 9 'Cmp' <Latency = 0> <II = 1> <Delay = 2.13> <FuncUnit> <Opcode : 'icmp'> <InPorts = 2> <OutPorts = 1>
ST_1 : Operation 26 [1/1] (2.13ns)   --->   "%icmp_ln4_64 = icmp_slt  i18 %p_read11, i18 2176" [firmware/BDT.cpp:4->firmware/BDT.cpp:4->firmware/BDT.h:89]   --->   Operation 26 'icmp' 'icmp_ln4_64' <Predicate = true> <Delay = 2.13> <CoreInst = "Cmp">   --->   Core 9 'Cmp' <Latency = 0> <II = 1> <Delay = 2.13> <FuncUnit> <Opcode : 'icmp'> <InPorts = 2> <OutPorts = 1>
ST_1 : Operation 27 [1/1] (2.13ns)   --->   "%icmp_ln4_65 = icmp_slt  i18 %p_read33, i18 91010" [firmware/BDT.cpp:4->firmware/BDT.cpp:4->firmware/BDT.h:89]   --->   Operation 27 'icmp' 'icmp_ln4_65' <Predicate = true> <Delay = 2.13> <CoreInst = "Cmp">   --->   Core 9 'Cmp' <Latency = 0> <II = 1> <Delay = 2.13> <FuncUnit> <Opcode : 'icmp'> <InPorts = 2> <OutPorts = 1>

State 2 <SV = 1> <Delay = 2.93>
ST_2 : Operation 28 [1/1] (0.97ns)   --->   "%xor_ln107 = xor i1 %icmp_ln4, i1 1" [firmware/BDT.h:107]   --->   Operation 28 'xor' 'xor_ln107' <Predicate = true> <Delay = 0.97> <CoreInst = "LogicGate">   --->   Core 74 'LogicGate' <Latency = 0> <II = 1> <Delay = 0.97> <FuncUnit> <Opcode : 'and' 'or' 'xor'> <InPorts = 2> <OutPorts = 1>
ST_2 : Operation 29 [1/1] (0.97ns)   --->   "%and_ln105 = and i1 %icmp_ln4_52, i1 %icmp_ln4" [firmware/BDT.h:105]   --->   Operation 29 'and' 'and_ln105' <Predicate = (icmp_ln4)> <Delay = 0.97> <CoreInst = "LogicGate">   --->   Core 74 'LogicGate' <Latency = 0> <II = 1> <Delay = 0.97> <FuncUnit> <Opcode : 'and' 'or' 'xor'> <InPorts = 2> <OutPorts = 1>
ST_2 : Operation 30 [1/1] (0.00ns) (grouped into LUT with out node and_ln107)   --->   "%xor_ln107_24 = xor i1 %icmp_ln4_52, i1 1" [firmware/BDT.h:107]   --->   Operation 30 'xor' 'xor_ln107_24' <Predicate = (icmp_ln4)> <Delay = 0.00> <CoreInst = "LogicGate">   --->   Core 74 'LogicGate' <Latency = 0> <II = 1> <Delay = 0.97> <FuncUnit> <Opcode : 'and' 'or' 'xor'> <InPorts = 2> <OutPorts = 1>
ST_2 : Operation 31 [1/1] (0.97ns) (out node of the LUT)   --->   "%and_ln107 = and i1 %icmp_ln4, i1 %xor_ln107_24" [firmware/BDT.h:107]   --->   Operation 31 'and' 'and_ln107' <Predicate = (icmp_ln4)> <Delay = 0.97> <CoreInst = "LogicGate">   --->   Core 74 'LogicGate' <Latency = 0> <II = 1> <Delay = 0.97> <FuncUnit> <Opcode : 'and' 'or' 'xor'> <InPorts = 2> <OutPorts = 1>
ST_2 : Operation 32 [1/1] (0.97ns)   --->   "%and_ln105_47 = and i1 %icmp_ln4_53, i1 %xor_ln107" [firmware/BDT.h:105]   --->   Operation 32 'and' 'and_ln105_47' <Predicate = true> <Delay = 0.97> <CoreInst = "LogicGate">   --->   Core 74 'LogicGate' <Latency = 0> <II = 1> <Delay = 0.97> <FuncUnit> <Opcode : 'and' 'or' 'xor'> <InPorts = 2> <OutPorts = 1>
ST_2 : Operation 33 [1/1] (0.00ns) (grouped into LUT with out node and_ln107_6)   --->   "%xor_ln107_25 = xor i1 %icmp_ln4_53, i1 1" [firmware/BDT.h:107]   --->   Operation 33 'xor' 'xor_ln107_25' <Predicate = true> <Delay = 0.00> <CoreInst = "LogicGate">   --->   Core 74 'LogicGate' <Latency = 0> <II = 1> <Delay = 0.97> <FuncUnit> <Opcode : 'and' 'or' 'xor'> <InPorts = 2> <OutPorts = 1>
ST_2 : Operation 34 [1/1] (0.97ns) (out node of the LUT)   --->   "%and_ln107_6 = and i1 %xor_ln107_25, i1 %xor_ln107" [firmware/BDT.h:107]   --->   Operation 34 'and' 'and_ln107_6' <Predicate = true> <Delay = 0.97> <CoreInst = "LogicGate">   --->   Core 74 'LogicGate' <Latency = 0> <II = 1> <Delay = 0.97> <FuncUnit> <Opcode : 'and' 'or' 'xor'> <InPorts = 2> <OutPorts = 1>
ST_2 : Operation 35 [1/1] (0.97ns)   --->   "%and_ln105_48 = and i1 %icmp_ln4_54, i1 %and_ln105" [firmware/BDT.h:105]   --->   Operation 35 'and' 'and_ln105_48' <Predicate = (icmp_ln4)> <Delay = 0.97> <CoreInst = "LogicGate">   --->   Core 74 'LogicGate' <Latency = 0> <II = 1> <Delay = 0.97> <FuncUnit> <Opcode : 'and' 'or' 'xor'> <InPorts = 2> <OutPorts = 1>
ST_2 : Operation 36 [1/1] (0.00ns) (grouped into LUT with out node or_ln120)   --->   "%xor_ln107_26 = xor i1 %icmp_ln4_54, i1 1" [firmware/BDT.h:107]   --->   Operation 36 'xor' 'xor_ln107_26' <Predicate = (icmp_ln4)> <Delay = 0.00> <CoreInst = "LogicGate">   --->   Core 74 'LogicGate' <Latency = 0> <II = 1> <Delay = 0.97> <FuncUnit> <Opcode : 'and' 'or' 'xor'> <InPorts = 2> <OutPorts = 1>
ST_2 : Operation 37 [1/1] (0.97ns)   --->   "%and_ln105_49 = and i1 %icmp_ln4_55, i1 %and_ln107" [firmware/BDT.h:105]   --->   Operation 37 'and' 'and_ln105_49' <Predicate = (icmp_ln4)> <Delay = 0.97> <CoreInst = "LogicGate">   --->   Core 74 'LogicGate' <Latency = 0> <II = 1> <Delay = 0.97> <FuncUnit> <Opcode : 'and' 'or' 'xor'> <InPorts = 2> <OutPorts = 1>
ST_2 : Operation 38 [1/1] (0.00ns) (grouped into LUT with out node or_ln120)   --->   "%and_ln105_60 = and i1 %icmp_ln4_59, i1 %xor_ln107_26" [firmware/BDT.h:105]   --->   Operation 38 'and' 'and_ln105_60' <Predicate = (icmp_ln4)> <Delay = 0.00> <CoreInst = "LogicGate">   --->   Core 74 'LogicGate' <Latency = 0> <II = 1> <Delay = 0.97> <FuncUnit> <Opcode : 'and' 'or' 'xor'> <InPorts = 2> <OutPorts = 1>
ST_2 : Operation 39 [1/1] (0.00ns) (grouped into LUT with out node or_ln120)   --->   "%and_ln105_53 = and i1 %and_ln105_60, i1 %and_ln105" [firmware/BDT.h:105]   --->   Operation 39 'and' 'and_ln105_53' <Predicate = (icmp_ln4)> <Delay = 0.00> <CoreInst = "LogicGate">   --->   Core 74 'LogicGate' <Latency = 0> <II = 1> <Delay = 0.97> <FuncUnit> <Opcode : 'and' 'or' 'xor'> <InPorts = 2> <OutPorts = 1>
ST_2 : Operation 40 [1/1] (0.97ns) (out node of the LUT)   --->   "%or_ln120 = or i1 %and_ln105_48, i1 %and_ln105_53" [firmware/BDT.h:120]   --->   Operation 40 'or' 'or_ln120' <Predicate = (icmp_ln4)> <Delay = 0.97> <CoreInst = "LogicGate">   --->   Core 74 'LogicGate' <Latency = 0> <II = 1> <Delay = 0.97> <FuncUnit> <Opcode : 'and' 'or' 'xor'> <InPorts = 2> <OutPorts = 1>

State 3 <SV = 2> <Delay = 2.99>
ST_3 : Operation 41 [1/1] (0.00ns) (grouped into LUT with out node select_ln120_54)   --->   "%xor_ln107_27 = xor i1 %icmp_ln4_55, i1 1" [firmware/BDT.h:107]   --->   Operation 41 'xor' 'xor_ln107_27' <Predicate = (icmp_ln4)> <Delay = 0.00> <CoreInst = "LogicGate">   --->   Core 74 'LogicGate' <Latency = 0> <II = 1> <Delay = 0.97> <FuncUnit> <Opcode : 'and' 'or' 'xor'> <InPorts = 2> <OutPorts = 1>
ST_3 : Operation 42 [1/1] (0.97ns)   --->   "%and_ln105_50 = and i1 %icmp_ln4_56, i1 %and_ln105_47" [firmware/BDT.h:105]   --->   Operation 42 'and' 'and_ln105_50' <Predicate = true> <Delay = 0.97> <CoreInst = "LogicGate">   --->   Core 74 'LogicGate' <Latency = 0> <II = 1> <Delay = 0.97> <FuncUnit> <Opcode : 'and' 'or' 'xor'> <InPorts = 2> <OutPorts = 1>
ST_3 : Operation 43 [1/1] (0.00ns) (grouped into LUT with out node select_ln120_50)   --->   "%and_ln105_52 = and i1 %icmp_ln4_58, i1 %and_ln105_48" [firmware/BDT.h:105]   --->   Operation 43 'and' 'and_ln105_52' <Predicate = (and_ln105_48 & and_ln105 & icmp_ln4 & or_ln120)> <Delay = 0.00> <CoreInst = "LogicGate">   --->   Core 74 'LogicGate' <Latency = 0> <II = 1> <Delay = 0.97> <FuncUnit> <Opcode : 'and' 'or' 'xor'> <InPorts = 2> <OutPorts = 1>
ST_3 : Operation 44 [1/1] (0.00ns) (grouped into LUT with out node select_ln120_52)   --->   "%and_ln105_54 = and i1 %icmp_ln4_60, i1 %and_ln105_49" [firmware/BDT.h:105]   --->   Operation 44 'and' 'and_ln105_54' <Predicate = (icmp_ln4)> <Delay = 0.00> <CoreInst = "LogicGate">   --->   Core 74 'LogicGate' <Latency = 0> <II = 1> <Delay = 0.97> <FuncUnit> <Opcode : 'and' 'or' 'xor'> <InPorts = 2> <OutPorts = 1>
ST_3 : Operation 45 [1/1] (0.00ns) (grouped into LUT with out node select_ln120_54)   --->   "%and_ln105_61 = and i1 %icmp_ln4_61, i1 %xor_ln107_27" [firmware/BDT.h:105]   --->   Operation 45 'and' 'and_ln105_61' <Predicate = (icmp_ln4)> <Delay = 0.00> <CoreInst = "LogicGate">   --->   Core 74 'LogicGate' <Latency = 0> <II = 1> <Delay = 0.97> <FuncUnit> <Opcode : 'and' 'or' 'xor'> <InPorts = 2> <OutPorts = 1>
ST_3 : Operation 46 [1/1] (0.00ns) (grouped into LUT with out node select_ln120_54)   --->   "%and_ln105_55 = and i1 %and_ln105_61, i1 %and_ln107" [firmware/BDT.h:105]   --->   Operation 46 'and' 'and_ln105_55' <Predicate = (icmp_ln4)> <Delay = 0.00> <CoreInst = "LogicGate">   --->   Core 74 'LogicGate' <Latency = 0> <II = 1> <Delay = 0.97> <FuncUnit> <Opcode : 'and' 'or' 'xor'> <InPorts = 2> <OutPorts = 1>
ST_3 : Operation 47 [1/1] (0.00ns) (grouped into LUT with out node select_ln120_52)   --->   "%or_ln120_43 = or i1 %and_ln105, i1 %and_ln105_54" [firmware/BDT.h:120]   --->   Operation 47 'or' 'or_ln120_43' <Predicate = (icmp_ln4)> <Delay = 0.00> <CoreInst = "LogicGate">   --->   Core 74 'LogicGate' <Latency = 0> <II = 1> <Delay = 0.97> <FuncUnit> <Opcode : 'and' 'or' 'xor'> <InPorts = 2> <OutPorts = 1>
ST_3 : Operation 48 [1/1] (0.97ns)   --->   "%or_ln120_44 = or i1 %and_ln105, i1 %and_ln105_49" [firmware/BDT.h:120]   --->   Operation 48 'or' 'or_ln120_44' <Predicate = (icmp_ln4)> <Delay = 0.97> <CoreInst = "LogicGate">   --->   Core 74 'LogicGate' <Latency = 0> <II = 1> <Delay = 0.97> <FuncUnit> <Opcode : 'and' 'or' 'xor'> <InPorts = 2> <OutPorts = 1>
ST_3 : Operation 49 [1/1] (0.00ns) (grouped into LUT with out node select_ln120_54)   --->   "%or_ln120_45 = or i1 %or_ln120_44, i1 %and_ln105_55" [firmware/BDT.h:120]   --->   Operation 49 'or' 'or_ln120_45' <Predicate = (icmp_ln4)> <Delay = 0.00> <CoreInst = "LogicGate">   --->   Core 74 'LogicGate' <Latency = 0> <II = 1> <Delay = 0.97> <FuncUnit> <Opcode : 'and' 'or' 'xor'> <InPorts = 2> <OutPorts = 1>
ST_3 : Operation 50 [1/1] (0.97ns)   --->   "%or_ln120_47 = or i1 %icmp_ln4, i1 %and_ln105_50" [firmware/BDT.h:120]   --->   Operation 50 'or' 'or_ln120_47' <Predicate = true> <Delay = 0.97> <CoreInst = "LogicGate">   --->   Core 74 'LogicGate' <Latency = 0> <II = 1> <Delay = 0.97> <FuncUnit> <Opcode : 'and' 'or' 'xor'> <InPorts = 2> <OutPorts = 1>
ST_3 : Operation 51 [1/1] (0.00ns) (grouped into LUT with out node select_ln120_50)   --->   "%xor_ln120 = xor i1 %and_ln105_52, i1 1" [firmware/BDT.h:120]   --->   Operation 51 'xor' 'xor_ln120' <Predicate = (and_ln105_48 & and_ln105 & icmp_ln4 & or_ln120)> <Delay = 0.00> <CoreInst = "LogicGate">   --->   Core 74 'LogicGate' <Latency = 0> <II = 1> <Delay = 0.97> <FuncUnit> <Opcode : 'and' 'or' 'xor'> <InPorts = 2> <OutPorts = 1>
ST_3 : Operation 52 [1/1] (0.00ns) (grouped into LUT with out node select_ln120_50)   --->   "%zext_ln120 = zext i1 %xor_ln120" [firmware/BDT.h:120]   --->   Operation 52 'zext' 'zext_ln120' <Predicate = (and_ln105_48 & and_ln105 & icmp_ln4 & or_ln120)> <Delay = 0.00>
ST_3 : Operation 53 [1/1] (0.00ns) (grouped into LUT with out node select_ln120_50)   --->   "%select_ln120 = select i1 %and_ln105_48, i2 %zext_ln120, i2 2" [firmware/BDT.h:120]   --->   Operation 53 'select' 'select_ln120' <Predicate = (and_ln105 & icmp_ln4 & or_ln120)> <Delay = 0.00> <CoreInst = "Sel">   --->   Core 73 'Sel' <Latency = 0> <II = 1> <Delay = 0.99> <FuncUnit> <Opcode : 'select'> <InPorts = 3> <OutPorts = 1>
ST_3 : Operation 54 [1/1] (0.00ns) (grouped into LUT with out node select_ln120_50)   --->   "%select_ln120_49 = select i1 %or_ln120, i2 %select_ln120, i2 3" [firmware/BDT.h:120]   --->   Operation 54 'select' 'select_ln120_49' <Predicate = (and_ln105 & icmp_ln4)> <Delay = 0.00> <CoreInst = "Sel">   --->   Core 73 'Sel' <Latency = 0> <II = 1> <Delay = 0.99> <FuncUnit> <Opcode : 'select'> <InPorts = 3> <OutPorts = 1>
ST_3 : Operation 55 [1/1] (0.00ns) (grouped into LUT with out node select_ln120_50)   --->   "%zext_ln120_9 = zext i2 %select_ln120_49" [firmware/BDT.h:120]   --->   Operation 55 'zext' 'zext_ln120_9' <Predicate = (and_ln105 & icmp_ln4)> <Delay = 0.00>
ST_3 : Operation 56 [1/1] (0.99ns) (out node of the LUT)   --->   "%select_ln120_50 = select i1 %and_ln105, i3 %zext_ln120_9, i3 4" [firmware/BDT.h:120]   --->   Operation 56 'select' 'select_ln120_50' <Predicate = (icmp_ln4)> <Delay = 0.99> <CoreInst = "Sel">   --->   Core 73 'Sel' <Latency = 0> <II = 1> <Delay = 0.98> <FuncUnit> <Opcode : 'select'> <InPorts = 3> <OutPorts = 1>
ST_3 : Operation 57 [1/1] (0.00ns) (grouped into LUT with out node select_ln120_52)   --->   "%select_ln120_51 = select i1 %or_ln120_43, i3 %select_ln120_50, i3 5" [firmware/BDT.h:120]   --->   Operation 57 'select' 'select_ln120_51' <Predicate = (icmp_ln4)> <Delay = 0.00> <CoreInst = "Sel">   --->   Core 73 'Sel' <Latency = 0> <II = 1> <Delay = 0.98> <FuncUnit> <Opcode : 'select'> <InPorts = 3> <OutPorts = 1>
ST_3 : Operation 58 [1/1] (0.98ns) (out node of the LUT)   --->   "%select_ln120_52 = select i1 %or_ln120_44, i3 %select_ln120_51, i3 6" [firmware/BDT.h:120]   --->   Operation 58 'select' 'select_ln120_52' <Predicate = (icmp_ln4)> <Delay = 0.98> <CoreInst = "Sel">   --->   Core 73 'Sel' <Latency = 0> <II = 1> <Delay = 0.98> <FuncUnit> <Opcode : 'select'> <InPorts = 3> <OutPorts = 1>
ST_3 : Operation 59 [1/1] (0.00ns) (grouped into LUT with out node select_ln120_54)   --->   "%select_ln120_53 = select i1 %or_ln120_45, i3 %select_ln120_52, i3 7" [firmware/BDT.h:120]   --->   Operation 59 'select' 'select_ln120_53' <Predicate = (icmp_ln4)> <Delay = 0.00> <CoreInst = "Sel">   --->   Core 73 'Sel' <Latency = 0> <II = 1> <Delay = 0.98> <FuncUnit> <Opcode : 'select'> <InPorts = 3> <OutPorts = 1>
ST_3 : Operation 60 [1/1] (0.00ns) (grouped into LUT with out node select_ln120_54)   --->   "%zext_ln120_10 = zext i3 %select_ln120_53" [firmware/BDT.h:120]   --->   Operation 60 'zext' 'zext_ln120_10' <Predicate = (icmp_ln4)> <Delay = 0.00>
ST_3 : Operation 61 [1/1] (1.02ns) (out node of the LUT)   --->   "%select_ln120_54 = select i1 %icmp_ln4, i4 %zext_ln120_10, i4 8" [firmware/BDT.h:120]   --->   Operation 61 'select' 'select_ln120_54' <Predicate = true> <Delay = 1.02> <CoreInst = "Sel">   --->   Core 73 'Sel' <Latency = 0> <II = 1> <Delay = 1.02> <FuncUnit> <Opcode : 'select'> <InPorts = 3> <OutPorts = 1>

State 4 <SV = 3> <Delay = 3.07>
ST_4 : Operation 62 [1/1] (0.00ns) (grouped into LUT with out node select_ln120_58)   --->   "%xor_ln107_28 = xor i1 %icmp_ln4_56, i1 1" [firmware/BDT.h:107]   --->   Operation 62 'xor' 'xor_ln107_28' <Predicate = true> <Delay = 0.00> <CoreInst = "LogicGate">   --->   Core 74 'LogicGate' <Latency = 0> <II = 1> <Delay = 0.97> <FuncUnit> <Opcode : 'and' 'or' 'xor'> <InPorts = 2> <OutPorts = 1>
ST_4 : Operation 63 [1/1] (0.97ns)   --->   "%and_ln105_51 = and i1 %icmp_ln4_57, i1 %and_ln107_6" [firmware/BDT.h:105]   --->   Operation 63 'and' 'and_ln105_51' <Predicate = true> <Delay = 0.97> <CoreInst = "LogicGate">   --->   Core 74 'LogicGate' <Latency = 0> <II = 1> <Delay = 0.97> <FuncUnit> <Opcode : 'and' 'or' 'xor'> <InPorts = 2> <OutPorts = 1>
ST_4 : Operation 64 [1/1] (0.00ns) (grouped into LUT with out node select_ln120_56)   --->   "%and_ln105_56 = and i1 %icmp_ln4_62, i1 %and_ln105_50" [firmware/BDT.h:105]   --->   Operation 64 'and' 'and_ln105_56' <Predicate = (or_ln120_47)> <Delay = 0.00> <CoreInst = "LogicGate">   --->   Core 74 'LogicGate' <Latency = 0> <II = 1> <Delay = 0.97> <FuncUnit> <Opcode : 'and' 'or' 'xor'> <InPorts = 2> <OutPorts = 1>
ST_4 : Operation 65 [1/1] (0.00ns) (grouped into LUT with out node select_ln120_58)   --->   "%and_ln105_62 = and i1 %icmp_ln4_63, i1 %xor_ln107_28" [firmware/BDT.h:105]   --->   Operation 65 'and' 'and_ln105_62' <Predicate = true> <Delay = 0.00> <CoreInst = "LogicGate">   --->   Core 74 'LogicGate' <Latency = 0> <II = 1> <Delay = 0.97> <FuncUnit> <Opcode : 'and' 'or' 'xor'> <InPorts = 2> <OutPorts = 1>
ST_4 : Operation 66 [1/1] (0.00ns) (grouped into LUT with out node select_ln120_58)   --->   "%and_ln105_57 = and i1 %and_ln105_62, i1 %and_ln105_47" [firmware/BDT.h:105]   --->   Operation 66 'and' 'and_ln105_57' <Predicate = true> <Delay = 0.00> <CoreInst = "LogicGate">   --->   Core 74 'LogicGate' <Latency = 0> <II = 1> <Delay = 0.97> <FuncUnit> <Opcode : 'and' 'or' 'xor'> <InPorts = 2> <OutPorts = 1>
ST_4 : Operation 67 [1/1] (0.00ns) (grouped into LUT with out node select_ln120_60)   --->   "%and_ln105_58 = and i1 %icmp_ln4_64, i1 %and_ln105_51" [firmware/BDT.h:105]   --->   Operation 67 'and' 'and_ln105_58' <Predicate = true> <Delay = 0.00> <CoreInst = "LogicGate">   --->   Core 74 'LogicGate' <Latency = 0> <II = 1> <Delay = 0.97> <FuncUnit> <Opcode : 'and' 'or' 'xor'> <InPorts = 2> <OutPorts = 1>
ST_4 : Operation 68 [1/1] (0.00ns) (grouped into LUT with out node select_ln120_56)   --->   "%or_ln120_46 = or i1 %icmp_ln4, i1 %and_ln105_56" [firmware/BDT.h:120]   --->   Operation 68 'or' 'or_ln120_46' <Predicate = (or_ln120_47)> <Delay = 0.00> <CoreInst = "LogicGate">   --->   Core 74 'LogicGate' <Latency = 0> <II = 1> <Delay = 0.97> <FuncUnit> <Opcode : 'and' 'or' 'xor'> <InPorts = 2> <OutPorts = 1>
ST_4 : Operation 69 [1/1] (0.00ns) (grouped into LUT with out node select_ln120_58)   --->   "%or_ln120_48 = or i1 %or_ln120_47, i1 %and_ln105_57" [firmware/BDT.h:120]   --->   Operation 69 'or' 'or_ln120_48' <Predicate = true> <Delay = 0.00> <CoreInst = "LogicGate">   --->   Core 74 'LogicGate' <Latency = 0> <II = 1> <Delay = 0.97> <FuncUnit> <Opcode : 'and' 'or' 'xor'> <InPorts = 2> <OutPorts = 1>
ST_4 : Operation 70 [1/1] (0.97ns)   --->   "%or_ln120_49 = or i1 %icmp_ln4, i1 %and_ln105_47" [firmware/BDT.h:120]   --->   Operation 70 'or' 'or_ln120_49' <Predicate = true> <Delay = 0.97> <CoreInst = "LogicGate">   --->   Core 74 'LogicGate' <Latency = 0> <II = 1> <Delay = 0.97> <FuncUnit> <Opcode : 'and' 'or' 'xor'> <InPorts = 2> <OutPorts = 1>
ST_4 : Operation 71 [1/1] (0.00ns) (grouped into LUT with out node select_ln120_60)   --->   "%or_ln120_50 = or i1 %or_ln120_49, i1 %and_ln105_58" [firmware/BDT.h:120]   --->   Operation 71 'or' 'or_ln120_50' <Predicate = true> <Delay = 0.00> <CoreInst = "LogicGate">   --->   Core 74 'LogicGate' <Latency = 0> <II = 1> <Delay = 0.97> <FuncUnit> <Opcode : 'and' 'or' 'xor'> <InPorts = 2> <OutPorts = 1>
ST_4 : Operation 72 [1/1] (0.97ns)   --->   "%or_ln120_51 = or i1 %or_ln120_49, i1 %and_ln105_51" [firmware/BDT.h:120]   --->   Operation 72 'or' 'or_ln120_51' <Predicate = true> <Delay = 0.97> <CoreInst = "LogicGate">   --->   Core 74 'LogicGate' <Latency = 0> <II = 1> <Delay = 0.97> <FuncUnit> <Opcode : 'and' 'or' 'xor'> <InPorts = 2> <OutPorts = 1>
ST_4 : Operation 73 [1/1] (0.00ns) (grouped into LUT with out node select_ln120_56)   --->   "%select_ln120_55 = select i1 %or_ln120_46, i4 %select_ln120_54, i4 9" [firmware/BDT.h:120]   --->   Operation 73 'select' 'select_ln120_55' <Predicate = (or_ln120_47)> <Delay = 0.00> <CoreInst = "Sel">   --->   Core 73 'Sel' <Latency = 0> <II = 1> <Delay = 1.02> <FuncUnit> <Opcode : 'select'> <InPorts = 3> <OutPorts = 1>
ST_4 : Operation 74 [1/1] (1.02ns) (out node of the LUT)   --->   "%select_ln120_56 = select i1 %or_ln120_47, i4 %select_ln120_55, i4 10" [firmware/BDT.h:120]   --->   Operation 74 'select' 'select_ln120_56' <Predicate = true> <Delay = 1.02> <CoreInst = "Sel">   --->   Core 73 'Sel' <Latency = 0> <II = 1> <Delay = 1.02> <FuncUnit> <Opcode : 'select'> <InPorts = 3> <OutPorts = 1>
ST_4 : Operation 75 [1/1] (0.00ns) (grouped into LUT with out node select_ln120_58)   --->   "%select_ln120_57 = select i1 %or_ln120_48, i4 %select_ln120_56, i4 11" [firmware/BDT.h:120]   --->   Operation 75 'select' 'select_ln120_57' <Predicate = true> <Delay = 0.00> <CoreInst = "Sel">   --->   Core 73 'Sel' <Latency = 0> <II = 1> <Delay = 1.02> <FuncUnit> <Opcode : 'select'> <InPorts = 3> <OutPorts = 1>
ST_4 : Operation 76 [1/1] (1.02ns) (out node of the LUT)   --->   "%select_ln120_58 = select i1 %or_ln120_49, i4 %select_ln120_57, i4 12" [firmware/BDT.h:120]   --->   Operation 76 'select' 'select_ln120_58' <Predicate = true> <Delay = 1.02> <CoreInst = "Sel">   --->   Core 73 'Sel' <Latency = 0> <II = 1> <Delay = 1.02> <FuncUnit> <Opcode : 'select'> <InPorts = 3> <OutPorts = 1>
ST_4 : Operation 77 [1/1] (0.00ns) (grouped into LUT with out node select_ln120_60)   --->   "%select_ln120_59 = select i1 %or_ln120_50, i4 %select_ln120_58, i4 13" [firmware/BDT.h:120]   --->   Operation 77 'select' 'select_ln120_59' <Predicate = true> <Delay = 0.00> <CoreInst = "Sel">   --->   Core 73 'Sel' <Latency = 0> <II = 1> <Delay = 1.02> <FuncUnit> <Opcode : 'select'> <InPorts = 3> <OutPorts = 1>
ST_4 : Operation 78 [1/1] (1.02ns) (out node of the LUT)   --->   "%select_ln120_60 = select i1 %or_ln120_51, i4 %select_ln120_59, i4 14" [firmware/BDT.h:120]   --->   Operation 78 'select' 'select_ln120_60' <Predicate = true> <Delay = 1.02> <CoreInst = "Sel">   --->   Core 73 'Sel' <Latency = 0> <II = 1> <Delay = 1.02> <FuncUnit> <Opcode : 'select'> <InPorts = 3> <OutPorts = 1>

State 5 <SV = 4> <Delay = 2.06>
ST_5 : Operation 79 [1/1] (0.00ns)   --->   "%specpipeline_ln0 = specpipeline void @_ssdm_op_SpecPipeline, i32 1, i32 0, i32 0, i32 0, void @empty_12"   --->   Operation 79 'specpipeline' 'specpipeline_ln0' <Predicate = true> <Delay = 0.00>
ST_5 : Operation 80 [1/1] (0.00ns) (grouped into LUT with out node agg_result)   --->   "%xor_ln107_29 = xor i1 %icmp_ln4_57, i1 1" [firmware/BDT.h:107]   --->   Operation 80 'xor' 'xor_ln107_29' <Predicate = true> <Delay = 0.00> <CoreInst = "LogicGate">   --->   Core 74 'LogicGate' <Latency = 0> <II = 1> <Delay = 0.97> <FuncUnit> <Opcode : 'and' 'or' 'xor'> <InPorts = 2> <OutPorts = 1>
ST_5 : Operation 81 [1/1] (0.00ns) (grouped into LUT with out node agg_result)   --->   "%and_ln105_63 = and i1 %icmp_ln4_65, i1 %xor_ln107_29" [firmware/BDT.h:105]   --->   Operation 81 'and' 'and_ln105_63' <Predicate = true> <Delay = 0.00> <CoreInst = "LogicGate">   --->   Core 74 'LogicGate' <Latency = 0> <II = 1> <Delay = 0.97> <FuncUnit> <Opcode : 'and' 'or' 'xor'> <InPorts = 2> <OutPorts = 1>
ST_5 : Operation 82 [1/1] (0.00ns) (grouped into LUT with out node agg_result)   --->   "%and_ln105_59 = and i1 %and_ln105_63, i1 %and_ln107_6" [firmware/BDT.h:105]   --->   Operation 82 'and' 'and_ln105_59' <Predicate = true> <Delay = 0.00> <CoreInst = "LogicGate">   --->   Core 74 'LogicGate' <Latency = 0> <II = 1> <Delay = 0.97> <FuncUnit> <Opcode : 'and' 'or' 'xor'> <InPorts = 2> <OutPorts = 1>
ST_5 : Operation 83 [1/1] (0.00ns) (grouped into LUT with out node agg_result)   --->   "%or_ln120_52 = or i1 %or_ln120_51, i1 %and_ln105_59" [firmware/BDT.h:120]   --->   Operation 83 'or' 'or_ln120_52' <Predicate = true> <Delay = 0.00> <CoreInst = "LogicGate">   --->   Core 74 'LogicGate' <Latency = 0> <II = 1> <Delay = 0.97> <FuncUnit> <Opcode : 'and' 'or' 'xor'> <InPorts = 2> <OutPorts = 1>
ST_5 : Operation 84 [1/1] (0.00ns) (grouped into LUT with out node agg_result)   --->   "%select_ln120_61 = select i1 %or_ln120_52, i4 %select_ln120_60, i4 15" [firmware/BDT.h:120]   --->   Operation 84 'select' 'select_ln120_61' <Predicate = true> <Delay = 0.00> <CoreInst = "Sel">   --->   Core 73 'Sel' <Latency = 0> <II = 1> <Delay = 1.02> <FuncUnit> <Opcode : 'select'> <InPorts = 3> <OutPorts = 1>
ST_5 : Operation 85 [1/1] (2.06ns) (out node of the LUT)   --->   "%agg_result = sparsemux i11 @_ssdm_op_SparseMux.ap_auto.16i11.i11.i4, i4 0, i11 1485, i4 1, i11 1647, i4 2, i11 1608, i4 3, i11 790, i4 4, i11 1486, i4 5, i11 2028, i4 6, i11 1499, i4 7, i11 1944, i4 8, i11 1416, i4 9, i11 182, i4 10, i11 319, i4 11, i11 1620, i4 12, i11 1988, i4 13, i11 1175, i4 14, i11 232, i4 15, i11 1725, i11 0, i4 %select_ln120_61" [firmware/BDT.h:121]   --->   Operation 85 'sparsemux' 'agg_result' <Predicate = true> <Delay = 2.06> <CoreInst = "SparseMux">   --->   Core 135 'SparseMux' <Latency = 0> <II = 1> <Delay = 2.06> <FuncUnit> <Opcode : 'sparsemux'> <InPorts = 2> <OutPorts = 1>
ST_5 : Operation 86 [1/1] (0.00ns)   --->   "%ret_ln125 = ret i11 %agg_result" [firmware/BDT.h:125]   --->   Operation 86 'ret' 'ret_ln125' <Predicate = true> <Delay = 0.00>


============================================================
+ Verbose Summary: Timing violations
============================================================
Target clock period: 5.000ns, clock uncertainty: 1.350ns.

 <State 1>: 2.136ns
The critical path consists of the following:
	wire read operation ('a', firmware/BDT.cpp:0->firmware/BDT.h:89) on port 'p_read3' (firmware/BDT.cpp:0->firmware/BDT.h:89) [13]  (0.000 ns)
	'icmp' operation 1 bit ('icmp_ln4', firmware/BDT.cpp:4->firmware/BDT.cpp:4->firmware/BDT.h:89) [16]  (2.136 ns)

 <State 2>: 2.934ns
The critical path consists of the following:
	'and' operation 1 bit ('and_ln105', firmware/BDT.h:105) [32]  (0.978 ns)
	'and' operation 1 bit ('and_ln105_48', firmware/BDT.h:105) [38]  (0.978 ns)
	'or' operation 1 bit ('or_ln120', firmware/BDT.h:120) [58]  (0.978 ns)

 <State 3>: 2.997ns
The critical path consists of the following:
	'and' operation 1 bit ('and_ln105_52', firmware/BDT.h:105) [46]  (0.000 ns)
	'xor' operation 1 bit ('xor_ln120', firmware/BDT.h:120) [69]  (0.000 ns)
	'select' operation 2 bit ('select_ln120', firmware/BDT.h:120) [71]  (0.000 ns)
	'select' operation 2 bit ('select_ln120_49', firmware/BDT.h:120) [72]  (0.000 ns)
	'select' operation 3 bit ('select_ln120_50', firmware/BDT.h:120) [74]  (0.993 ns)
	'select' operation 3 bit ('select_ln120_51', firmware/BDT.h:120) [75]  (0.000 ns)
	'select' operation 3 bit ('select_ln120_52', firmware/BDT.h:120) [76]  (0.980 ns)
	'select' operation 3 bit ('select_ln120_53', firmware/BDT.h:120) [77]  (0.000 ns)
	'select' operation 4 bit ('select_ln120_54', firmware/BDT.h:120) [79]  (1.024 ns)

 <State 4>: 3.072ns
The critical path consists of the following:
	'and' operation 1 bit ('and_ln105_56', firmware/BDT.h:105) [52]  (0.000 ns)
	'or' operation 1 bit ('or_ln120_46', firmware/BDT.h:120) [62]  (0.000 ns)
	'select' operation 4 bit ('select_ln120_55', firmware/BDT.h:120) [80]  (0.000 ns)
	'select' operation 4 bit ('select_ln120_56', firmware/BDT.h:120) [81]  (1.024 ns)
	'select' operation 4 bit ('select_ln120_57', firmware/BDT.h:120) [82]  (0.000 ns)
	'select' operation 4 bit ('select_ln120_58', firmware/BDT.h:120) [83]  (1.024 ns)
	'select' operation 4 bit ('select_ln120_59', firmware/BDT.h:120) [84]  (0.000 ns)
	'select' operation 4 bit ('select_ln120_60', firmware/BDT.h:120) [85]  (1.024 ns)

 <State 5>: 2.064ns
The critical path consists of the following:
	'xor' operation 1 bit ('xor_ln107_29', firmware/BDT.h:107) [45]  (0.000 ns)
	'and' operation 1 bit ('and_ln105_63', firmware/BDT.h:105) [56]  (0.000 ns)
	'and' operation 1 bit ('and_ln105_59', firmware/BDT.h:105) [57]  (0.000 ns)
	'or' operation 1 bit ('or_ln120_52', firmware/BDT.h:120) [68]  (0.000 ns)
	'select' operation 4 bit ('select_ln120_61', firmware/BDT.h:120) [86]  (0.000 ns)
	'sparsemux' operation 11 bit ('agg_result', firmware/BDT.h:121) [87]  (2.064 ns)


============================================================
+ Verbose Summary: Binding
============================================================
N/A
* FSMD analyzer results:
  - Output states:
 - Input state : 
  - Chain level:
	State 1
	State 2
	State 3
	State 4
	State 5


============================================================
+ Verbose Summary: Datapath Resource usage 
============================================================
N/A
