#-----------------------------------------------------------
# Vivado v2023.2 (64-bit)
# SW Build 4029153 on Fri Oct 13 20:13:54 MDT 2023
# IP Build 4028589 on Sat Oct 14 00:45:43 MDT 2023
# SharedData Build 4025554 on Tue Oct 10 17:18:54 MDT 2023
# Start of session at: Fri Sep 19 13:40:08 2025
# Process ID: 129735
# Current directory: /home/bspanu/repo/prj_conifer_pynq/conifer_xgboost_moons/solution1/impl/ip
# Command line: vivado -notrace -mode batch -source run_ippack.tcl
# Log file: /home/bspanu/repo/prj_conifer_pynq/conifer_xgboost_moons/solution1/impl/ip/vivado.log
# Journal file: /home/bspanu/repo/prj_conifer_pynq/conifer_xgboost_moons/solution1/impl/ip/vivado.jou
# Running On: 8584d3dcbac9, OS: Linux, CPU Frequency: 2995.498 MHz, CPU Physical cores: 16, Host memory: 65844 MB
#-----------------------------------------------------------
source run_ippack.tcl -notrace
create_project: Time (s): cpu = 00:00:05 ; elapsed = 00:00:06 . Memory (MB): peak = 1339.918 ; gain = 35.840 ; free physical = 43859 ; free virtual = 60091
INFO: [IP_Flow 19-234] Refreshing IP repositories
INFO: [IP_Flow 19-1704] No user IP repositories specified
INFO: [IP_Flow 19-2313] Loaded Vivado IP repository '/opt/tools/Xilinx/Vivado/2023.2/data/ip'.
INFO: [IP_Flow 19-1686] Generating 'Synthesis' target for IP 'conifer_xgboost_moons_accelerator_fpext_32ns_64_4_no_dsp_1_ip'...
INFO: [IP_Flow 19-1686] Generating 'Simulation' target for IP 'conifer_xgboost_moons_accelerator_fpext_32ns_64_4_no_dsp_1_ip'...
INFO: [IP_Flow 19-234] Refreshing IP repositories
INFO: [IP_Flow 19-1704] No user IP repositories specified
INFO: [IP_Flow 19-2313] Loaded Vivado IP repository '/opt/tools/Xilinx/Vivado/2023.2/data/ip'.
INFO: [Common 17-206] Exiting Vivado at Fri Sep 19 13:40:23 2025...
