#-----------------------------------------------------------
# Vivado v2023.2 (64-bit)
# SW Build 4029153 on Fri Oct 13 20:13:54 MDT 2023
# IP Build 4028589 on Sat Oct 14 00:45:43 MDT 2023
# SharedData Build 4025554 on Tue Oct 10 17:18:54 MDT 2023
# Start of session at: Tue Sep  2 08:41:46 2025
# Process ID: 210847
# Current directory: /home/bspanu/hackathon/conifer/conifer
# Command line: vivado -mode batch -source vivado_synth.tcl
# Log file: /home/bspanu/hackathon/conifer/conifer/vivado.log
# Journal file: /home/bspanu/hackathon/conifer/conifer/vivado.jou
# Running On: c33aa6035e82, OS: Linux, CPU Frequency: 2995.498 MHz, CPU Physical cores: 16, Host memory: 65844 MB
#-----------------------------------------------------------
source vivado_synth.tcl
# add_files my_prj/solution1/syn/vhdl
add_files: Time (s): cpu = 00:00:05 ; elapsed = 00:00:06 . Memory (MB): peak = 1339.863 ; gain = 24.840 ; free physical = 28363 ; free virtual = 55405
# synth_design -top my_prj -part xc7z020clg400-1
Command: synth_design -top my_prj -part xc7z020clg400-1
Starting synth_design
Attempting to get a license for feature 'Synthesis' and/or device 'xc7z020'
INFO: [Common 17-349] Got license for feature 'Synthesis' and/or device 'xc7z020'
INFO: [Synth 8-7079] Multithreading enabled for synth_design using a maximum of 4 processes.
INFO: [Synth 8-7078] Launching helper process for spawning children vivado processes
INFO: [Synth 8-7075] Helper process launched with PID 210900
---------------------------------------------------------------------------------
Starting Synthesize : Time (s): cpu = 00:00:03 ; elapsed = 00:00:04 . Memory (MB): peak = 1762.484 ; gain = 416.598 ; free physical = 27669 ; free virtual = 54705
---------------------------------------------------------------------------------
ERROR: [Synth 8-439] module 'my_prj' not found
---------------------------------------------------------------------------------
Finished Synthesize : Time (s): cpu = 00:00:05 ; elapsed = 00:00:05 . Memory (MB): peak = 1849.453 ; gain = 503.566 ; free physical = 27563 ; free virtual = 54598
---------------------------------------------------------------------------------
synthesize failed
INFO: [Common 17-83] Releasing license: Synthesis
5 Infos, 0 Warnings, 0 Critical Warnings and 2 Errors encountered.
synth_design failed
ERROR: [Common 17-69] Command failed: Vivado Synthesis failed
INFO: [Common 17-206] Exiting Vivado at Tue Sep  2 08:42:04 2025...
