

================================================================
== Vitis HLS Report for 'my_prj'
================================================================
* Date:           Fri Sep 19 13:38:22 2025

* Version:        2023.2 (Build 4023990 on Oct 11 2023)
* Project:        my_prj
* Solution:       solution1 (Vivado IP Flow Target)
* Product family: zynq
* Target device:  xc7z020-clg400-1


================================================================
== Performance Estimates
================================================================
+ Timing: 
    * Summary: 
    +--------+---------+----------+------------+
    |  Clock |  Target | Estimated| Uncertainty|
    +--------+---------+----------+------------+
    |ap_clk  |  5.00 ns|  3.611 ns|     1.35 ns|
    +--------+---------+----------+------------+

+ Latency: 
    * Summary: 
    +---------+---------+-----------+-----------+-----+-----+---------+
    |  Latency (cycles) |   Latency (absolute)  |  Interval | Pipeline|
    |   min   |   max   |    min    |    max    | min | max |   Type  |
    +---------+---------+-----------+-----------+-----+-----+---------+
    |        8|        8|  40.000 ns|  40.000 ns|    1|    1|      yes|
    +---------+---------+-----------+-----------+-----+-----+---------+

    + Detail: 
        * Instance: 
        N/A

        * Loop: 
        N/A

============================================================
+ Verbose Summary: Synthesis Manager
============================================================
InlineROM: 1
ExposeGlobal: 0
============================================================
+ Verbose Summary: CDFG Model
============================================================
IsTopModel: 1
ResetActiveHigh: 1
IsCombinational: 0
IsDatapathOnly: 0
HasWiredReturn: 1
HasMFsm: 2
HasVarLatency: 0
IsPipeline: 1
IsRtlPipelined: 1
IsInstanceOverlapped: 0
IsDontTouch: 0
HasImplIP: 0
IsGatedGlobalClock: 0

+ Individual pipeline summary: 
  * Pipeline-0: initiation interval (II) = 1, depth = 9


============================================================
+ Verbose Summary: Schedule
============================================================
* Number of FSM states : 9
* Pipeline : 1
  Pipeline-0 : II = 1, D = 9, States = { 1 2 3 4 5 6 7 8 9 }
* Dataflow Pipeline: 0

* FSM state transitions: 
1 --> 2 
2 --> 3 
3 --> 4 
4 --> 5 
5 --> 6 
6 --> 7 
7 --> 8 
8 --> 9 
9 --> 

* FSM state operations: 

State 1 <SV = 0> <Delay = 3.11>
ST_1 : Operation 10 [1/1] (0.00ns)   --->   "%x_0_read = read i18 @_ssdm_op_Read.ap_auto.i18P0A, i18 %x_0"   --->   Operation 10 'read' 'x_0_read' <Predicate = true> <Delay = 0.00>
ST_1 : Operation 11 [1/1] (0.00ns)   --->   "%x_1_read = read i18 @_ssdm_op_Read.ap_auto.i18P0A, i18 %x_1"   --->   Operation 11 'read' 'x_1_read' <Predicate = true> <Delay = 0.00>
ST_1 : Operation 12 [1/1] (0.00ns)   --->   "%x_2_read = read i18 @_ssdm_op_Read.ap_auto.i18P0A, i18 %x_2"   --->   Operation 12 'read' 'x_2_read' <Predicate = true> <Delay = 0.00>
ST_1 : Operation 13 [1/1] (0.00ns)   --->   "%x_3_read = read i18 @_ssdm_op_Read.ap_auto.i18P0A, i18 %x_3"   --->   Operation 13 'read' 'x_3_read' <Predicate = true> <Delay = 0.00>
ST_1 : Operation 14 [1/1] (0.00ns)   --->   "%x_4_read = read i18 @_ssdm_op_Read.ap_auto.i18P0A, i18 %x_4"   --->   Operation 14 'read' 'x_4_read' <Predicate = true> <Delay = 0.00>
ST_1 : Operation 15 [1/1] (0.00ns)   --->   "%x_5_read = read i18 @_ssdm_op_Read.ap_auto.i18P0A, i18 %x_5"   --->   Operation 15 'read' 'x_5_read' <Predicate = true> <Delay = 0.00>
ST_1 : Operation 16 [1/1] (0.00ns)   --->   "%x_6_read = read i18 @_ssdm_op_Read.ap_auto.i18P0A, i18 %x_6"   --->   Operation 16 'read' 'x_6_read' <Predicate = true> <Delay = 0.00>
ST_1 : Operation 17 [1/1] (0.00ns)   --->   "%x_7_read = read i18 @_ssdm_op_Read.ap_auto.i18P0A, i18 %x_7"   --->   Operation 17 'read' 'x_7_read' <Predicate = true> <Delay = 0.00>
ST_1 : Operation 18 [1/1] (0.00ns)   --->   "%x_8_read = read i18 @_ssdm_op_Read.ap_auto.i18P0A, i18 %x_8"   --->   Operation 18 'read' 'x_8_read' <Predicate = true> <Delay = 0.00>
ST_1 : Operation 19 [1/1] (0.00ns)   --->   "%x_9_read = read i18 @_ssdm_op_Read.ap_auto.i18P0A, i18 %x_9"   --->   Operation 19 'read' 'x_9_read' <Predicate = true> <Delay = 0.00>
ST_1 : Operation 20 [6/6] (2.13ns)   --->   "%scores = call i12 @decision_function<ap_fixed<18, 8, 5, 3, 0>, ap_fixed<18, 8, 5, 3, 0> >.18, i18 %x_0_read, i18 %x_1_read, i18 %x_2_read, i18 %x_3_read, i18 %x_4_read, i18 %x_5_read, i18 %x_8_read" [firmware/BDT.cpp:8->firmware/BDT.h:142->firmware/my_prj.cpp:10]   --->   Operation 20 'call' 'scores' <Predicate = true> <Delay = 2.13> <CoreType = "Generic">   --->   Core 0 '' <Latency = 0> <II = 1> <Delay = 1.00> <Generic> <Opcode : >
ST_1 : Operation 21 [6/6] (2.13ns)   --->   "%scores_1 = call i12 @decision_function<ap_fixed<18, 8, 5, 3, 0>, ap_fixed<18, 8, 5, 3, 0> >.17, i18 %x_0_read, i18 %x_1_read, i18 %x_2_read, i18 %x_3_read, i18 %x_4_read, i18 %x_5_read, i18 %x_6_read, i18 %x_9_read" [firmware/BDT.cpp:9->firmware/BDT.h:142->firmware/my_prj.cpp:10]   --->   Operation 21 'call' 'scores_1' <Predicate = true> <Delay = 2.13> <CoreType = "Generic">   --->   Core 0 '' <Latency = 0> <II = 1> <Delay = 1.00> <Generic> <Opcode : >
ST_1 : Operation 22 [6/6] (2.13ns)   --->   "%scores_2 = call i11 @decision_function<ap_fixed<18, 8, 5, 3, 0>, ap_fixed<18, 8, 5, 3, 0> >.7, i18 %x_0_read, i18 %x_1_read, i18 %x_2_read, i18 %x_3_read, i18 %x_4_read, i18 %x_5_read, i18 %x_6_read" [firmware/BDT.cpp:10->firmware/BDT.h:142->firmware/my_prj.cpp:10]   --->   Operation 22 'call' 'scores_2' <Predicate = true> <Delay = 2.13> <CoreType = "Generic">   --->   Core 0 '' <Latency = 0> <II = 1> <Delay = 1.00> <Generic> <Opcode : >
ST_1 : Operation 23 [6/6] (3.11ns)   --->   "%scores_3 = call i11 @decision_function<ap_fixed<18, 8, 5, 3, 0>, ap_fixed<18, 8, 5, 3, 0> >.6, i18 %x_0_read, i18 %x_1_read, i18 %x_2_read, i18 %x_4_read, i18 %x_6_read, i18 %x_8_read" [firmware/BDT.cpp:11->firmware/BDT.h:142->firmware/my_prj.cpp:10]   --->   Operation 23 'call' 'scores_3' <Predicate = true> <Delay = 3.11> <CoreType = "Generic">   --->   Core 0 '' <Latency = 0> <II = 1> <Delay = 1.00> <Generic> <Opcode : >
ST_1 : Operation 24 [6/6] (3.11ns)   --->   "%scores_4 = call i12 @decision_function<ap_fixed<18, 8, 5, 3, 0>, ap_fixed<18, 8, 5, 3, 0> >.5, i18 %x_0_read, i18 %x_1_read, i18 %x_2_read, i18 %x_3_read, i18 %x_6_read, i18 %x_7_read, i18 %x_8_read, i18 %x_9_read" [firmware/BDT.cpp:12->firmware/BDT.h:142->firmware/my_prj.cpp:10]   --->   Operation 24 'call' 'scores_4' <Predicate = true> <Delay = 3.11> <CoreType = "Generic">   --->   Core 0 '' <Latency = 0> <II = 1> <Delay = 1.00> <Generic> <Opcode : >
ST_1 : Operation 25 [6/6] (2.13ns)   --->   "%scores_5 = call i11 @decision_function<ap_fixed<18, 8, 5, 3, 0>, ap_fixed<18, 8, 5, 3, 0> >.4, i18 %x_0_read, i18 %x_1_read, i18 %x_3_read, i18 %x_5_read, i18 %x_6_read, i18 %x_7_read, i18 %x_9_read" [firmware/BDT.cpp:13->firmware/BDT.h:142->firmware/my_prj.cpp:10]   --->   Operation 25 'call' 'scores_5' <Predicate = true> <Delay = 2.13> <CoreType = "Generic">   --->   Core 0 '' <Latency = 0> <II = 1> <Delay = 1.00> <Generic> <Opcode : >
ST_1 : Operation 26 [6/6] (2.13ns)   --->   "%scores_6 = call i11 @decision_function<ap_fixed<18, 8, 5, 3, 0>, ap_fixed<18, 8, 5, 3, 0> >.3, i18 %x_0_read, i18 %x_1_read, i18 %x_2_read, i18 %x_3_read, i18 %x_4_read, i18 %x_6_read, i18 %x_7_read" [firmware/BDT.cpp:14->firmware/BDT.h:142->firmware/my_prj.cpp:10]   --->   Operation 26 'call' 'scores_6' <Predicate = true> <Delay = 2.13> <CoreType = "Generic">   --->   Core 0 '' <Latency = 0> <II = 1> <Delay = 1.00> <Generic> <Opcode : >
ST_1 : Operation 27 [5/5] (3.11ns)   --->   "%scores_7 = call i11 @decision_function<ap_fixed<18, 8, 5, 3, 0>, ap_fixed<18, 8, 5, 3, 0> >.2, i18 %x_0_read, i18 %x_2_read, i18 %x_3_read, i18 %x_7_read, i18 %x_8_read, i18 %x_9_read" [firmware/BDT.cpp:15->firmware/BDT.h:142->firmware/my_prj.cpp:10]   --->   Operation 27 'call' 'scores_7' <Predicate = true> <Delay = 3.11> <CoreType = "Generic">   --->   Core 0 '' <Latency = 0> <II = 1> <Delay = 1.00> <Generic> <Opcode : >
ST_1 : Operation 28 [6/6] (2.13ns)   --->   "%scores_8 = call i11 @decision_function<ap_fixed<18, 8, 5, 3, 0>, ap_fixed<18, 8, 5, 3, 0> >.1, i18 %x_0_read, i18 %x_1_read, i18 %x_2_read, i18 %x_3_read, i18 %x_4_read, i18 %x_6_read, i18 %x_7_read, i18 %x_8_read" [firmware/BDT.cpp:16->firmware/BDT.h:142->firmware/my_prj.cpp:10]   --->   Operation 28 'call' 'scores_8' <Predicate = true> <Delay = 2.13> <CoreType = "Generic">   --->   Core 0 '' <Latency = 0> <II = 1> <Delay = 1.00> <Generic> <Opcode : >
ST_1 : Operation 29 [6/6] (2.13ns)   --->   "%scores_9 = call i11 @decision_function<ap_fixed<18, 8, 5, 3, 0>, ap_fixed<18, 8, 5, 3, 0> >, i18 %x_0_read, i18 %x_2_read, i18 %x_3_read, i18 %x_4_read, i18 %x_5_read, i18 %x_8_read, i18 %x_9_read" [firmware/BDT.cpp:17->firmware/BDT.h:142->firmware/my_prj.cpp:10]   --->   Operation 29 'call' 'scores_9' <Predicate = true> <Delay = 2.13> <CoreType = "Generic">   --->   Core 0 '' <Latency = 0> <II = 1> <Delay = 1.00> <Generic> <Opcode : >
ST_1 : Operation 30 [5/5] (3.11ns)   --->   "%scores_18 = call i11 @decision_function<ap_fixed<18, 8, 5, 3, 0>, ap_fixed<18, 8, 5, 3, 0> >.16, i18 %x_0_read, i18 %x_3_read, i18 %x_4_read, i18 %x_5_read, i18 %x_6_read, i18 %x_7_read, i18 %x_8_read" [firmware/BDT.cpp:18->firmware/BDT.h:142->firmware/my_prj.cpp:10]   --->   Operation 30 'call' 'scores_18' <Predicate = true> <Delay = 3.11> <CoreType = "Generic">   --->   Core 0 '' <Latency = 0> <II = 1> <Delay = 1.00> <Generic> <Opcode : >
ST_1 : Operation 31 [6/6] (2.13ns)   --->   "%scores_10 = call i11 @decision_function<ap_fixed<18, 8, 5, 3, 0>, ap_fixed<18, 8, 5, 3, 0> >.15, i18 %x_0_read, i18 %x_1_read, i18 %x_2_read, i18 %x_3_read, i18 %x_4_read, i18 %x_5_read, i18 %x_6_read, i18 %x_8_read, i18 %x_9_read" [firmware/BDT.cpp:19->firmware/BDT.h:142->firmware/my_prj.cpp:10]   --->   Operation 31 'call' 'scores_10' <Predicate = true> <Delay = 2.13> <CoreType = "Generic">   --->   Core 0 '' <Latency = 0> <II = 1> <Delay = 1.00> <Generic> <Opcode : >
ST_1 : Operation 32 [6/6] (2.13ns)   --->   "%scores_11 = call i11 @decision_function<ap_fixed<18, 8, 5, 3, 0>, ap_fixed<18, 8, 5, 3, 0> >.14, i18 %x_0_read, i18 %x_1_read, i18 %x_2_read, i18 %x_5_read, i18 %x_6_read, i18 %x_7_read, i18 %x_8_read" [firmware/BDT.cpp:20->firmware/BDT.h:142->firmware/my_prj.cpp:10]   --->   Operation 32 'call' 'scores_11' <Predicate = true> <Delay = 2.13> <CoreType = "Generic">   --->   Core 0 '' <Latency = 0> <II = 1> <Delay = 1.00> <Generic> <Opcode : >
ST_1 : Operation 33 [6/6] (2.13ns)   --->   "%scores_12 = call i11 @decision_function<ap_fixed<18, 8, 5, 3, 0>, ap_fixed<18, 8, 5, 3, 0> >.13, i18 %x_0_read, i18 %x_1_read, i18 %x_2_read, i18 %x_3_read, i18 %x_5_read, i18 %x_6_read, i18 %x_8_read, i18 %x_9_read" [firmware/BDT.cpp:21->firmware/BDT.h:142->firmware/my_prj.cpp:10]   --->   Operation 33 'call' 'scores_12' <Predicate = true> <Delay = 2.13> <CoreType = "Generic">   --->   Core 0 '' <Latency = 0> <II = 1> <Delay = 1.00> <Generic> <Opcode : >
ST_1 : Operation 34 [6/6] (2.13ns)   --->   "%scores_13 = call i11 @decision_function<ap_fixed<18, 8, 5, 3, 0>, ap_fixed<18, 8, 5, 3, 0> >.12, i18 %x_2_read, i18 %x_3_read, i18 %x_4_read, i18 %x_5_read, i18 %x_6_read, i18 %x_9_read" [firmware/BDT.cpp:22->firmware/BDT.h:142->firmware/my_prj.cpp:10]   --->   Operation 34 'call' 'scores_13' <Predicate = true> <Delay = 2.13> <CoreType = "Generic">   --->   Core 0 '' <Latency = 0> <II = 1> <Delay = 1.00> <Generic> <Opcode : >
ST_1 : Operation 35 [5/5] (2.13ns)   --->   "%scores_14 = call i11 @decision_function<ap_fixed<18, 8, 5, 3, 0>, ap_fixed<18, 8, 5, 3, 0> >.11, i18 %x_1_read, i18 %x_2_read, i18 %x_5_read, i18 %x_6_read, i18 %x_7_read, i18 %x_8_read" [firmware/BDT.cpp:23->firmware/BDT.h:142->firmware/my_prj.cpp:10]   --->   Operation 35 'call' 'scores_14' <Predicate = true> <Delay = 2.13> <CoreType = "Generic">   --->   Core 0 '' <Latency = 0> <II = 1> <Delay = 1.00> <Generic> <Opcode : >
ST_1 : Operation 36 [5/5] (3.11ns)   --->   "%scores_15 = call i11 @decision_function<ap_fixed<18, 8, 5, 3, 0>, ap_fixed<18, 8, 5, 3, 0> >.10, i18 %x_0_read, i18 %x_1_read, i18 %x_3_read, i18 %x_4_read, i18 %x_5_read, i18 %x_6_read, i18 %x_8_read, i18 %x_9_read" [firmware/BDT.cpp:24->firmware/BDT.h:142->firmware/my_prj.cpp:10]   --->   Operation 36 'call' 'scores_15' <Predicate = true> <Delay = 3.11> <CoreType = "Generic">   --->   Core 0 '' <Latency = 0> <II = 1> <Delay = 1.00> <Generic> <Opcode : >
ST_1 : Operation 37 [5/5] (3.11ns)   --->   "%scores_16 = call i11 @decision_function<ap_fixed<18, 8, 5, 3, 0>, ap_fixed<18, 8, 5, 3, 0> >.9, i18 %x_0_read, i18 %x_1_read, i18 %x_3_read, i18 %x_4_read, i18 %x_6_read, i18 %x_7_read, i18 %x_9_read" [firmware/BDT.cpp:25->firmware/BDT.h:142->firmware/my_prj.cpp:10]   --->   Operation 37 'call' 'scores_16' <Predicate = true> <Delay = 3.11> <CoreType = "Generic">   --->   Core 0 '' <Latency = 0> <II = 1> <Delay = 1.00> <Generic> <Opcode : >
ST_1 : Operation 38 [5/5] (3.11ns)   --->   "%scores_17 = call i11 @decision_function<ap_fixed<18, 8, 5, 3, 0>, ap_fixed<18, 8, 5, 3, 0> >.8, i18 %x_0_read, i18 %x_2_read, i18 %x_3_read, i18 %x_4_read, i18 %x_6_read, i18 %x_9_read" [firmware/BDT.cpp:26->firmware/BDT.h:142->firmware/my_prj.cpp:10]   --->   Operation 38 'call' 'scores_17' <Predicate = true> <Delay = 3.11> <CoreType = "Generic">   --->   Core 0 '' <Latency = 0> <II = 1> <Delay = 1.00> <Generic> <Opcode : >

State 2 <SV = 1> <Delay = 3.57>
ST_2 : Operation 39 [5/6] (3.07ns)   --->   "%scores = call i12 @decision_function<ap_fixed<18, 8, 5, 3, 0>, ap_fixed<18, 8, 5, 3, 0> >.18, i18 %x_0_read, i18 %x_1_read, i18 %x_2_read, i18 %x_3_read, i18 %x_4_read, i18 %x_5_read, i18 %x_8_read" [firmware/BDT.cpp:8->firmware/BDT.h:142->firmware/my_prj.cpp:10]   --->   Operation 39 'call' 'scores' <Predicate = true> <Delay = 3.07> <CoreType = "Generic">   --->   Core 0 '' <Latency = 0> <II = 1> <Delay = 1.00> <Generic> <Opcode : >
ST_2 : Operation 40 [5/6] (3.07ns)   --->   "%scores_1 = call i12 @decision_function<ap_fixed<18, 8, 5, 3, 0>, ap_fixed<18, 8, 5, 3, 0> >.17, i18 %x_0_read, i18 %x_1_read, i18 %x_2_read, i18 %x_3_read, i18 %x_4_read, i18 %x_5_read, i18 %x_6_read, i18 %x_9_read" [firmware/BDT.cpp:9->firmware/BDT.h:142->firmware/my_prj.cpp:10]   --->   Operation 40 'call' 'scores_1' <Predicate = true> <Delay = 3.07> <CoreType = "Generic">   --->   Core 0 '' <Latency = 0> <II = 1> <Delay = 1.00> <Generic> <Opcode : >
ST_2 : Operation 41 [5/6] (3.07ns)   --->   "%scores_2 = call i11 @decision_function<ap_fixed<18, 8, 5, 3, 0>, ap_fixed<18, 8, 5, 3, 0> >.7, i18 %x_0_read, i18 %x_1_read, i18 %x_2_read, i18 %x_3_read, i18 %x_4_read, i18 %x_5_read, i18 %x_6_read" [firmware/BDT.cpp:10->firmware/BDT.h:142->firmware/my_prj.cpp:10]   --->   Operation 41 'call' 'scores_2' <Predicate = true> <Delay = 3.07> <CoreType = "Generic">   --->   Core 0 '' <Latency = 0> <II = 1> <Delay = 1.00> <Generic> <Opcode : >
ST_2 : Operation 42 [5/6] (3.11ns)   --->   "%scores_3 = call i11 @decision_function<ap_fixed<18, 8, 5, 3, 0>, ap_fixed<18, 8, 5, 3, 0> >.6, i18 %x_0_read, i18 %x_1_read, i18 %x_2_read, i18 %x_4_read, i18 %x_6_read, i18 %x_8_read" [firmware/BDT.cpp:11->firmware/BDT.h:142->firmware/my_prj.cpp:10]   --->   Operation 42 'call' 'scores_3' <Predicate = true> <Delay = 3.11> <CoreType = "Generic">   --->   Core 0 '' <Latency = 0> <II = 1> <Delay = 1.00> <Generic> <Opcode : >
ST_2 : Operation 43 [5/6] (3.11ns)   --->   "%scores_4 = call i12 @decision_function<ap_fixed<18, 8, 5, 3, 0>, ap_fixed<18, 8, 5, 3, 0> >.5, i18 %x_0_read, i18 %x_1_read, i18 %x_2_read, i18 %x_3_read, i18 %x_6_read, i18 %x_7_read, i18 %x_8_read, i18 %x_9_read" [firmware/BDT.cpp:12->firmware/BDT.h:142->firmware/my_prj.cpp:10]   --->   Operation 43 'call' 'scores_4' <Predicate = true> <Delay = 3.11> <CoreType = "Generic">   --->   Core 0 '' <Latency = 0> <II = 1> <Delay = 1.00> <Generic> <Opcode : >
ST_2 : Operation 44 [5/6] (3.07ns)   --->   "%scores_5 = call i11 @decision_function<ap_fixed<18, 8, 5, 3, 0>, ap_fixed<18, 8, 5, 3, 0> >.4, i18 %x_0_read, i18 %x_1_read, i18 %x_3_read, i18 %x_5_read, i18 %x_6_read, i18 %x_7_read, i18 %x_9_read" [firmware/BDT.cpp:13->firmware/BDT.h:142->firmware/my_prj.cpp:10]   --->   Operation 44 'call' 'scores_5' <Predicate = true> <Delay = 3.07> <CoreType = "Generic">   --->   Core 0 '' <Latency = 0> <II = 1> <Delay = 1.00> <Generic> <Opcode : >
ST_2 : Operation 45 [5/6] (3.07ns)   --->   "%scores_6 = call i11 @decision_function<ap_fixed<18, 8, 5, 3, 0>, ap_fixed<18, 8, 5, 3, 0> >.3, i18 %x_0_read, i18 %x_1_read, i18 %x_2_read, i18 %x_3_read, i18 %x_4_read, i18 %x_6_read, i18 %x_7_read" [firmware/BDT.cpp:14->firmware/BDT.h:142->firmware/my_prj.cpp:10]   --->   Operation 45 'call' 'scores_6' <Predicate = true> <Delay = 3.07> <CoreType = "Generic">   --->   Core 0 '' <Latency = 0> <II = 1> <Delay = 1.00> <Generic> <Opcode : >
ST_2 : Operation 46 [4/5] (3.26ns)   --->   "%scores_7 = call i11 @decision_function<ap_fixed<18, 8, 5, 3, 0>, ap_fixed<18, 8, 5, 3, 0> >.2, i18 %x_0_read, i18 %x_2_read, i18 %x_3_read, i18 %x_7_read, i18 %x_8_read, i18 %x_9_read" [firmware/BDT.cpp:15->firmware/BDT.h:142->firmware/my_prj.cpp:10]   --->   Operation 46 'call' 'scores_7' <Predicate = true> <Delay = 3.26> <CoreType = "Generic">   --->   Core 0 '' <Latency = 0> <II = 1> <Delay = 1.00> <Generic> <Opcode : >
ST_2 : Operation 47 [5/6] (3.07ns)   --->   "%scores_8 = call i11 @decision_function<ap_fixed<18, 8, 5, 3, 0>, ap_fixed<18, 8, 5, 3, 0> >.1, i18 %x_0_read, i18 %x_1_read, i18 %x_2_read, i18 %x_3_read, i18 %x_4_read, i18 %x_6_read, i18 %x_7_read, i18 %x_8_read" [firmware/BDT.cpp:16->firmware/BDT.h:142->firmware/my_prj.cpp:10]   --->   Operation 47 'call' 'scores_8' <Predicate = true> <Delay = 3.07> <CoreType = "Generic">   --->   Core 0 '' <Latency = 0> <II = 1> <Delay = 1.00> <Generic> <Opcode : >
ST_2 : Operation 48 [5/6] (3.57ns)   --->   "%scores_9 = call i11 @decision_function<ap_fixed<18, 8, 5, 3, 0>, ap_fixed<18, 8, 5, 3, 0> >, i18 %x_0_read, i18 %x_2_read, i18 %x_3_read, i18 %x_4_read, i18 %x_5_read, i18 %x_8_read, i18 %x_9_read" [firmware/BDT.cpp:17->firmware/BDT.h:142->firmware/my_prj.cpp:10]   --->   Operation 48 'call' 'scores_9' <Predicate = true> <Delay = 3.57> <CoreType = "Generic">   --->   Core 0 '' <Latency = 0> <II = 1> <Delay = 1.00> <Generic> <Opcode : >
ST_2 : Operation 49 [4/5] (3.11ns)   --->   "%scores_18 = call i11 @decision_function<ap_fixed<18, 8, 5, 3, 0>, ap_fixed<18, 8, 5, 3, 0> >.16, i18 %x_0_read, i18 %x_3_read, i18 %x_4_read, i18 %x_5_read, i18 %x_6_read, i18 %x_7_read, i18 %x_8_read" [firmware/BDT.cpp:18->firmware/BDT.h:142->firmware/my_prj.cpp:10]   --->   Operation 49 'call' 'scores_18' <Predicate = true> <Delay = 3.11> <CoreType = "Generic">   --->   Core 0 '' <Latency = 0> <II = 1> <Delay = 1.00> <Generic> <Opcode : >
ST_2 : Operation 50 [5/6] (3.07ns)   --->   "%scores_10 = call i11 @decision_function<ap_fixed<18, 8, 5, 3, 0>, ap_fixed<18, 8, 5, 3, 0> >.15, i18 %x_0_read, i18 %x_1_read, i18 %x_2_read, i18 %x_3_read, i18 %x_4_read, i18 %x_5_read, i18 %x_6_read, i18 %x_8_read, i18 %x_9_read" [firmware/BDT.cpp:19->firmware/BDT.h:142->firmware/my_prj.cpp:10]   --->   Operation 50 'call' 'scores_10' <Predicate = true> <Delay = 3.07> <CoreType = "Generic">   --->   Core 0 '' <Latency = 0> <II = 1> <Delay = 1.00> <Generic> <Opcode : >
ST_2 : Operation 51 [5/6] (3.07ns)   --->   "%scores_11 = call i11 @decision_function<ap_fixed<18, 8, 5, 3, 0>, ap_fixed<18, 8, 5, 3, 0> >.14, i18 %x_0_read, i18 %x_1_read, i18 %x_2_read, i18 %x_5_read, i18 %x_6_read, i18 %x_7_read, i18 %x_8_read" [firmware/BDT.cpp:20->firmware/BDT.h:142->firmware/my_prj.cpp:10]   --->   Operation 51 'call' 'scores_11' <Predicate = true> <Delay = 3.07> <CoreType = "Generic">   --->   Core 0 '' <Latency = 0> <II = 1> <Delay = 1.00> <Generic> <Opcode : >
ST_2 : Operation 52 [5/6] (3.07ns)   --->   "%scores_12 = call i11 @decision_function<ap_fixed<18, 8, 5, 3, 0>, ap_fixed<18, 8, 5, 3, 0> >.13, i18 %x_0_read, i18 %x_1_read, i18 %x_2_read, i18 %x_3_read, i18 %x_5_read, i18 %x_6_read, i18 %x_8_read, i18 %x_9_read" [firmware/BDT.cpp:21->firmware/BDT.h:142->firmware/my_prj.cpp:10]   --->   Operation 52 'call' 'scores_12' <Predicate = true> <Delay = 3.07> <CoreType = "Generic">   --->   Core 0 '' <Latency = 0> <II = 1> <Delay = 1.00> <Generic> <Opcode : >
ST_2 : Operation 53 [5/6] (3.07ns)   --->   "%scores_13 = call i11 @decision_function<ap_fixed<18, 8, 5, 3, 0>, ap_fixed<18, 8, 5, 3, 0> >.12, i18 %x_2_read, i18 %x_3_read, i18 %x_4_read, i18 %x_5_read, i18 %x_6_read, i18 %x_9_read" [firmware/BDT.cpp:22->firmware/BDT.h:142->firmware/my_prj.cpp:10]   --->   Operation 53 'call' 'scores_13' <Predicate = true> <Delay = 3.07> <CoreType = "Generic">   --->   Core 0 '' <Latency = 0> <II = 1> <Delay = 1.00> <Generic> <Opcode : >
ST_2 : Operation 54 [4/5] (3.40ns)   --->   "%scores_14 = call i11 @decision_function<ap_fixed<18, 8, 5, 3, 0>, ap_fixed<18, 8, 5, 3, 0> >.11, i18 %x_1_read, i18 %x_2_read, i18 %x_5_read, i18 %x_6_read, i18 %x_7_read, i18 %x_8_read" [firmware/BDT.cpp:23->firmware/BDT.h:142->firmware/my_prj.cpp:10]   --->   Operation 54 'call' 'scores_14' <Predicate = true> <Delay = 3.40> <CoreType = "Generic">   --->   Core 0 '' <Latency = 0> <II = 1> <Delay = 1.00> <Generic> <Opcode : >
ST_2 : Operation 55 [4/5] (3.26ns)   --->   "%scores_15 = call i11 @decision_function<ap_fixed<18, 8, 5, 3, 0>, ap_fixed<18, 8, 5, 3, 0> >.10, i18 %x_0_read, i18 %x_1_read, i18 %x_3_read, i18 %x_4_read, i18 %x_5_read, i18 %x_6_read, i18 %x_8_read, i18 %x_9_read" [firmware/BDT.cpp:24->firmware/BDT.h:142->firmware/my_prj.cpp:10]   --->   Operation 55 'call' 'scores_15' <Predicate = true> <Delay = 3.26> <CoreType = "Generic">   --->   Core 0 '' <Latency = 0> <II = 1> <Delay = 1.00> <Generic> <Opcode : >
ST_2 : Operation 56 [4/5] (3.11ns)   --->   "%scores_16 = call i11 @decision_function<ap_fixed<18, 8, 5, 3, 0>, ap_fixed<18, 8, 5, 3, 0> >.9, i18 %x_0_read, i18 %x_1_read, i18 %x_3_read, i18 %x_4_read, i18 %x_6_read, i18 %x_7_read, i18 %x_9_read" [firmware/BDT.cpp:25->firmware/BDT.h:142->firmware/my_prj.cpp:10]   --->   Operation 56 'call' 'scores_16' <Predicate = true> <Delay = 3.11> <CoreType = "Generic">   --->   Core 0 '' <Latency = 0> <II = 1> <Delay = 1.00> <Generic> <Opcode : >
ST_2 : Operation 57 [4/5] (3.11ns)   --->   "%scores_17 = call i11 @decision_function<ap_fixed<18, 8, 5, 3, 0>, ap_fixed<18, 8, 5, 3, 0> >.8, i18 %x_0_read, i18 %x_2_read, i18 %x_3_read, i18 %x_4_read, i18 %x_6_read, i18 %x_9_read" [firmware/BDT.cpp:26->firmware/BDT.h:142->firmware/my_prj.cpp:10]   --->   Operation 57 'call' 'scores_17' <Predicate = true> <Delay = 3.11> <CoreType = "Generic">   --->   Core 0 '' <Latency = 0> <II = 1> <Delay = 1.00> <Generic> <Opcode : >

State 3 <SV = 2> <Delay = 3.57>
ST_3 : Operation 58 [4/6] (3.07ns)   --->   "%scores = call i12 @decision_function<ap_fixed<18, 8, 5, 3, 0>, ap_fixed<18, 8, 5, 3, 0> >.18, i18 %x_0_read, i18 %x_1_read, i18 %x_2_read, i18 %x_3_read, i18 %x_4_read, i18 %x_5_read, i18 %x_8_read" [firmware/BDT.cpp:8->firmware/BDT.h:142->firmware/my_prj.cpp:10]   --->   Operation 58 'call' 'scores' <Predicate = true> <Delay = 3.07> <CoreType = "Generic">   --->   Core 0 '' <Latency = 0> <II = 1> <Delay = 1.00> <Generic> <Opcode : >
ST_3 : Operation 59 [4/6] (3.07ns)   --->   "%scores_1 = call i12 @decision_function<ap_fixed<18, 8, 5, 3, 0>, ap_fixed<18, 8, 5, 3, 0> >.17, i18 %x_0_read, i18 %x_1_read, i18 %x_2_read, i18 %x_3_read, i18 %x_4_read, i18 %x_5_read, i18 %x_6_read, i18 %x_9_read" [firmware/BDT.cpp:9->firmware/BDT.h:142->firmware/my_prj.cpp:10]   --->   Operation 59 'call' 'scores_1' <Predicate = true> <Delay = 3.07> <CoreType = "Generic">   --->   Core 0 '' <Latency = 0> <II = 1> <Delay = 1.00> <Generic> <Opcode : >
ST_3 : Operation 60 [4/6] (3.07ns)   --->   "%scores_2 = call i11 @decision_function<ap_fixed<18, 8, 5, 3, 0>, ap_fixed<18, 8, 5, 3, 0> >.7, i18 %x_0_read, i18 %x_1_read, i18 %x_2_read, i18 %x_3_read, i18 %x_4_read, i18 %x_5_read, i18 %x_6_read" [firmware/BDT.cpp:10->firmware/BDT.h:142->firmware/my_prj.cpp:10]   --->   Operation 60 'call' 'scores_2' <Predicate = true> <Delay = 3.07> <CoreType = "Generic">   --->   Core 0 '' <Latency = 0> <II = 1> <Delay = 1.00> <Generic> <Opcode : >
ST_3 : Operation 61 [4/6] (3.11ns)   --->   "%scores_3 = call i11 @decision_function<ap_fixed<18, 8, 5, 3, 0>, ap_fixed<18, 8, 5, 3, 0> >.6, i18 %x_0_read, i18 %x_1_read, i18 %x_2_read, i18 %x_4_read, i18 %x_6_read, i18 %x_8_read" [firmware/BDT.cpp:11->firmware/BDT.h:142->firmware/my_prj.cpp:10]   --->   Operation 61 'call' 'scores_3' <Predicate = true> <Delay = 3.11> <CoreType = "Generic">   --->   Core 0 '' <Latency = 0> <II = 1> <Delay = 1.00> <Generic> <Opcode : >
ST_3 : Operation 62 [4/6] (3.11ns)   --->   "%scores_4 = call i12 @decision_function<ap_fixed<18, 8, 5, 3, 0>, ap_fixed<18, 8, 5, 3, 0> >.5, i18 %x_0_read, i18 %x_1_read, i18 %x_2_read, i18 %x_3_read, i18 %x_6_read, i18 %x_7_read, i18 %x_8_read, i18 %x_9_read" [firmware/BDT.cpp:12->firmware/BDT.h:142->firmware/my_prj.cpp:10]   --->   Operation 62 'call' 'scores_4' <Predicate = true> <Delay = 3.11> <CoreType = "Generic">   --->   Core 0 '' <Latency = 0> <II = 1> <Delay = 1.00> <Generic> <Opcode : >
ST_3 : Operation 63 [4/6] (3.07ns)   --->   "%scores_5 = call i11 @decision_function<ap_fixed<18, 8, 5, 3, 0>, ap_fixed<18, 8, 5, 3, 0> >.4, i18 %x_0_read, i18 %x_1_read, i18 %x_3_read, i18 %x_5_read, i18 %x_6_read, i18 %x_7_read, i18 %x_9_read" [firmware/BDT.cpp:13->firmware/BDT.h:142->firmware/my_prj.cpp:10]   --->   Operation 63 'call' 'scores_5' <Predicate = true> <Delay = 3.07> <CoreType = "Generic">   --->   Core 0 '' <Latency = 0> <II = 1> <Delay = 1.00> <Generic> <Opcode : >
ST_3 : Operation 64 [4/6] (3.07ns)   --->   "%scores_6 = call i11 @decision_function<ap_fixed<18, 8, 5, 3, 0>, ap_fixed<18, 8, 5, 3, 0> >.3, i18 %x_0_read, i18 %x_1_read, i18 %x_2_read, i18 %x_3_read, i18 %x_4_read, i18 %x_6_read, i18 %x_7_read" [firmware/BDT.cpp:14->firmware/BDT.h:142->firmware/my_prj.cpp:10]   --->   Operation 64 'call' 'scores_6' <Predicate = true> <Delay = 3.07> <CoreType = "Generic">   --->   Core 0 '' <Latency = 0> <II = 1> <Delay = 1.00> <Generic> <Opcode : >
ST_3 : Operation 65 [3/5] (3.26ns)   --->   "%scores_7 = call i11 @decision_function<ap_fixed<18, 8, 5, 3, 0>, ap_fixed<18, 8, 5, 3, 0> >.2, i18 %x_0_read, i18 %x_2_read, i18 %x_3_read, i18 %x_7_read, i18 %x_8_read, i18 %x_9_read" [firmware/BDT.cpp:15->firmware/BDT.h:142->firmware/my_prj.cpp:10]   --->   Operation 65 'call' 'scores_7' <Predicate = true> <Delay = 3.26> <CoreType = "Generic">   --->   Core 0 '' <Latency = 0> <II = 1> <Delay = 1.00> <Generic> <Opcode : >
ST_3 : Operation 66 [4/6] (3.07ns)   --->   "%scores_8 = call i11 @decision_function<ap_fixed<18, 8, 5, 3, 0>, ap_fixed<18, 8, 5, 3, 0> >.1, i18 %x_0_read, i18 %x_1_read, i18 %x_2_read, i18 %x_3_read, i18 %x_4_read, i18 %x_6_read, i18 %x_7_read, i18 %x_8_read" [firmware/BDT.cpp:16->firmware/BDT.h:142->firmware/my_prj.cpp:10]   --->   Operation 66 'call' 'scores_8' <Predicate = true> <Delay = 3.07> <CoreType = "Generic">   --->   Core 0 '' <Latency = 0> <II = 1> <Delay = 1.00> <Generic> <Opcode : >
ST_3 : Operation 67 [4/6] (3.57ns)   --->   "%scores_9 = call i11 @decision_function<ap_fixed<18, 8, 5, 3, 0>, ap_fixed<18, 8, 5, 3, 0> >, i18 %x_0_read, i18 %x_2_read, i18 %x_3_read, i18 %x_4_read, i18 %x_5_read, i18 %x_8_read, i18 %x_9_read" [firmware/BDT.cpp:17->firmware/BDT.h:142->firmware/my_prj.cpp:10]   --->   Operation 67 'call' 'scores_9' <Predicate = true> <Delay = 3.57> <CoreType = "Generic">   --->   Core 0 '' <Latency = 0> <II = 1> <Delay = 1.00> <Generic> <Opcode : >
ST_3 : Operation 68 [3/5] (3.11ns)   --->   "%scores_18 = call i11 @decision_function<ap_fixed<18, 8, 5, 3, 0>, ap_fixed<18, 8, 5, 3, 0> >.16, i18 %x_0_read, i18 %x_3_read, i18 %x_4_read, i18 %x_5_read, i18 %x_6_read, i18 %x_7_read, i18 %x_8_read" [firmware/BDT.cpp:18->firmware/BDT.h:142->firmware/my_prj.cpp:10]   --->   Operation 68 'call' 'scores_18' <Predicate = true> <Delay = 3.11> <CoreType = "Generic">   --->   Core 0 '' <Latency = 0> <II = 1> <Delay = 1.00> <Generic> <Opcode : >
ST_3 : Operation 69 [4/6] (3.07ns)   --->   "%scores_10 = call i11 @decision_function<ap_fixed<18, 8, 5, 3, 0>, ap_fixed<18, 8, 5, 3, 0> >.15, i18 %x_0_read, i18 %x_1_read, i18 %x_2_read, i18 %x_3_read, i18 %x_4_read, i18 %x_5_read, i18 %x_6_read, i18 %x_8_read, i18 %x_9_read" [firmware/BDT.cpp:19->firmware/BDT.h:142->firmware/my_prj.cpp:10]   --->   Operation 69 'call' 'scores_10' <Predicate = true> <Delay = 3.07> <CoreType = "Generic">   --->   Core 0 '' <Latency = 0> <II = 1> <Delay = 1.00> <Generic> <Opcode : >
ST_3 : Operation 70 [4/6] (3.07ns)   --->   "%scores_11 = call i11 @decision_function<ap_fixed<18, 8, 5, 3, 0>, ap_fixed<18, 8, 5, 3, 0> >.14, i18 %x_0_read, i18 %x_1_read, i18 %x_2_read, i18 %x_5_read, i18 %x_6_read, i18 %x_7_read, i18 %x_8_read" [firmware/BDT.cpp:20->firmware/BDT.h:142->firmware/my_prj.cpp:10]   --->   Operation 70 'call' 'scores_11' <Predicate = true> <Delay = 3.07> <CoreType = "Generic">   --->   Core 0 '' <Latency = 0> <II = 1> <Delay = 1.00> <Generic> <Opcode : >
ST_3 : Operation 71 [4/6] (3.07ns)   --->   "%scores_12 = call i11 @decision_function<ap_fixed<18, 8, 5, 3, 0>, ap_fixed<18, 8, 5, 3, 0> >.13, i18 %x_0_read, i18 %x_1_read, i18 %x_2_read, i18 %x_3_read, i18 %x_5_read, i18 %x_6_read, i18 %x_8_read, i18 %x_9_read" [firmware/BDT.cpp:21->firmware/BDT.h:142->firmware/my_prj.cpp:10]   --->   Operation 71 'call' 'scores_12' <Predicate = true> <Delay = 3.07> <CoreType = "Generic">   --->   Core 0 '' <Latency = 0> <II = 1> <Delay = 1.00> <Generic> <Opcode : >
ST_3 : Operation 72 [4/6] (3.07ns)   --->   "%scores_13 = call i11 @decision_function<ap_fixed<18, 8, 5, 3, 0>, ap_fixed<18, 8, 5, 3, 0> >.12, i18 %x_2_read, i18 %x_3_read, i18 %x_4_read, i18 %x_5_read, i18 %x_6_read, i18 %x_9_read" [firmware/BDT.cpp:22->firmware/BDT.h:142->firmware/my_prj.cpp:10]   --->   Operation 72 'call' 'scores_13' <Predicate = true> <Delay = 3.07> <CoreType = "Generic">   --->   Core 0 '' <Latency = 0> <II = 1> <Delay = 1.00> <Generic> <Opcode : >
ST_3 : Operation 73 [3/5] (3.40ns)   --->   "%scores_14 = call i11 @decision_function<ap_fixed<18, 8, 5, 3, 0>, ap_fixed<18, 8, 5, 3, 0> >.11, i18 %x_1_read, i18 %x_2_read, i18 %x_5_read, i18 %x_6_read, i18 %x_7_read, i18 %x_8_read" [firmware/BDT.cpp:23->firmware/BDT.h:142->firmware/my_prj.cpp:10]   --->   Operation 73 'call' 'scores_14' <Predicate = true> <Delay = 3.40> <CoreType = "Generic">   --->   Core 0 '' <Latency = 0> <II = 1> <Delay = 1.00> <Generic> <Opcode : >
ST_3 : Operation 74 [3/5] (3.26ns)   --->   "%scores_15 = call i11 @decision_function<ap_fixed<18, 8, 5, 3, 0>, ap_fixed<18, 8, 5, 3, 0> >.10, i18 %x_0_read, i18 %x_1_read, i18 %x_3_read, i18 %x_4_read, i18 %x_5_read, i18 %x_6_read, i18 %x_8_read, i18 %x_9_read" [firmware/BDT.cpp:24->firmware/BDT.h:142->firmware/my_prj.cpp:10]   --->   Operation 74 'call' 'scores_15' <Predicate = true> <Delay = 3.26> <CoreType = "Generic">   --->   Core 0 '' <Latency = 0> <II = 1> <Delay = 1.00> <Generic> <Opcode : >
ST_3 : Operation 75 [3/5] (3.11ns)   --->   "%scores_16 = call i11 @decision_function<ap_fixed<18, 8, 5, 3, 0>, ap_fixed<18, 8, 5, 3, 0> >.9, i18 %x_0_read, i18 %x_1_read, i18 %x_3_read, i18 %x_4_read, i18 %x_6_read, i18 %x_7_read, i18 %x_9_read" [firmware/BDT.cpp:25->firmware/BDT.h:142->firmware/my_prj.cpp:10]   --->   Operation 75 'call' 'scores_16' <Predicate = true> <Delay = 3.11> <CoreType = "Generic">   --->   Core 0 '' <Latency = 0> <II = 1> <Delay = 1.00> <Generic> <Opcode : >
ST_3 : Operation 76 [3/5] (3.11ns)   --->   "%scores_17 = call i11 @decision_function<ap_fixed<18, 8, 5, 3, 0>, ap_fixed<18, 8, 5, 3, 0> >.8, i18 %x_0_read, i18 %x_2_read, i18 %x_3_read, i18 %x_4_read, i18 %x_6_read, i18 %x_9_read" [firmware/BDT.cpp:26->firmware/BDT.h:142->firmware/my_prj.cpp:10]   --->   Operation 76 'call' 'scores_17' <Predicate = true> <Delay = 3.11> <CoreType = "Generic">   --->   Core 0 '' <Latency = 0> <II = 1> <Delay = 1.00> <Generic> <Opcode : >

State 4 <SV = 3> <Delay = 3.57>
ST_4 : Operation 77 [3/6] (3.07ns)   --->   "%scores = call i12 @decision_function<ap_fixed<18, 8, 5, 3, 0>, ap_fixed<18, 8, 5, 3, 0> >.18, i18 %x_0_read, i18 %x_1_read, i18 %x_2_read, i18 %x_3_read, i18 %x_4_read, i18 %x_5_read, i18 %x_8_read" [firmware/BDT.cpp:8->firmware/BDT.h:142->firmware/my_prj.cpp:10]   --->   Operation 77 'call' 'scores' <Predicate = true> <Delay = 3.07> <CoreType = "Generic">   --->   Core 0 '' <Latency = 0> <II = 1> <Delay = 1.00> <Generic> <Opcode : >
ST_4 : Operation 78 [3/6] (3.07ns)   --->   "%scores_1 = call i12 @decision_function<ap_fixed<18, 8, 5, 3, 0>, ap_fixed<18, 8, 5, 3, 0> >.17, i18 %x_0_read, i18 %x_1_read, i18 %x_2_read, i18 %x_3_read, i18 %x_4_read, i18 %x_5_read, i18 %x_6_read, i18 %x_9_read" [firmware/BDT.cpp:9->firmware/BDT.h:142->firmware/my_prj.cpp:10]   --->   Operation 78 'call' 'scores_1' <Predicate = true> <Delay = 3.07> <CoreType = "Generic">   --->   Core 0 '' <Latency = 0> <II = 1> <Delay = 1.00> <Generic> <Opcode : >
ST_4 : Operation 79 [3/6] (3.07ns)   --->   "%scores_2 = call i11 @decision_function<ap_fixed<18, 8, 5, 3, 0>, ap_fixed<18, 8, 5, 3, 0> >.7, i18 %x_0_read, i18 %x_1_read, i18 %x_2_read, i18 %x_3_read, i18 %x_4_read, i18 %x_5_read, i18 %x_6_read" [firmware/BDT.cpp:10->firmware/BDT.h:142->firmware/my_prj.cpp:10]   --->   Operation 79 'call' 'scores_2' <Predicate = true> <Delay = 3.07> <CoreType = "Generic">   --->   Core 0 '' <Latency = 0> <II = 1> <Delay = 1.00> <Generic> <Opcode : >
ST_4 : Operation 80 [3/6] (3.11ns)   --->   "%scores_3 = call i11 @decision_function<ap_fixed<18, 8, 5, 3, 0>, ap_fixed<18, 8, 5, 3, 0> >.6, i18 %x_0_read, i18 %x_1_read, i18 %x_2_read, i18 %x_4_read, i18 %x_6_read, i18 %x_8_read" [firmware/BDT.cpp:11->firmware/BDT.h:142->firmware/my_prj.cpp:10]   --->   Operation 80 'call' 'scores_3' <Predicate = true> <Delay = 3.11> <CoreType = "Generic">   --->   Core 0 '' <Latency = 0> <II = 1> <Delay = 1.00> <Generic> <Opcode : >
ST_4 : Operation 81 [3/6] (3.11ns)   --->   "%scores_4 = call i12 @decision_function<ap_fixed<18, 8, 5, 3, 0>, ap_fixed<18, 8, 5, 3, 0> >.5, i18 %x_0_read, i18 %x_1_read, i18 %x_2_read, i18 %x_3_read, i18 %x_6_read, i18 %x_7_read, i18 %x_8_read, i18 %x_9_read" [firmware/BDT.cpp:12->firmware/BDT.h:142->firmware/my_prj.cpp:10]   --->   Operation 81 'call' 'scores_4' <Predicate = true> <Delay = 3.11> <CoreType = "Generic">   --->   Core 0 '' <Latency = 0> <II = 1> <Delay = 1.00> <Generic> <Opcode : >
ST_4 : Operation 82 [3/6] (3.07ns)   --->   "%scores_5 = call i11 @decision_function<ap_fixed<18, 8, 5, 3, 0>, ap_fixed<18, 8, 5, 3, 0> >.4, i18 %x_0_read, i18 %x_1_read, i18 %x_3_read, i18 %x_5_read, i18 %x_6_read, i18 %x_7_read, i18 %x_9_read" [firmware/BDT.cpp:13->firmware/BDT.h:142->firmware/my_prj.cpp:10]   --->   Operation 82 'call' 'scores_5' <Predicate = true> <Delay = 3.07> <CoreType = "Generic">   --->   Core 0 '' <Latency = 0> <II = 1> <Delay = 1.00> <Generic> <Opcode : >
ST_4 : Operation 83 [3/6] (3.07ns)   --->   "%scores_6 = call i11 @decision_function<ap_fixed<18, 8, 5, 3, 0>, ap_fixed<18, 8, 5, 3, 0> >.3, i18 %x_0_read, i18 %x_1_read, i18 %x_2_read, i18 %x_3_read, i18 %x_4_read, i18 %x_6_read, i18 %x_7_read" [firmware/BDT.cpp:14->firmware/BDT.h:142->firmware/my_prj.cpp:10]   --->   Operation 83 'call' 'scores_6' <Predicate = true> <Delay = 3.07> <CoreType = "Generic">   --->   Core 0 '' <Latency = 0> <II = 1> <Delay = 1.00> <Generic> <Opcode : >
ST_4 : Operation 84 [2/5] (3.26ns)   --->   "%scores_7 = call i11 @decision_function<ap_fixed<18, 8, 5, 3, 0>, ap_fixed<18, 8, 5, 3, 0> >.2, i18 %x_0_read, i18 %x_2_read, i18 %x_3_read, i18 %x_7_read, i18 %x_8_read, i18 %x_9_read" [firmware/BDT.cpp:15->firmware/BDT.h:142->firmware/my_prj.cpp:10]   --->   Operation 84 'call' 'scores_7' <Predicate = true> <Delay = 3.26> <CoreType = "Generic">   --->   Core 0 '' <Latency = 0> <II = 1> <Delay = 1.00> <Generic> <Opcode : >
ST_4 : Operation 85 [3/6] (3.07ns)   --->   "%scores_8 = call i11 @decision_function<ap_fixed<18, 8, 5, 3, 0>, ap_fixed<18, 8, 5, 3, 0> >.1, i18 %x_0_read, i18 %x_1_read, i18 %x_2_read, i18 %x_3_read, i18 %x_4_read, i18 %x_6_read, i18 %x_7_read, i18 %x_8_read" [firmware/BDT.cpp:16->firmware/BDT.h:142->firmware/my_prj.cpp:10]   --->   Operation 85 'call' 'scores_8' <Predicate = true> <Delay = 3.07> <CoreType = "Generic">   --->   Core 0 '' <Latency = 0> <II = 1> <Delay = 1.00> <Generic> <Opcode : >
ST_4 : Operation 86 [3/6] (3.57ns)   --->   "%scores_9 = call i11 @decision_function<ap_fixed<18, 8, 5, 3, 0>, ap_fixed<18, 8, 5, 3, 0> >, i18 %x_0_read, i18 %x_2_read, i18 %x_3_read, i18 %x_4_read, i18 %x_5_read, i18 %x_8_read, i18 %x_9_read" [firmware/BDT.cpp:17->firmware/BDT.h:142->firmware/my_prj.cpp:10]   --->   Operation 86 'call' 'scores_9' <Predicate = true> <Delay = 3.57> <CoreType = "Generic">   --->   Core 0 '' <Latency = 0> <II = 1> <Delay = 1.00> <Generic> <Opcode : >
ST_4 : Operation 87 [2/5] (3.11ns)   --->   "%scores_18 = call i11 @decision_function<ap_fixed<18, 8, 5, 3, 0>, ap_fixed<18, 8, 5, 3, 0> >.16, i18 %x_0_read, i18 %x_3_read, i18 %x_4_read, i18 %x_5_read, i18 %x_6_read, i18 %x_7_read, i18 %x_8_read" [firmware/BDT.cpp:18->firmware/BDT.h:142->firmware/my_prj.cpp:10]   --->   Operation 87 'call' 'scores_18' <Predicate = true> <Delay = 3.11> <CoreType = "Generic">   --->   Core 0 '' <Latency = 0> <II = 1> <Delay = 1.00> <Generic> <Opcode : >
ST_4 : Operation 88 [3/6] (3.07ns)   --->   "%scores_10 = call i11 @decision_function<ap_fixed<18, 8, 5, 3, 0>, ap_fixed<18, 8, 5, 3, 0> >.15, i18 %x_0_read, i18 %x_1_read, i18 %x_2_read, i18 %x_3_read, i18 %x_4_read, i18 %x_5_read, i18 %x_6_read, i18 %x_8_read, i18 %x_9_read" [firmware/BDT.cpp:19->firmware/BDT.h:142->firmware/my_prj.cpp:10]   --->   Operation 88 'call' 'scores_10' <Predicate = true> <Delay = 3.07> <CoreType = "Generic">   --->   Core 0 '' <Latency = 0> <II = 1> <Delay = 1.00> <Generic> <Opcode : >
ST_4 : Operation 89 [3/6] (3.07ns)   --->   "%scores_11 = call i11 @decision_function<ap_fixed<18, 8, 5, 3, 0>, ap_fixed<18, 8, 5, 3, 0> >.14, i18 %x_0_read, i18 %x_1_read, i18 %x_2_read, i18 %x_5_read, i18 %x_6_read, i18 %x_7_read, i18 %x_8_read" [firmware/BDT.cpp:20->firmware/BDT.h:142->firmware/my_prj.cpp:10]   --->   Operation 89 'call' 'scores_11' <Predicate = true> <Delay = 3.07> <CoreType = "Generic">   --->   Core 0 '' <Latency = 0> <II = 1> <Delay = 1.00> <Generic> <Opcode : >
ST_4 : Operation 90 [3/6] (3.07ns)   --->   "%scores_12 = call i11 @decision_function<ap_fixed<18, 8, 5, 3, 0>, ap_fixed<18, 8, 5, 3, 0> >.13, i18 %x_0_read, i18 %x_1_read, i18 %x_2_read, i18 %x_3_read, i18 %x_5_read, i18 %x_6_read, i18 %x_8_read, i18 %x_9_read" [firmware/BDT.cpp:21->firmware/BDT.h:142->firmware/my_prj.cpp:10]   --->   Operation 90 'call' 'scores_12' <Predicate = true> <Delay = 3.07> <CoreType = "Generic">   --->   Core 0 '' <Latency = 0> <II = 1> <Delay = 1.00> <Generic> <Opcode : >
ST_4 : Operation 91 [3/6] (3.07ns)   --->   "%scores_13 = call i11 @decision_function<ap_fixed<18, 8, 5, 3, 0>, ap_fixed<18, 8, 5, 3, 0> >.12, i18 %x_2_read, i18 %x_3_read, i18 %x_4_read, i18 %x_5_read, i18 %x_6_read, i18 %x_9_read" [firmware/BDT.cpp:22->firmware/BDT.h:142->firmware/my_prj.cpp:10]   --->   Operation 91 'call' 'scores_13' <Predicate = true> <Delay = 3.07> <CoreType = "Generic">   --->   Core 0 '' <Latency = 0> <II = 1> <Delay = 1.00> <Generic> <Opcode : >
ST_4 : Operation 92 [2/5] (3.40ns)   --->   "%scores_14 = call i11 @decision_function<ap_fixed<18, 8, 5, 3, 0>, ap_fixed<18, 8, 5, 3, 0> >.11, i18 %x_1_read, i18 %x_2_read, i18 %x_5_read, i18 %x_6_read, i18 %x_7_read, i18 %x_8_read" [firmware/BDT.cpp:23->firmware/BDT.h:142->firmware/my_prj.cpp:10]   --->   Operation 92 'call' 'scores_14' <Predicate = true> <Delay = 3.40> <CoreType = "Generic">   --->   Core 0 '' <Latency = 0> <II = 1> <Delay = 1.00> <Generic> <Opcode : >
ST_4 : Operation 93 [2/5] (3.26ns)   --->   "%scores_15 = call i11 @decision_function<ap_fixed<18, 8, 5, 3, 0>, ap_fixed<18, 8, 5, 3, 0> >.10, i18 %x_0_read, i18 %x_1_read, i18 %x_3_read, i18 %x_4_read, i18 %x_5_read, i18 %x_6_read, i18 %x_8_read, i18 %x_9_read" [firmware/BDT.cpp:24->firmware/BDT.h:142->firmware/my_prj.cpp:10]   --->   Operation 93 'call' 'scores_15' <Predicate = true> <Delay = 3.26> <CoreType = "Generic">   --->   Core 0 '' <Latency = 0> <II = 1> <Delay = 1.00> <Generic> <Opcode : >
ST_4 : Operation 94 [2/5] (3.11ns)   --->   "%scores_16 = call i11 @decision_function<ap_fixed<18, 8, 5, 3, 0>, ap_fixed<18, 8, 5, 3, 0> >.9, i18 %x_0_read, i18 %x_1_read, i18 %x_3_read, i18 %x_4_read, i18 %x_6_read, i18 %x_7_read, i18 %x_9_read" [firmware/BDT.cpp:25->firmware/BDT.h:142->firmware/my_prj.cpp:10]   --->   Operation 94 'call' 'scores_16' <Predicate = true> <Delay = 3.11> <CoreType = "Generic">   --->   Core 0 '' <Latency = 0> <II = 1> <Delay = 1.00> <Generic> <Opcode : >
ST_4 : Operation 95 [2/5] (3.11ns)   --->   "%scores_17 = call i11 @decision_function<ap_fixed<18, 8, 5, 3, 0>, ap_fixed<18, 8, 5, 3, 0> >.8, i18 %x_0_read, i18 %x_2_read, i18 %x_3_read, i18 %x_4_read, i18 %x_6_read, i18 %x_9_read" [firmware/BDT.cpp:26->firmware/BDT.h:142->firmware/my_prj.cpp:10]   --->   Operation 95 'call' 'scores_17' <Predicate = true> <Delay = 3.11> <CoreType = "Generic">   --->   Core 0 '' <Latency = 0> <II = 1> <Delay = 1.00> <Generic> <Opcode : >

State 5 <SV = 4> <Delay = 3.57>
ST_5 : Operation 96 [2/6] (3.07ns)   --->   "%scores = call i12 @decision_function<ap_fixed<18, 8, 5, 3, 0>, ap_fixed<18, 8, 5, 3, 0> >.18, i18 %x_0_read, i18 %x_1_read, i18 %x_2_read, i18 %x_3_read, i18 %x_4_read, i18 %x_5_read, i18 %x_8_read" [firmware/BDT.cpp:8->firmware/BDT.h:142->firmware/my_prj.cpp:10]   --->   Operation 96 'call' 'scores' <Predicate = true> <Delay = 3.07> <CoreType = "Generic">   --->   Core 0 '' <Latency = 0> <II = 1> <Delay = 1.00> <Generic> <Opcode : >
ST_5 : Operation 97 [2/6] (3.07ns)   --->   "%scores_1 = call i12 @decision_function<ap_fixed<18, 8, 5, 3, 0>, ap_fixed<18, 8, 5, 3, 0> >.17, i18 %x_0_read, i18 %x_1_read, i18 %x_2_read, i18 %x_3_read, i18 %x_4_read, i18 %x_5_read, i18 %x_6_read, i18 %x_9_read" [firmware/BDT.cpp:9->firmware/BDT.h:142->firmware/my_prj.cpp:10]   --->   Operation 97 'call' 'scores_1' <Predicate = true> <Delay = 3.07> <CoreType = "Generic">   --->   Core 0 '' <Latency = 0> <II = 1> <Delay = 1.00> <Generic> <Opcode : >
ST_5 : Operation 98 [2/6] (3.07ns)   --->   "%scores_2 = call i11 @decision_function<ap_fixed<18, 8, 5, 3, 0>, ap_fixed<18, 8, 5, 3, 0> >.7, i18 %x_0_read, i18 %x_1_read, i18 %x_2_read, i18 %x_3_read, i18 %x_4_read, i18 %x_5_read, i18 %x_6_read" [firmware/BDT.cpp:10->firmware/BDT.h:142->firmware/my_prj.cpp:10]   --->   Operation 98 'call' 'scores_2' <Predicate = true> <Delay = 3.07> <CoreType = "Generic">   --->   Core 0 '' <Latency = 0> <II = 1> <Delay = 1.00> <Generic> <Opcode : >
ST_5 : Operation 99 [2/6] (3.11ns)   --->   "%scores_3 = call i11 @decision_function<ap_fixed<18, 8, 5, 3, 0>, ap_fixed<18, 8, 5, 3, 0> >.6, i18 %x_0_read, i18 %x_1_read, i18 %x_2_read, i18 %x_4_read, i18 %x_6_read, i18 %x_8_read" [firmware/BDT.cpp:11->firmware/BDT.h:142->firmware/my_prj.cpp:10]   --->   Operation 99 'call' 'scores_3' <Predicate = true> <Delay = 3.11> <CoreType = "Generic">   --->   Core 0 '' <Latency = 0> <II = 1> <Delay = 1.00> <Generic> <Opcode : >
ST_5 : Operation 100 [2/6] (3.11ns)   --->   "%scores_4 = call i12 @decision_function<ap_fixed<18, 8, 5, 3, 0>, ap_fixed<18, 8, 5, 3, 0> >.5, i18 %x_0_read, i18 %x_1_read, i18 %x_2_read, i18 %x_3_read, i18 %x_6_read, i18 %x_7_read, i18 %x_8_read, i18 %x_9_read" [firmware/BDT.cpp:12->firmware/BDT.h:142->firmware/my_prj.cpp:10]   --->   Operation 100 'call' 'scores_4' <Predicate = true> <Delay = 3.11> <CoreType = "Generic">   --->   Core 0 '' <Latency = 0> <II = 1> <Delay = 1.00> <Generic> <Opcode : >
ST_5 : Operation 101 [2/6] (3.07ns)   --->   "%scores_5 = call i11 @decision_function<ap_fixed<18, 8, 5, 3, 0>, ap_fixed<18, 8, 5, 3, 0> >.4, i18 %x_0_read, i18 %x_1_read, i18 %x_3_read, i18 %x_5_read, i18 %x_6_read, i18 %x_7_read, i18 %x_9_read" [firmware/BDT.cpp:13->firmware/BDT.h:142->firmware/my_prj.cpp:10]   --->   Operation 101 'call' 'scores_5' <Predicate = true> <Delay = 3.07> <CoreType = "Generic">   --->   Core 0 '' <Latency = 0> <II = 1> <Delay = 1.00> <Generic> <Opcode : >
ST_5 : Operation 102 [2/6] (3.07ns)   --->   "%scores_6 = call i11 @decision_function<ap_fixed<18, 8, 5, 3, 0>, ap_fixed<18, 8, 5, 3, 0> >.3, i18 %x_0_read, i18 %x_1_read, i18 %x_2_read, i18 %x_3_read, i18 %x_4_read, i18 %x_6_read, i18 %x_7_read" [firmware/BDT.cpp:14->firmware/BDT.h:142->firmware/my_prj.cpp:10]   --->   Operation 102 'call' 'scores_6' <Predicate = true> <Delay = 3.07> <CoreType = "Generic">   --->   Core 0 '' <Latency = 0> <II = 1> <Delay = 1.00> <Generic> <Opcode : >
ST_5 : Operation 103 [1/5] (3.26ns)   --->   "%scores_7 = call i11 @decision_function<ap_fixed<18, 8, 5, 3, 0>, ap_fixed<18, 8, 5, 3, 0> >.2, i18 %x_0_read, i18 %x_2_read, i18 %x_3_read, i18 %x_7_read, i18 %x_8_read, i18 %x_9_read" [firmware/BDT.cpp:15->firmware/BDT.h:142->firmware/my_prj.cpp:10]   --->   Operation 103 'call' 'scores_7' <Predicate = true> <Delay = 3.26> <CoreType = "Generic">   --->   Core 0 '' <Latency = 0> <II = 1> <Delay = 1.00> <Generic> <Opcode : >
ST_5 : Operation 104 [2/6] (3.07ns)   --->   "%scores_8 = call i11 @decision_function<ap_fixed<18, 8, 5, 3, 0>, ap_fixed<18, 8, 5, 3, 0> >.1, i18 %x_0_read, i18 %x_1_read, i18 %x_2_read, i18 %x_3_read, i18 %x_4_read, i18 %x_6_read, i18 %x_7_read, i18 %x_8_read" [firmware/BDT.cpp:16->firmware/BDT.h:142->firmware/my_prj.cpp:10]   --->   Operation 104 'call' 'scores_8' <Predicate = true> <Delay = 3.07> <CoreType = "Generic">   --->   Core 0 '' <Latency = 0> <II = 1> <Delay = 1.00> <Generic> <Opcode : >
ST_5 : Operation 105 [2/6] (3.57ns)   --->   "%scores_9 = call i11 @decision_function<ap_fixed<18, 8, 5, 3, 0>, ap_fixed<18, 8, 5, 3, 0> >, i18 %x_0_read, i18 %x_2_read, i18 %x_3_read, i18 %x_4_read, i18 %x_5_read, i18 %x_8_read, i18 %x_9_read" [firmware/BDT.cpp:17->firmware/BDT.h:142->firmware/my_prj.cpp:10]   --->   Operation 105 'call' 'scores_9' <Predicate = true> <Delay = 3.57> <CoreType = "Generic">   --->   Core 0 '' <Latency = 0> <II = 1> <Delay = 1.00> <Generic> <Opcode : >
ST_5 : Operation 106 [1/5] (2.78ns)   --->   "%scores_18 = call i11 @decision_function<ap_fixed<18, 8, 5, 3, 0>, ap_fixed<18, 8, 5, 3, 0> >.16, i18 %x_0_read, i18 %x_3_read, i18 %x_4_read, i18 %x_5_read, i18 %x_6_read, i18 %x_7_read, i18 %x_8_read" [firmware/BDT.cpp:18->firmware/BDT.h:142->firmware/my_prj.cpp:10]   --->   Operation 106 'call' 'scores_18' <Predicate = true> <Delay = 2.78> <CoreType = "Generic">   --->   Core 0 '' <Latency = 0> <II = 1> <Delay = 1.00> <Generic> <Opcode : >
ST_5 : Operation 107 [2/6] (3.07ns)   --->   "%scores_10 = call i11 @decision_function<ap_fixed<18, 8, 5, 3, 0>, ap_fixed<18, 8, 5, 3, 0> >.15, i18 %x_0_read, i18 %x_1_read, i18 %x_2_read, i18 %x_3_read, i18 %x_4_read, i18 %x_5_read, i18 %x_6_read, i18 %x_8_read, i18 %x_9_read" [firmware/BDT.cpp:19->firmware/BDT.h:142->firmware/my_prj.cpp:10]   --->   Operation 107 'call' 'scores_10' <Predicate = true> <Delay = 3.07> <CoreType = "Generic">   --->   Core 0 '' <Latency = 0> <II = 1> <Delay = 1.00> <Generic> <Opcode : >
ST_5 : Operation 108 [2/6] (3.07ns)   --->   "%scores_11 = call i11 @decision_function<ap_fixed<18, 8, 5, 3, 0>, ap_fixed<18, 8, 5, 3, 0> >.14, i18 %x_0_read, i18 %x_1_read, i18 %x_2_read, i18 %x_5_read, i18 %x_6_read, i18 %x_7_read, i18 %x_8_read" [firmware/BDT.cpp:20->firmware/BDT.h:142->firmware/my_prj.cpp:10]   --->   Operation 108 'call' 'scores_11' <Predicate = true> <Delay = 3.07> <CoreType = "Generic">   --->   Core 0 '' <Latency = 0> <II = 1> <Delay = 1.00> <Generic> <Opcode : >
ST_5 : Operation 109 [2/6] (3.07ns)   --->   "%scores_12 = call i11 @decision_function<ap_fixed<18, 8, 5, 3, 0>, ap_fixed<18, 8, 5, 3, 0> >.13, i18 %x_0_read, i18 %x_1_read, i18 %x_2_read, i18 %x_3_read, i18 %x_5_read, i18 %x_6_read, i18 %x_8_read, i18 %x_9_read" [firmware/BDT.cpp:21->firmware/BDT.h:142->firmware/my_prj.cpp:10]   --->   Operation 109 'call' 'scores_12' <Predicate = true> <Delay = 3.07> <CoreType = "Generic">   --->   Core 0 '' <Latency = 0> <II = 1> <Delay = 1.00> <Generic> <Opcode : >
ST_5 : Operation 110 [2/6] (3.07ns)   --->   "%scores_13 = call i11 @decision_function<ap_fixed<18, 8, 5, 3, 0>, ap_fixed<18, 8, 5, 3, 0> >.12, i18 %x_2_read, i18 %x_3_read, i18 %x_4_read, i18 %x_5_read, i18 %x_6_read, i18 %x_9_read" [firmware/BDT.cpp:22->firmware/BDT.h:142->firmware/my_prj.cpp:10]   --->   Operation 110 'call' 'scores_13' <Predicate = true> <Delay = 3.07> <CoreType = "Generic">   --->   Core 0 '' <Latency = 0> <II = 1> <Delay = 1.00> <Generic> <Opcode : >
ST_5 : Operation 111 [1/5] (3.40ns)   --->   "%scores_14 = call i11 @decision_function<ap_fixed<18, 8, 5, 3, 0>, ap_fixed<18, 8, 5, 3, 0> >.11, i18 %x_1_read, i18 %x_2_read, i18 %x_5_read, i18 %x_6_read, i18 %x_7_read, i18 %x_8_read" [firmware/BDT.cpp:23->firmware/BDT.h:142->firmware/my_prj.cpp:10]   --->   Operation 111 'call' 'scores_14' <Predicate = true> <Delay = 3.40> <CoreType = "Generic">   --->   Core 0 '' <Latency = 0> <II = 1> <Delay = 1.00> <Generic> <Opcode : >
ST_5 : Operation 112 [1/5] (3.26ns)   --->   "%scores_15 = call i11 @decision_function<ap_fixed<18, 8, 5, 3, 0>, ap_fixed<18, 8, 5, 3, 0> >.10, i18 %x_0_read, i18 %x_1_read, i18 %x_3_read, i18 %x_4_read, i18 %x_5_read, i18 %x_6_read, i18 %x_8_read, i18 %x_9_read" [firmware/BDT.cpp:24->firmware/BDT.h:142->firmware/my_prj.cpp:10]   --->   Operation 112 'call' 'scores_15' <Predicate = true> <Delay = 3.26> <CoreType = "Generic">   --->   Core 0 '' <Latency = 0> <II = 1> <Delay = 1.00> <Generic> <Opcode : >
ST_5 : Operation 113 [1/5] (2.78ns)   --->   "%scores_16 = call i11 @decision_function<ap_fixed<18, 8, 5, 3, 0>, ap_fixed<18, 8, 5, 3, 0> >.9, i18 %x_0_read, i18 %x_1_read, i18 %x_3_read, i18 %x_4_read, i18 %x_6_read, i18 %x_7_read, i18 %x_9_read" [firmware/BDT.cpp:25->firmware/BDT.h:142->firmware/my_prj.cpp:10]   --->   Operation 113 'call' 'scores_16' <Predicate = true> <Delay = 2.78> <CoreType = "Generic">   --->   Core 0 '' <Latency = 0> <II = 1> <Delay = 1.00> <Generic> <Opcode : >
ST_5 : Operation 114 [1/5] (2.42ns)   --->   "%scores_17 = call i11 @decision_function<ap_fixed<18, 8, 5, 3, 0>, ap_fixed<18, 8, 5, 3, 0> >.8, i18 %x_0_read, i18 %x_2_read, i18 %x_3_read, i18 %x_4_read, i18 %x_6_read, i18 %x_9_read" [firmware/BDT.cpp:26->firmware/BDT.h:142->firmware/my_prj.cpp:10]   --->   Operation 114 'call' 'scores_17' <Predicate = true> <Delay = 2.42> <CoreType = "Generic">   --->   Core 0 '' <Latency = 0> <II = 1> <Delay = 1.00> <Generic> <Opcode : >

State 6 <SV = 5> <Delay = 3.61>
ST_6 : Operation 115 [1/6] (2.06ns)   --->   "%scores = call i12 @decision_function<ap_fixed<18, 8, 5, 3, 0>, ap_fixed<18, 8, 5, 3, 0> >.18, i18 %x_0_read, i18 %x_1_read, i18 %x_2_read, i18 %x_3_read, i18 %x_4_read, i18 %x_5_read, i18 %x_8_read" [firmware/BDT.cpp:8->firmware/BDT.h:142->firmware/my_prj.cpp:10]   --->   Operation 115 'call' 'scores' <Predicate = true> <Delay = 2.06> <CoreType = "Generic">   --->   Core 0 '' <Latency = 0> <II = 1> <Delay = 1.00> <Generic> <Opcode : >
ST_6 : Operation 116 [1/1] (0.00ns)   --->   "%sext_ln9 = sext i12 %scores" [firmware/BDT.cpp:9->firmware/BDT.h:142->firmware/my_prj.cpp:10]   --->   Operation 116 'sext' 'sext_ln9' <Predicate = true> <Delay = 0.00>
ST_6 : Operation 117 [1/6] (2.06ns)   --->   "%scores_1 = call i12 @decision_function<ap_fixed<18, 8, 5, 3, 0>, ap_fixed<18, 8, 5, 3, 0> >.17, i18 %x_0_read, i18 %x_1_read, i18 %x_2_read, i18 %x_3_read, i18 %x_4_read, i18 %x_5_read, i18 %x_6_read, i18 %x_9_read" [firmware/BDT.cpp:9->firmware/BDT.h:142->firmware/my_prj.cpp:10]   --->   Operation 117 'call' 'scores_1' <Predicate = true> <Delay = 2.06> <CoreType = "Generic">   --->   Core 0 '' <Latency = 0> <II = 1> <Delay = 1.00> <Generic> <Opcode : >
ST_6 : Operation 118 [1/1] (0.00ns)   --->   "%sext_ln10 = sext i12 %scores_1" [firmware/BDT.cpp:10->firmware/BDT.h:142->firmware/my_prj.cpp:10]   --->   Operation 118 'sext' 'sext_ln10' <Predicate = true> <Delay = 0.00>
ST_6 : Operation 119 [1/6] (2.06ns)   --->   "%scores_2 = call i11 @decision_function<ap_fixed<18, 8, 5, 3, 0>, ap_fixed<18, 8, 5, 3, 0> >.7, i18 %x_0_read, i18 %x_1_read, i18 %x_2_read, i18 %x_3_read, i18 %x_4_read, i18 %x_5_read, i18 %x_6_read" [firmware/BDT.cpp:10->firmware/BDT.h:142->firmware/my_prj.cpp:10]   --->   Operation 119 'call' 'scores_2' <Predicate = true> <Delay = 2.06> <CoreType = "Generic">   --->   Core 0 '' <Latency = 0> <II = 1> <Delay = 1.00> <Generic> <Opcode : >
ST_6 : Operation 120 [1/6] (3.04ns)   --->   "%scores_3 = call i11 @decision_function<ap_fixed<18, 8, 5, 3, 0>, ap_fixed<18, 8, 5, 3, 0> >.6, i18 %x_0_read, i18 %x_1_read, i18 %x_2_read, i18 %x_4_read, i18 %x_6_read, i18 %x_8_read" [firmware/BDT.cpp:11->firmware/BDT.h:142->firmware/my_prj.cpp:10]   --->   Operation 120 'call' 'scores_3' <Predicate = true> <Delay = 3.04> <CoreType = "Generic">   --->   Core 0 '' <Latency = 0> <II = 1> <Delay = 1.00> <Generic> <Opcode : >
ST_6 : Operation 121 [1/6] (2.24ns)   --->   "%scores_4 = call i12 @decision_function<ap_fixed<18, 8, 5, 3, 0>, ap_fixed<18, 8, 5, 3, 0> >.5, i18 %x_0_read, i18 %x_1_read, i18 %x_2_read, i18 %x_3_read, i18 %x_6_read, i18 %x_7_read, i18 %x_8_read, i18 %x_9_read" [firmware/BDT.cpp:12->firmware/BDT.h:142->firmware/my_prj.cpp:10]   --->   Operation 121 'call' 'scores_4' <Predicate = true> <Delay = 2.24> <CoreType = "Generic">   --->   Core 0 '' <Latency = 0> <II = 1> <Delay = 1.00> <Generic> <Opcode : >
ST_6 : Operation 122 [1/6] (2.06ns)   --->   "%scores_5 = call i11 @decision_function<ap_fixed<18, 8, 5, 3, 0>, ap_fixed<18, 8, 5, 3, 0> >.4, i18 %x_0_read, i18 %x_1_read, i18 %x_3_read, i18 %x_5_read, i18 %x_6_read, i18 %x_7_read, i18 %x_9_read" [firmware/BDT.cpp:13->firmware/BDT.h:142->firmware/my_prj.cpp:10]   --->   Operation 122 'call' 'scores_5' <Predicate = true> <Delay = 2.06> <CoreType = "Generic">   --->   Core 0 '' <Latency = 0> <II = 1> <Delay = 1.00> <Generic> <Opcode : >
ST_6 : Operation 123 [1/6] (2.06ns)   --->   "%scores_6 = call i11 @decision_function<ap_fixed<18, 8, 5, 3, 0>, ap_fixed<18, 8, 5, 3, 0> >.3, i18 %x_0_read, i18 %x_1_read, i18 %x_2_read, i18 %x_3_read, i18 %x_4_read, i18 %x_6_read, i18 %x_7_read" [firmware/BDT.cpp:14->firmware/BDT.h:142->firmware/my_prj.cpp:10]   --->   Operation 123 'call' 'scores_6' <Predicate = true> <Delay = 2.06> <CoreType = "Generic">   --->   Core 0 '' <Latency = 0> <II = 1> <Delay = 1.00> <Generic> <Opcode : >
ST_6 : Operation 124 [1/1] (0.00ns)   --->   "%sext_ln16 = sext i11 %scores_7" [firmware/BDT.cpp:16->firmware/BDT.h:142->firmware/my_prj.cpp:10]   --->   Operation 124 'sext' 'sext_ln16' <Predicate = true> <Delay = 0.00>
ST_6 : Operation 125 [1/6] (2.24ns)   --->   "%scores_8 = call i11 @decision_function<ap_fixed<18, 8, 5, 3, 0>, ap_fixed<18, 8, 5, 3, 0> >.1, i18 %x_0_read, i18 %x_1_read, i18 %x_2_read, i18 %x_3_read, i18 %x_4_read, i18 %x_6_read, i18 %x_7_read, i18 %x_8_read" [firmware/BDT.cpp:16->firmware/BDT.h:142->firmware/my_prj.cpp:10]   --->   Operation 125 'call' 'scores_8' <Predicate = true> <Delay = 2.24> <CoreType = "Generic">   --->   Core 0 '' <Latency = 0> <II = 1> <Delay = 1.00> <Generic> <Opcode : >
ST_6 : Operation 126 [1/6] (3.57ns)   --->   "%scores_9 = call i11 @decision_function<ap_fixed<18, 8, 5, 3, 0>, ap_fixed<18, 8, 5, 3, 0> >, i18 %x_0_read, i18 %x_2_read, i18 %x_3_read, i18 %x_4_read, i18 %x_5_read, i18 %x_8_read, i18 %x_9_read" [firmware/BDT.cpp:17->firmware/BDT.h:142->firmware/my_prj.cpp:10]   --->   Operation 126 'call' 'scores_9' <Predicate = true> <Delay = 3.57> <CoreType = "Generic">   --->   Core 0 '' <Latency = 0> <II = 1> <Delay = 1.00> <Generic> <Opcode : >
ST_6 : Operation 127 [1/6] (2.06ns)   --->   "%scores_10 = call i11 @decision_function<ap_fixed<18, 8, 5, 3, 0>, ap_fixed<18, 8, 5, 3, 0> >.15, i18 %x_0_read, i18 %x_1_read, i18 %x_2_read, i18 %x_3_read, i18 %x_4_read, i18 %x_5_read, i18 %x_6_read, i18 %x_8_read, i18 %x_9_read" [firmware/BDT.cpp:19->firmware/BDT.h:142->firmware/my_prj.cpp:10]   --->   Operation 127 'call' 'scores_10' <Predicate = true> <Delay = 2.06> <CoreType = "Generic">   --->   Core 0 '' <Latency = 0> <II = 1> <Delay = 1.00> <Generic> <Opcode : >
ST_6 : Operation 128 [1/6] (2.42ns)   --->   "%scores_11 = call i11 @decision_function<ap_fixed<18, 8, 5, 3, 0>, ap_fixed<18, 8, 5, 3, 0> >.14, i18 %x_0_read, i18 %x_1_read, i18 %x_2_read, i18 %x_5_read, i18 %x_6_read, i18 %x_7_read, i18 %x_8_read" [firmware/BDT.cpp:20->firmware/BDT.h:142->firmware/my_prj.cpp:10]   --->   Operation 128 'call' 'scores_11' <Predicate = true> <Delay = 2.42> <CoreType = "Generic">   --->   Core 0 '' <Latency = 0> <II = 1> <Delay = 1.00> <Generic> <Opcode : >
ST_6 : Operation 129 [1/6] (2.06ns)   --->   "%scores_12 = call i11 @decision_function<ap_fixed<18, 8, 5, 3, 0>, ap_fixed<18, 8, 5, 3, 0> >.13, i18 %x_0_read, i18 %x_1_read, i18 %x_2_read, i18 %x_3_read, i18 %x_5_read, i18 %x_6_read, i18 %x_8_read, i18 %x_9_read" [firmware/BDT.cpp:21->firmware/BDT.h:142->firmware/my_prj.cpp:10]   --->   Operation 129 'call' 'scores_12' <Predicate = true> <Delay = 2.06> <CoreType = "Generic">   --->   Core 0 '' <Latency = 0> <II = 1> <Delay = 1.00> <Generic> <Opcode : >
ST_6 : Operation 130 [1/6] (2.24ns)   --->   "%scores_13 = call i11 @decision_function<ap_fixed<18, 8, 5, 3, 0>, ap_fixed<18, 8, 5, 3, 0> >.12, i18 %x_2_read, i18 %x_3_read, i18 %x_4_read, i18 %x_5_read, i18 %x_6_read, i18 %x_9_read" [firmware/BDT.cpp:22->firmware/BDT.h:142->firmware/my_prj.cpp:10]   --->   Operation 130 'call' 'scores_13' <Predicate = true> <Delay = 2.24> <CoreType = "Generic">   --->   Core 0 '' <Latency = 0> <II = 1> <Delay = 1.00> <Generic> <Opcode : >
ST_6 : Operation 131 [1/1] (0.00ns)   --->   "%sext_ln25 = sext i11 %scores_15" [firmware/BDT.cpp:25->firmware/BDT.h:142->firmware/my_prj.cpp:10]   --->   Operation 131 'sext' 'sext_ln25' <Predicate = true> <Delay = 0.00>
ST_6 : Operation 132 [1/1] (0.00ns)   --->   "%sext_ln26 = sext i11 %scores_16" [firmware/BDT.cpp:26->firmware/BDT.h:142->firmware/my_prj.cpp:10]   --->   Operation 132 'sext' 'sext_ln26' <Predicate = true> <Delay = 0.00>
ST_6 : Operation 133 [1/1] (0.00ns)   --->   "%sext_ln142 = sext i11 %scores_17" [firmware/BDT.h:142->firmware/my_prj.cpp:10]   --->   Operation 133 'sext' 'sext_ln142' <Predicate = true> <Delay = 0.00>
ST_6 : Operation 134 [1/1] (1.63ns)   --->   "%add_ln36 = add i12 %sext_ln26, i12 %sext_ln25" [firmware/BDT.h:36->firmware/BDT.h:31->firmware/BDT.h:149->firmware/my_prj.cpp:10]   --->   Operation 134 'add' 'add_ln36' <Predicate = true> <Delay = 1.63> <CoreInst = "Adder">   --->   Core 1 'Adder' <Latency = 0> <II = 1> <Delay = 1.63> <FuncUnit> <Opcode : 'add' 'sub'> <InPorts = 2> <OutPorts = 1>
ST_6 : Operation 135 [1/1] (0.00ns)   --->   "%sext_ln36 = sext i12 %add_ln36" [firmware/BDT.h:36->firmware/BDT.h:31->firmware/BDT.h:149->firmware/my_prj.cpp:10]   --->   Operation 135 'sext' 'sext_ln36' <Predicate = true> <Delay = 0.00>
ST_6 : Operation 136 [1/1] (1.63ns)   --->   "%add_ln36_1 = add i12 %sext_ln142, i12 %sext_ln16" [firmware/BDT.h:36->firmware/BDT.h:31->firmware/BDT.h:149->firmware/my_prj.cpp:10]   --->   Operation 136 'add' 'add_ln36_1' <Predicate = true> <Delay = 1.63> <CoreInst = "Adder">   --->   Core 1 'Adder' <Latency = 0> <II = 1> <Delay = 1.63> <FuncUnit> <Opcode : 'add' 'sub'> <InPorts = 2> <OutPorts = 1>
ST_6 : Operation 137 [1/1] (0.00ns)   --->   "%sext_ln36_1 = sext i12 %add_ln36_1" [firmware/BDT.h:36->firmware/BDT.h:31->firmware/BDT.h:149->firmware/my_prj.cpp:10]   --->   Operation 137 'sext' 'sext_ln36_1' <Predicate = true> <Delay = 0.00>
ST_6 : Operation 138 [1/1] (1.54ns)   --->   "%add_ln36_2 = add i13 %sext_ln36_1, i13 %sext_ln36" [firmware/BDT.h:36->firmware/BDT.h:31->firmware/BDT.h:149->firmware/my_prj.cpp:10]   --->   Operation 138 'add' 'add_ln36_2' <Predicate = true> <Delay = 1.54> <CoreInst = "Adder">   --->   Core 1 'Adder' <Latency = 0> <II = 1> <Delay = 1.54> <FuncUnit> <Opcode : 'add' 'sub'> <InPorts = 2> <OutPorts = 1>
ST_6 : Operation 139 [1/1] (1.54ns)   --->   "%add_ln36_8 = add i13 %sext_ln9, i13 %sext_ln10" [firmware/BDT.h:36->firmware/BDT.h:31->firmware/BDT.h:149->firmware/my_prj.cpp:10]   --->   Operation 139 'add' 'add_ln36_8' <Predicate = true> <Delay = 1.54> <CoreInst = "Adder">   --->   Core 1 'Adder' <Latency = 0> <II = 1> <Delay = 1.54> <FuncUnit> <Opcode : 'add' 'sub'> <InPorts = 2> <OutPorts = 1>

State 7 <SV = 6> <Delay = 3.18>
ST_7 : Operation 140 [1/1] (0.00ns)   --->   "%sext_ln11 = sext i11 %scores_2" [firmware/BDT.cpp:11->firmware/BDT.h:142->firmware/my_prj.cpp:10]   --->   Operation 140 'sext' 'sext_ln11' <Predicate = true> <Delay = 0.00>
ST_7 : Operation 141 [1/1] (0.00ns)   --->   "%sext_ln12 = sext i11 %scores_3" [firmware/BDT.cpp:12->firmware/BDT.h:142->firmware/my_prj.cpp:10]   --->   Operation 141 'sext' 'sext_ln12' <Predicate = true> <Delay = 0.00>
ST_7 : Operation 142 [1/1] (0.00ns)   --->   "%sext_ln13 = sext i12 %scores_4" [firmware/BDT.cpp:13->firmware/BDT.h:142->firmware/my_prj.cpp:10]   --->   Operation 142 'sext' 'sext_ln13' <Predicate = true> <Delay = 0.00>
ST_7 : Operation 143 [1/1] (0.00ns)   --->   "%sext_ln14 = sext i11 %scores_5" [firmware/BDT.cpp:14->firmware/BDT.h:142->firmware/my_prj.cpp:10]   --->   Operation 143 'sext' 'sext_ln14' <Predicate = true> <Delay = 0.00>
ST_7 : Operation 144 [1/1] (0.00ns)   --->   "%sext_ln15 = sext i11 %scores_6" [firmware/BDT.cpp:15->firmware/BDT.h:142->firmware/my_prj.cpp:10]   --->   Operation 144 'sext' 'sext_ln15' <Predicate = true> <Delay = 0.00>
ST_7 : Operation 145 [1/1] (0.00ns)   --->   "%sext_ln17 = sext i11 %scores_8" [firmware/BDT.cpp:17->firmware/BDT.h:142->firmware/my_prj.cpp:10]   --->   Operation 145 'sext' 'sext_ln17' <Predicate = true> <Delay = 0.00>
ST_7 : Operation 146 [1/1] (0.00ns)   --->   "%sext_ln18 = sext i11 %scores_9" [firmware/BDT.cpp:18->firmware/BDT.h:142->firmware/my_prj.cpp:10]   --->   Operation 146 'sext' 'sext_ln18' <Predicate = true> <Delay = 0.00>
ST_7 : Operation 147 [1/1] (0.00ns)   --->   "%sext_ln19 = sext i11 %scores_18" [firmware/BDT.cpp:19->firmware/BDT.h:142->firmware/my_prj.cpp:10]   --->   Operation 147 'sext' 'sext_ln19' <Predicate = true> <Delay = 0.00>
ST_7 : Operation 148 [1/1] (0.00ns)   --->   "%sext_ln20 = sext i11 %scores_10" [firmware/BDT.cpp:20->firmware/BDT.h:142->firmware/my_prj.cpp:10]   --->   Operation 148 'sext' 'sext_ln20' <Predicate = true> <Delay = 0.00>
ST_7 : Operation 149 [1/1] (0.00ns)   --->   "%sext_ln21 = sext i11 %scores_11" [firmware/BDT.cpp:21->firmware/BDT.h:142->firmware/my_prj.cpp:10]   --->   Operation 149 'sext' 'sext_ln21' <Predicate = true> <Delay = 0.00>
ST_7 : Operation 150 [1/1] (0.00ns)   --->   "%sext_ln22 = sext i11 %scores_12" [firmware/BDT.cpp:22->firmware/BDT.h:142->firmware/my_prj.cpp:10]   --->   Operation 150 'sext' 'sext_ln22' <Predicate = true> <Delay = 0.00>
ST_7 : Operation 151 [1/1] (0.00ns)   --->   "%sext_ln23 = sext i11 %scores_13" [firmware/BDT.cpp:23->firmware/BDT.h:142->firmware/my_prj.cpp:10]   --->   Operation 151 'sext' 'sext_ln23' <Predicate = true> <Delay = 0.00>
ST_7 : Operation 152 [1/1] (0.00ns)   --->   "%sext_ln24 = sext i11 %scores_14" [firmware/BDT.cpp:24->firmware/BDT.h:142->firmware/my_prj.cpp:10]   --->   Operation 152 'sext' 'sext_ln24' <Predicate = true> <Delay = 0.00>
ST_7 : Operation 153 [1/1] (1.54ns)   --->   "%add_ln36_3 = add i13 %sext_ln15, i13 %sext_ln13" [firmware/BDT.h:36->firmware/BDT.h:31->firmware/BDT.h:149->firmware/my_prj.cpp:10]   --->   Operation 153 'add' 'add_ln36_3' <Predicate = true> <Delay = 1.54> <CoreInst = "Adder">   --->   Core 1 'Adder' <Latency = 0> <II = 1> <Delay = 1.54> <FuncUnit> <Opcode : 'add' 'sub'> <InPorts = 2> <OutPorts = 1>
ST_7 : Operation 154 [1/1] (1.63ns)   --->   "%add_ln36_4 = add i12 %sext_ln12, i12 %sext_ln11" [firmware/BDT.h:36->firmware/BDT.h:31->firmware/BDT.h:149->firmware/my_prj.cpp:10]   --->   Operation 154 'add' 'add_ln36_4' <Predicate = true> <Delay = 1.63> <CoreInst = "Adder">   --->   Core 1 'Adder' <Latency = 0> <II = 1> <Delay = 1.63> <FuncUnit> <Opcode : 'add' 'sub'> <InPorts = 2> <OutPorts = 1>
ST_7 : Operation 155 [1/1] (0.00ns)   --->   "%sext_ln36_4 = sext i12 %add_ln36_4" [firmware/BDT.h:36->firmware/BDT.h:31->firmware/BDT.h:149->firmware/my_prj.cpp:10]   --->   Operation 155 'sext' 'sext_ln36_4' <Predicate = true> <Delay = 0.00>
ST_7 : Operation 156 [1/1] (1.54ns)   --->   "%add_ln36_5 = add i13 %sext_ln36_4, i13 %sext_ln14" [firmware/BDT.h:36->firmware/BDT.h:31->firmware/BDT.h:149->firmware/my_prj.cpp:10]   --->   Operation 156 'add' 'add_ln36_5' <Predicate = true> <Delay = 1.54> <CoreInst = "Adder">   --->   Core 1 'Adder' <Latency = 0> <II = 1> <Delay = 1.54> <FuncUnit> <Opcode : 'add' 'sub'> <InPorts = 2> <OutPorts = 1>
ST_7 : Operation 157 [1/1] (1.63ns)   --->   "%add_ln36_9 = add i12 %sext_ln23, i12 %sext_ln21" [firmware/BDT.h:36->firmware/BDT.h:31->firmware/BDT.h:149->firmware/my_prj.cpp:10]   --->   Operation 157 'add' 'add_ln36_9' <Predicate = true> <Delay = 1.63> <CoreInst = "Adder">   --->   Core 1 'Adder' <Latency = 0> <II = 1> <Delay = 1.63> <FuncUnit> <Opcode : 'add' 'sub'> <InPorts = 2> <OutPorts = 1>
ST_7 : Operation 158 [1/1] (0.00ns)   --->   "%sext_ln36_9 = sext i12 %add_ln36_9" [firmware/BDT.h:36->firmware/BDT.h:31->firmware/BDT.h:149->firmware/my_prj.cpp:10]   --->   Operation 158 'sext' 'sext_ln36_9' <Predicate = true> <Delay = 0.00>
ST_7 : Operation 159 [1/1] (1.54ns)   --->   "%add_ln36_10 = add i13 %sext_ln36_9, i13 %sext_ln24" [firmware/BDT.h:36->firmware/BDT.h:31->firmware/BDT.h:149->firmware/my_prj.cpp:10]   --->   Operation 159 'add' 'add_ln36_10' <Predicate = true> <Delay = 1.54> <CoreInst = "Adder">   --->   Core 1 'Adder' <Latency = 0> <II = 1> <Delay = 1.54> <FuncUnit> <Opcode : 'add' 'sub'> <InPorts = 2> <OutPorts = 1>
ST_7 : Operation 160 [1/1] (1.63ns)   --->   "%add_ln36_12 = add i12 %sext_ln22, i12 %sext_ln20" [firmware/BDT.h:36->firmware/BDT.h:31->firmware/BDT.h:149->firmware/my_prj.cpp:10]   --->   Operation 160 'add' 'add_ln36_12' <Predicate = true> <Delay = 1.63> <CoreInst = "Adder">   --->   Core 1 'Adder' <Latency = 0> <II = 1> <Delay = 1.63> <FuncUnit> <Opcode : 'add' 'sub'> <InPorts = 2> <OutPorts = 1>
ST_7 : Operation 161 [1/1] (1.63ns)   --->   "%add_ln36_13 = add i12 %sext_ln17, i12 %sext_ln18" [firmware/BDT.h:36->firmware/BDT.h:31->firmware/BDT.h:149->firmware/my_prj.cpp:10]   --->   Operation 161 'add' 'add_ln36_13' <Predicate = true> <Delay = 1.63> <CoreInst = "Adder">   --->   Core 1 'Adder' <Latency = 0> <II = 1> <Delay = 1.63> <FuncUnit> <Opcode : 'add' 'sub'> <InPorts = 2> <OutPorts = 1>
ST_7 : Operation 162 [1/1] (0.00ns)   --->   "%sext_ln36_13 = sext i12 %add_ln36_13" [firmware/BDT.h:36->firmware/BDT.h:31->firmware/BDT.h:149->firmware/my_prj.cpp:10]   --->   Operation 162 'sext' 'sext_ln36_13' <Predicate = true> <Delay = 0.00>
ST_7 : Operation 163 [1/1] (1.54ns)   --->   "%add_ln36_14 = add i13 %sext_ln36_13, i13 %sext_ln19" [firmware/BDT.h:36->firmware/BDT.h:31->firmware/BDT.h:149->firmware/my_prj.cpp:10]   --->   Operation 163 'add' 'add_ln36_14' <Predicate = true> <Delay = 1.54> <CoreInst = "Adder">   --->   Core 1 'Adder' <Latency = 0> <II = 1> <Delay = 1.54> <FuncUnit> <Opcode : 'add' 'sub'> <InPorts = 2> <OutPorts = 1>

State 8 <SV = 7> <Delay = 3.49>
ST_8 : Operation 164 [1/1] (0.00ns)   --->   "%sext_ln36_2 = sext i13 %add_ln36_2" [firmware/BDT.h:36->firmware/BDT.h:31->firmware/BDT.h:149->firmware/my_prj.cpp:10]   --->   Operation 164 'sext' 'sext_ln36_2' <Predicate = true> <Delay = 0.00>
ST_8 : Operation 165 [1/1] (0.00ns)   --->   "%sext_ln36_3 = sext i13 %add_ln36_3" [firmware/BDT.h:36->firmware/BDT.h:31->firmware/BDT.h:149->firmware/my_prj.cpp:10]   --->   Operation 165 'sext' 'sext_ln36_3' <Predicate = true> <Delay = 0.00>
ST_8 : Operation 166 [1/1] (0.00ns)   --->   "%sext_ln36_5 = sext i13 %add_ln36_5" [firmware/BDT.h:36->firmware/BDT.h:31->firmware/BDT.h:149->firmware/my_prj.cpp:10]   --->   Operation 166 'sext' 'sext_ln36_5' <Predicate = true> <Delay = 0.00>
ST_8 : Operation 167 [1/1] (1.67ns)   --->   "%add_ln36_6 = add i14 %sext_ln36_5, i14 %sext_ln36_3" [firmware/BDT.h:36->firmware/BDT.h:31->firmware/BDT.h:149->firmware/my_prj.cpp:10]   --->   Operation 167 'add' 'add_ln36_6' <Predicate = true> <Delay = 1.67> <CoreInst = "Adder">   --->   Core 1 'Adder' <Latency = 0> <II = 1> <Delay = 1.67> <FuncUnit> <Opcode : 'add' 'sub'> <InPorts = 2> <OutPorts = 1>
ST_8 : Operation 168 [1/1] (0.00ns)   --->   "%sext_ln36_6 = sext i14 %add_ln36_6" [firmware/BDT.h:36->firmware/BDT.h:31->firmware/BDT.h:149->firmware/my_prj.cpp:10]   --->   Operation 168 'sext' 'sext_ln36_6' <Predicate = true> <Delay = 0.00>
ST_8 : Operation 169 [1/1] (1.81ns)   --->   "%add_ln36_7 = add i15 %sext_ln36_6, i15 %sext_ln36_2" [firmware/BDT.h:36->firmware/BDT.h:31->firmware/BDT.h:149->firmware/my_prj.cpp:10]   --->   Operation 169 'add' 'add_ln36_7' <Predicate = true> <Delay = 1.81> <CoreInst = "Adder">   --->   Core 1 'Adder' <Latency = 0> <II = 1> <Delay = 1.81> <FuncUnit> <Opcode : 'add' 'sub'> <InPorts = 2> <OutPorts = 1>
ST_8 : Operation 170 [1/1] (0.00ns)   --->   "%sext_ln36_8 = sext i13 %add_ln36_8" [firmware/BDT.h:36->firmware/BDT.h:31->firmware/BDT.h:149->firmware/my_prj.cpp:10]   --->   Operation 170 'sext' 'sext_ln36_8' <Predicate = true> <Delay = 0.00>
ST_8 : Operation 171 [1/1] (0.00ns)   --->   "%sext_ln36_10 = sext i13 %add_ln36_10" [firmware/BDT.h:36->firmware/BDT.h:31->firmware/BDT.h:149->firmware/my_prj.cpp:10]   --->   Operation 171 'sext' 'sext_ln36_10' <Predicate = true> <Delay = 0.00>
ST_8 : Operation 172 [1/1] (1.67ns)   --->   "%add_ln36_11 = add i14 %sext_ln36_10, i14 %sext_ln36_8" [firmware/BDT.h:36->firmware/BDT.h:31->firmware/BDT.h:149->firmware/my_prj.cpp:10]   --->   Operation 172 'add' 'add_ln36_11' <Predicate = true> <Delay = 1.67> <CoreInst = "Adder">   --->   Core 1 'Adder' <Latency = 0> <II = 1> <Delay = 1.67> <FuncUnit> <Opcode : 'add' 'sub'> <InPorts = 2> <OutPorts = 1>
ST_8 : Operation 173 [1/1] (0.00ns)   --->   "%sext_ln36_11 = sext i14 %add_ln36_11" [firmware/BDT.h:36->firmware/BDT.h:31->firmware/BDT.h:149->firmware/my_prj.cpp:10]   --->   Operation 173 'sext' 'sext_ln36_11' <Predicate = true> <Delay = 0.00>
ST_8 : Operation 174 [1/1] (0.00ns)   --->   "%sext_ln36_12 = sext i12 %add_ln36_12" [firmware/BDT.h:36->firmware/BDT.h:31->firmware/BDT.h:149->firmware/my_prj.cpp:10]   --->   Operation 174 'sext' 'sext_ln36_12' <Predicate = true> <Delay = 0.00>
ST_8 : Operation 175 [1/1] (0.00ns)   --->   "%sext_ln36_14 = sext i13 %add_ln36_14" [firmware/BDT.h:36->firmware/BDT.h:31->firmware/BDT.h:149->firmware/my_prj.cpp:10]   --->   Operation 175 'sext' 'sext_ln36_14' <Predicate = true> <Delay = 0.00>
ST_8 : Operation 176 [1/1] (1.67ns)   --->   "%add_ln36_15 = add i14 %sext_ln36_14, i14 %sext_ln36_12" [firmware/BDT.h:36->firmware/BDT.h:31->firmware/BDT.h:149->firmware/my_prj.cpp:10]   --->   Operation 176 'add' 'add_ln36_15' <Predicate = true> <Delay = 1.67> <CoreInst = "Adder">   --->   Core 1 'Adder' <Latency = 0> <II = 1> <Delay = 1.67> <FuncUnit> <Opcode : 'add' 'sub'> <InPorts = 2> <OutPorts = 1>
ST_8 : Operation 177 [1/1] (0.00ns)   --->   "%sext_ln36_15 = sext i14 %add_ln36_15" [firmware/BDT.h:36->firmware/BDT.h:31->firmware/BDT.h:149->firmware/my_prj.cpp:10]   --->   Operation 177 'sext' 'sext_ln36_15' <Predicate = true> <Delay = 0.00>
ST_8 : Operation 178 [1/1] (1.81ns)   --->   "%add_ln36_16 = add i15 %sext_ln36_15, i15 %sext_ln36_11" [firmware/BDT.h:36->firmware/BDT.h:31->firmware/BDT.h:149->firmware/my_prj.cpp:10]   --->   Operation 178 'add' 'add_ln36_16' <Predicate = true> <Delay = 1.81> <CoreInst = "Adder">   --->   Core 1 'Adder' <Latency = 0> <II = 1> <Delay = 1.81> <FuncUnit> <Opcode : 'add' 'sub'> <InPorts = 2> <OutPorts = 1>

State 9 <SV = 8> <Delay = 1.94>
ST_9 : Operation 179 [1/1] (0.00ns)   --->   "%specpipeline_ln8 = specpipeline void @_ssdm_op_SpecPipeline, i32 4294967295, i32 0, i32 0, i32 0, void @empty_0" [firmware/my_prj.cpp:8]   --->   Operation 179 'specpipeline' 'specpipeline_ln8' <Predicate = true> <Delay = 0.00>
ST_9 : Operation 180 [1/1] (0.00ns)   --->   "%spectopmodule_ln5 = spectopmodule void @_ssdm_op_SpecTopModule, void @empty_1" [firmware/my_prj.cpp:5]   --->   Operation 180 'spectopmodule' 'spectopmodule_ln5' <Predicate = true> <Delay = 0.00>
ST_9 : Operation 181 [1/1] (0.00ns)   --->   "%specbitsmap_ln0 = specbitsmap void @_ssdm_op_SpecBitsMap, i18 %x_0"   --->   Operation 181 'specbitsmap' 'specbitsmap_ln0' <Predicate = true> <Delay = 0.00>
ST_9 : Operation 182 [1/1] (0.00ns)   --->   "%specinterface_ln0 = specinterface void @_ssdm_op_SpecInterface, i18 %x_0, void @empty, i32 0, i32 0, void @empty_0, i32 0, i32 0, void @empty_0, void @empty_0, void @empty_0, i32 0, i32 0, i32 0, i32 0, void @empty_0, void @empty_0, i32 4294967295, i32 0"   --->   Operation 182 'specinterface' 'specinterface_ln0' <Predicate = true> <Delay = 0.00>
ST_9 : Operation 183 [1/1] (0.00ns)   --->   "%specbitsmap_ln0 = specbitsmap void @_ssdm_op_SpecBitsMap, i18 %x_1"   --->   Operation 183 'specbitsmap' 'specbitsmap_ln0' <Predicate = true> <Delay = 0.00>
ST_9 : Operation 184 [1/1] (0.00ns)   --->   "%specinterface_ln0 = specinterface void @_ssdm_op_SpecInterface, i18 %x_1, void @empty, i32 0, i32 0, void @empty_0, i32 0, i32 0, void @empty_0, void @empty_0, void @empty_0, i32 0, i32 0, i32 0, i32 0, void @empty_0, void @empty_0, i32 4294967295, i32 0"   --->   Operation 184 'specinterface' 'specinterface_ln0' <Predicate = true> <Delay = 0.00>
ST_9 : Operation 185 [1/1] (0.00ns)   --->   "%specbitsmap_ln0 = specbitsmap void @_ssdm_op_SpecBitsMap, i18 %x_2"   --->   Operation 185 'specbitsmap' 'specbitsmap_ln0' <Predicate = true> <Delay = 0.00>
ST_9 : Operation 186 [1/1] (0.00ns)   --->   "%specinterface_ln0 = specinterface void @_ssdm_op_SpecInterface, i18 %x_2, void @empty, i32 0, i32 0, void @empty_0, i32 0, i32 0, void @empty_0, void @empty_0, void @empty_0, i32 0, i32 0, i32 0, i32 0, void @empty_0, void @empty_0, i32 4294967295, i32 0"   --->   Operation 186 'specinterface' 'specinterface_ln0' <Predicate = true> <Delay = 0.00>
ST_9 : Operation 187 [1/1] (0.00ns)   --->   "%specbitsmap_ln0 = specbitsmap void @_ssdm_op_SpecBitsMap, i18 %x_3"   --->   Operation 187 'specbitsmap' 'specbitsmap_ln0' <Predicate = true> <Delay = 0.00>
ST_9 : Operation 188 [1/1] (0.00ns)   --->   "%specinterface_ln0 = specinterface void @_ssdm_op_SpecInterface, i18 %x_3, void @empty, i32 0, i32 0, void @empty_0, i32 0, i32 0, void @empty_0, void @empty_0, void @empty_0, i32 0, i32 0, i32 0, i32 0, void @empty_0, void @empty_0, i32 4294967295, i32 0"   --->   Operation 188 'specinterface' 'specinterface_ln0' <Predicate = true> <Delay = 0.00>
ST_9 : Operation 189 [1/1] (0.00ns)   --->   "%specbitsmap_ln0 = specbitsmap void @_ssdm_op_SpecBitsMap, i18 %x_4"   --->   Operation 189 'specbitsmap' 'specbitsmap_ln0' <Predicate = true> <Delay = 0.00>
ST_9 : Operation 190 [1/1] (0.00ns)   --->   "%specinterface_ln0 = specinterface void @_ssdm_op_SpecInterface, i18 %x_4, void @empty, i32 0, i32 0, void @empty_0, i32 0, i32 0, void @empty_0, void @empty_0, void @empty_0, i32 0, i32 0, i32 0, i32 0, void @empty_0, void @empty_0, i32 4294967295, i32 0"   --->   Operation 190 'specinterface' 'specinterface_ln0' <Predicate = true> <Delay = 0.00>
ST_9 : Operation 191 [1/1] (0.00ns)   --->   "%specbitsmap_ln0 = specbitsmap void @_ssdm_op_SpecBitsMap, i18 %x_5"   --->   Operation 191 'specbitsmap' 'specbitsmap_ln0' <Predicate = true> <Delay = 0.00>
ST_9 : Operation 192 [1/1] (0.00ns)   --->   "%specinterface_ln0 = specinterface void @_ssdm_op_SpecInterface, i18 %x_5, void @empty, i32 0, i32 0, void @empty_0, i32 0, i32 0, void @empty_0, void @empty_0, void @empty_0, i32 0, i32 0, i32 0, i32 0, void @empty_0, void @empty_0, i32 4294967295, i32 0"   --->   Operation 192 'specinterface' 'specinterface_ln0' <Predicate = true> <Delay = 0.00>
ST_9 : Operation 193 [1/1] (0.00ns)   --->   "%specbitsmap_ln0 = specbitsmap void @_ssdm_op_SpecBitsMap, i18 %x_6"   --->   Operation 193 'specbitsmap' 'specbitsmap_ln0' <Predicate = true> <Delay = 0.00>
ST_9 : Operation 194 [1/1] (0.00ns)   --->   "%specinterface_ln0 = specinterface void @_ssdm_op_SpecInterface, i18 %x_6, void @empty, i32 0, i32 0, void @empty_0, i32 0, i32 0, void @empty_0, void @empty_0, void @empty_0, i32 0, i32 0, i32 0, i32 0, void @empty_0, void @empty_0, i32 4294967295, i32 0"   --->   Operation 194 'specinterface' 'specinterface_ln0' <Predicate = true> <Delay = 0.00>
ST_9 : Operation 195 [1/1] (0.00ns)   --->   "%specbitsmap_ln0 = specbitsmap void @_ssdm_op_SpecBitsMap, i18 %x_7"   --->   Operation 195 'specbitsmap' 'specbitsmap_ln0' <Predicate = true> <Delay = 0.00>
ST_9 : Operation 196 [1/1] (0.00ns)   --->   "%specinterface_ln0 = specinterface void @_ssdm_op_SpecInterface, i18 %x_7, void @empty, i32 0, i32 0, void @empty_0, i32 0, i32 0, void @empty_0, void @empty_0, void @empty_0, i32 0, i32 0, i32 0, i32 0, void @empty_0, void @empty_0, i32 4294967295, i32 0"   --->   Operation 196 'specinterface' 'specinterface_ln0' <Predicate = true> <Delay = 0.00>
ST_9 : Operation 197 [1/1] (0.00ns)   --->   "%specbitsmap_ln0 = specbitsmap void @_ssdm_op_SpecBitsMap, i18 %x_8"   --->   Operation 197 'specbitsmap' 'specbitsmap_ln0' <Predicate = true> <Delay = 0.00>
ST_9 : Operation 198 [1/1] (0.00ns)   --->   "%specinterface_ln0 = specinterface void @_ssdm_op_SpecInterface, i18 %x_8, void @empty, i32 0, i32 0, void @empty_0, i32 0, i32 0, void @empty_0, void @empty_0, void @empty_0, i32 0, i32 0, i32 0, i32 0, void @empty_0, void @empty_0, i32 4294967295, i32 0"   --->   Operation 198 'specinterface' 'specinterface_ln0' <Predicate = true> <Delay = 0.00>
ST_9 : Operation 199 [1/1] (0.00ns)   --->   "%specbitsmap_ln0 = specbitsmap void @_ssdm_op_SpecBitsMap, i18 %x_9"   --->   Operation 199 'specbitsmap' 'specbitsmap_ln0' <Predicate = true> <Delay = 0.00>
ST_9 : Operation 200 [1/1] (0.00ns)   --->   "%specinterface_ln0 = specinterface void @_ssdm_op_SpecInterface, i18 %x_9, void @empty, i32 0, i32 0, void @empty_0, i32 0, i32 0, void @empty_0, void @empty_0, void @empty_0, i32 0, i32 0, i32 0, i32 0, void @empty_0, void @empty_0, i32 4294967295, i32 0"   --->   Operation 200 'specinterface' 'specinterface_ln0' <Predicate = true> <Delay = 0.00>
ST_9 : Operation 201 [1/1] (0.00ns)   --->   "%specbitsmap_ln0 = specbitsmap void @_ssdm_op_SpecBitsMap, i18 %score_0"   --->   Operation 201 'specbitsmap' 'specbitsmap_ln0' <Predicate = true> <Delay = 0.00>
ST_9 : Operation 202 [1/1] (0.00ns)   --->   "%specinterface_ln0 = specinterface void @_ssdm_op_SpecInterface, i18 %score_0, void @empty, i32 0, i32 0, void @empty_0, i32 0, i32 0, void @empty_0, void @empty_0, void @empty_0, i32 0, i32 0, i32 0, i32 0, void @empty_0, void @empty_0, i32 4294967295, i32 0"   --->   Operation 202 'specinterface' 'specinterface_ln0' <Predicate = true> <Delay = 0.00>
ST_9 : Operation 203 [1/1] (0.00ns)   --->   "%specbitsmap_ln0 = specbitsmap void @_ssdm_op_SpecBitsMap, i18 %score_1"   --->   Operation 203 'specbitsmap' 'specbitsmap_ln0' <Predicate = true> <Delay = 0.00>
ST_9 : Operation 204 [1/1] (0.00ns)   --->   "%specinterface_ln0 = specinterface void @_ssdm_op_SpecInterface, i18 %score_1, void @empty, i32 0, i32 0, void @empty_0, i32 0, i32 0, void @empty_0, void @empty_0, void @empty_0, i32 0, i32 0, i32 0, i32 0, void @empty_0, void @empty_0, i32 4294967295, i32 0"   --->   Operation 204 'specinterface' 'specinterface_ln0' <Predicate = true> <Delay = 0.00>
ST_9 : Operation 205 [1/1] (0.00ns)   --->   "%sext_ln36_7 = sext i15 %add_ln36_7" [firmware/BDT.h:36->firmware/BDT.h:31->firmware/BDT.h:149->firmware/my_prj.cpp:10]   --->   Operation 205 'sext' 'sext_ln36_7' <Predicate = true> <Delay = 0.00>
ST_9 : Operation 206 [1/1] (0.00ns)   --->   "%sext_ln36_16 = sext i15 %add_ln36_16" [firmware/BDT.h:36->firmware/BDT.h:31->firmware/BDT.h:149->firmware/my_prj.cpp:10]   --->   Operation 206 'sext' 'sext_ln36_16' <Predicate = true> <Delay = 0.00>
ST_9 : Operation 207 [1/1] (1.94ns)   --->   "%add_ln36_17 = add i16 %sext_ln36_16, i16 %sext_ln36_7" [firmware/BDT.h:36->firmware/BDT.h:31->firmware/BDT.h:149->firmware/my_prj.cpp:10]   --->   Operation 207 'add' 'add_ln36_17' <Predicate = true> <Delay = 1.94> <CoreInst = "Adder">   --->   Core 1 'Adder' <Latency = 0> <II = 1> <Delay = 1.94> <FuncUnit> <Opcode : 'add' 'sub'> <InPorts = 2> <OutPorts = 1>
ST_9 : Operation 208 [1/1] (0.00ns)   --->   "%sext_ln153 = sext i16 %add_ln36_17" [firmware/BDT.h:153->firmware/my_prj.cpp:10]   --->   Operation 208 'sext' 'sext_ln153' <Predicate = true> <Delay = 0.00>
ST_9 : Operation 209 [1/1] (0.00ns)   --->   "%write_ln153 = write void @_ssdm_op_Write.ap_auto.i18P0A, i18 %score_0, i18 %sext_ln153" [firmware/BDT.h:153->firmware/my_prj.cpp:10]   --->   Operation 209 'write' 'write_ln153' <Predicate = true> <Delay = 0.00>
ST_9 : Operation 210 [1/1] (0.00ns)   --->   "%ret_ln11 = ret" [firmware/my_prj.cpp:11]   --->   Operation 210 'ret' 'ret_ln11' <Predicate = true> <Delay = 0.00>


============================================================
+ Verbose Summary: Timing violations
============================================================
Target clock period: 5.000ns, clock uncertainty: 1.350ns.

 <State 1>: 3.114ns
The critical path consists of the following:
	wire read operation ('x_0_read') on port 'x_0' [39]  (0.000 ns)
	'call' operation 11 bit ('scores', firmware/BDT.cpp:11->firmware/BDT.h:142->firmware/my_prj.cpp:10) to 'decision_function<ap_fixed<18, 8, 5, 3, 0>, ap_fixed<18, 8, 5, 3, 0> >.6' [55]  (3.114 ns)

 <State 2>: 3.580ns
The critical path consists of the following:
	'call' operation 11 bit ('scores', firmware/BDT.cpp:17->firmware/BDT.h:142->firmware/my_prj.cpp:10) to 'decision_function<ap_fixed<18, 8, 5, 3, 0>, ap_fixed<18, 8, 5, 3, 0> >' [67]  (3.580 ns)

 <State 3>: 3.580ns
The critical path consists of the following:
	'call' operation 11 bit ('scores', firmware/BDT.cpp:17->firmware/BDT.h:142->firmware/my_prj.cpp:10) to 'decision_function<ap_fixed<18, 8, 5, 3, 0>, ap_fixed<18, 8, 5, 3, 0> >' [67]  (3.580 ns)

 <State 4>: 3.580ns
The critical path consists of the following:
	'call' operation 11 bit ('scores', firmware/BDT.cpp:17->firmware/BDT.h:142->firmware/my_prj.cpp:10) to 'decision_function<ap_fixed<18, 8, 5, 3, 0>, ap_fixed<18, 8, 5, 3, 0> >' [67]  (3.580 ns)

 <State 5>: 3.580ns
The critical path consists of the following:
	'call' operation 11 bit ('scores', firmware/BDT.cpp:17->firmware/BDT.h:142->firmware/my_prj.cpp:10) to 'decision_function<ap_fixed<18, 8, 5, 3, 0>, ap_fixed<18, 8, 5, 3, 0> >' [67]  (3.580 ns)

 <State 6>: 3.611ns
The critical path consists of the following:
	'call' operation 12 bit ('scores', firmware/BDT.cpp:8->firmware/BDT.h:142->firmware/my_prj.cpp:10) to 'decision_function<ap_fixed<18, 8, 5, 3, 0>, ap_fixed<18, 8, 5, 3, 0> >.18' [49]  (2.064 ns)
	'add' operation 13 bit ('add_ln36_8', firmware/BDT.h:36->firmware/BDT.h:31->firmware/BDT.h:149->firmware/my_prj.cpp:10) [103]  (1.547 ns)

 <State 7>: 3.186ns
The critical path consists of the following:
	'add' operation 12 bit ('add_ln36_4', firmware/BDT.h:36->firmware/BDT.h:31->firmware/BDT.h:149->firmware/my_prj.cpp:10) [95]  (1.639 ns)
	'add' operation 13 bit ('add_ln36_5', firmware/BDT.h:36->firmware/BDT.h:31->firmware/BDT.h:149->firmware/my_prj.cpp:10) [97]  (1.547 ns)

 <State 8>: 3.491ns
The critical path consists of the following:
	'add' operation 14 bit ('add_ln36_6', firmware/BDT.h:36->firmware/BDT.h:31->firmware/BDT.h:149->firmware/my_prj.cpp:10) [99]  (1.679 ns)
	'add' operation 15 bit ('add_ln36_7', firmware/BDT.h:36->firmware/BDT.h:31->firmware/BDT.h:149->firmware/my_prj.cpp:10) [101]  (1.812 ns)

 <State 9>: 1.944ns
The critical path consists of the following:
	'add' operation 16 bit ('add_ln36_17', firmware/BDT.h:36->firmware/BDT.h:31->firmware/BDT.h:149->firmware/my_prj.cpp:10) [121]  (1.944 ns)


============================================================
+ Verbose Summary: Binding
============================================================
N/A
* FSMD analyzer results:
  - Output states:
 - Input state : 
  - Chain level:
	State 1
	State 2
	State 3
	State 4
	State 5
	State 6
	State 7
	State 8
	State 9


============================================================
+ Verbose Summary: Datapath Resource usage 
============================================================
N/A
