

================================================================
== Vitis HLS Report for 'decision_function_ap_fixed_18_8_5_3_0_ap_fixed_18_8_5_3_0_7'
================================================================
* Date:           Fri Sep 19 13:38:23 2025

* Version:        2023.2 (Build 4023990 on Oct 11 2023)
* Project:        my_prj
* Solution:       solution1 (Vivado IP Flow Target)
* Product family: zynq
* Target device:  xc7z020-clg400-1


================================================================
== Performance Estimates
================================================================
+ Timing: 
    * Summary: 
    +--------+---------+----------+------------+
    |  Clock |  Target | Estimated| Uncertainty|
    +--------+---------+----------+------------+
    |ap_clk  |  5.00 ns|  3.072 ns|     1.35 ns|
    +--------+---------+----------+------------+

+ Latency: 
    * Summary: 
    +---------+---------+-----------+-----------+-----+-----+---------+
    |  Latency (cycles) |   Latency (absolute)  |  Interval | Pipeline|
    |   min   |   max   |    min    |    max    | min | max |   Type  |
    +---------+---------+-----------+-----------+-----+-----+---------+
    |        4|        4|  20.000 ns|  20.000 ns|    1|    1|      yes|
    +---------+---------+-----------+-----------+-----+-----+---------+

    + Detail: 
        * Instance: 
        N/A

        * Loop: 
        N/A



================================================================
== Utilization Estimates
================================================================
* Summary: 
+-----------------+---------+-----+--------+-------+-----+
|       Name      | BRAM_18K| DSP |   FF   |  LUT  | URAM|
+-----------------+---------+-----+--------+-------+-----+
|DSP              |        -|    -|       -|      -|    -|
|Expression       |        -|    -|       0|    504|    -|
|FIFO             |        -|    -|       -|      -|    -|
|Instance         |        -|    -|       0|     65|    -|
|Memory           |        -|    -|       -|      -|    -|
|Multiplexer      |        -|    -|       -|     14|    -|
|Register         |        -|    -|     688|    256|    -|
+-----------------+---------+-----+--------+-------+-----+
|Total            |        0|    0|     688|    839|    0|
+-----------------+---------+-----+--------+-------+-----+
|Available        |      280|  220|  106400|  53200|    0|
+-----------------+---------+-----+--------+-------+-----+
|Utilization (%)  |        0|    0|      ~0|      1|    0|
+-----------------+---------+-----+--------+-------+-----+

+ Detail: 
    * Instance: 
    +---------------------------+-----------------------+---------+----+---+----+-----+
    |          Instance         |         Module        | BRAM_18K| DSP| FF| LUT| URAM|
    +---------------------------+-----------------------+---------+----+---+----+-----+
    |sparsemux_33_4_11_1_0_U20  |sparsemux_33_4_11_1_0  |        0|   0|  0|  65|    0|
    +---------------------------+-----------------------+---------+----+---+----+-----+
    |Total                      |                       |        0|   0|  0|  65|    0|
    +---------------------------+-----------------------+---------+----+---+----+-----+

    * DSP: 
    N/A

    * Memory: 
    N/A

    * FIFO: 
    N/A

    * Expression: 
    +---------------------------+----------+----+---+----+------------+------------+
    |       Variable Name       | Operation| DSP| FF| LUT| Bitwidth P0| Bitwidth P1|
    +---------------------------+----------+----+---+----+------------+------------+
    |and_ln105_21_fu_287_p2     |       and|   0|  0|   2|           1|           1|
    |and_ln105_22_fu_303_p2     |       and|   0|  0|   2|           1|           1|
    |and_ln105_23_fu_313_p2     |       and|   0|  0|   2|           1|           1|
    |and_ln105_24_fu_340_p2     |       and|   0|  0|   2|           1|           1|
    |and_ln105_25_fu_457_p2     |       and|   0|  0|   2|           1|           1|
    |and_ln105_26_fu_344_p2     |       and|   0|  0|   2|           1|           1|
    |and_ln105_27_fu_318_p2     |       and|   0|  0|   2|           1|           1|
    |and_ln105_28_fu_323_p2     |       and|   0|  0|   2|           1|           1|
    |and_ln105_29_fu_348_p2     |       and|   0|  0|   2|           1|           1|
    |and_ln105_30_fu_352_p2     |       and|   0|  0|   2|           1|           1|
    |and_ln105_31_fu_357_p2     |       and|   0|  0|   2|           1|           1|
    |and_ln105_32_fu_461_p2     |       and|   0|  0|   2|           1|           1|
    |and_ln105_33_fu_465_p2     |       and|   0|  0|   2|           1|           1|
    |and_ln105_34_fu_470_p2     |       and|   0|  0|   2|           1|           1|
    |and_ln105_35_fu_475_p2     |       and|   0|  0|   2|           1|           1|
    |and_ln105_36_fu_557_p2     |       and|   0|  0|   2|           1|           1|
    |and_ln105_37_fu_562_p2     |       and|   0|  0|   2|           1|           1|
    |and_ln105_fu_273_p2        |       and|   0|  0|   2|           1|           1|
    |and_ln107_2_fu_297_p2      |       and|   0|  0|   2|           1|           1|
    |and_ln107_fu_282_p2        |       and|   0|  0|   2|           1|           1|
    |icmp_ln4_18_fu_184_p2      |      icmp|   0|  0|  25|          18|          14|
    |icmp_ln4_19_fu_190_p2      |      icmp|   0|  0|  25|          18|          13|
    |icmp_ln4_20_fu_196_p2      |      icmp|   0|  0|  25|          18|          14|
    |icmp_ln4_21_fu_202_p2      |      icmp|   0|  0|  25|          18|          10|
    |icmp_ln4_22_fu_208_p2      |      icmp|   0|  0|  25|          18|          17|
    |icmp_ln4_23_fu_214_p2      |      icmp|   0|  0|  25|          18|          17|
    |icmp_ln4_24_fu_220_p2      |      icmp|   0|  0|  25|          18|          14|
    |icmp_ln4_25_fu_226_p2      |      icmp|   0|  0|  25|          18|          13|
    |icmp_ln4_26_fu_232_p2      |      icmp|   0|  0|  25|          18|          13|
    |icmp_ln4_27_fu_238_p2      |      icmp|   0|  0|  25|          18|          15|
    |icmp_ln4_28_fu_244_p2      |      icmp|   0|  0|  25|          18|          17|
    |icmp_ln4_29_fu_250_p2      |      icmp|   0|  0|  25|          18|          12|
    |icmp_ln4_30_fu_256_p2      |      icmp|   0|  0|  25|          18|          10|
    |icmp_ln4_31_fu_262_p2      |      icmp|   0|  0|  25|          18|          12|
    |icmp_ln4_fu_178_p2         |      icmp|   0|  0|  25|          18|          17|
    |or_ln120_15_fu_362_p2      |        or|   0|  0|   2|           1|           1|
    |or_ln120_16_fu_367_p2      |        or|   0|  0|   2|           1|           1|
    |or_ln120_17_fu_371_p2      |        or|   0|  0|   2|           1|           1|
    |or_ln120_18_fu_480_p2      |        or|   0|  0|   2|           1|           1|
    |or_ln120_19_fu_377_p2      |        or|   0|  0|   2|           1|           1|
    |or_ln120_20_fu_485_p2      |        or|   0|  0|   2|           1|           1|
    |or_ln120_21_fu_490_p2      |        or|   0|  0|   2|           1|           1|
    |or_ln120_22_fu_494_p2      |        or|   0|  0|   2|           1|           1|
    |or_ln120_23_fu_500_p2      |        or|   0|  0|   2|           1|           1|
    |or_ln120_24_fu_567_p2      |        or|   0|  0|   2|           1|           1|
    |or_ln120_fu_329_p2         |        or|   0|  0|   2|           1|           1|
    |agg_result_fu_579_p34      |    select|   0|  0|   4|           1|           4|
    |select_ln120_16_fu_399_p3  |    select|   0|  0|   2|           1|           2|
    |select_ln120_17_fu_410_p3  |    select|   0|  0|   4|           1|           3|
    |select_ln120_18_fu_417_p3  |    select|   0|  0|   3|           1|           3|
    |select_ln120_19_fu_425_p3  |    select|   0|  0|   3|           1|           3|
    |select_ln120_20_fu_433_p3  |    select|   0|  0|   3|           1|           3|
    |select_ln120_21_fu_445_p3  |    select|   0|  0|   5|           1|           4|
    |select_ln120_22_fu_506_p3  |    select|   0|  0|   4|           1|           4|
    |select_ln120_23_fu_513_p3  |    select|   0|  0|   4|           1|           4|
    |select_ln120_24_fu_520_p3  |    select|   0|  0|   4|           1|           4|
    |select_ln120_25_fu_528_p3  |    select|   0|  0|   4|           1|           4|
    |select_ln120_26_fu_536_p3  |    select|   0|  0|   4|           1|           4|
    |select_ln120_27_fu_544_p3  |    select|   0|  0|   4|           1|           4|
    |select_ln120_fu_392_p3     |    select|   0|  0|   3|           1|           2|
    |xor_ln107_10_fu_292_p2     |       xor|   0|  0|   2|           1|           2|
    |xor_ln107_11_fu_308_p2     |       xor|   0|  0|   2|           1|           2|
    |xor_ln107_12_fu_335_p2     |       xor|   0|  0|   2|           1|           2|
    |xor_ln107_13_fu_452_p2     |       xor|   0|  0|   2|           1|           2|
    |xor_ln107_14_fu_552_p2     |       xor|   0|  0|   2|           1|           2|
    |xor_ln107_9_fu_277_p2      |       xor|   0|  0|   2|           1|           2|
    |xor_ln107_fu_268_p2        |       xor|   0|  0|   2|           1|           2|
    |xor_ln120_fu_382_p2        |       xor|   0|  0|   2|           2|           1|
    +---------------------------+----------+----+---+----+------------+------------+
    |Total                      |          |   0|  0| 504|         324|         302|
    +---------------------------+----------+----+---+----+------------+------------+

    * Multiplexer: 
    +-----------+----+-----------+-----+-----------+
    |    Name   | LUT| Input Size| Bits| Total Bits|
    +-----------+----+-----------+-----+-----------+
    |ap_return  |  14|          3|   11|         33|
    +-----------+----+-----------+-----+-----------+
    |Total      |  14|          3|   11|         33|
    +-----------+----+-----------+-----+-----------+

    * Register: 
    +------------------------------------+----+----+-----+-----------+
    |                Name                | FF | LUT| Bits| Const Bits|
    +------------------------------------+----+----+-----+-----------+
    |and_ln105_21_reg_750                |   1|   0|    1|          0|
    |and_ln105_21_reg_750_pp0_iter2_reg  |   1|   0|    1|          0|
    |and_ln105_22_reg_763                |   1|   0|    1|          0|
    |and_ln105_23_reg_769                |   1|   0|    1|          0|
    |and_ln105_24_reg_780                |   1|   0|    1|          0|
    |and_ln105_reg_738                   |   1|   0|    1|          0|
    |and_ln107_2_reg_757                 |   1|   0|    1|          0|
    |and_ln107_reg_745                   |   1|   0|    1|          0|
    |ap_ce_reg                           |   1|   0|    1|          0|
    |ap_return_int_reg                   |  11|   0|   11|          0|
    |icmp_ln4_18_reg_662                 |   1|   0|    1|          0|
    |icmp_ln4_19_reg_668                 |   1|   0|    1|          0|
    |icmp_ln4_20_reg_674                 |   1|   0|    1|          0|
    |icmp_ln4_21_reg_680                 |   1|   0|    1|          0|
    |icmp_ln4_21_reg_680_pp0_iter1_reg   |   1|   0|    1|          0|
    |icmp_ln4_22_reg_686                 |   1|   0|    1|          0|
    |icmp_ln4_23_reg_692                 |   1|   0|    1|          0|
    |icmp_ln4_24_reg_698                 |   1|   0|    1|          0|
    |icmp_ln4_24_reg_698_pp0_iter1_reg   |   1|   0|    1|          0|
    |icmp_ln4_25_reg_703                 |   1|   0|    1|          0|
    |icmp_ln4_26_reg_708                 |   1|   0|    1|          0|
    |icmp_ln4_26_reg_708_pp0_iter1_reg   |   1|   0|    1|          0|
    |icmp_ln4_27_reg_713                 |   1|   0|    1|          0|
    |icmp_ln4_27_reg_713_pp0_iter1_reg   |   1|   0|    1|          0|
    |icmp_ln4_28_reg_718                 |   1|   0|    1|          0|
    |icmp_ln4_29_reg_723                 |   1|   0|    1|          0|
    |icmp_ln4_30_reg_728                 |   1|   0|    1|          0|
    |icmp_ln4_31_reg_733                 |   1|   0|    1|          0|
    |icmp_ln4_reg_651                    |   1|   0|    1|          0|
    |or_ln120_19_reg_785                 |   1|   0|    1|          0|
    |or_ln120_23_reg_796                 |   1|   0|    1|          0|
    |or_ln120_reg_775                    |   1|   0|    1|          0|
    |select_ln120_21_reg_791             |   4|   0|    4|          0|
    |select_ln120_27_reg_801             |   4|   0|    4|          0|
    |x_0_val_int_reg                     |  18|   0|   18|          0|
    |x_1_val_int_reg                     |  18|   0|   18|          0|
    |x_2_val_int_reg                     |  18|   0|   18|          0|
    |x_3_val_int_reg                     |  18|   0|   18|          0|
    |x_4_val_int_reg                     |  18|   0|   18|          0|
    |x_5_val_int_reg                     |  18|   0|   18|          0|
    |x_6_val_int_reg                     |  18|   0|   18|          0|
    |and_ln107_2_reg_757                 |  64|  32|    1|          0|
    |icmp_ln4_22_reg_686                 |  64|  32|    1|          0|
    |icmp_ln4_23_reg_692                 |  64|  32|    1|          0|
    |icmp_ln4_28_reg_718                 |  64|  32|    1|          0|
    |icmp_ln4_29_reg_723                 |  64|  32|    1|          0|
    |icmp_ln4_30_reg_728                 |  64|  32|    1|          0|
    |icmp_ln4_31_reg_733                 |  64|  32|    1|          0|
    |icmp_ln4_reg_651                    |  64|  32|    1|          0|
    +------------------------------------+----+----+-----+-----------+
    |Total                               | 688| 256|  184|          0|
    +------------------------------------+----+----+-----+-----------+



================================================================
== Interface
================================================================
* Summary: 
+-----------+-----+-----+------------+--------------------------------------------------------------------------+--------------+
| RTL Ports | Dir | Bits|  Protocol  |                               Source Object                              |    C Type    |
+-----------+-----+-----+------------+--------------------------------------------------------------------------+--------------+
|ap_clk     |   in|    1|  ap_ctrl_hs|  decision_function<ap_fixed<18, 8, 5, 3, 0>, ap_fixed<18, 8, 5, 3, 0> >.7|  return value|
|ap_rst     |   in|    1|  ap_ctrl_hs|  decision_function<ap_fixed<18, 8, 5, 3, 0>, ap_fixed<18, 8, 5, 3, 0> >.7|  return value|
|ap_return  |  out|   11|  ap_ctrl_hs|  decision_function<ap_fixed<18, 8, 5, 3, 0>, ap_fixed<18, 8, 5, 3, 0> >.7|  return value|
|ap_ce      |   in|    1|  ap_ctrl_hs|  decision_function<ap_fixed<18, 8, 5, 3, 0>, ap_fixed<18, 8, 5, 3, 0> >.7|  return value|
|x_0_val    |   in|   18|     ap_none|                                                                   x_0_val|        scalar|
|x_1_val    |   in|   18|     ap_none|                                                                   x_1_val|        scalar|
|x_2_val    |   in|   18|     ap_none|                                                                   x_2_val|        scalar|
|x_3_val    |   in|   18|     ap_none|                                                                   x_3_val|        scalar|
|x_4_val    |   in|   18|     ap_none|                                                                   x_4_val|        scalar|
|x_5_val    |   in|   18|     ap_none|                                                                   x_5_val|        scalar|
|x_6_val    |   in|   18|     ap_none|                                                                   x_6_val|        scalar|
+-----------+-----+-----+------------+--------------------------------------------------------------------------+--------------+

