

================================================================
== Vitis HLS Report for 'decision_function_ap_fixed_18_8_5_3_0_ap_fixed_18_8_5_3_0_1'
================================================================
* Date:           Fri Sep 19 13:38:24 2025

* Version:        2023.2 (Build 4023990 on Oct 11 2023)
* Project:        my_prj
* Solution:       solution1 (Vivado IP Flow Target)
* Product family: zynq
* Target device:  xc7z020-clg400-1


================================================================
== Performance Estimates
================================================================
+ Timing: 
    * Summary: 
    +--------+---------+----------+------------+
    |  Clock |  Target | Estimated| Uncertainty|
    +--------+---------+----------+------------+
    |ap_clk  |  5.00 ns|  3.072 ns|     1.35 ns|
    +--------+---------+----------+------------+

+ Latency: 
    * Summary: 
    +---------+---------+-----------+-----------+-----+-----+---------+
    |  Latency (cycles) |   Latency (absolute)  |  Interval | Pipeline|
    |   min   |   max   |    min    |    max    | min | max |   Type  |
    +---------+---------+-----------+-----------+-----+-----+---------+
    |        4|        4|  20.000 ns|  20.000 ns|    1|    1|      yes|
    +---------+---------+-----------+-----------+-----+-----+---------+

    + Detail: 
        * Instance: 
        N/A

        * Loop: 
        N/A



================================================================
== Utilization Estimates
================================================================
* Summary: 
+-----------------+---------+-----+--------+-------+-----+
|       Name      | BRAM_18K| DSP |   FF   |  LUT  | URAM|
+-----------------+---------+-----+--------+-------+-----+
|DSP              |        -|    -|       -|      -|    -|
|Expression       |        -|    -|       0|    475|    -|
|FIFO             |        -|    -|       -|      -|    -|
|Instance         |        -|    -|       0|     65|    -|
|Memory           |        -|    -|       -|      -|    -|
|Multiplexer      |        -|    -|       -|     14|    -|
|Register         |        -|    -|     705|    256|    -|
+-----------------+---------+-----+--------+-------+-----+
|Total            |        0|    0|     705|    810|    0|
+-----------------+---------+-----+--------+-------+-----+
|Available        |      280|  220|  106400|  53200|    0|
+-----------------+---------+-----+--------+-------+-----+
|Utilization (%)  |        0|    0|      ~0|      1|    0|
+-----------------+---------+-----+--------+-------+-----+

+ Detail: 
    * Instance: 
    +-----------------------------+-------------------------+---------+----+---+----+-----+
    |           Instance          |          Module         | BRAM_18K| DSP| FF| LUT| URAM|
    +-----------------------------+-------------------------+---------+----+---+----+-----+
    |sparsemux_31_4_11_1_0_x_U73  |sparsemux_31_4_11_1_0_x  |        0|   0|  0|  65|    0|
    +-----------------------------+-------------------------+---------+----+---+----+-----+
    |Total                        |                         |        0|   0|  0|  65|    0|
    +-----------------------------+-------------------------+---------+----+---+----+-----+

    * DSP: 
    N/A

    * Memory: 
    N/A

    * FIFO: 
    N/A

    * Expression: 
    +---------------------------+----------+----+---+----+------------+------------+
    |       Variable Name       | Operation| DSP| FF| LUT| Bitwidth P0| Bitwidth P1|
    +---------------------------+----------+----+---+----+------------+------------+
    |and_ln105_10_fu_283_p2     |       and|   0|  0|   2|           1|           1|
    |and_ln105_11_fu_299_p2     |       and|   0|  0|   2|           1|           1|
    |and_ln105_12_fu_304_p2     |       and|   0|  0|   2|           1|           1|
    |and_ln105_13_fu_325_p2     |       and|   0|  0|   2|           1|           1|
    |and_ln105_14_fu_442_p2     |       and|   0|  0|   2|           1|           1|
    |and_ln105_15_fu_329_p2     |       and|   0|  0|   2|           1|           1|
    |and_ln105_16_fu_338_p2     |       and|   0|  0|   2|           1|           1|
    |and_ln105_17_fu_348_p2     |       and|   0|  0|   2|           1|           1|
    |and_ln105_18_fu_446_p2     |       and|   0|  0|   2|           1|           1|
    |and_ln105_19_fu_455_p2     |       and|   0|  0|   2|           1|           1|
    |and_ln105_20_fu_460_p2     |       and|   0|  0|   2|           1|           1|
    |and_ln105_21_fu_551_p2     |       and|   0|  0|   2|           1|           1|
    |and_ln105_22_fu_333_p2     |       and|   0|  0|   2|           1|           1|
    |and_ln105_23_fu_343_p2     |       and|   0|  0|   2|           1|           1|
    |and_ln105_24_fu_450_p2     |       and|   0|  0|   2|           1|           1|
    |and_ln105_25_fu_546_p2     |       and|   0|  0|   2|           1|           1|
    |and_ln105_fu_269_p2        |       and|   0|  0|   2|           1|           1|
    |and_ln107_2_fu_293_p2      |       and|   0|  0|   2|           1|           1|
    |and_ln107_fu_278_p2        |       and|   0|  0|   2|           1|           1|
    |icmp_ln4_12_fu_186_p2      |      icmp|   0|  0|  25|          18|          12|
    |icmp_ln4_13_fu_192_p2      |      icmp|   0|  0|  25|          18|          12|
    |icmp_ln4_14_fu_198_p2      |      icmp|   0|  0|  25|          18|          13|
    |icmp_ln4_15_fu_204_p2      |      icmp|   0|  0|  25|          18|          13|
    |icmp_ln4_16_fu_210_p2      |      icmp|   0|  0|  25|          18|          12|
    |icmp_ln4_17_fu_216_p2      |      icmp|   0|  0|  25|          18|          11|
    |icmp_ln4_18_fu_222_p2      |      icmp|   0|  0|  25|          18|          12|
    |icmp_ln4_19_fu_228_p2      |      icmp|   0|  0|  25|          18|          11|
    |icmp_ln4_20_fu_234_p2      |      icmp|   0|  0|  25|          18|           9|
    |icmp_ln4_21_fu_240_p2      |      icmp|   0|  0|  25|          18|          17|
    |icmp_ln4_22_fu_246_p2      |      icmp|   0|  0|  25|          18|          13|
    |icmp_ln4_23_fu_252_p2      |      icmp|   0|  0|  25|          18|           9|
    |icmp_ln4_24_fu_258_p2      |      icmp|   0|  0|  25|          18|          16|
    |icmp_ln4_fu_180_p2         |      icmp|   0|  0|  25|          18|          14|
    |or_ln120_12_fu_309_p2      |        or|   0|  0|   2|           1|           1|
    |or_ln120_13_fu_358_p2      |        or|   0|  0|   2|           1|           1|
    |or_ln120_14_fu_363_p2      |        or|   0|  0|   2|           1|           1|
    |or_ln120_15_fu_367_p2      |        or|   0|  0|   2|           1|           1|
    |or_ln120_16_fu_465_p2      |        or|   0|  0|   2|           1|           1|
    |or_ln120_17_fu_373_p2      |        or|   0|  0|   2|           1|           1|
    |or_ln120_18_fu_470_p2      |        or|   0|  0|   2|           1|           1|
    |or_ln120_19_fu_475_p2      |        or|   0|  0|   2|           1|           1|
    |or_ln120_20_fu_479_p2      |        or|   0|  0|   2|           1|           1|
    |or_ln120_21_fu_485_p2      |        or|   0|  0|   2|           1|           1|
    |or_ln120_22_fu_556_p2      |        or|   0|  0|   2|           1|           1|
    |or_ln120_fu_353_p2         |        or|   0|  0|   2|           1|           1|
    |agg_result_fu_568_p32      |    select|   0|  0|   4|           1|           4|
    |select_ln120_12_fu_395_p3  |    select|   0|  0|   2|           1|           2|
    |select_ln120_13_fu_406_p3  |    select|   0|  0|   4|           1|           3|
    |select_ln120_14_fu_414_p3  |    select|   0|  0|   3|           1|           3|
    |select_ln120_15_fu_422_p3  |    select|   0|  0|   3|           1|           3|
    |select_ln120_16_fu_430_p3  |    select|   0|  0|   3|           1|           3|
    |select_ln120_17_fu_494_p3  |    select|   0|  0|   5|           1|           4|
    |select_ln120_18_fu_502_p3  |    select|   0|  0|   4|           1|           4|
    |select_ln120_19_fu_509_p3  |    select|   0|  0|   4|           1|           4|
    |select_ln120_20_fu_517_p3  |    select|   0|  0|   4|           1|           4|
    |select_ln120_21_fu_525_p3  |    select|   0|  0|   4|           1|           4|
    |select_ln120_22_fu_533_p3  |    select|   0|  0|   4|           1|           4|
    |select_ln120_fu_387_p3     |    select|   0|  0|   3|           1|           2|
    |xor_ln107_10_fu_437_p2     |       xor|   0|  0|   2|           1|           2|
    |xor_ln107_11_fu_541_p2     |       xor|   0|  0|   2|           1|           2|
    |xor_ln107_6_fu_273_p2      |       xor|   0|  0|   2|           1|           2|
    |xor_ln107_7_fu_288_p2      |       xor|   0|  0|   2|           1|           2|
    |xor_ln107_8_fu_315_p2      |       xor|   0|  0|   2|           1|           2|
    |xor_ln107_9_fu_320_p2      |       xor|   0|  0|   2|           1|           2|
    |xor_ln107_fu_264_p2        |       xor|   0|  0|   2|           1|           2|
    |xor_ln120_fu_378_p2        |       xor|   0|  0|   2|           2|           1|
    +---------------------------+----------+----+---+----+------------+------------+
    |Total                      |          |   0|  0| 475|         305|         264|
    +---------------------------+----------+----+---+----+------------+------------+

    * Multiplexer: 
    +-----------+----+-----------+-----+-----------+
    |    Name   | LUT| Input Size| Bits| Total Bits|
    +-----------+----+-----------+-----+-----------+
    |ap_return  |  14|          3|   11|         33|
    +-----------+----+-----------+-----+-----------+
    |Total      |  14|          3|   11|         33|
    +-----------+----+-----------+-----+-----------+

    * Register: 
    +------------------------------------+----+----+-----+-----------+
    |                Name                | FF | LUT| Bits| Const Bits|
    +------------------------------------+----+----+-----+-----------+
    |and_ln105_10_reg_729                |   1|   0|    1|          0|
    |and_ln105_10_reg_729_pp0_iter2_reg  |   1|   0|    1|          0|
    |and_ln105_11_reg_742                |   1|   0|    1|          0|
    |and_ln105_12_reg_747                |   1|   0|    1|          0|
    |and_ln105_13_reg_760                |   1|   0|    1|          0|
    |and_ln105_reg_718                   |   1|   0|    1|          0|
    |and_ln107_2_reg_736                 |   1|   0|    1|          0|
    |and_ln107_reg_724                   |   1|   0|    1|          0|
    |ap_ce_reg                           |   1|   0|    1|          0|
    |ap_return_int_reg                   |  11|   0|   11|          0|
    |icmp_ln4_12_reg_647                 |   1|   0|    1|          0|
    |icmp_ln4_13_reg_653                 |   1|   0|    1|          0|
    |icmp_ln4_14_reg_659                 |   1|   0|    1|          0|
    |icmp_ln4_14_reg_659_pp0_iter1_reg   |   1|   0|    1|          0|
    |icmp_ln4_15_reg_665                 |   1|   0|    1|          0|
    |icmp_ln4_15_reg_665_pp0_iter1_reg   |   1|   0|    1|          0|
    |icmp_ln4_16_reg_671                 |   1|   0|    1|          0|
    |icmp_ln4_17_reg_677                 |   1|   0|    1|          0|
    |icmp_ln4_18_reg_683                 |   1|   0|    1|          0|
    |icmp_ln4_18_reg_683_pp0_iter1_reg   |   1|   0|    1|          0|
    |icmp_ln4_19_reg_688                 |   1|   0|    1|          0|
    |icmp_ln4_19_reg_688_pp0_iter1_reg   |   1|   0|    1|          0|
    |icmp_ln4_20_reg_693                 |   1|   0|    1|          0|
    |icmp_ln4_20_reg_693_pp0_iter1_reg   |   1|   0|    1|          0|
    |icmp_ln4_21_reg_698                 |   1|   0|    1|          0|
    |icmp_ln4_22_reg_703                 |   1|   0|    1|          0|
    |icmp_ln4_23_reg_708                 |   1|   0|    1|          0|
    |icmp_ln4_24_reg_713                 |   1|   0|    1|          0|
    |icmp_ln4_reg_636                    |   1|   0|    1|          0|
    |or_ln120_12_reg_754                 |   1|   0|    1|          0|
    |or_ln120_17_reg_765                 |   1|   0|    1|          0|
    |or_ln120_21_reg_776                 |   1|   0|    1|          0|
    |select_ln120_16_reg_771             |   3|   0|    3|          0|
    |select_ln120_22_reg_781             |   4|   0|    4|          0|
    |x_0_val_int_reg                     |  18|   0|   18|          0|
    |x_1_val_int_reg                     |  18|   0|   18|          0|
    |x_2_val_int_reg                     |  18|   0|   18|          0|
    |x_3_val_int_reg                     |  18|   0|   18|          0|
    |x_4_val_int_reg                     |  18|   0|   18|          0|
    |x_6_val_int_reg                     |  18|   0|   18|          0|
    |x_7_val_int_reg                     |  18|   0|   18|          0|
    |x_8_val_int_reg                     |  18|   0|   18|          0|
    |and_ln107_2_reg_736                 |  64|  32|    1|          0|
    |icmp_ln4_16_reg_671                 |  64|  32|    1|          0|
    |icmp_ln4_17_reg_677                 |  64|  32|    1|          0|
    |icmp_ln4_21_reg_698                 |  64|  32|    1|          0|
    |icmp_ln4_22_reg_703                 |  64|  32|    1|          0|
    |icmp_ln4_23_reg_708                 |  64|  32|    1|          0|
    |icmp_ln4_24_reg_713                 |  64|  32|    1|          0|
    |icmp_ln4_reg_636                    |  64|  32|    1|          0|
    +------------------------------------+----+----+-----+-----------+
    |Total                               | 705| 256|  201|          0|
    +------------------------------------+----+----+-----+-----------+



================================================================
== Interface
================================================================
* Summary: 
+-----------+-----+-----+------------+--------------------------------------------------------------------------+--------------+
| RTL Ports | Dir | Bits|  Protocol  |                               Source Object                              |    C Type    |
+-----------+-----+-----+------------+--------------------------------------------------------------------------+--------------+
|ap_clk     |   in|    1|  ap_ctrl_hs|  decision_function<ap_fixed<18, 8, 5, 3, 0>, ap_fixed<18, 8, 5, 3, 0> >.1|  return value|
|ap_rst     |   in|    1|  ap_ctrl_hs|  decision_function<ap_fixed<18, 8, 5, 3, 0>, ap_fixed<18, 8, 5, 3, 0> >.1|  return value|
|ap_return  |  out|   11|  ap_ctrl_hs|  decision_function<ap_fixed<18, 8, 5, 3, 0>, ap_fixed<18, 8, 5, 3, 0> >.1|  return value|
|ap_ce      |   in|    1|  ap_ctrl_hs|  decision_function<ap_fixed<18, 8, 5, 3, 0>, ap_fixed<18, 8, 5, 3, 0> >.1|  return value|
|x_0_val    |   in|   18|     ap_none|                                                                   x_0_val|        scalar|
|x_1_val    |   in|   18|     ap_none|                                                                   x_1_val|        scalar|
|x_2_val    |   in|   18|     ap_none|                                                                   x_2_val|        scalar|
|x_3_val    |   in|   18|     ap_none|                                                                   x_3_val|        scalar|
|x_4_val    |   in|   18|     ap_none|                                                                   x_4_val|        scalar|
|x_6_val    |   in|   18|     ap_none|                                                                   x_6_val|        scalar|
|x_7_val    |   in|   18|     ap_none|                                                                   x_7_val|        scalar|
|x_8_val    |   in|   18|     ap_none|                                                                   x_8_val|        scalar|
+-----------+-----+-----+------------+--------------------------------------------------------------------------+--------------+

