

================================================================
== Vitis HLS Report for 'decision_function_ap_fixed_18_8_5_3_0_ap_fixed_18_8_5_3_0_14'
================================================================
* Date:           Fri Sep 19 13:38:24 2025

* Version:        2023.2 (Build 4023990 on Oct 11 2023)
* Project:        my_prj
* Solution:       solution1 (Vivado IP Flow Target)
* Product family: zynq
* Target device:  xc7z020-clg400-1


================================================================
== Performance Estimates
================================================================
+ Timing: 
    * Summary: 
    +--------+---------+----------+------------+
    |  Clock |  Target | Estimated| Uncertainty|
    +--------+---------+----------+------------+
    |ap_clk  |  5.00 ns|  3.072 ns|     1.35 ns|
    +--------+---------+----------+------------+

+ Latency: 
    * Summary: 
    +---------+---------+-----------+-----------+-----+-----+---------+
    |  Latency (cycles) |   Latency (absolute)  |  Interval | Pipeline|
    |   min   |   max   |    min    |    max    | min | max |   Type  |
    +---------+---------+-----------+-----------+-----+-----+---------+
    |        4|        4|  20.000 ns|  20.000 ns|    1|    1|      yes|
    +---------+---------+-----------+-----------+-----+-----+---------+

    + Detail: 
        * Instance: 
        N/A

        * Loop: 
        N/A



================================================================
== Utilization Estimates
================================================================
* Summary: 
+-----------------+---------+-----+--------+-------+-----+
|       Name      | BRAM_18K| DSP |   FF   |  LUT  | URAM|
+-----------------+---------+-----+--------+-------+-----+
|DSP              |        -|    -|       -|      -|    -|
|Expression       |        -|    -|       0|    457|    -|
|FIFO             |        -|    -|       -|      -|    -|
|Instance         |        -|    -|       0|     65|    -|
|Memory           |        -|    -|       -|      -|    -|
|Multiplexer      |        -|    -|       -|     14|    -|
|Register         |        -|    -|     558|    192|    -|
+-----------------+---------+-----+--------+-------+-----+
|Total            |        0|    0|     558|    728|    0|
+-----------------+---------+-----+--------+-------+-----+
|Available        |      280|  220|  106400|  53200|    0|
+-----------------+---------+-----+--------+-------+-----+
|Utilization (%)  |        0|    0|      ~0|      1|    0|
+-----------------+---------+-----+--------+-------+-----+

+ Detail: 
    * Instance: 
    +----------------------------+-----------------------+---------+----+---+----+-----+
    |          Instance          |         Module        | BRAM_18K| DSP| FF| LUT| URAM|
    +----------------------------+-----------------------+---------+----+---+----+-----+
    |sparsemux_29_4_11_1_0_U112  |sparsemux_29_4_11_1_0  |        0|   0|  0|  65|    0|
    +----------------------------+-----------------------+---------+----+---+----+-----+
    |Total                       |                       |        0|   0|  0|  65|    0|
    +----------------------------+-----------------------+---------+----+---+----+-----+

    * DSP: 
    N/A

    * Memory: 
    N/A

    * FIFO: 
    N/A

    * Expression: 
    +----------------------------+----------+----+---+----+------------+------------+
    |        Variable Name       | Operation| DSP| FF| LUT| Bitwidth P0| Bitwidth P1|
    +----------------------------+----------+----+---+----+------------+------------+
    |and_ln105_130_fu_263_p2     |       and|   0|  0|   2|           1|           1|
    |and_ln105_131_fu_279_p2     |       and|   0|  0|   2|           1|           1|
    |and_ln105_132_fu_284_p2     |       and|   0|  0|   2|           1|           1|
    |and_ln105_133_fu_327_p2     |       and|   0|  0|   2|           1|           1|
    |and_ln105_134_fu_300_p2     |       and|   0|  0|   2|           1|           1|
    |and_ln105_135_fu_331_p2     |       and|   0|  0|   2|           1|           1|
    |and_ln105_136_fu_335_p2     |       and|   0|  0|   2|           1|           1|
    |and_ln105_137_fu_340_p2     |       and|   0|  0|   2|           1|           1|
    |and_ln105_138_fu_426_p2     |       and|   0|  0|   2|           1|           1|
    |and_ln105_139_fu_430_p2     |       and|   0|  0|   2|           1|           1|
    |and_ln105_140_fu_434_p2     |       and|   0|  0|   2|           1|           1|
    |and_ln105_141_fu_439_p2     |       and|   0|  0|   2|           1|           1|
    |and_ln105_142_fu_518_p2     |       and|   0|  0|   2|           1|           1|
    |and_ln105_fu_249_p2         |       and|   0|  0|   2|           1|           1|
    |and_ln107_12_fu_273_p2      |       and|   0|  0|   2|           1|           1|
    |and_ln107_13_fu_294_p2      |       and|   0|  0|   2|           1|           1|
    |and_ln107_14_fu_310_p2      |       and|   0|  0|   2|           1|           1|
    |and_ln107_fu_258_p2         |       and|   0|  0|   2|           1|           1|
    |icmp_ln4_118_fu_172_p2      |      icmp|   0|  0|  25|          18|          12|
    |icmp_ln4_119_fu_178_p2      |      icmp|   0|  0|  25|          18|          11|
    |icmp_ln4_120_fu_184_p2      |      icmp|   0|  0|  25|          18|          13|
    |icmp_ln4_121_fu_190_p2      |      icmp|   0|  0|  25|          18|          11|
    |icmp_ln4_122_fu_196_p2      |      icmp|   0|  0|  25|          18|          12|
    |icmp_ln4_123_fu_202_p2      |      icmp|   0|  0|  25|          18|           6|
    |icmp_ln4_124_fu_208_p2      |      icmp|   0|  0|  25|          18|          13|
    |icmp_ln4_125_fu_214_p2      |      icmp|   0|  0|  25|          18|          12|
    |icmp_ln4_126_fu_220_p2      |      icmp|   0|  0|  25|          18|          13|
    |icmp_ln4_127_fu_226_p2      |      icmp|   0|  0|  25|          18|          15|
    |icmp_ln4_128_fu_232_p2      |      icmp|   0|  0|  25|          18|          11|
    |icmp_ln4_129_fu_238_p2      |      icmp|   0|  0|  25|          18|          16|
    |icmp_ln4_fu_166_p2          |      icmp|   0|  0|  25|          18|          14|
    |or_ln120_100_fu_449_p2      |        or|   0|  0|   2|           1|           1|
    |or_ln120_101_fu_454_p2      |        or|   0|  0|   2|           1|           1|
    |or_ln120_102_fu_458_p2      |        or|   0|  0|   2|           1|           1|
    |or_ln120_103_fu_464_p2      |        or|   0|  0|   2|           1|           1|
    |or_ln120_104_fu_522_p2      |        or|   0|  0|   2|           1|           1|
    |or_ln120_105_fu_527_p2      |        or|   0|  0|   2|           1|           1|
    |or_ln120_94_fu_345_p2       |        or|   0|  0|   2|           1|           1|
    |or_ln120_95_fu_350_p2       |        or|   0|  0|   2|           1|           1|
    |or_ln120_96_fu_354_p2       |        or|   0|  0|   2|           1|           1|
    |or_ln120_97_fu_360_p2       |        or|   0|  0|   2|           1|           1|
    |or_ln120_98_fu_444_p2       |        or|   0|  0|   2|           1|           1|
    |or_ln120_99_fu_364_p2       |        or|   0|  0|   2|           1|           1|
    |or_ln120_fu_316_p2          |        or|   0|  0|   2|           1|           1|
    |select_ln120_111_fu_385_p3  |    select|   0|  0|   2|           1|           2|
    |select_ln120_112_fu_397_p3  |    select|   0|  0|   4|           1|           3|
    |select_ln120_113_fu_405_p3  |    select|   0|  0|   3|           1|           3|
    |select_ln120_114_fu_413_p3  |    select|   0|  0|   3|           1|           3|
    |select_ln120_115_fu_468_p3  |    select|   0|  0|   3|           1|           3|
    |select_ln120_116_fu_479_p3  |    select|   0|  0|   5|           1|           4|
    |select_ln120_117_fu_486_p3  |    select|   0|  0|   4|           1|           4|
    |select_ln120_118_fu_494_p3  |    select|   0|  0|   4|           1|           4|
    |select_ln120_119_fu_502_p3  |    select|   0|  0|   4|           1|           4|
    |select_ln120_120_fu_510_p3  |    select|   0|  0|   4|           1|           4|
    |select_ln120_122_fu_602_p3  |    select|   0|  0|  11|           1|          11|
    |select_ln120_fu_378_p3      |    select|   0|  0|   3|           1|           2|
    |tmp_fu_538_p30              |    select|   0|  0|   4|           1|           4|
    |xor_ln107_53_fu_253_p2      |       xor|   0|  0|   2|           1|           2|
    |xor_ln107_54_fu_268_p2      |       xor|   0|  0|   2|           1|           2|
    |xor_ln107_55_fu_322_p2      |       xor|   0|  0|   2|           1|           2|
    |xor_ln107_56_fu_289_p2      |       xor|   0|  0|   2|           1|           2|
    |xor_ln107_57_fu_421_p2      |       xor|   0|  0|   2|           1|           2|
    |xor_ln107_58_fu_305_p2      |       xor|   0|  0|   2|           1|           2|
    |xor_ln107_fu_244_p2         |       xor|   0|  0|   2|           1|           2|
    |xor_ln120_fu_369_p2         |       xor|   0|  0|   2|           2|           1|
    +----------------------------+----------+----+---+----+------------+------------+
    |Total                       |          |   0|  0| 457|         287|         256|
    +----------------------------+----------+----+---+----+------------+------------+

    * Multiplexer: 
    +-----------+----+-----------+-----+-----------+
    |    Name   | LUT| Input Size| Bits| Total Bits|
    +-----------+----+-----------+-----+-----------+
    |ap_return  |  14|          3|   11|         33|
    +-----------+----+-----------+-----+-----------+
    |Total      |  14|          3|   11|         33|
    +-----------+----+-----------+-----+-----------+

    * Register: 
    +-------------------------------------+----+----+-----+-----------+
    |                 Name                | FF | LUT| Bits| Const Bits|
    +-------------------------------------+----+----+-----+-----------+
    |and_ln105_130_reg_689                |   1|   0|    1|          0|
    |and_ln105_130_reg_689_pp0_iter2_reg  |   1|   0|    1|          0|
    |and_ln105_131_reg_696                |   1|   0|    1|          0|
    |and_ln105_132_reg_702                |   1|   0|    1|          0|
    |and_ln105_133_reg_727                |   1|   0|    1|          0|
    |and_ln105_134_reg_713                |   1|   0|    1|          0|
    |and_ln105_reg_683                    |   1|   0|    1|          0|
    |and_ln107_13_reg_707                 |   1|   0|    1|          0|
    |and_ln107_13_reg_707_pp0_iter2_reg   |   1|   0|    1|          0|
    |ap_ce_reg                            |   1|   0|    1|          0|
    |ap_return_int_reg                    |  11|   0|   11|          0|
    |icmp_ln4_118_reg_617                 |   1|   0|    1|          0|
    |icmp_ln4_119_reg_623                 |   1|   0|    1|          0|
    |icmp_ln4_120_reg_629                 |   1|   0|    1|          0|
    |icmp_ln4_120_reg_629_pp0_iter1_reg   |   1|   0|    1|          0|
    |icmp_ln4_121_reg_635                 |   1|   0|    1|          0|
    |icmp_ln4_122_reg_641                 |   1|   0|    1|          0|
    |icmp_ln4_123_reg_647                 |   1|   0|    1|          0|
    |icmp_ln4_124_reg_653                 |   1|   0|    1|          0|
    |icmp_ln4_124_reg_653_pp0_iter1_reg   |   1|   0|    1|          0|
    |icmp_ln4_125_reg_658                 |   1|   0|    1|          0|
    |icmp_ln4_125_reg_658_pp0_iter1_reg   |   1|   0|    1|          0|
    |icmp_ln4_126_reg_663                 |   1|   0|    1|          0|
    |icmp_ln4_127_reg_668                 |   1|   0|    1|          0|
    |icmp_ln4_128_reg_673                 |   1|   0|    1|          0|
    |icmp_ln4_129_reg_678                 |   1|   0|    1|          0|
    |icmp_ln4_reg_610                     |   1|   0|    1|          0|
    |or_ln120_103_reg_751                 |   1|   0|    1|          0|
    |or_ln120_97_reg_733                  |   1|   0|    1|          0|
    |or_ln120_99_reg_738                  |   1|   0|    1|          0|
    |or_ln120_reg_719                     |   1|   0|    1|          0|
    |select_ln120_114_reg_746             |   3|   0|    3|          0|
    |select_ln120_120_reg_757             |   4|   0|    4|          0|
    |x_0_val_int_reg                      |  18|   0|   18|          0|
    |x_1_val_int_reg                      |  18|   0|   18|          0|
    |x_2_val_int_reg                      |  18|   0|   18|          0|
    |x_5_val_int_reg                      |  18|   0|   18|          0|
    |x_6_val_int_reg                      |  18|   0|   18|          0|
    |x_7_val_int_reg                      |  18|   0|   18|          0|
    |x_8_val_int_reg                      |  18|   0|   18|          0|
    |and_ln105_134_reg_713                |  64|  32|    1|          0|
    |icmp_ln4_122_reg_641                 |  64|  32|    1|          0|
    |icmp_ln4_126_reg_663                 |  64|  32|    1|          0|
    |icmp_ln4_127_reg_668                 |  64|  32|    1|          0|
    |icmp_ln4_128_reg_673                 |  64|  32|    1|          0|
    |icmp_ln4_129_reg_678                 |  64|  32|    1|          0|
    +-------------------------------------+----+----+-----+-----------+
    |Total                                | 558| 192|  180|          0|
    +-------------------------------------+----+----+-----+-----------+



================================================================
== Interface
================================================================
* Summary: 
+-----------+-----+-----+------------+---------------------------------------------------------------------------+--------------+
| RTL Ports | Dir | Bits|  Protocol  |                               Source Object                               |    C Type    |
+-----------+-----+-----+------------+---------------------------------------------------------------------------+--------------+
|ap_clk     |   in|    1|  ap_ctrl_hs|  decision_function<ap_fixed<18, 8, 5, 3, 0>, ap_fixed<18, 8, 5, 3, 0> >.14|  return value|
|ap_rst     |   in|    1|  ap_ctrl_hs|  decision_function<ap_fixed<18, 8, 5, 3, 0>, ap_fixed<18, 8, 5, 3, 0> >.14|  return value|
|ap_return  |  out|   11|  ap_ctrl_hs|  decision_function<ap_fixed<18, 8, 5, 3, 0>, ap_fixed<18, 8, 5, 3, 0> >.14|  return value|
|ap_ce      |   in|    1|  ap_ctrl_hs|  decision_function<ap_fixed<18, 8, 5, 3, 0>, ap_fixed<18, 8, 5, 3, 0> >.14|  return value|
|x_0_val    |   in|   18|     ap_none|                                                                    x_0_val|        scalar|
|x_1_val    |   in|   18|     ap_none|                                                                    x_1_val|        scalar|
|x_2_val    |   in|   18|     ap_none|                                                                    x_2_val|        scalar|
|x_5_val    |   in|   18|     ap_none|                                                                    x_5_val|        scalar|
|x_6_val    |   in|   18|     ap_none|                                                                    x_6_val|        scalar|
|x_7_val    |   in|   18|     ap_none|                                                                    x_7_val|        scalar|
|x_8_val    |   in|   18|     ap_none|                                                                    x_8_val|        scalar|
+-----------+-----+-----+------------+---------------------------------------------------------------------------+--------------+

