

================================================================
== Vitis HLS Report for 'decision_function_ap_fixed_18_8_5_3_0_ap_fixed_18_8_5_3_0_12'
================================================================
* Date:           Fri Sep 19 13:38:24 2025

* Version:        2023.2 (Build 4023990 on Oct 11 2023)
* Project:        my_prj
* Solution:       solution1 (Vivado IP Flow Target)
* Product family: zynq
* Target device:  xc7z020-clg400-1


================================================================
== Performance Estimates
================================================================
+ Timing: 
    * Summary: 
    +--------+---------+----------+------------+
    |  Clock |  Target | Estimated| Uncertainty|
    +--------+---------+----------+------------+
    |ap_clk  |  5.00 ns|  3.072 ns|     1.35 ns|
    +--------+---------+----------+------------+

+ Latency: 
    * Summary: 
    +---------+---------+-----------+-----------+-----+-----+---------+
    |  Latency (cycles) |   Latency (absolute)  |  Interval | Pipeline|
    |   min   |   max   |    min    |    max    | min | max |   Type  |
    +---------+---------+-----------+-----------+-----+-----+---------+
    |        4|        4|  20.000 ns|  20.000 ns|    1|    1|      yes|
    +---------+---------+-----------+-----------+-----+-----+---------+

    + Detail: 
        * Instance: 
        N/A

        * Loop: 
        N/A



================================================================
== Utilization Estimates
================================================================
* Summary: 
+-----------------+---------+-----+--------+-------+-----+
|       Name      | BRAM_18K| DSP |   FF   |  LUT  | URAM|
+-----------------+---------+-----+--------+-------+-----+
|DSP              |        -|    -|       -|      -|    -|
|Expression       |        -|    -|       0|    479|    -|
|FIFO             |        -|    -|       -|      -|    -|
|Instance         |        -|    -|       0|     65|    -|
|Memory           |        -|    -|       -|      -|    -|
|Multiplexer      |        -|    -|       -|     14|    -|
|Register         |        -|    -|     671|    256|    -|
+-----------------+---------+-----+--------+-------+-----+
|Total            |        0|    0|     671|    814|    0|
+-----------------+---------+-----+--------+-------+-----+
|Available        |      280|  220|  106400|  53200|    0|
+-----------------+---------+-----+--------+-------+-----+
|Utilization (%)  |        0|    0|      ~0|      1|    0|
+-----------------+---------+-----+--------+-------+-----+

+ Detail: 
    * Instance: 
    +-------------------------------+--------------------------+---------+----+---+----+-----+
    |            Instance           |          Module          | BRAM_18K| DSP| FF| LUT| URAM|
    +-------------------------------+--------------------------+---------+----+---+----+-----+
    |sparsemux_31_4_11_1_0_x0_U131  |sparsemux_31_4_11_1_0_x0  |        0|   0|  0|  65|    0|
    +-------------------------------+--------------------------+---------+----+---+----+-----+
    |Total                          |                          |        0|   0|  0|  65|    0|
    +-------------------------------+--------------------------+---------+----+---+----+-----+

    * DSP: 
    N/A

    * Memory: 
    N/A

    * FIFO: 
    N/A

    * Expression: 
    +----------------------------+----------+----+---+----+------------+------------+
    |        Variable Name       | Operation| DSP| FF| LUT| Bitwidth P0| Bitwidth P1|
    +----------------------------+----------+----+---+----+------------+------------+
    |and_ln105_130_fu_267_p2     |       and|   0|  0|   2|           1|           1|
    |and_ln105_131_fu_277_p2     |       and|   0|  0|   2|           1|           1|
    |and_ln105_132_fu_302_p2     |       and|   0|  0|   2|           1|           1|
    |and_ln105_133_fu_430_p2     |       and|   0|  0|   2|           1|           1|
    |and_ln105_134_fu_306_p2     |       and|   0|  0|   2|           1|           1|
    |and_ln105_135_fu_310_p2     |       and|   0|  0|   2|           1|           1|
    |and_ln105_136_fu_315_p2     |       and|   0|  0|   2|           1|           1|
    |and_ln105_137_fu_320_p2     |       and|   0|  0|   2|           1|           1|
    |and_ln105_138_fu_439_p2     |       and|   0|  0|   2|           1|           1|
    |and_ln105_139_fu_448_p2     |       and|   0|  0|   2|           1|           1|
    |and_ln105_140_fu_453_p2     |       and|   0|  0|   2|           1|           1|
    |and_ln105_141_fu_544_p2     |       and|   0|  0|   2|           1|           1|
    |and_ln105_142_fu_434_p2     |       and|   0|  0|   2|           1|           1|
    |and_ln105_143_fu_444_p2     |       and|   0|  0|   2|           1|           1|
    |and_ln105_144_fu_539_p2     |       and|   0|  0|   2|           1|           1|
    |and_ln105_fu_253_p2         |       and|   0|  0|   2|           1|           1|
    |and_ln107_16_fu_293_p2      |       and|   0|  0|   2|           1|           1|
    |and_ln107_17_fu_287_p2      |       and|   0|  0|   2|           1|           1|
    |and_ln107_fu_262_p2         |       and|   0|  0|   2|           1|           1|
    |icmp_ln4_144_fu_170_p2      |      icmp|   0|  0|  25|          18|           9|
    |icmp_ln4_145_fu_176_p2      |      icmp|   0|  0|  25|          18|          17|
    |icmp_ln4_146_fu_182_p2      |      icmp|   0|  0|  25|          18|          16|
    |icmp_ln4_147_fu_188_p2      |      icmp|   0|  0|  25|          18|          10|
    |icmp_ln4_148_fu_194_p2      |      icmp|   0|  0|  25|          18|          16|
    |icmp_ln4_149_fu_200_p2      |      icmp|   0|  0|  25|          18|          17|
    |icmp_ln4_150_fu_206_p2      |      icmp|   0|  0|  25|          18|          14|
    |icmp_ln4_151_fu_212_p2      |      icmp|   0|  0|  25|          18|           9|
    |icmp_ln4_152_fu_218_p2      |      icmp|   0|  0|  25|          18|          13|
    |icmp_ln4_153_fu_224_p2      |      icmp|   0|  0|  25|          18|          17|
    |icmp_ln4_154_fu_230_p2      |      icmp|   0|  0|  25|          18|          15|
    |icmp_ln4_155_fu_236_p2      |      icmp|   0|  0|  25|          18|          16|
    |icmp_ln4_156_fu_242_p2      |      icmp|   0|  0|  25|          18|           7|
    |icmp_ln4_fu_164_p2          |      icmp|   0|  0|  25|          18|          12|
    |or_ln120_116_fu_330_p2      |        or|   0|  0|   2|           1|           1|
    |or_ln120_117_fu_334_p2      |        or|   0|  0|   2|           1|           1|
    |or_ln120_118_fu_340_p2      |        or|   0|  0|   2|           1|           1|
    |or_ln120_119_fu_344_p2      |        or|   0|  0|   2|           1|           1|
    |or_ln120_120_fu_350_p2      |        or|   0|  0|   2|           1|           1|
    |or_ln120_121_fu_458_p2      |        or|   0|  0|   2|           1|           1|
    |or_ln120_122_fu_356_p2      |        or|   0|  0|   2|           1|           1|
    |or_ln120_123_fu_463_p2      |        or|   0|  0|   2|           1|           1|
    |or_ln120_124_fu_468_p2      |        or|   0|  0|   2|           1|           1|
    |or_ln120_125_fu_472_p2      |        or|   0|  0|   2|           1|           1|
    |or_ln120_126_fu_478_p2      |        or|   0|  0|   2|           1|           1|
    |or_ln120_127_fu_549_p2      |        or|   0|  0|   2|           1|           1|
    |or_ln120_128_fu_360_p2      |        or|   0|  0|   2|           1|           1|
    |or_ln120_129_fu_364_p2      |        or|   0|  0|   2|           1|           1|
    |or_ln120_fu_325_p2          |        or|   0|  0|   2|           1|           1|
    |agg_result_fu_561_p32       |    select|   0|  0|   4|           1|           4|
    |select_ln120_136_fu_381_p3  |    select|   0|  0|   2|           1|           2|
    |select_ln120_137_fu_393_p3  |    select|   0|  0|   4|           1|           3|
    |select_ln120_138_fu_401_p3  |    select|   0|  0|   3|           1|           3|
    |select_ln120_139_fu_409_p3  |    select|   0|  0|   3|           1|           3|
    |select_ln120_140_fu_417_p3  |    select|   0|  0|   3|           1|           3|
    |select_ln120_141_fu_487_p3  |    select|   0|  0|   5|           1|           4|
    |select_ln120_142_fu_495_p3  |    select|   0|  0|   4|           1|           4|
    |select_ln120_143_fu_502_p3  |    select|   0|  0|   4|           1|           4|
    |select_ln120_144_fu_510_p3  |    select|   0|  0|   4|           1|           4|
    |select_ln120_145_fu_518_p3  |    select|   0|  0|   4|           1|           4|
    |select_ln120_146_fu_526_p3  |    select|   0|  0|   4|           1|           4|
    |select_ln120_fu_373_p3      |    select|   0|  0|   3|           1|           2|
    |xor_ln107_65_fu_257_p2      |       xor|   0|  0|   2|           1|           2|
    |xor_ln107_66_fu_272_p2      |       xor|   0|  0|   2|           1|           2|
    |xor_ln107_67_fu_297_p2      |       xor|   0|  0|   2|           1|           2|
    |xor_ln107_68_fu_425_p2      |       xor|   0|  0|   2|           1|           2|
    |xor_ln107_69_fu_282_p2      |       xor|   0|  0|   2|           1|           2|
    |xor_ln107_70_fu_534_p2      |       xor|   0|  0|   2|           1|           2|
    |xor_ln107_fu_248_p2         |       xor|   0|  0|   2|           1|           2|
    +----------------------------+----------+----+---+----+------------+------------+
    |Total                       |          |   0|  0| 479|         306|         280|
    +----------------------------+----------+----+---+----+------------+------------+

    * Multiplexer: 
    +-----------+----+-----------+-----+-----------+
    |    Name   | LUT| Input Size| Bits| Total Bits|
    +-----------+----+-----------+-----+-----------+
    |ap_return  |  14|          3|   11|         33|
    +-----------+----+-----------+-----+-----------+
    |Total      |  14|          3|   11|         33|
    +-----------+----+-----------+-----+-----------+

    * Register: 
    +-------------------------------------+----+----+-----+-----------+
    |                 Name                | FF | LUT| Bits| Const Bits|
    +-------------------------------------+----+----+-----+-----------+
    |and_ln105_130_reg_728                |   1|   0|    1|          0|
    |and_ln105_130_reg_728_pp0_iter2_reg  |   1|   0|    1|          0|
    |and_ln105_131_reg_740                |   1|   0|    1|          0|
    |and_ln105_reg_716                    |   1|   0|    1|          0|
    |and_ln107_16_reg_754                 |   1|   0|    1|          0|
    |and_ln107_16_reg_754_pp0_iter3_reg   |   1|   0|    1|          0|
    |and_ln107_17_reg_746                 |   1|   0|    1|          0|
    |and_ln107_reg_722                    |   1|   0|    1|          0|
    |and_ln107_reg_722_pp0_iter2_reg      |   1|   0|    1|          0|
    |ap_ce_reg                            |   1|   0|    1|          0|
    |ap_return_int_reg                    |  11|   0|   11|          0|
    |icmp_ln4_144_reg_639                 |   1|   0|    1|          0|
    |icmp_ln4_145_reg_645                 |   1|   0|    1|          0|
    |icmp_ln4_146_reg_651                 |   1|   0|    1|          0|
    |icmp_ln4_146_reg_651_pp0_iter1_reg   |   1|   0|    1|          0|
    |icmp_ln4_147_reg_657                 |   1|   0|    1|          0|
    |icmp_ln4_148_reg_663                 |   1|   0|    1|          0|
    |icmp_ln4_149_reg_670                 |   1|   0|    1|          0|
    |icmp_ln4_150_reg_676                 |   1|   0|    1|          0|
    |icmp_ln4_150_reg_676_pp0_iter1_reg   |   1|   0|    1|          0|
    |icmp_ln4_151_reg_681                 |   1|   0|    1|          0|
    |icmp_ln4_151_reg_681_pp0_iter1_reg   |   1|   0|    1|          0|
    |icmp_ln4_152_reg_686                 |   1|   0|    1|          0|
    |icmp_ln4_152_reg_686_pp0_iter1_reg   |   1|   0|    1|          0|
    |icmp_ln4_153_reg_691                 |   1|   0|    1|          0|
    |icmp_ln4_154_reg_696                 |   1|   0|    1|          0|
    |icmp_ln4_155_reg_701                 |   1|   0|    1|          0|
    |icmp_ln4_156_reg_706                 |   1|   0|    1|          0|
    |icmp_ln4_reg_629                     |   1|   0|    1|          0|
    |or_ln120_120_reg_760                 |   1|   0|    1|          0|
    |or_ln120_122_reg_765                 |   1|   0|    1|          0|
    |or_ln120_126_reg_776                 |   1|   0|    1|          0|
    |select_ln120_140_reg_771             |   3|   0|    3|          0|
    |select_ln120_146_reg_781             |   4|   0|    4|          0|
    |x_2_val_int_reg                      |  18|   0|   18|          0|
    |x_3_val_int_reg                      |  18|   0|   18|          0|
    |x_4_val_int_reg                      |  18|   0|   18|          0|
    |x_5_val_int_reg                      |  18|   0|   18|          0|
    |x_6_val_int_reg                      |  18|   0|   18|          0|
    |x_9_val_int_reg                      |  18|   0|   18|          0|
    |xor_ln107_66_reg_734                 |   1|   0|    1|          0|
    |xor_ln107_reg_711                    |   1|   0|    1|          0|
    |icmp_ln4_147_reg_657                 |  64|  32|    1|          0|
    |icmp_ln4_148_reg_663                 |  64|  32|    1|          0|
    |icmp_ln4_149_reg_670                 |  64|  32|    1|          0|
    |icmp_ln4_153_reg_691                 |  64|  32|    1|          0|
    |icmp_ln4_154_reg_696                 |  64|  32|    1|          0|
    |icmp_ln4_155_reg_701                 |  64|  32|    1|          0|
    |icmp_ln4_156_reg_706                 |  64|  32|    1|          0|
    |icmp_ln4_reg_629                     |  64|  32|    1|          0|
    +-------------------------------------+----+----+-----+-----------+
    |Total                                | 671| 256|  167|          0|
    +-------------------------------------+----+----+-----+-----------+



================================================================
== Interface
================================================================
* Summary: 
+-----------+-----+-----+------------+---------------------------------------------------------------------------+--------------+
| RTL Ports | Dir | Bits|  Protocol  |                               Source Object                               |    C Type    |
+-----------+-----+-----+------------+---------------------------------------------------------------------------+--------------+
|ap_clk     |   in|    1|  ap_ctrl_hs|  decision_function<ap_fixed<18, 8, 5, 3, 0>, ap_fixed<18, 8, 5, 3, 0> >.12|  return value|
|ap_rst     |   in|    1|  ap_ctrl_hs|  decision_function<ap_fixed<18, 8, 5, 3, 0>, ap_fixed<18, 8, 5, 3, 0> >.12|  return value|
|ap_return  |  out|   11|  ap_ctrl_hs|  decision_function<ap_fixed<18, 8, 5, 3, 0>, ap_fixed<18, 8, 5, 3, 0> >.12|  return value|
|ap_ce      |   in|    1|  ap_ctrl_hs|  decision_function<ap_fixed<18, 8, 5, 3, 0>, ap_fixed<18, 8, 5, 3, 0> >.12|  return value|
|x_2_val    |   in|   18|     ap_none|                                                                    x_2_val|        scalar|
|x_3_val    |   in|   18|     ap_none|                                                                    x_3_val|        scalar|
|x_4_val    |   in|   18|     ap_none|                                                                    x_4_val|        scalar|
|x_5_val    |   in|   18|     ap_none|                                                                    x_5_val|        scalar|
|x_6_val    |   in|   18|     ap_none|                                                                    x_6_val|        scalar|
|x_9_val    |   in|   18|     ap_none|                                                                    x_9_val|        scalar|
+-----------+-----+-----+------------+---------------------------------------------------------------------------+--------------+

