

================================================================
== Vitis HLS Report for 'decision_function_ap_fixed_18_8_5_3_0_ap_fixed_18_8_5_3_0_15'
================================================================
* Date:           Fri Sep 19 13:38:24 2025

* Version:        2023.2 (Build 4023990 on Oct 11 2023)
* Project:        my_prj
* Solution:       solution1 (Vivado IP Flow Target)
* Product family: zynq
* Target device:  xc7z020-clg400-1


================================================================
== Performance Estimates
================================================================
+ Timing: 
    * Summary: 
    +--------+---------+----------+------------+
    |  Clock |  Target | Estimated| Uncertainty|
    +--------+---------+----------+------------+
    |ap_clk  |  5.00 ns|  3.072 ns|     1.35 ns|
    +--------+---------+----------+------------+

+ Latency: 
    * Summary: 
    +---------+---------+-----------+-----------+-----+-----+---------+
    |  Latency (cycles) |   Latency (absolute)  |  Interval | Pipeline|
    |   min   |   max   |    min    |    max    | min | max |   Type  |
    +---------+---------+-----------+-----------+-----+-----+---------+
    |        4|        4|  20.000 ns|  20.000 ns|    1|    1|      yes|
    +---------+---------+-----------+-----------+-----+-----+---------+

    + Detail: 
        * Instance: 
        N/A

        * Loop: 
        N/A



================================================================
== Utilization Estimates
================================================================
* Summary: 
+-----------------+---------+-----+--------+-------+-----+
|       Name      | BRAM_18K| DSP |   FF   |  LUT  | URAM|
+-----------------+---------+-----+--------+-------+-----+
|DSP              |        -|    -|       -|      -|    -|
|Expression       |        -|    -|       0|    504|    -|
|FIFO             |        -|    -|       -|      -|    -|
|Instance         |        -|    -|       0|     65|    -|
|Memory           |        -|    -|       -|      -|    -|
|Multiplexer      |        -|    -|       -|     14|    -|
|Register         |        -|    -|     724|    256|    -|
+-----------------+---------+-----+--------+-------+-----+
|Total            |        0|    0|     724|    839|    0|
+-----------------+---------+-----+--------+-------+-----+
|Available        |      280|  220|  106400|  53200|    0|
+-----------------+---------+-----+--------+-------+-----+
|Utilization (%)  |        0|    0|      ~0|      1|    0|
+-----------------+---------+-----+--------+-------+-----+

+ Detail: 
    * Instance: 
    +-------------------------------+--------------------------+---------+----+---+----+-----+
    |            Instance           |          Module          | BRAM_18K| DSP| FF| LUT| URAM|
    +-------------------------------+--------------------------+---------+----+---+----+-----+
    |sparsemux_33_4_11_1_0_x2_U101  |sparsemux_33_4_11_1_0_x2  |        0|   0|  0|  65|    0|
    +-------------------------------+--------------------------+---------+----+---+----+-----+
    |Total                          |                          |        0|   0|  0|  65|    0|
    +-------------------------------+--------------------------+---------+----+---+----+-----+

    * DSP: 
    N/A

    * Memory: 
    N/A

    * FIFO: 
    N/A

    * Expression: 
    +----------------------------+----------+----+---+----+------------+------------+
    |        Variable Name       | Operation| DSP| FF| LUT| Bitwidth P0| Bitwidth P1|
    +----------------------------+----------+----+---+----+------------+------------+
    |and_ln105_113_fu_303_p2     |       and|   0|  0|   2|           1|           1|
    |and_ln105_114_fu_319_p2     |       and|   0|  0|   2|           1|           1|
    |and_ln105_115_fu_329_p2     |       and|   0|  0|   2|           1|           1|
    |and_ln105_116_fu_356_p2     |       and|   0|  0|   2|           1|           1|
    |and_ln105_117_fu_473_p2     |       and|   0|  0|   2|           1|           1|
    |and_ln105_118_fu_360_p2     |       and|   0|  0|   2|           1|           1|
    |and_ln105_119_fu_334_p2     |       and|   0|  0|   2|           1|           1|
    |and_ln105_120_fu_339_p2     |       and|   0|  0|   2|           1|           1|
    |and_ln105_121_fu_364_p2     |       and|   0|  0|   2|           1|           1|
    |and_ln105_122_fu_368_p2     |       and|   0|  0|   2|           1|           1|
    |and_ln105_123_fu_373_p2     |       and|   0|  0|   2|           1|           1|
    |and_ln105_124_fu_477_p2     |       and|   0|  0|   2|           1|           1|
    |and_ln105_125_fu_481_p2     |       and|   0|  0|   2|           1|           1|
    |and_ln105_126_fu_486_p2     |       and|   0|  0|   2|           1|           1|
    |and_ln105_127_fu_491_p2     |       and|   0|  0|   2|           1|           1|
    |and_ln105_128_fu_573_p2     |       and|   0|  0|   2|           1|           1|
    |and_ln105_129_fu_578_p2     |       and|   0|  0|   2|           1|           1|
    |and_ln105_fu_289_p2         |       and|   0|  0|   2|           1|           1|
    |and_ln107_11_fu_313_p2      |       and|   0|  0|   2|           1|           1|
    |and_ln107_fu_298_p2         |       and|   0|  0|   2|           1|           1|
    |icmp_ln4_104_fu_200_p2      |      icmp|   0|  0|  25|          18|          16|
    |icmp_ln4_105_fu_206_p2      |      icmp|   0|  0|  25|          18|           8|
    |icmp_ln4_106_fu_212_p2      |      icmp|   0|  0|  25|          18|          10|
    |icmp_ln4_107_fu_218_p2      |      icmp|   0|  0|  25|          18|          15|
    |icmp_ln4_108_fu_224_p2      |      icmp|   0|  0|  25|          18|           9|
    |icmp_ln4_109_fu_230_p2      |      icmp|   0|  0|  25|          18|          17|
    |icmp_ln4_110_fu_236_p2      |      icmp|   0|  0|  25|          18|          15|
    |icmp_ln4_111_fu_242_p2      |      icmp|   0|  0|  25|          18|          13|
    |icmp_ln4_112_fu_248_p2      |      icmp|   0|  0|  25|          18|          14|
    |icmp_ln4_113_fu_254_p2      |      icmp|   0|  0|  25|          18|           7|
    |icmp_ln4_114_fu_260_p2      |      icmp|   0|  0|  25|          18|          16|
    |icmp_ln4_115_fu_266_p2      |      icmp|   0|  0|  25|          18|          13|
    |icmp_ln4_116_fu_272_p2      |      icmp|   0|  0|  25|          18|          15|
    |icmp_ln4_117_fu_278_p2      |      icmp|   0|  0|  25|          18|          17|
    |icmp_ln4_fu_194_p2          |      icmp|   0|  0|  25|          18|          13|
    |or_ln120_84_fu_378_p2       |        or|   0|  0|   2|           1|           1|
    |or_ln120_85_fu_383_p2       |        or|   0|  0|   2|           1|           1|
    |or_ln120_86_fu_387_p2       |        or|   0|  0|   2|           1|           1|
    |or_ln120_87_fu_496_p2       |        or|   0|  0|   2|           1|           1|
    |or_ln120_88_fu_393_p2       |        or|   0|  0|   2|           1|           1|
    |or_ln120_89_fu_501_p2       |        or|   0|  0|   2|           1|           1|
    |or_ln120_90_fu_506_p2       |        or|   0|  0|   2|           1|           1|
    |or_ln120_91_fu_510_p2       |        or|   0|  0|   2|           1|           1|
    |or_ln120_92_fu_516_p2       |        or|   0|  0|   2|           1|           1|
    |or_ln120_93_fu_583_p2       |        or|   0|  0|   2|           1|           1|
    |or_ln120_fu_345_p2          |        or|   0|  0|   2|           1|           1|
    |agg_result_fu_595_p34       |    select|   0|  0|   4|           1|           4|
    |select_ln120_100_fu_433_p3  |    select|   0|  0|   3|           1|           3|
    |select_ln120_101_fu_441_p3  |    select|   0|  0|   3|           1|           3|
    |select_ln120_102_fu_449_p3  |    select|   0|  0|   3|           1|           3|
    |select_ln120_103_fu_461_p3  |    select|   0|  0|   5|           1|           4|
    |select_ln120_104_fu_522_p3  |    select|   0|  0|   4|           1|           4|
    |select_ln120_105_fu_529_p3  |    select|   0|  0|   4|           1|           4|
    |select_ln120_106_fu_536_p3  |    select|   0|  0|   4|           1|           4|
    |select_ln120_107_fu_544_p3  |    select|   0|  0|   4|           1|           4|
    |select_ln120_108_fu_552_p3  |    select|   0|  0|   4|           1|           4|
    |select_ln120_109_fu_560_p3  |    select|   0|  0|   4|           1|           4|
    |select_ln120_98_fu_415_p3   |    select|   0|  0|   2|           1|           2|
    |select_ln120_99_fu_426_p3   |    select|   0|  0|   4|           1|           3|
    |select_ln120_fu_408_p3      |    select|   0|  0|   3|           1|           2|
    |xor_ln107_47_fu_293_p2      |       xor|   0|  0|   2|           1|           2|
    |xor_ln107_48_fu_308_p2      |       xor|   0|  0|   2|           1|           2|
    |xor_ln107_49_fu_324_p2      |       xor|   0|  0|   2|           1|           2|
    |xor_ln107_50_fu_351_p2      |       xor|   0|  0|   2|           1|           2|
    |xor_ln107_51_fu_468_p2      |       xor|   0|  0|   2|           1|           2|
    |xor_ln107_52_fu_568_p2      |       xor|   0|  0|   2|           1|           2|
    |xor_ln107_fu_284_p2         |       xor|   0|  0|   2|           1|           2|
    |xor_ln120_fu_398_p2         |       xor|   0|  0|   2|           2|           1|
    +----------------------------+----------+----+---+----+------------+------------+
    |Total                       |          |   0|  0| 504|         324|         292|
    +----------------------------+----------+----+---+----+------------+------------+

    * Multiplexer: 
    +-----------+----+-----------+-----+-----------+
    |    Name   | LUT| Input Size| Bits| Total Bits|
    +-----------+----+-----------+-----+-----------+
    |ap_return  |  14|          3|   11|         33|
    +-----------+----+-----------+-----+-----------+
    |Total      |  14|          3|   11|         33|
    +-----------+----+-----------+-----+-----------+

    * Register: 
    +-------------------------------------+----+----+-----+-----------+
    |                 Name                | FF | LUT| Bits| Const Bits|
    +-------------------------------------+----+----+-----+-----------+
    |and_ln105_113_reg_766                |   1|   0|    1|          0|
    |and_ln105_113_reg_766_pp0_iter2_reg  |   1|   0|    1|          0|
    |and_ln105_114_reg_779                |   1|   0|    1|          0|
    |and_ln105_115_reg_785                |   1|   0|    1|          0|
    |and_ln105_116_reg_796                |   1|   0|    1|          0|
    |and_ln105_reg_754                    |   1|   0|    1|          0|
    |and_ln107_11_reg_773                 |   1|   0|    1|          0|
    |and_ln107_reg_761                    |   1|   0|    1|          0|
    |ap_ce_reg                            |   1|   0|    1|          0|
    |ap_return_int_reg                    |  11|   0|   11|          0|
    |icmp_ln4_104_reg_678                 |   1|   0|    1|          0|
    |icmp_ln4_105_reg_684                 |   1|   0|    1|          0|
    |icmp_ln4_106_reg_690                 |   1|   0|    1|          0|
    |icmp_ln4_107_reg_696                 |   1|   0|    1|          0|
    |icmp_ln4_107_reg_696_pp0_iter1_reg   |   1|   0|    1|          0|
    |icmp_ln4_108_reg_702                 |   1|   0|    1|          0|
    |icmp_ln4_109_reg_708                 |   1|   0|    1|          0|
    |icmp_ln4_110_reg_714                 |   1|   0|    1|          0|
    |icmp_ln4_110_reg_714_pp0_iter1_reg   |   1|   0|    1|          0|
    |icmp_ln4_111_reg_719                 |   1|   0|    1|          0|
    |icmp_ln4_112_reg_724                 |   1|   0|    1|          0|
    |icmp_ln4_112_reg_724_pp0_iter1_reg   |   1|   0|    1|          0|
    |icmp_ln4_113_reg_729                 |   1|   0|    1|          0|
    |icmp_ln4_113_reg_729_pp0_iter1_reg   |   1|   0|    1|          0|
    |icmp_ln4_114_reg_734                 |   1|   0|    1|          0|
    |icmp_ln4_115_reg_739                 |   1|   0|    1|          0|
    |icmp_ln4_116_reg_744                 |   1|   0|    1|          0|
    |icmp_ln4_117_reg_749                 |   1|   0|    1|          0|
    |icmp_ln4_reg_667                     |   1|   0|    1|          0|
    |or_ln120_88_reg_801                  |   1|   0|    1|          0|
    |or_ln120_92_reg_812                  |   1|   0|    1|          0|
    |or_ln120_reg_791                     |   1|   0|    1|          0|
    |select_ln120_103_reg_807             |   4|   0|    4|          0|
    |select_ln120_109_reg_817             |   4|   0|    4|          0|
    |x_0_val_int_reg                      |  18|   0|   18|          0|
    |x_1_val_int_reg                      |  18|   0|   18|          0|
    |x_2_val_int_reg                      |  18|   0|   18|          0|
    |x_3_val_int_reg                      |  18|   0|   18|          0|
    |x_4_val_int_reg                      |  18|   0|   18|          0|
    |x_5_val_int_reg                      |  18|   0|   18|          0|
    |x_6_val_int_reg                      |  18|   0|   18|          0|
    |x_8_val_int_reg                      |  18|   0|   18|          0|
    |x_9_val_int_reg                      |  18|   0|   18|          0|
    |and_ln107_11_reg_773                 |  64|  32|    1|          0|
    |icmp_ln4_108_reg_702                 |  64|  32|    1|          0|
    |icmp_ln4_109_reg_708                 |  64|  32|    1|          0|
    |icmp_ln4_114_reg_734                 |  64|  32|    1|          0|
    |icmp_ln4_115_reg_739                 |  64|  32|    1|          0|
    |icmp_ln4_116_reg_744                 |  64|  32|    1|          0|
    |icmp_ln4_117_reg_749                 |  64|  32|    1|          0|
    |icmp_ln4_reg_667                     |  64|  32|    1|          0|
    +-------------------------------------+----+----+-----+-----------+
    |Total                                | 724| 256|  220|          0|
    +-------------------------------------+----+----+-----+-----------+



================================================================
== Interface
================================================================
* Summary: 
+-----------+-----+-----+------------+---------------------------------------------------------------------------+--------------+
| RTL Ports | Dir | Bits|  Protocol  |                               Source Object                               |    C Type    |
+-----------+-----+-----+------------+---------------------------------------------------------------------------+--------------+
|ap_clk     |   in|    1|  ap_ctrl_hs|  decision_function<ap_fixed<18, 8, 5, 3, 0>, ap_fixed<18, 8, 5, 3, 0> >.15|  return value|
|ap_rst     |   in|    1|  ap_ctrl_hs|  decision_function<ap_fixed<18, 8, 5, 3, 0>, ap_fixed<18, 8, 5, 3, 0> >.15|  return value|
|ap_return  |  out|   11|  ap_ctrl_hs|  decision_function<ap_fixed<18, 8, 5, 3, 0>, ap_fixed<18, 8, 5, 3, 0> >.15|  return value|
|ap_ce      |   in|    1|  ap_ctrl_hs|  decision_function<ap_fixed<18, 8, 5, 3, 0>, ap_fixed<18, 8, 5, 3, 0> >.15|  return value|
|x_0_val    |   in|   18|     ap_none|                                                                    x_0_val|        scalar|
|x_1_val    |   in|   18|     ap_none|                                                                    x_1_val|        scalar|
|x_2_val    |   in|   18|     ap_none|                                                                    x_2_val|        scalar|
|x_3_val    |   in|   18|     ap_none|                                                                    x_3_val|        scalar|
|x_4_val    |   in|   18|     ap_none|                                                                    x_4_val|        scalar|
|x_5_val    |   in|   18|     ap_none|                                                                    x_5_val|        scalar|
|x_6_val    |   in|   18|     ap_none|                                                                    x_6_val|        scalar|
|x_8_val    |   in|   18|     ap_none|                                                                    x_8_val|        scalar|
|x_9_val    |   in|   18|     ap_none|                                                                    x_9_val|        scalar|
+-----------+-----+-----+------------+---------------------------------------------------------------------------+--------------+

