

================================================================
== Vitis HLS Report for 'decision_function_ap_fixed_18_8_5_3_0_ap_fixed_18_8_5_3_0_17'
================================================================
* Date:           Fri Sep 19 13:38:23 2025

* Version:        2023.2 (Build 4023990 on Oct 11 2023)
* Project:        my_prj
* Solution:       solution1 (Vivado IP Flow Target)
* Product family: zynq
* Target device:  xc7z020-clg400-1


================================================================
== Performance Estimates
================================================================
+ Timing: 
    * Summary: 
    +--------+---------+----------+------------+
    |  Clock |  Target | Estimated| Uncertainty|
    +--------+---------+----------+------------+
    |ap_clk  |  5.00 ns|  3.072 ns|     1.35 ns|
    +--------+---------+----------+------------+

+ Latency: 
    * Summary: 
    +---------+---------+-----------+-----------+-----+-----+---------+
    |  Latency (cycles) |   Latency (absolute)  |  Interval | Pipeline|
    |   min   |   max   |    min    |    max    | min | max |   Type  |
    +---------+---------+-----------+-----------+-----+-----+---------+
    |        4|        4|  20.000 ns|  20.000 ns|    1|    1|      yes|
    +---------+---------+-----------+-----------+-----+-----+---------+

    + Detail: 
        * Instance: 
        N/A

        * Loop: 
        N/A



================================================================
== Utilization Estimates
================================================================
* Summary: 
+-----------------+---------+-----+--------+-------+-----+
|       Name      | BRAM_18K| DSP |   FF   |  LUT  | URAM|
+-----------------+---------+-----+--------+-------+-----+
|DSP              |        -|    -|       -|      -|    -|
|Expression       |        -|    -|       0|    504|    -|
|FIFO             |        -|    -|       -|      -|    -|
|Instance         |        -|    -|       0|     65|    -|
|Memory           |        -|    -|       -|      -|    -|
|Multiplexer      |        -|    -|       -|     14|    -|
|Register         |        -|    -|     707|    256|    -|
+-----------------+---------+-----+--------+-------+-----+
|Total            |        0|    0|     707|    839|    0|
+-----------------+---------+-----+--------+-------+-----+
|Available        |      280|  220|  106400|  53200|    0|
+-----------------+---------+-----+--------+-------+-----+
|Utilization (%)  |        0|    0|      ~0|      1|    0|
+-----------------+---------+-----+--------+-------+-----+

+ Detail: 
    * Instance: 
    +-----------------------------+-------------------------+---------+----+---+----+-----+
    |           Instance          |          Module         | BRAM_18K| DSP| FF| LUT| URAM|
    +-----------------------------+-------------------------+---------+----+---+----+-----+
    |sparsemux_33_4_12_1_0_x_U10  |sparsemux_33_4_12_1_0_x  |        0|   0|  0|  65|    0|
    +-----------------------------+-------------------------+---------+----+---+----+-----+
    |Total                        |                         |        0|   0|  0|  65|    0|
    +-----------------------------+-------------------------+---------+----+---+----+-----+

    * DSP: 
    N/A

    * Memory: 
    N/A

    * FIFO: 
    N/A

    * Expression: 
    +---------------------------+----------+----+---+----+------------+------------+
    |       Variable Name       | Operation| DSP| FF| LUT| Bitwidth P0| Bitwidth P1|
    +---------------------------+----------+----+---+----+------------+------------+
    |and_ln105_100_fu_483_p2    |       and|   0|  0|   2|           1|           1|
    |and_ln105_101_fu_565_p2    |       and|   0|  0|   2|           1|           1|
    |and_ln105_102_fu_570_p2    |       and|   0|  0|   2|           1|           1|
    |and_ln105_86_fu_295_p2     |       and|   0|  0|   2|           1|           1|
    |and_ln105_87_fu_311_p2     |       and|   0|  0|   2|           1|           1|
    |and_ln105_88_fu_321_p2     |       and|   0|  0|   2|           1|           1|
    |and_ln105_89_fu_348_p2     |       and|   0|  0|   2|           1|           1|
    |and_ln105_90_fu_465_p2     |       and|   0|  0|   2|           1|           1|
    |and_ln105_91_fu_352_p2     |       and|   0|  0|   2|           1|           1|
    |and_ln105_92_fu_326_p2     |       and|   0|  0|   2|           1|           1|
    |and_ln105_93_fu_331_p2     |       and|   0|  0|   2|           1|           1|
    |and_ln105_94_fu_356_p2     |       and|   0|  0|   2|           1|           1|
    |and_ln105_95_fu_360_p2     |       and|   0|  0|   2|           1|           1|
    |and_ln105_96_fu_365_p2     |       and|   0|  0|   2|           1|           1|
    |and_ln105_97_fu_469_p2     |       and|   0|  0|   2|           1|           1|
    |and_ln105_98_fu_473_p2     |       and|   0|  0|   2|           1|           1|
    |and_ln105_99_fu_478_p2     |       and|   0|  0|   2|           1|           1|
    |and_ln105_fu_281_p2        |       and|   0|  0|   2|           1|           1|
    |and_ln107_8_fu_305_p2      |       and|   0|  0|   2|           1|           1|
    |and_ln107_fu_290_p2        |       and|   0|  0|   2|           1|           1|
    |icmp_ln4_80_fu_192_p2      |      icmp|   0|  0|  25|          18|          17|
    |icmp_ln4_81_fu_198_p2      |      icmp|   0|  0|  25|          18|          14|
    |icmp_ln4_82_fu_204_p2      |      icmp|   0|  0|  25|          18|          14|
    |icmp_ln4_83_fu_210_p2      |      icmp|   0|  0|  25|          18|          12|
    |icmp_ln4_84_fu_216_p2      |      icmp|   0|  0|  25|          18|           9|
    |icmp_ln4_85_fu_222_p2      |      icmp|   0|  0|  25|          18|          12|
    |icmp_ln4_86_fu_228_p2      |      icmp|   0|  0|  25|          18|          17|
    |icmp_ln4_87_fu_234_p2      |      icmp|   0|  0|  25|          18|          13|
    |icmp_ln4_88_fu_240_p2      |      icmp|   0|  0|  25|          18|          10|
    |icmp_ln4_89_fu_246_p2      |      icmp|   0|  0|  25|          18|          17|
    |icmp_ln4_90_fu_252_p2      |      icmp|   0|  0|  25|          18|          14|
    |icmp_ln4_91_fu_258_p2      |      icmp|   0|  0|  25|          18|           9|
    |icmp_ln4_92_fu_264_p2      |      icmp|   0|  0|  25|          18|          12|
    |icmp_ln4_93_fu_270_p2      |      icmp|   0|  0|  25|          18|          16|
    |icmp_ln4_fu_186_p2         |      icmp|   0|  0|  25|          18|          13|
    |or_ln120_63_fu_370_p2      |        or|   0|  0|   2|           1|           1|
    |or_ln120_64_fu_375_p2      |        or|   0|  0|   2|           1|           1|
    |or_ln120_65_fu_379_p2      |        or|   0|  0|   2|           1|           1|
    |or_ln120_66_fu_488_p2      |        or|   0|  0|   2|           1|           1|
    |or_ln120_67_fu_385_p2      |        or|   0|  0|   2|           1|           1|
    |or_ln120_68_fu_493_p2      |        or|   0|  0|   2|           1|           1|
    |or_ln120_69_fu_498_p2      |        or|   0|  0|   2|           1|           1|
    |or_ln120_70_fu_502_p2      |        or|   0|  0|   2|           1|           1|
    |or_ln120_71_fu_508_p2      |        or|   0|  0|   2|           1|           1|
    |or_ln120_72_fu_575_p2      |        or|   0|  0|   2|           1|           1|
    |or_ln120_fu_337_p2         |        or|   0|  0|   2|           1|           1|
    |agg_result_fu_587_p34      |    select|   0|  0|   4|           1|           4|
    |select_ln120_75_fu_407_p3  |    select|   0|  0|   2|           1|           2|
    |select_ln120_76_fu_418_p3  |    select|   0|  0|   4|           1|           3|
    |select_ln120_77_fu_425_p3  |    select|   0|  0|   3|           1|           3|
    |select_ln120_78_fu_433_p3  |    select|   0|  0|   3|           1|           3|
    |select_ln120_79_fu_441_p3  |    select|   0|  0|   3|           1|           3|
    |select_ln120_80_fu_453_p3  |    select|   0|  0|   5|           1|           4|
    |select_ln120_81_fu_514_p3  |    select|   0|  0|   4|           1|           4|
    |select_ln120_82_fu_521_p3  |    select|   0|  0|   4|           1|           4|
    |select_ln120_83_fu_528_p3  |    select|   0|  0|   4|           1|           4|
    |select_ln120_84_fu_536_p3  |    select|   0|  0|   4|           1|           4|
    |select_ln120_85_fu_544_p3  |    select|   0|  0|   4|           1|           4|
    |select_ln120_86_fu_552_p3  |    select|   0|  0|   4|           1|           4|
    |select_ln120_fu_400_p3     |    select|   0|  0|   3|           1|           2|
    |xor_ln107_36_fu_285_p2     |       xor|   0|  0|   2|           1|           2|
    |xor_ln107_37_fu_300_p2     |       xor|   0|  0|   2|           1|           2|
    |xor_ln107_38_fu_316_p2     |       xor|   0|  0|   2|           1|           2|
    |xor_ln107_39_fu_343_p2     |       xor|   0|  0|   2|           1|           2|
    |xor_ln107_40_fu_460_p2     |       xor|   0|  0|   2|           1|           2|
    |xor_ln107_41_fu_560_p2     |       xor|   0|  0|   2|           1|           2|
    |xor_ln107_fu_276_p2        |       xor|   0|  0|   2|           1|           2|
    |xor_ln120_fu_390_p2        |       xor|   0|  0|   2|           2|           1|
    +---------------------------+----------+----+---+----+------------+------------+
    |Total                      |          |   0|  0| 504|         324|         293|
    +---------------------------+----------+----+---+----+------------+------------+

    * Multiplexer: 
    +-----------+----+-----------+-----+-----------+
    |    Name   | LUT| Input Size| Bits| Total Bits|
    +-----------+----+-----------+-----+-----------+
    |ap_return  |  14|          3|   12|         36|
    +-----------+----+-----------+-----+-----------+
    |Total      |  14|          3|   12|         36|
    +-----------+----+-----------+-----+-----------+

    * Register: 
    +------------------------------------+----+----+-----+-----------+
    |                Name                | FF | LUT| Bits| Const Bits|
    +------------------------------------+----+----+-----+-----------+
    |and_ln105_86_reg_758                |   1|   0|    1|          0|
    |and_ln105_86_reg_758_pp0_iter2_reg  |   1|   0|    1|          0|
    |and_ln105_87_reg_771                |   1|   0|    1|          0|
    |and_ln105_88_reg_777                |   1|   0|    1|          0|
    |and_ln105_89_reg_788                |   1|   0|    1|          0|
    |and_ln105_reg_746                   |   1|   0|    1|          0|
    |and_ln107_8_reg_765                 |   1|   0|    1|          0|
    |and_ln107_reg_753                   |   1|   0|    1|          0|
    |ap_ce_reg                           |   1|   0|    1|          0|
    |ap_return_int_reg                   |  12|   0|   12|          0|
    |icmp_ln4_80_reg_670                 |   1|   0|    1|          0|
    |icmp_ln4_81_reg_676                 |   1|   0|    1|          0|
    |icmp_ln4_82_reg_682                 |   1|   0|    1|          0|
    |icmp_ln4_83_reg_688                 |   1|   0|    1|          0|
    |icmp_ln4_83_reg_688_pp0_iter1_reg   |   1|   0|    1|          0|
    |icmp_ln4_84_reg_694                 |   1|   0|    1|          0|
    |icmp_ln4_85_reg_700                 |   1|   0|    1|          0|
    |icmp_ln4_86_reg_706                 |   1|   0|    1|          0|
    |icmp_ln4_86_reg_706_pp0_iter1_reg   |   1|   0|    1|          0|
    |icmp_ln4_87_reg_711                 |   1|   0|    1|          0|
    |icmp_ln4_88_reg_716                 |   1|   0|    1|          0|
    |icmp_ln4_88_reg_716_pp0_iter1_reg   |   1|   0|    1|          0|
    |icmp_ln4_89_reg_721                 |   1|   0|    1|          0|
    |icmp_ln4_89_reg_721_pp0_iter1_reg   |   1|   0|    1|          0|
    |icmp_ln4_90_reg_726                 |   1|   0|    1|          0|
    |icmp_ln4_91_reg_731                 |   1|   0|    1|          0|
    |icmp_ln4_92_reg_736                 |   1|   0|    1|          0|
    |icmp_ln4_93_reg_741                 |   1|   0|    1|          0|
    |icmp_ln4_reg_659                    |   1|   0|    1|          0|
    |or_ln120_67_reg_793                 |   1|   0|    1|          0|
    |or_ln120_71_reg_804                 |   1|   0|    1|          0|
    |or_ln120_reg_783                    |   1|   0|    1|          0|
    |select_ln120_80_reg_799             |   4|   0|    4|          0|
    |select_ln120_86_reg_809             |   4|   0|    4|          0|
    |x_0_val_int_reg                     |  18|   0|   18|          0|
    |x_1_val_int_reg                     |  18|   0|   18|          0|
    |x_2_val_int_reg                     |  18|   0|   18|          0|
    |x_3_val_int_reg                     |  18|   0|   18|          0|
    |x_4_val_int_reg                     |  18|   0|   18|          0|
    |x_5_val_int_reg                     |  18|   0|   18|          0|
    |x_6_val_int_reg                     |  18|   0|   18|          0|
    |x_9_val_int_reg                     |  18|   0|   18|          0|
    |and_ln107_8_reg_765                 |  64|  32|    1|          0|
    |icmp_ln4_84_reg_694                 |  64|  32|    1|          0|
    |icmp_ln4_85_reg_700                 |  64|  32|    1|          0|
    |icmp_ln4_90_reg_726                 |  64|  32|    1|          0|
    |icmp_ln4_91_reg_731                 |  64|  32|    1|          0|
    |icmp_ln4_92_reg_736                 |  64|  32|    1|          0|
    |icmp_ln4_93_reg_741                 |  64|  32|    1|          0|
    |icmp_ln4_reg_659                    |  64|  32|    1|          0|
    +------------------------------------+----+----+-----+-----------+
    |Total                               | 707| 256|  203|          0|
    +------------------------------------+----+----+-----+-----------+



================================================================
== Interface
================================================================
* Summary: 
+-----------+-----+-----+------------+---------------------------------------------------------------------------+--------------+
| RTL Ports | Dir | Bits|  Protocol  |                               Source Object                               |    C Type    |
+-----------+-----+-----+------------+---------------------------------------------------------------------------+--------------+
|ap_clk     |   in|    1|  ap_ctrl_hs|  decision_function<ap_fixed<18, 8, 5, 3, 0>, ap_fixed<18, 8, 5, 3, 0> >.17|  return value|
|ap_rst     |   in|    1|  ap_ctrl_hs|  decision_function<ap_fixed<18, 8, 5, 3, 0>, ap_fixed<18, 8, 5, 3, 0> >.17|  return value|
|ap_return  |  out|   12|  ap_ctrl_hs|  decision_function<ap_fixed<18, 8, 5, 3, 0>, ap_fixed<18, 8, 5, 3, 0> >.17|  return value|
|ap_ce      |   in|    1|  ap_ctrl_hs|  decision_function<ap_fixed<18, 8, 5, 3, 0>, ap_fixed<18, 8, 5, 3, 0> >.17|  return value|
|x_0_val    |   in|   18|     ap_none|                                                                    x_0_val|        scalar|
|x_1_val    |   in|   18|     ap_none|                                                                    x_1_val|        scalar|
|x_2_val    |   in|   18|     ap_none|                                                                    x_2_val|        scalar|
|x_3_val    |   in|   18|     ap_none|                                                                    x_3_val|        scalar|
|x_4_val    |   in|   18|     ap_none|                                                                    x_4_val|        scalar|
|x_5_val    |   in|   18|     ap_none|                                                                    x_5_val|        scalar|
|x_6_val    |   in|   18|     ap_none|                                                                    x_6_val|        scalar|
|x_9_val    |   in|   18|     ap_none|                                                                    x_9_val|        scalar|
+-----------+-----+-----+------------+---------------------------------------------------------------------------+--------------+

