

================================================================
== Vitis HLS Report for 'decision_function_ap_fixed_18_8_5_3_0_ap_fixed_18_8_5_3_0_3'
================================================================
* Date:           Tue Sep  2 08:46:11 2025

* Version:        2023.2 (Build 4023990 on Oct 11 2023)
* Project:        my_prj
* Solution:       solution1 (Vivado IP Flow Target)
* Product family: zynq
* Target device:  xc7z020-clg400-1


================================================================
== Performance Estimates
================================================================
+ Timing: 
    * Summary: 
    +--------+---------+----------+------------+
    |  Clock |  Target | Estimated| Uncertainty|
    +--------+---------+----------+------------+
    |ap_clk  |  5.00 ns|  3.072 ns|     1.35 ns|
    +--------+---------+----------+------------+

+ Latency: 
    * Summary: 
    +---------+---------+-----------+-----------+-----+-----+---------+
    |  Latency (cycles) |   Latency (absolute)  |  Interval | Pipeline|
    |   min   |   max   |    min    |    max    | min | max |   Type  |
    +---------+---------+-----------+-----------+-----+-----+---------+
    |        4|        4|  20.000 ns|  20.000 ns|    1|    1|      yes|
    +---------+---------+-----------+-----------+-----+-----+---------+

    + Detail: 
        * Instance: 
        N/A

        * Loop: 
        N/A



================================================================
== Utilization Estimates
================================================================
* Summary: 
+-----------------+---------+-----+--------+-------+-----+
|       Name      | BRAM_18K| DSP |   FF   |  LUT  | URAM|
+-----------------+---------+-----+--------+-------+-----+
|DSP              |        -|    -|       -|      -|    -|
|Expression       |        -|    -|       0|    493|    -|
|FIFO             |        -|    -|       -|      -|    -|
|Instance         |        -|    -|       0|     65|    -|
|Memory           |        -|    -|       -|      -|    -|
|Multiplexer      |        -|    -|       -|     14|    -|
|Register         |        -|    -|     688|    256|    -|
+-----------------+---------+-----+--------+-------+-----+
|Total            |        0|    0|     688|    828|    0|
+-----------------+---------+-----+--------+-------+-----+
|Available        |      280|  220|  106400|  53200|    0|
+-----------------+---------+-----+--------+-------+-----+
|Utilization (%)  |        0|    0|      ~0|      1|    0|
+-----------------+---------+-----+--------+-------+-----+

+ Detail: 
    * Instance: 
    +------------------------------+--------------------------+---------+----+---+----+-----+
    |           Instance           |          Module          | BRAM_18K| DSP| FF| LUT| URAM|
    +------------------------------+--------------------------+---------+----+---+----+-----+
    |sparsemux_33_4_11_1_0_x1_U83  |sparsemux_33_4_11_1_0_x1  |        0|   0|  0|  65|    0|
    +------------------------------+--------------------------+---------+----+---+----+-----+
    |Total                         |                          |        0|   0|  0|  65|    0|
    +------------------------------+--------------------------+---------+----+---+----+-----+

    * DSP: 
    N/A

    * Memory: 
    N/A

    * FIFO: 
    N/A

    * Expression: 
    +---------------------------+----------+----+---+----+------------+------------+
    |       Variable Name       | Operation| DSP| FF| LUT| Bitwidth P0| Bitwidth P1|
    +---------------------------+----------+----+---+----+------------+------------+
    |and_ln105_34_fu_303_p2     |       and|   0|  0|   2|           1|           1|
    |and_ln105_35_fu_319_p2     |       and|   0|  0|   2|           1|           1|
    |and_ln105_36_fu_329_p2     |       and|   0|  0|   2|           1|           1|
    |and_ln105_37_fu_356_p2     |       and|   0|  0|   2|           1|           1|
    |and_ln105_38_fu_473_p2     |       and|   0|  0|   2|           1|           1|
    |and_ln105_39_fu_360_p2     |       and|   0|  0|   2|           1|           1|
    |and_ln105_40_fu_339_p2     |       and|   0|  0|   2|           1|           1|
    |and_ln105_41_fu_364_p2     |       and|   0|  0|   2|           1|           1|
    |and_ln105_42_fu_373_p2     |       and|   0|  0|   2|           1|           1|
    |and_ln105_43_fu_477_p2     |       and|   0|  0|   2|           1|           1|
    |and_ln105_44_fu_486_p2     |       and|   0|  0|   2|           1|           1|
    |and_ln105_45_fu_491_p2     |       and|   0|  0|   2|           1|           1|
    |and_ln105_46_fu_578_p2     |       and|   0|  0|   2|           1|           1|
    |and_ln105_47_fu_334_p2     |       and|   0|  0|   2|           1|           1|
    |and_ln105_48_fu_368_p2     |       and|   0|  0|   2|           1|           1|
    |and_ln105_49_fu_481_p2     |       and|   0|  0|   2|           1|           1|
    |and_ln105_50_fu_573_p2     |       and|   0|  0|   2|           1|           1|
    |and_ln105_fu_289_p2        |       and|   0|  0|   2|           1|           1|
    |and_ln107_5_fu_313_p2      |       and|   0|  0|   2|           1|           1|
    |and_ln107_fu_298_p2        |       and|   0|  0|   2|           1|           1|
    |icmp_ln4_38_fu_190_p2      |      icmp|   0|  0|  25|          18|          14|
    |icmp_ln4_39_fu_196_p2      |      icmp|   0|  0|  25|          18|          10|
    |icmp_ln4_40_fu_202_p2      |      icmp|   0|  0|  25|          18|          12|
    |icmp_ln4_41_fu_208_p2      |      icmp|   0|  0|  25|          18|           9|
    |icmp_ln4_42_fu_214_p2      |      icmp|   0|  0|  25|          18|          13|
    |icmp_ln4_43_fu_220_p2      |      icmp|   0|  0|  25|          18|          16|
    |icmp_ln4_44_fu_226_p2      |      icmp|   0|  0|  25|          18|          13|
    |icmp_ln4_45_fu_232_p2      |      icmp|   0|  0|  25|          18|          13|
    |icmp_ln4_46_fu_238_p2      |      icmp|   0|  0|  25|          18|          13|
    |icmp_ln4_47_fu_244_p2      |      icmp|   0|  0|  25|          18|          14|
    |icmp_ln4_48_fu_250_p2      |      icmp|   0|  0|  25|          18|          17|
    |icmp_ln4_50_fu_272_p2      |      icmp|   0|  0|  25|          18|          15|
    |icmp_ln4_51_fu_278_p2      |      icmp|   0|  0|  25|          18|          14|
    |icmp_ln4_66_fu_266_p2      |      icmp|   0|  0|  14|           7|           1|
    |icmp_ln4_fu_184_p2         |      icmp|   0|  0|  25|          18|          14|
    |or_ln120_33_fu_378_p2      |        or|   0|  0|   2|           1|           1|
    |or_ln120_34_fu_383_p2      |        or|   0|  0|   2|           1|           1|
    |or_ln120_35_fu_387_p2      |        or|   0|  0|   2|           1|           1|
    |or_ln120_36_fu_496_p2      |        or|   0|  0|   2|           1|           1|
    |or_ln120_37_fu_393_p2      |        or|   0|  0|   2|           1|           1|
    |or_ln120_38_fu_501_p2      |        or|   0|  0|   2|           1|           1|
    |or_ln120_39_fu_506_p2      |        or|   0|  0|   2|           1|           1|
    |or_ln120_40_fu_510_p2      |        or|   0|  0|   2|           1|           1|
    |or_ln120_41_fu_516_p2      |        or|   0|  0|   2|           1|           1|
    |or_ln120_42_fu_583_p2      |        or|   0|  0|   2|           1|           1|
    |or_ln120_fu_345_p2         |        or|   0|  0|   2|           1|           1|
    |agg_result_fu_595_p34      |    select|   0|  0|   4|           1|           4|
    |select_ln120_36_fu_415_p3  |    select|   0|  0|   2|           1|           2|
    |select_ln120_37_fu_426_p3  |    select|   0|  0|   4|           1|           3|
    |select_ln120_38_fu_433_p3  |    select|   0|  0|   3|           1|           3|
    |select_ln120_39_fu_441_p3  |    select|   0|  0|   3|           1|           3|
    |select_ln120_40_fu_449_p3  |    select|   0|  0|   3|           1|           3|
    |select_ln120_41_fu_461_p3  |    select|   0|  0|   5|           1|           4|
    |select_ln120_42_fu_522_p3  |    select|   0|  0|   4|           1|           4|
    |select_ln120_43_fu_529_p3  |    select|   0|  0|   4|           1|           4|
    |select_ln120_44_fu_536_p3  |    select|   0|  0|   4|           1|           4|
    |select_ln120_45_fu_544_p3  |    select|   0|  0|   4|           1|           4|
    |select_ln120_46_fu_552_p3  |    select|   0|  0|   4|           1|           4|
    |select_ln120_47_fu_560_p3  |    select|   0|  0|   4|           1|           4|
    |select_ln120_fu_408_p3     |    select|   0|  0|   3|           1|           2|
    |xor_ln107_18_fu_293_p2     |       xor|   0|  0|   2|           1|           2|
    |xor_ln107_19_fu_308_p2     |       xor|   0|  0|   2|           1|           2|
    |xor_ln107_20_fu_324_p2     |       xor|   0|  0|   2|           1|           2|
    |xor_ln107_21_fu_351_p2     |       xor|   0|  0|   2|           1|           2|
    |xor_ln107_22_fu_468_p2     |       xor|   0|  0|   2|           1|           2|
    |xor_ln107_23_fu_568_p2     |       xor|   0|  0|   2|           1|           2|
    |xor_ln107_fu_284_p2        |       xor|   0|  0|   2|           1|           2|
    |xor_ln120_fu_398_p2        |       xor|   0|  0|   2|           2|           1|
    +---------------------------+----------+----+---+----+------------+------------+
    |Total                      |          |   0|  0| 493|         313|         282|
    +---------------------------+----------+----+---+----+------------+------------+

    * Multiplexer: 
    +-----------+----+-----------+-----+-----------+
    |    Name   | LUT| Input Size| Bits| Total Bits|
    +-----------+----+-----------+-----+-----------+
    |ap_return  |  14|          3|   11|         33|
    +-----------+----+-----------+-----+-----------+
    |Total      |  14|          3|   11|         33|
    +-----------+----+-----------+-----+-----------+

    * Register: 
    +------------------------------------+----+----+-----+-----------+
    |                Name                | FF | LUT| Bits| Const Bits|
    +------------------------------------+----+----+-----+-----------+
    |and_ln105_34_reg_766                |   1|   0|    1|          0|
    |and_ln105_34_reg_766_pp0_iter2_reg  |   1|   0|    1|          0|
    |and_ln105_35_reg_779                |   1|   0|    1|          0|
    |and_ln105_36_reg_785                |   1|   0|    1|          0|
    |and_ln105_37_reg_796                |   1|   0|    1|          0|
    |and_ln105_reg_754                   |   1|   0|    1|          0|
    |and_ln107_5_reg_773                 |   1|   0|    1|          0|
    |and_ln107_reg_761                   |   1|   0|    1|          0|
    |ap_ce_reg                           |   1|   0|    1|          0|
    |ap_return_int_reg                   |  11|   0|   11|          0|
    |icmp_ln4_38_reg_678                 |   1|   0|    1|          0|
    |icmp_ln4_39_reg_684                 |   1|   0|    1|          0|
    |icmp_ln4_40_reg_690                 |   1|   0|    1|          0|
    |icmp_ln4_41_reg_696                 |   1|   0|    1|          0|
    |icmp_ln4_41_reg_696_pp0_iter1_reg   |   1|   0|    1|          0|
    |icmp_ln4_42_reg_702                 |   1|   0|    1|          0|
    |icmp_ln4_43_reg_708                 |   1|   0|    1|          0|
    |icmp_ln4_44_reg_714                 |   1|   0|    1|          0|
    |icmp_ln4_44_reg_714_pp0_iter1_reg   |   1|   0|    1|          0|
    |icmp_ln4_45_reg_719                 |   1|   0|    1|          0|
    |icmp_ln4_46_reg_724                 |   1|   0|    1|          0|
    |icmp_ln4_46_reg_724_pp0_iter1_reg   |   1|   0|    1|          0|
    |icmp_ln4_47_reg_729                 |   1|   0|    1|          0|
    |icmp_ln4_47_reg_729_pp0_iter1_reg   |   1|   0|    1|          0|
    |icmp_ln4_48_reg_734                 |   1|   0|    1|          0|
    |icmp_ln4_50_reg_744                 |   1|   0|    1|          0|
    |icmp_ln4_51_reg_749                 |   1|   0|    1|          0|
    |icmp_ln4_66_reg_739                 |   1|   0|    1|          0|
    |icmp_ln4_reg_667                    |   1|   0|    1|          0|
    |or_ln120_37_reg_801                 |   1|   0|    1|          0|
    |or_ln120_41_reg_812                 |   1|   0|    1|          0|
    |or_ln120_reg_791                    |   1|   0|    1|          0|
    |p_read1_int_reg                     |  18|   0|   18|          0|
    |p_read2_int_reg                     |  18|   0|   18|          0|
    |p_read3_int_reg                     |  18|   0|   18|          0|
    |p_read4_int_reg                     |  18|   0|   18|          0|
    |p_read5_int_reg                     |  18|   0|   18|          0|
    |p_read6_int_reg                     |  18|   0|   18|          0|
    |p_read7_int_reg                     |  18|   0|   18|          0|
    |select_ln120_41_reg_807             |   4|   0|    4|          0|
    |select_ln120_47_reg_817             |   4|   0|    4|          0|
    |and_ln107_5_reg_773                 |  64|  32|    1|          0|
    |icmp_ln4_42_reg_702                 |  64|  32|    1|          0|
    |icmp_ln4_43_reg_708                 |  64|  32|    1|          0|
    |icmp_ln4_48_reg_734                 |  64|  32|    1|          0|
    |icmp_ln4_50_reg_744                 |  64|  32|    1|          0|
    |icmp_ln4_51_reg_749                 |  64|  32|    1|          0|
    |icmp_ln4_66_reg_739                 |  64|  32|    1|          0|
    |icmp_ln4_reg_667                    |  64|  32|    1|          0|
    +------------------------------------+----+----+-----+-----------+
    |Total                               | 688| 256|  184|          0|
    +------------------------------------+----+----+-----+-----------+



================================================================
== Interface
================================================================
* Summary: 
+-----------+-----+-----+------------+--------------------------------------------------------------------------+--------------+
| RTL Ports | Dir | Bits|  Protocol  |                               Source Object                              |    C Type    |
+-----------+-----+-----+------------+--------------------------------------------------------------------------+--------------+
|ap_clk     |   in|    1|  ap_ctrl_hs|  decision_function<ap_fixed<18, 8, 5, 3, 0>, ap_fixed<18, 8, 5, 3, 0> >.3|  return value|
|ap_rst     |   in|    1|  ap_ctrl_hs|  decision_function<ap_fixed<18, 8, 5, 3, 0>, ap_fixed<18, 8, 5, 3, 0> >.3|  return value|
|ap_return  |  out|   11|  ap_ctrl_hs|  decision_function<ap_fixed<18, 8, 5, 3, 0>, ap_fixed<18, 8, 5, 3, 0> >.3|  return value|
|ap_ce      |   in|    1|  ap_ctrl_hs|  decision_function<ap_fixed<18, 8, 5, 3, 0>, ap_fixed<18, 8, 5, 3, 0> >.3|  return value|
|p_read1    |   in|   18|     ap_none|                                                                   p_read1|        scalar|
|p_read2    |   in|   18|     ap_none|                                                                   p_read2|        scalar|
|p_read3    |   in|   18|     ap_none|                                                                   p_read3|        scalar|
|p_read4    |   in|   18|     ap_none|                                                                   p_read4|        scalar|
|p_read5    |   in|   18|     ap_none|                                                                   p_read5|        scalar|
|p_read6    |   in|   18|     ap_none|                                                                   p_read6|        scalar|
|p_read7    |   in|   18|     ap_none|                                                                   p_read7|        scalar|
+-----------+-----+-----+------------+--------------------------------------------------------------------------+--------------+

