

================================================================
== Vitis HLS Report for 'decision_function_ap_fixed_18_8_5_3_0_ap_fixed_18_8_5_3_0_6'
================================================================
* Date:           Tue Sep  2 08:46:10 2025

* Version:        2023.2 (Build 4023990 on Oct 11 2023)
* Project:        my_prj
* Solution:       solution1 (Vivado IP Flow Target)
* Product family: zynq
* Target device:  xc7z020-clg400-1


================================================================
== Performance Estimates
================================================================
+ Timing: 
    * Summary: 
    +--------+---------+----------+------------+
    |  Clock |  Target | Estimated| Uncertainty|
    +--------+---------+----------+------------+
    |ap_clk  |  5.00 ns|  3.114 ns|     1.35 ns|
    +--------+---------+----------+------------+

+ Latency: 
    * Summary: 
    +---------+---------+-----------+-----------+-----+-----+---------+
    |  Latency (cycles) |   Latency (absolute)  |  Interval | Pipeline|
    |   min   |   max   |    min    |    max    | min | max |   Type  |
    +---------+---------+-----------+-----------+-----+-----+---------+
    |        4|        4|  20.000 ns|  20.000 ns|    1|    1|      yes|
    +---------+---------+-----------+-----------+-----+-----+---------+

    + Detail: 
        * Instance: 
        N/A

        * Loop: 
        N/A



================================================================
== Utilization Estimates
================================================================
* Summary: 
+-----------------+---------+-----+--------+-------+-----+
|       Name      | BRAM_18K| DSP |   FF   |  LUT  | URAM|
+-----------------+---------+-----+--------+-------+-----+
|DSP              |        -|    -|       -|      -|    -|
|Expression       |        -|    -|       0|    517|    -|
|FIFO             |        -|    -|       -|      -|    -|
|Instance         |        -|    -|       0|     65|    -|
|Memory           |        -|    -|       -|      -|    -|
|Multiplexer      |        -|    -|       -|     14|    -|
|Register         |        -|    -|     484|    160|    -|
+-----------------+---------+-----+--------+-------+-----+
|Total            |        0|    0|     484|    756|    0|
+-----------------+---------+-----+--------+-------+-----+
|Available        |      280|  220|  106400|  53200|    0|
+-----------------+---------+-----+--------+-------+-----+
|Utilization (%)  |        0|    0|      ~0|      1|    0|
+-----------------+---------+-----+--------+-------+-----+

+ Detail: 
    * Instance: 
    +-----------------------------+-------------------------+---------+----+---+----+-----+
    |           Instance          |          Module         | BRAM_18K| DSP| FF| LUT| URAM|
    +-----------------------------+-------------------------+---------+----+---+----+-----+
    |sparsemux_33_4_11_1_0_x_U56  |sparsemux_33_4_11_1_0_x  |        0|   0|  0|  65|    0|
    +-----------------------------+-------------------------+---------+----+---+----+-----+
    |Total                        |                         |        0|   0|  0|  65|    0|
    +-----------------------------+-------------------------+---------+----+---+----+-----+

    * DSP: 
    N/A

    * Memory: 
    N/A

    * FIFO: 
    N/A

    * Expression: 
    +---------------------------+----------+----+---+----+------------+------------+
    |       Variable Name       | Operation| DSP| FF| LUT| Bitwidth P0| Bitwidth P1|
    +---------------------------+----------+----+---+----+------------+------------+
    |and_ln105_38_fu_274_p2     |       and|   0|  0|   2|           1|           1|
    |and_ln105_39_fu_295_p2     |       and|   0|  0|   2|           1|           1|
    |and_ln105_40_fu_299_p2     |       and|   0|  0|   2|           1|           1|
    |and_ln105_41_fu_512_p2     |       and|   0|  0|   2|           1|           1|
    |and_ln105_42_fu_304_p2     |       and|   0|  0|   2|           1|           1|
    |and_ln105_43_fu_308_p2     |       and|   0|  0|   2|           1|           1|
    |and_ln105_44_fu_313_p2     |       and|   0|  0|   2|           1|           1|
    |and_ln105_45_fu_318_p2     |       and|   0|  0|   2|           1|           1|
    |and_ln105_46_fu_414_p2     |       and|   0|  0|   2|           1|           1|
    |and_ln105_47_fu_419_p2     |       and|   0|  0|   2|           1|           1|
    |and_ln105_48_fu_424_p2     |       and|   0|  0|   2|           1|           1|
    |and_ln105_49_fu_428_p2     |       and|   0|  0|   2|           1|           1|
    |and_ln105_50_fu_433_p2     |       and|   0|  0|   2|           1|           1|
    |and_ln105_51_fu_516_p2     |       and|   0|  0|   2|           1|           1|
    |and_ln105_52_fu_551_p2     |       and|   0|  0|   2|           1|           1|
    |and_ln105_53_fu_556_p2     |       and|   0|  0|   2|           1|           1|
    |and_ln105_fu_285_p2        |       and|   0|  0|   2|           1|           1|
    |and_ln107_3_fu_399_p2      |       and|   0|  0|   2|           1|           1|
    |and_ln107_fu_268_p2        |       and|   0|  0|   2|           1|           1|
    |icmp_ln4_32_fu_178_p2      |      icmp|   0|  0|  25|          18|          14|
    |icmp_ln4_33_fu_184_p2      |      icmp|   0|  0|  25|          18|          12|
    |icmp_ln4_34_fu_190_p2      |      icmp|   0|  0|  25|          18|          16|
    |icmp_ln4_35_fu_196_p2      |      icmp|   0|  0|  25|          18|           9|
    |icmp_ln4_36_fu_202_p2      |      icmp|   0|  0|  25|          18|          16|
    |icmp_ln4_37_fu_208_p2      |      icmp|   0|  0|  25|          18|           9|
    |icmp_ln4_38_fu_214_p2      |      icmp|   0|  0|  25|          18|          14|
    |icmp_ln4_39_fu_220_p2      |      icmp|   0|  0|  25|          18|           9|
    |icmp_ln4_40_fu_226_p2      |      icmp|   0|  0|  25|          18|          13|
    |icmp_ln4_41_fu_232_p2      |      icmp|   0|  0|  25|          18|          17|
    |icmp_ln4_42_fu_238_p2      |      icmp|   0|  0|  25|          18|          16|
    |icmp_ln4_43_fu_244_p2      |      icmp|   0|  0|  25|          18|          10|
    |icmp_ln4_44_fu_250_p2      |      icmp|   0|  0|  25|          18|          10|
    |icmp_ln4_45_fu_256_p2      |      icmp|   0|  0|  25|          18|          14|
    |icmp_ln4_fu_172_p2         |      icmp|   0|  0|  25|          18|          14|
    |or_ln120_25_fu_328_p2      |        or|   0|  0|   2|           1|           1|
    |or_ln120_26_fu_333_p2      |        or|   0|  0|   2|           1|           1|
    |or_ln120_27_fu_438_p2      |        or|   0|  0|   2|           1|           1|
    |or_ln120_28_fu_338_p2      |        or|   0|  0|   2|           1|           1|
    |or_ln120_29_fu_443_p2      |        or|   0|  0|   2|           1|           1|
    |or_ln120_30_fu_448_p2      |        or|   0|  0|   2|           1|           1|
    |or_ln120_31_fu_452_p2      |        or|   0|  0|   2|           1|           1|
    |or_ln120_32_fu_458_p2      |        or|   0|  0|   2|           1|           1|
    |or_ln120_33_fu_521_p2      |        or|   0|  0|   2|           1|           1|
    |or_ln120_34_fu_526_p2      |        or|   0|  0|   2|           1|           1|
    |or_ln120_35_fu_561_p2      |        or|   0|  0|   2|           1|           1|
    |or_ln120_36_fu_566_p2      |        or|   0|  0|   2|           1|           1|
    |or_ln120_fu_323_p2         |        or|   0|  0|   2|           1|           1|
    |select_ln120_29_fu_359_p3  |    select|   0|  0|   2|           1|           2|
    |select_ln120_30_fu_371_p3  |    select|   0|  0|   4|           1|           3|
    |select_ln120_31_fu_378_p3  |    select|   0|  0|   3|           1|           3|
    |select_ln120_32_fu_386_p3  |    select|   0|  0|   3|           1|           3|
    |select_ln120_33_fu_462_p3  |    select|   0|  0|   3|           1|           3|
    |select_ln120_34_fu_473_p3  |    select|   0|  0|   5|           1|           4|
    |select_ln120_35_fu_480_p3  |    select|   0|  0|   4|           1|           4|
    |select_ln120_36_fu_488_p3  |    select|   0|  0|   4|           1|           4|
    |select_ln120_37_fu_496_p3  |    select|   0|  0|   4|           1|           4|
    |select_ln120_38_fu_504_p3  |    select|   0|  0|   4|           1|           4|
    |select_ln120_39_fu_531_p3  |    select|   0|  0|   4|           1|           4|
    |select_ln120_40_fu_538_p3  |    select|   0|  0|   4|           1|           4|
    |select_ln120_42_fu_649_p3  |    select|   0|  0|  11|           1|          11|
    |select_ln120_fu_352_p3     |    select|   0|  0|   3|           1|           2|
    |tmp_fu_577_p34             |    select|   0|  0|   4|           1|           4|
    |xor_ln107_15_fu_262_p2     |       xor|   0|  0|   2|           1|           2|
    |xor_ln107_16_fu_394_p2     |       xor|   0|  0|   2|           1|           2|
    |xor_ln107_17_fu_290_p2     |       xor|   0|  0|   2|           1|           2|
    |xor_ln107_18_fu_404_p2     |       xor|   0|  0|   2|           1|           2|
    |xor_ln107_19_fu_409_p2     |       xor|   0|  0|   2|           1|           2|
    |xor_ln107_20_fu_546_p2     |       xor|   0|  0|   2|           1|           2|
    |xor_ln107_fu_280_p2        |       xor|   0|  0|   2|           1|           2|
    |xor_ln120_fu_342_p2        |       xor|   0|  0|   2|           2|           1|
    +---------------------------+----------+----+---+----+------------+------------+
    |Total                      |          |   0|  0| 517|         326|         299|
    +---------------------------+----------+----+---+----+------------+------------+

    * Multiplexer: 
    +-----------+----+-----------+-----+-----------+
    |    Name   | LUT| Input Size| Bits| Total Bits|
    +-----------+----+-----------+-----+-----------+
    |ap_return  |  14|          3|   11|         33|
    +-----------+----+-----------+-----+-----------+
    |Total      |  14|          3|   11|         33|
    +-----------+----+-----------+-----+-----------+

    * Register: 
    +-----------------------------------+----+----+-----+-----------+
    |                Name               | FF | LUT| Bits| Const Bits|
    +-----------------------------------+----+----+-----+-----------+
    |and_ln105_38_reg_747               |   1|   0|    1|          0|
    |and_ln105_40_reg_766               |   1|   0|    1|          0|
    |and_ln105_reg_760                  |   1|   0|    1|          0|
    |and_ln107_3_reg_791                |   1|   0|    1|          0|
    |and_ln107_3_reg_791_pp0_iter3_reg  |   1|   0|    1|          0|
    |and_ln107_reg_740                  |   1|   0|    1|          0|
    |and_ln107_reg_740_pp0_iter1_reg    |   1|   0|    1|          0|
    |ap_ce_reg                          |   1|   0|    1|          0|
    |ap_return_int_reg                  |  11|   0|   11|          0|
    |icmp_ln4_32_reg_662                |   1|   0|    1|          0|
    |icmp_ln4_33_reg_671                |   1|   0|    1|          0|
    |icmp_ln4_33_reg_671_pp0_iter1_reg  |   1|   0|    1|          0|
    |icmp_ln4_34_reg_677                |   1|   0|    1|          0|
    |icmp_ln4_35_reg_682                |   1|   0|    1|          0|
    |icmp_ln4_35_reg_682_pp0_iter1_reg  |   1|   0|    1|          0|
    |icmp_ln4_36_reg_688                |   1|   0|    1|          0|
    |icmp_ln4_36_reg_688_pp0_iter1_reg  |   1|   0|    1|          0|
    |icmp_ln4_37_reg_694                |   1|   0|    1|          0|
    |icmp_ln4_38_reg_700                |   1|   0|    1|          0|
    |icmp_ln4_39_reg_705                |   1|   0|    1|          0|
    |icmp_ln4_40_reg_710                |   1|   0|    1|          0|
    |icmp_ln4_41_reg_715                |   1|   0|    1|          0|
    |icmp_ln4_41_reg_715_pp0_iter1_reg  |   1|   0|    1|          0|
    |icmp_ln4_42_reg_720                |   1|   0|    1|          0|
    |icmp_ln4_42_reg_720_pp0_iter1_reg  |   1|   0|    1|          0|
    |icmp_ln4_43_reg_725                |   1|   0|    1|          0|
    |icmp_ln4_43_reg_725_pp0_iter1_reg  |   1|   0|    1|          0|
    |icmp_ln4_44_reg_730                |   1|   0|    1|          0|
    |icmp_ln4_45_reg_735                |   1|   0|    1|          0|
    |icmp_ln4_reg_657                   |   1|   0|    1|          0|
    |or_ln120_26_reg_772                |   1|   0|    1|          0|
    |or_ln120_28_reg_777                |   1|   0|    1|          0|
    |or_ln120_32_reg_797                |   1|   0|    1|          0|
    |or_ln120_34_reg_808                |   1|   0|    1|          0|
    |p_read1_int_reg                    |  18|   0|   18|          0|
    |p_read2_int_reg                    |  18|   0|   18|          0|
    |p_read3_int_reg                    |  18|   0|   18|          0|
    |p_read4_int_reg                    |  18|   0|   18|          0|
    |p_read5_int_reg                    |  18|   0|   18|          0|
    |p_read6_int_reg                    |  18|   0|   18|          0|
    |select_ln120_32_reg_786            |   3|   0|    3|          0|
    |select_ln120_38_reg_803            |   4|   0|    4|          0|
    |select_ln120_40_reg_813            |   4|   0|    4|          0|
    |xor_ln107_reg_754                  |   1|   0|    1|          0|
    |icmp_ln4_37_reg_694                |  64|  32|    1|          0|
    |icmp_ln4_44_reg_730                |  64|  32|    1|          0|
    |icmp_ln4_45_reg_735                |  64|  32|    1|          0|
    |or_ln120_28_reg_777                |  64|  32|    1|          0|
    |xor_ln107_reg_754                  |  64|  32|    1|          0|
    +-----------------------------------+----+----+-----+-----------+
    |Total                              | 484| 160|  169|          0|
    +-----------------------------------+----+----+-----+-----------+



================================================================
== Interface
================================================================
* Summary: 
+-----------+-----+-----+------------+--------------------------------------------------------------------------+--------------+
| RTL Ports | Dir | Bits|  Protocol  |                               Source Object                              |    C Type    |
+-----------+-----+-----+------------+--------------------------------------------------------------------------+--------------+
|ap_clk     |   in|    1|  ap_ctrl_hs|  decision_function<ap_fixed<18, 8, 5, 3, 0>, ap_fixed<18, 8, 5, 3, 0> >.6|  return value|
|ap_rst     |   in|    1|  ap_ctrl_hs|  decision_function<ap_fixed<18, 8, 5, 3, 0>, ap_fixed<18, 8, 5, 3, 0> >.6|  return value|
|ap_return  |  out|   11|  ap_ctrl_hs|  decision_function<ap_fixed<18, 8, 5, 3, 0>, ap_fixed<18, 8, 5, 3, 0> >.6|  return value|
|ap_ce      |   in|    1|  ap_ctrl_hs|  decision_function<ap_fixed<18, 8, 5, 3, 0>, ap_fixed<18, 8, 5, 3, 0> >.6|  return value|
|p_read1    |   in|   18|     ap_none|                                                                   p_read1|        scalar|
|p_read2    |   in|   18|     ap_none|                                                                   p_read2|        scalar|
|p_read3    |   in|   18|     ap_none|                                                                   p_read3|        scalar|
|p_read4    |   in|   18|     ap_none|                                                                   p_read4|        scalar|
|p_read5    |   in|   18|     ap_none|                                                                   p_read5|        scalar|
|p_read6    |   in|   18|     ap_none|                                                                   p_read6|        scalar|
+-----------+-----+-----+------------+--------------------------------------------------------------------------+--------------+

