

================================================================
== Vitis HLS Report for 'decision_function_ap_fixed_18_8_5_3_0_ap_fixed_18_8_5_3_0_5'
================================================================
* Date:           Tue Sep  2 08:46:10 2025

* Version:        2023.2 (Build 4023990 on Oct 11 2023)
* Project:        my_prj
* Solution:       solution1 (Vivado IP Flow Target)
* Product family: zynq
* Target device:  xc7z020-clg400-1


================================================================
== Performance Estimates
================================================================
+ Timing: 
    * Summary: 
    +--------+---------+----------+------------+
    |  Clock |  Target | Estimated| Uncertainty|
    +--------+---------+----------+------------+
    |ap_clk  |  5.00 ns|  3.114 ns|     1.35 ns|
    +--------+---------+----------+------------+

+ Latency: 
    * Summary: 
    +---------+---------+-----------+-----------+-----+-----+---------+
    |  Latency (cycles) |   Latency (absolute)  |  Interval | Pipeline|
    |   min   |   max   |    min    |    max    | min | max |   Type  |
    +---------+---------+-----------+-----------+-----+-----+---------+
    |        4|        4|  20.000 ns|  20.000 ns|    1|    1|      yes|
    +---------+---------+-----------+-----------+-----+-----+---------+

    + Detail: 
        * Instance: 
        N/A

        * Loop: 
        N/A



================================================================
== Utilization Estimates
================================================================
* Summary: 
+-----------------+---------+-----+--------+-------+-----+
|       Name      | BRAM_18K| DSP |   FF   |  LUT  | URAM|
+-----------------+---------+-----+--------+-------+-----+
|DSP              |        -|    -|       -|      -|    -|
|Expression       |        -|    -|       0|    480|    -|
|FIFO             |        -|    -|       -|      -|    -|
|Instance         |        -|    -|       0|     65|    -|
|Memory           |        -|    -|       -|      -|    -|
|Multiplexer      |        -|    -|       -|     14|    -|
|Register         |        -|    -|     645|    224|    -|
+-----------------+---------+-----+--------+-------+-----+
|Total            |        0|    0|     645|    783|    0|
+-----------------+---------+-----+--------+-------+-----+
|Available        |      280|  220|  106400|  53200|    0|
+-----------------+---------+-----+--------+-------+-----+
|Utilization (%)  |        0|    0|      ~0|      1|    0|
+-----------------+---------+-----+--------+-------+-----+

+ Detail: 
    * Instance: 
    +---------------------------+-----------------------+---------+----+---+----+-----+
    |          Instance         |         Module        | BRAM_18K| DSP| FF| LUT| URAM|
    +---------------------------+-----------------------+---------+----+---+----+-----+
    |sparsemux_31_4_12_1_0_U64  |sparsemux_31_4_12_1_0  |        0|   0|  0|  65|    0|
    +---------------------------+-----------------------+---------+----+---+----+-----+
    |Total                      |                       |        0|   0|  0|  65|    0|
    +---------------------------+-----------------------+---------+----+---+----+-----+

    * DSP: 
    N/A

    * Memory: 
    N/A

    * FIFO: 
    N/A

    * Expression: 
    +---------------------------+----------+----+---+----+------------+------------+
    |       Variable Name       | Operation| DSP| FF| LUT| Bitwidth P0| Bitwidth P1|
    +---------------------------+----------+----+---+----+------------+------------+
    |and_ln105_54_fu_302_p2     |       and|   0|  0|   2|           1|           1|
    |and_ln105_55_fu_316_p2     |       and|   0|  0|   2|           1|           1|
    |and_ln105_56_fu_348_p2     |       and|   0|  0|   2|           1|           1|
    |and_ln105_57_fu_352_p2     |       and|   0|  0|   2|           1|           1|
    |and_ln105_58_fu_321_p2     |       and|   0|  0|   2|           1|           1|
    |and_ln105_59_fu_356_p2     |       and|   0|  0|   2|           1|           1|
    |and_ln105_60_fu_360_p2     |       and|   0|  0|   2|           1|           1|
    |and_ln105_61_fu_365_p2     |       and|   0|  0|   2|           1|           1|
    |and_ln105_62_fu_370_p2     |       and|   0|  0|   2|           1|           1|
    |and_ln105_63_fu_475_p2     |       and|   0|  0|   2|           1|           1|
    |and_ln105_64_fu_480_p2     |       and|   0|  0|   2|           1|           1|
    |and_ln105_65_fu_485_p2     |       and|   0|  0|   2|           1|           1|
    |and_ln105_66_fu_489_p2     |       and|   0|  0|   2|           1|           1|
    |and_ln105_67_fu_494_p2     |       and|   0|  0|   2|           1|           1|
    |and_ln105_68_fu_573_p2     |       and|   0|  0|   2|           1|           1|
    |and_ln105_fu_288_p2        |       and|   0|  0|   2|           1|           1|
    |and_ln107_4_fu_311_p2      |       and|   0|  0|   2|           1|           1|
    |and_ln107_5_fu_331_p2      |       and|   0|  0|   2|           1|           1|
    |and_ln107_fu_297_p2        |       and|   0|  0|   2|           1|           1|
    |icmp_ln4_46_fu_194_p2      |      icmp|   0|  0|  25|          18|          14|
    |icmp_ln4_47_fu_200_p2      |      icmp|   0|  0|  25|          18|          14|
    |icmp_ln4_48_fu_206_p2      |      icmp|   0|  0|  25|          18|          12|
    |icmp_ln4_49_fu_212_p2      |      icmp|   0|  0|  25|          18|          13|
    |icmp_ln4_50_fu_218_p2      |      icmp|   0|  0|  25|          18|          11|
    |icmp_ln4_51_fu_224_p2      |      icmp|   0|  0|  25|          18|          13|
    |icmp_ln4_52_fu_230_p2      |      icmp|   0|  0|  25|          18|          13|
    |icmp_ln4_53_fu_236_p2      |      icmp|   0|  0|  25|          18|          14|
    |icmp_ln4_54_fu_242_p2      |      icmp|   0|  0|  25|          18|          16|
    |icmp_ln4_55_fu_248_p2      |      icmp|   0|  0|  25|          18|           9|
    |icmp_ln4_56_fu_254_p2      |      icmp|   0|  0|  25|          18|           9|
    |icmp_ln4_57_fu_260_p2      |      icmp|   0|  0|  25|          18|          17|
    |icmp_ln4_58_fu_276_p2      |      icmp|   0|  0|  14|           7|           1|
    |icmp_ln4_fu_188_p2         |      icmp|   0|  0|  25|          18|          14|
    |or_ln120_37_fu_337_p2      |        or|   0|  0|   2|           1|           1|
    |or_ln120_38_fu_380_p2      |        or|   0|  0|   2|           1|           1|
    |or_ln120_39_fu_385_p2      |        or|   0|  0|   2|           1|           1|
    |or_ln120_40_fu_389_p2      |        or|   0|  0|   2|           1|           1|
    |or_ln120_41_fu_395_p2      |        or|   0|  0|   2|           1|           1|
    |or_ln120_42_fu_499_p2      |        or|   0|  0|   2|           1|           1|
    |or_ln120_43_fu_401_p2      |        or|   0|  0|   2|           1|           1|
    |or_ln120_44_fu_504_p2      |        or|   0|  0|   2|           1|           1|
    |or_ln120_45_fu_509_p2      |        or|   0|  0|   2|           1|           1|
    |or_ln120_46_fu_513_p2      |        or|   0|  0|   2|           1|           1|
    |or_ln120_47_fu_519_p2      |        or|   0|  0|   2|           1|           1|
    |or_ln120_48_fu_577_p2      |        or|   0|  0|   2|           1|           1|
    |or_ln120_49_fu_582_p2      |        or|   0|  0|   2|           1|           1|
    |or_ln120_fu_375_p2         |        or|   0|  0|   2|           1|           1|
    |select_ln120_43_fu_422_p3  |    select|   0|  0|   2|           1|           2|
    |select_ln120_44_fu_433_p3  |    select|   0|  0|   4|           1|           3|
    |select_ln120_45_fu_441_p3  |    select|   0|  0|   3|           1|           3|
    |select_ln120_46_fu_449_p3  |    select|   0|  0|   3|           1|           3|
    |select_ln120_47_fu_457_p3  |    select|   0|  0|   3|           1|           3|
    |select_ln120_48_fu_526_p3  |    select|   0|  0|   5|           1|           4|
    |select_ln120_49_fu_534_p3  |    select|   0|  0|   4|           1|           4|
    |select_ln120_50_fu_541_p3  |    select|   0|  0|   4|           1|           4|
    |select_ln120_51_fu_549_p3  |    select|   0|  0|   4|           1|           4|
    |select_ln120_52_fu_557_p3  |    select|   0|  0|   4|           1|           4|
    |select_ln120_53_fu_565_p3  |    select|   0|  0|   4|           1|           4|
    |select_ln120_55_fu_661_p3  |    select|   0|  0|  12|           1|          12|
    |select_ln120_fu_414_p3     |    select|   0|  0|   3|           1|           2|
    |tmp_fu_593_p32             |    select|   0|  0|   4|           1|           4|
    |xor_ln107_21_fu_292_p2     |       xor|   0|  0|   2|           1|           2|
    |xor_ln107_22_fu_306_p2     |       xor|   0|  0|   2|           1|           2|
    |xor_ln107_23_fu_343_p2     |       xor|   0|  0|   2|           1|           2|
    |xor_ln107_24_fu_465_p2     |       xor|   0|  0|   2|           1|           2|
    |xor_ln107_25_fu_470_p2     |       xor|   0|  0|   2|           1|           2|
    |xor_ln107_26_fu_326_p2     |       xor|   0|  0|   2|           1|           2|
    |xor_ln107_fu_282_p2        |       xor|   0|  0|   2|           1|           2|
    |xor_ln120_fu_405_p2        |       xor|   0|  0|   2|           2|           1|
    +---------------------------+----------+----+---+----+------------+------------+
    |Total                      |          |   0|  0| 480|         297|         274|
    +---------------------------+----------+----+---+----+------------+------------+

    * Multiplexer: 
    +-----------+----+-----------+-----+-----------+
    |    Name   | LUT| Input Size| Bits| Total Bits|
    +-----------+----+-----------+-----+-----------+
    |ap_return  |  14|          3|   12|         36|
    +-----------+----+-----------+-----+-----------+
    |Total      |  14|          3|   12|         36|
    +-----------+----+-----------+-----+-----------+

    * Register: 
    +------------------------------------+----+----+-----+-----------+
    |                Name                | FF | LUT| Bits| Const Bits|
    +------------------------------------+----+----+-----+-----------+
    |and_ln105_54_reg_765                |   1|   0|    1|          0|
    |and_ln105_54_reg_765_pp0_iter2_reg  |   1|   0|    1|          0|
    |and_ln105_55_reg_772                |   1|   0|    1|          0|
    |and_ln105_57_reg_797                |   1|   0|    1|          0|
    |and_ln105_58_reg_777                |   1|   0|    1|          0|
    |and_ln105_reg_753                   |   1|   0|    1|          0|
    |and_ln107_5_reg_785                 |   1|   0|    1|          0|
    |and_ln107_reg_759                   |   1|   0|    1|          0|
    |and_ln107_reg_759_pp0_iter2_reg     |   1|   0|    1|          0|
    |ap_ce_reg                           |   1|   0|    1|          0|
    |ap_return_int_reg                   |  12|   0|   12|          0|
    |icmp_ln4_46_reg_676                 |   1|   0|    1|          0|
    |icmp_ln4_47_reg_682                 |   1|   0|    1|          0|
    |icmp_ln4_48_reg_688                 |   1|   0|    1|          0|
    |icmp_ln4_48_reg_688_pp0_iter1_reg   |   1|   0|    1|          0|
    |icmp_ln4_49_reg_694                 |   1|   0|    1|          0|
    |icmp_ln4_50_reg_700                 |   1|   0|    1|          0|
    |icmp_ln4_51_reg_706                 |   1|   0|    1|          0|
    |icmp_ln4_52_reg_712                 |   1|   0|    1|          0|
    |icmp_ln4_52_reg_712_pp0_iter1_reg   |   1|   0|    1|          0|
    |icmp_ln4_53_reg_717                 |   1|   0|    1|          0|
    |icmp_ln4_53_reg_717_pp0_iter1_reg   |   1|   0|    1|          0|
    |icmp_ln4_54_reg_722                 |   1|   0|    1|          0|
    |icmp_ln4_54_reg_722_pp0_iter1_reg   |   1|   0|    1|          0|
    |icmp_ln4_55_reg_727                 |   1|   0|    1|          0|
    |icmp_ln4_56_reg_732                 |   1|   0|    1|          0|
    |icmp_ln4_57_reg_737                 |   1|   0|    1|          0|
    |icmp_ln4_58_reg_742                 |   1|   0|    1|          0|
    |icmp_ln4_reg_669                    |   1|   0|    1|          0|
    |icmp_ln4_reg_669_pp0_iter1_reg      |   1|   0|    1|          0|
    |or_ln120_37_reg_791                 |   1|   0|    1|          0|
    |or_ln120_41_reg_803                 |   1|   0|    1|          0|
    |or_ln120_43_reg_808                 |   1|   0|    1|          0|
    |or_ln120_47_reg_821                 |   1|   0|    1|          0|
    |p_read1_int_reg                     |  18|   0|   18|          0|
    |p_read2_int_reg                     |  18|   0|   18|          0|
    |p_read3_int_reg                     |  18|   0|   18|          0|
    |p_read4_int_reg                     |  18|   0|   18|          0|
    |p_read5_int_reg                     |  18|   0|   18|          0|
    |p_read6_int_reg                     |  18|   0|   18|          0|
    |p_read7_int_reg                     |  18|   0|   18|          0|
    |p_read8_int_reg                     |  18|   0|   18|          0|
    |select_ln120_47_reg_816             |   3|   0|    3|          0|
    |select_ln120_53_reg_827             |   4|   0|    4|          0|
    |xor_ln107_reg_747                   |   1|   0|    1|          0|
    |and_ln107_5_reg_785                 |  64|  32|    1|          0|
    |icmp_ln4_49_reg_694                 |  64|  32|    1|          0|
    |icmp_ln4_50_reg_700                 |  64|  32|    1|          0|
    |icmp_ln4_55_reg_727                 |  64|  32|    1|          0|
    |icmp_ln4_56_reg_732                 |  64|  32|    1|          0|
    |icmp_ln4_57_reg_737                 |  64|  32|    1|          0|
    |icmp_ln4_58_reg_742                 |  64|  32|    1|          0|
    +------------------------------------+----+----+-----+-----------+
    |Total                               | 645| 224|  204|          0|
    +------------------------------------+----+----+-----+-----------+



================================================================
== Interface
================================================================
* Summary: 
+-----------+-----+-----+------------+--------------------------------------------------------------------------+--------------+
| RTL Ports | Dir | Bits|  Protocol  |                               Source Object                              |    C Type    |
+-----------+-----+-----+------------+--------------------------------------------------------------------------+--------------+
|ap_clk     |   in|    1|  ap_ctrl_hs|  decision_function<ap_fixed<18, 8, 5, 3, 0>, ap_fixed<18, 8, 5, 3, 0> >.5|  return value|
|ap_rst     |   in|    1|  ap_ctrl_hs|  decision_function<ap_fixed<18, 8, 5, 3, 0>, ap_fixed<18, 8, 5, 3, 0> >.5|  return value|
|ap_return  |  out|   12|  ap_ctrl_hs|  decision_function<ap_fixed<18, 8, 5, 3, 0>, ap_fixed<18, 8, 5, 3, 0> >.5|  return value|
|ap_ce      |   in|    1|  ap_ctrl_hs|  decision_function<ap_fixed<18, 8, 5, 3, 0>, ap_fixed<18, 8, 5, 3, 0> >.5|  return value|
|p_read1    |   in|   18|     ap_none|                                                                   p_read1|        scalar|
|p_read2    |   in|   18|     ap_none|                                                                   p_read2|        scalar|
|p_read3    |   in|   18|     ap_none|                                                                   p_read3|        scalar|
|p_read4    |   in|   18|     ap_none|                                                                   p_read4|        scalar|
|p_read5    |   in|   18|     ap_none|                                                                   p_read5|        scalar|
|p_read6    |   in|   18|     ap_none|                                                                   p_read6|        scalar|
|p_read7    |   in|   18|     ap_none|                                                                   p_read7|        scalar|
|p_read8    |   in|   18|     ap_none|                                                                   p_read8|        scalar|
+-----------+-----+-----+------------+--------------------------------------------------------------------------+--------------+

