

================================================================
== Vitis HLS Report for 'decision_function_ap_fixed_18_8_5_3_0_ap_fixed_18_8_5_3_0_13'
================================================================
* Date:           Tue Sep  2 08:46:11 2025

* Version:        2023.2 (Build 4023990 on Oct 11 2023)
* Project:        my_prj
* Solution:       solution1 (Vivado IP Flow Target)
* Product family: zynq
* Target device:  xc7z020-clg400-1


================================================================
== Performance Estimates
================================================================
+ Timing: 
    * Summary: 
    +--------+---------+----------+------------+
    |  Clock |  Target | Estimated| Uncertainty|
    +--------+---------+----------+------------+
    |ap_clk  |  5.00 ns|  3.072 ns|     1.35 ns|
    +--------+---------+----------+------------+

+ Latency: 
    * Summary: 
    +---------+---------+-----------+-----------+-----+-----+---------+
    |  Latency (cycles) |   Latency (absolute)  |  Interval | Pipeline|
    |   min   |   max   |    min    |    max    | min | max |   Type  |
    +---------+---------+-----------+-----------+-----+-----+---------+
    |        4|        4|  20.000 ns|  20.000 ns|    1|    1|      yes|
    +---------+---------+-----------+-----------+-----+-----+---------+

    + Detail: 
        * Instance: 
        N/A

        * Loop: 
        N/A



================================================================
== Utilization Estimates
================================================================
* Summary: 
+-----------------+---------+-----+--------+-------+-----+
|       Name      | BRAM_18K| DSP |   FF   |  LUT  | URAM|
+-----------------+---------+-----+--------+-------+-----+
|DSP              |        -|    -|       -|      -|    -|
|Expression       |        -|    -|       0|    504|    -|
|FIFO             |        -|    -|       -|      -|    -|
|Instance         |        -|    -|       0|     65|    -|
|Memory           |        -|    -|       -|      -|    -|
|Multiplexer      |        -|    -|       -|     14|    -|
|Register         |        -|    -|     706|    256|    -|
+-----------------+---------+-----+--------+-------+-----+
|Total            |        0|    0|     706|    839|    0|
+-----------------+---------+-----+--------+-------+-----+
|Available        |      280|  220|  106400|  53200|    0|
+-----------------+---------+-----+--------+-------+-----+
|Utilization (%)  |        0|    0|      ~0|      1|    0|
+-----------------+---------+-----+--------+-------+-----+

+ Detail: 
    * Instance: 
    +-------------------------------+--------------------------+---------+----+---+----+-----+
    |            Instance           |          Module          | BRAM_18K| DSP| FF| LUT| URAM|
    +-------------------------------+--------------------------+---------+----+---+----+-----+
    |sparsemux_33_4_11_1_0_x3_U148  |sparsemux_33_4_11_1_0_x3  |        0|   0|  0|  65|    0|
    +-------------------------------+--------------------------+---------+----+---+----+-----+
    |Total                          |                          |        0|   0|  0|  65|    0|
    +-------------------------------+--------------------------+---------+----+---+----+-----+

    * DSP: 
    N/A

    * Memory: 
    N/A

    * FIFO: 
    N/A

    * Expression: 
    +----------------------------+----------+----+---+----+------------+------------+
    |        Variable Name       | Operation| DSP| FF| LUT| Bitwidth P0| Bitwidth P1|
    +----------------------------+----------+----+---+----+------------+------------+
    |and_ln105_142_fu_295_p2     |       and|   0|  0|   2|           1|           1|
    |and_ln105_143_fu_311_p2     |       and|   0|  0|   2|           1|           1|
    |and_ln105_144_fu_321_p2     |       and|   0|  0|   2|           1|           1|
    |and_ln105_145_fu_348_p2     |       and|   0|  0|   2|           1|           1|
    |and_ln105_146_fu_465_p2     |       and|   0|  0|   2|           1|           1|
    |and_ln105_147_fu_352_p2     |       and|   0|  0|   2|           1|           1|
    |and_ln105_148_fu_331_p2     |       and|   0|  0|   2|           1|           1|
    |and_ln105_149_fu_356_p2     |       and|   0|  0|   2|           1|           1|
    |and_ln105_150_fu_365_p2     |       and|   0|  0|   2|           1|           1|
    |and_ln105_151_fu_469_p2     |       and|   0|  0|   2|           1|           1|
    |and_ln105_152_fu_478_p2     |       and|   0|  0|   2|           1|           1|
    |and_ln105_153_fu_483_p2     |       and|   0|  0|   2|           1|           1|
    |and_ln105_154_fu_570_p2     |       and|   0|  0|   2|           1|           1|
    |and_ln105_155_fu_326_p2     |       and|   0|  0|   2|           1|           1|
    |and_ln105_156_fu_360_p2     |       and|   0|  0|   2|           1|           1|
    |and_ln105_157_fu_473_p2     |       and|   0|  0|   2|           1|           1|
    |and_ln105_158_fu_565_p2     |       and|   0|  0|   2|           1|           1|
    |and_ln105_fu_281_p2         |       and|   0|  0|   2|           1|           1|
    |and_ln107_15_fu_305_p2      |       and|   0|  0|   2|           1|           1|
    |and_ln107_fu_290_p2         |       and|   0|  0|   2|           1|           1|
    |icmp_ln4_130_fu_192_p2      |      icmp|   0|  0|  25|          18|          17|
    |icmp_ln4_131_fu_198_p2      |      icmp|   0|  0|  25|          18|          17|
    |icmp_ln4_132_fu_204_p2      |      icmp|   0|  0|  25|          18|          16|
    |icmp_ln4_133_fu_210_p2      |      icmp|   0|  0|  25|          18|          12|
    |icmp_ln4_134_fu_216_p2      |      icmp|   0|  0|  25|          18|          14|
    |icmp_ln4_135_fu_222_p2      |      icmp|   0|  0|  25|          18|          17|
    |icmp_ln4_136_fu_228_p2      |      icmp|   0|  0|  25|          18|          15|
    |icmp_ln4_137_fu_234_p2      |      icmp|   0|  0|  25|          18|          11|
    |icmp_ln4_138_fu_240_p2      |      icmp|   0|  0|  25|          18|           5|
    |icmp_ln4_139_fu_246_p2      |      icmp|   0|  0|  25|          18|          12|
    |icmp_ln4_140_fu_252_p2      |      icmp|   0|  0|  25|          18|          13|
    |icmp_ln4_141_fu_258_p2      |      icmp|   0|  0|  25|          18|          17|
    |icmp_ln4_142_fu_264_p2      |      icmp|   0|  0|  25|          18|          14|
    |icmp_ln4_143_fu_270_p2      |      icmp|   0|  0|  25|          18|          17|
    |icmp_ln4_fu_186_p2          |      icmp|   0|  0|  25|          18|          11|
    |or_ln120_106_fu_370_p2      |        or|   0|  0|   2|           1|           1|
    |or_ln120_107_fu_375_p2      |        or|   0|  0|   2|           1|           1|
    |or_ln120_108_fu_379_p2      |        or|   0|  0|   2|           1|           1|
    |or_ln120_109_fu_488_p2      |        or|   0|  0|   2|           1|           1|
    |or_ln120_110_fu_385_p2      |        or|   0|  0|   2|           1|           1|
    |or_ln120_111_fu_493_p2      |        or|   0|  0|   2|           1|           1|
    |or_ln120_112_fu_498_p2      |        or|   0|  0|   2|           1|           1|
    |or_ln120_113_fu_502_p2      |        or|   0|  0|   2|           1|           1|
    |or_ln120_114_fu_508_p2      |        or|   0|  0|   2|           1|           1|
    |or_ln120_115_fu_575_p2      |        or|   0|  0|   2|           1|           1|
    |or_ln120_fu_337_p2          |        or|   0|  0|   2|           1|           1|
    |agg_result_fu_587_p34       |    select|   0|  0|   4|           1|           4|
    |select_ln120_123_fu_407_p3  |    select|   0|  0|   2|           1|           2|
    |select_ln120_124_fu_418_p3  |    select|   0|  0|   4|           1|           3|
    |select_ln120_125_fu_425_p3  |    select|   0|  0|   3|           1|           3|
    |select_ln120_126_fu_433_p3  |    select|   0|  0|   3|           1|           3|
    |select_ln120_127_fu_441_p3  |    select|   0|  0|   3|           1|           3|
    |select_ln120_128_fu_453_p3  |    select|   0|  0|   5|           1|           4|
    |select_ln120_129_fu_514_p3  |    select|   0|  0|   4|           1|           4|
    |select_ln120_130_fu_521_p3  |    select|   0|  0|   4|           1|           4|
    |select_ln120_131_fu_528_p3  |    select|   0|  0|   4|           1|           4|
    |select_ln120_132_fu_536_p3  |    select|   0|  0|   4|           1|           4|
    |select_ln120_133_fu_544_p3  |    select|   0|  0|   4|           1|           4|
    |select_ln120_134_fu_552_p3  |    select|   0|  0|   4|           1|           4|
    |select_ln120_fu_400_p3      |    select|   0|  0|   3|           1|           2|
    |xor_ln107_59_fu_285_p2      |       xor|   0|  0|   2|           1|           2|
    |xor_ln107_60_fu_300_p2      |       xor|   0|  0|   2|           1|           2|
    |xor_ln107_61_fu_316_p2      |       xor|   0|  0|   2|           1|           2|
    |xor_ln107_62_fu_343_p2      |       xor|   0|  0|   2|           1|           2|
    |xor_ln107_63_fu_460_p2      |       xor|   0|  0|   2|           1|           2|
    |xor_ln107_64_fu_560_p2      |       xor|   0|  0|   2|           1|           2|
    |xor_ln107_fu_276_p2         |       xor|   0|  0|   2|           1|           2|
    |xor_ln120_fu_390_p2         |       xor|   0|  0|   2|           2|           1|
    +----------------------------+----------+----+---+----+------------+------------+
    |Total                       |          |   0|  0| 504|         324|         302|
    +----------------------------+----------+----+---+----+------------+------------+

    * Multiplexer: 
    +-----------+----+-----------+-----+-----------+
    |    Name   | LUT| Input Size| Bits| Total Bits|
    +-----------+----+-----------+-----+-----------+
    |ap_return  |  14|          3|   11|         33|
    +-----------+----+-----------+-----+-----------+
    |Total      |  14|          3|   11|         33|
    +-----------+----+-----------+-----+-----------+

    * Register: 
    +-------------------------------------+----+----+-----+-----------+
    |                 Name                | FF | LUT| Bits| Const Bits|
    +-------------------------------------+----+----+-----+-----------+
    |and_ln105_142_reg_758                |   1|   0|    1|          0|
    |and_ln105_142_reg_758_pp0_iter2_reg  |   1|   0|    1|          0|
    |and_ln105_143_reg_771                |   1|   0|    1|          0|
    |and_ln105_144_reg_777                |   1|   0|    1|          0|
    |and_ln105_145_reg_788                |   1|   0|    1|          0|
    |and_ln105_reg_746                    |   1|   0|    1|          0|
    |and_ln107_15_reg_765                 |   1|   0|    1|          0|
    |and_ln107_reg_753                    |   1|   0|    1|          0|
    |ap_ce_reg                            |   1|   0|    1|          0|
    |ap_return_int_reg                    |  11|   0|   11|          0|
    |icmp_ln4_130_reg_670                 |   1|   0|    1|          0|
    |icmp_ln4_131_reg_676                 |   1|   0|    1|          0|
    |icmp_ln4_132_reg_682                 |   1|   0|    1|          0|
    |icmp_ln4_133_reg_688                 |   1|   0|    1|          0|
    |icmp_ln4_133_reg_688_pp0_iter1_reg   |   1|   0|    1|          0|
    |icmp_ln4_134_reg_694                 |   1|   0|    1|          0|
    |icmp_ln4_135_reg_700                 |   1|   0|    1|          0|
    |icmp_ln4_136_reg_706                 |   1|   0|    1|          0|
    |icmp_ln4_136_reg_706_pp0_iter1_reg   |   1|   0|    1|          0|
    |icmp_ln4_137_reg_711                 |   1|   0|    1|          0|
    |icmp_ln4_138_reg_716                 |   1|   0|    1|          0|
    |icmp_ln4_138_reg_716_pp0_iter1_reg   |   1|   0|    1|          0|
    |icmp_ln4_139_reg_721                 |   1|   0|    1|          0|
    |icmp_ln4_139_reg_721_pp0_iter1_reg   |   1|   0|    1|          0|
    |icmp_ln4_140_reg_726                 |   1|   0|    1|          0|
    |icmp_ln4_141_reg_731                 |   1|   0|    1|          0|
    |icmp_ln4_142_reg_736                 |   1|   0|    1|          0|
    |icmp_ln4_143_reg_741                 |   1|   0|    1|          0|
    |icmp_ln4_reg_659                     |   1|   0|    1|          0|
    |or_ln120_110_reg_793                 |   1|   0|    1|          0|
    |or_ln120_114_reg_804                 |   1|   0|    1|          0|
    |or_ln120_reg_783                     |   1|   0|    1|          0|
    |p_read1_int_reg                      |  18|   0|   18|          0|
    |p_read2_int_reg                      |  18|   0|   18|          0|
    |p_read3_int_reg                      |  18|   0|   18|          0|
    |p_read4_int_reg                      |  18|   0|   18|          0|
    |p_read5_int_reg                      |  18|   0|   18|          0|
    |p_read6_int_reg                      |  18|   0|   18|          0|
    |p_read7_int_reg                      |  18|   0|   18|          0|
    |p_read8_int_reg                      |  18|   0|   18|          0|
    |select_ln120_128_reg_799             |   4|   0|    4|          0|
    |select_ln120_134_reg_809             |   4|   0|    4|          0|
    |and_ln107_15_reg_765                 |  64|  32|    1|          0|
    |icmp_ln4_134_reg_694                 |  64|  32|    1|          0|
    |icmp_ln4_135_reg_700                 |  64|  32|    1|          0|
    |icmp_ln4_140_reg_726                 |  64|  32|    1|          0|
    |icmp_ln4_141_reg_731                 |  64|  32|    1|          0|
    |icmp_ln4_142_reg_736                 |  64|  32|    1|          0|
    |icmp_ln4_143_reg_741                 |  64|  32|    1|          0|
    |icmp_ln4_reg_659                     |  64|  32|    1|          0|
    +-------------------------------------+----+----+-----+-----------+
    |Total                                | 706| 256|  202|          0|
    +-------------------------------------+----+----+-----+-----------+



================================================================
== Interface
================================================================
* Summary: 
+-----------+-----+-----+------------+---------------------------------------------------------------------------+--------------+
| RTL Ports | Dir | Bits|  Protocol  |                               Source Object                               |    C Type    |
+-----------+-----+-----+------------+---------------------------------------------------------------------------+--------------+
|ap_clk     |   in|    1|  ap_ctrl_hs|  decision_function<ap_fixed<18, 8, 5, 3, 0>, ap_fixed<18, 8, 5, 3, 0> >.13|  return value|
|ap_rst     |   in|    1|  ap_ctrl_hs|  decision_function<ap_fixed<18, 8, 5, 3, 0>, ap_fixed<18, 8, 5, 3, 0> >.13|  return value|
|ap_return  |  out|   11|  ap_ctrl_hs|  decision_function<ap_fixed<18, 8, 5, 3, 0>, ap_fixed<18, 8, 5, 3, 0> >.13|  return value|
|ap_ce      |   in|    1|  ap_ctrl_hs|  decision_function<ap_fixed<18, 8, 5, 3, 0>, ap_fixed<18, 8, 5, 3, 0> >.13|  return value|
|p_read1    |   in|   18|     ap_none|                                                                    p_read1|        scalar|
|p_read2    |   in|   18|     ap_none|                                                                    p_read2|        scalar|
|p_read3    |   in|   18|     ap_none|                                                                    p_read3|        scalar|
|p_read4    |   in|   18|     ap_none|                                                                    p_read4|        scalar|
|p_read5    |   in|   18|     ap_none|                                                                    p_read5|        scalar|
|p_read6    |   in|   18|     ap_none|                                                                    p_read6|        scalar|
|p_read7    |   in|   18|     ap_none|                                                                    p_read7|        scalar|
|p_read8    |   in|   18|     ap_none|                                                                    p_read8|        scalar|
+-----------+-----+-----+------------+---------------------------------------------------------------------------+--------------+

