In file included from firmware/conifer_xgboost_moons.cpp:1:
firmware/BDT.h:57:9: warning: HLS pragma dump _XLX_SEP_ PragmaIsValid=1_XLX_SEP_ PragmaType=pipeline_XLX_SEP_ PragmaContext=_XLX_SEP_ PragmaFunction=decision_function_XLX_SEP_ PragmaOptions=II = 1_XLX_SEP_ [-Wdump-hls-pragmas]
#pragma HLS pipeline II = 1
        ^
firmware/BDT.h:58:9: warning: HLS pragma dump _XLX_SEP_ PragmaIsValid=1_XLX_SEP_ PragmaType=array_partition_XLX_SEP_ PragmaContext=_XLX_SEP_ PragmaFunction=decision_function_XLX_SEP_ PragmaOptions=variable=feature_XLX_SEP_ [-Wdump-hls-pragmas]
#pragma HLS ARRAY_PARTITION variable=feature
        ^
firmware/BDT.h:59:9: warning: HLS pragma dump _XLX_SEP_ PragmaIsValid=1_XLX_SEP_ PragmaType=array_partition_XLX_SEP_ PragmaContext=_XLX_SEP_ PragmaFunction=decision_function_XLX_SEP_ PragmaOptions=variable=threshold_XLX_SEP_ [-Wdump-hls-pragmas]
#pragma HLS ARRAY_PARTITION variable=threshold
        ^
firmware/BDT.h:60:9: warning: HLS pragma dump _XLX_SEP_ PragmaIsValid=1_XLX_SEP_ PragmaType=array_partition_XLX_SEP_ PragmaContext=_XLX_SEP_ PragmaFunction=decision_function_XLX_SEP_ PragmaOptions=variable=value_XLX_SEP_ [-Wdump-hls-pragmas]
#pragma HLS ARRAY_PARTITION variable=value
        ^
firmware/BDT.h:61:9: warning: HLS pragma dump _XLX_SEP_ PragmaIsValid=1_XLX_SEP_ PragmaType=array_partition_XLX_SEP_ PragmaContext=_XLX_SEP_ PragmaFunction=decision_function_XLX_SEP_ PragmaOptions=variable=children_left_XLX_SEP_ [-Wdump-hls-pragmas]
#pragma HLS ARRAY_PARTITION variable=children_left
        ^
firmware/BDT.h:62:9: warning: HLS pragma dump _XLX_SEP_ PragmaIsValid=1_XLX_SEP_ PragmaType=array_partition_XLX_SEP_ PragmaContext=_XLX_SEP_ PragmaFunction=decision_function_XLX_SEP_ PragmaOptions=variable=children_right_XLX_SEP_ [-Wdump-hls-pragmas]
#pragma HLS ARRAY_PARTITION variable=children_right
        ^
firmware/BDT.h:63:9: warning: HLS pragma dump _XLX_SEP_ PragmaIsValid=1_XLX_SEP_ PragmaType=array_partition_XLX_SEP_ PragmaContext=_XLX_SEP_ PragmaFunction=decision_function_XLX_SEP_ PragmaOptions=variable=parent_XLX_SEP_ [-Wdump-hls-pragmas]
#pragma HLS ARRAY_PARTITION variable=parent
        ^
firmware/BDT.h:78:9: warning: HLS pragma dump _XLX_SEP_ PragmaIsValid=1_XLX_SEP_ PragmaType=array_partition_XLX_SEP_ PragmaContext=_XLX_SEP_ PragmaFunction=decision_function_XLX_SEP_ PragmaOptions=variable=comparison_XLX_SEP_ [-Wdump-hls-pragmas]
#pragma HLS ARRAY_PARTITION variable=comparison
        ^
firmware/BDT.h:79:9: warning: HLS pragma dump _XLX_SEP_ PragmaIsValid=1_XLX_SEP_ PragmaType=array_partition_XLX_SEP_ PragmaContext=_XLX_SEP_ PragmaFunction=decision_function_XLX_SEP_ PragmaOptions=variable=activation_XLX_SEP_ [-Wdump-hls-pragmas]
#pragma HLS ARRAY_PARTITION variable=activation
        ^
firmware/BDT.h:80:9: warning: HLS pragma dump _XLX_SEP_ PragmaIsValid=1_XLX_SEP_ PragmaType=array_partition_XLX_SEP_ PragmaContext=_XLX_SEP_ PragmaFunction=decision_function_XLX_SEP_ PragmaOptions=variable=activation_leaf_XLX_SEP_ [-Wdump-hls-pragmas]
#pragma HLS ARRAY_PARTITION variable=activation_leaf
        ^
firmware/BDT.h:81:9: warning: HLS pragma dump _XLX_SEP_ PragmaIsValid=1_XLX_SEP_ PragmaType=array_partition_XLX_SEP_ PragmaContext=_XLX_SEP_ PragmaFunction=decision_function_XLX_SEP_ PragmaOptions=variable=value_leaf_XLX_SEP_ [-Wdump-hls-pragmas]
#pragma HLS ARRAY_PARTITION variable=value_leaf
        ^
firmware/BDT.h:85:9: warning: HLS pragma dump _XLX_SEP_ PragmaIsValid=1_XLX_SEP_ PragmaType=unroll_XLX_SEP_ PragmaContext=_XLX_SEP_ PragmaFunction=decision_function_XLX_SEP_ PragmaOptions=_XLX_SEP_ [-Wdump-hls-pragmas]
#pragma HLS unroll
        ^
firmware/BDT.h:98:9: warning: HLS pragma dump _XLX_SEP_ PragmaIsValid=1_XLX_SEP_ PragmaType=unroll_XLX_SEP_ PragmaContext=_XLX_SEP_ PragmaFunction=decision_function_XLX_SEP_ PragmaOptions=_XLX_SEP_ [-Wdump-hls-pragmas]
#pragma HLS unroll
        ^
firmware/BDT.h:140:9: warning: HLS pragma dump _XLX_SEP_ PragmaIsValid=1_XLX_SEP_ PragmaType=array_partition_XLX_SEP_ PragmaContext=_XLX_SEP_ PragmaFunction=decision_function_XLX_SEP_ PragmaOptions=variable=scores dim=0_XLX_SEP_ [-Wdump-hls-pragmas]
#pragma HLS ARRAY_PARTITION variable=scores dim=0
        ^
firmware/conifer_xgboost_moons.cpp:6:9: warning: HLS pragma dump _XLX_SEP_ PragmaIsValid=1_XLX_SEP_ PragmaType=array_partition_XLX_SEP_ PragmaContext=_XLX_SEP_ PragmaFunction=conifer_xgboost_moons_XLX_SEP_ PragmaOptions=variable=x_XLX_SEP_ [-Wdump-hls-pragmas]
#pragma HLS array_partition variable=x
        ^
firmware/conifer_xgboost_moons.cpp:7:9: warning: HLS pragma dump _XLX_SEP_ PragmaIsValid=1_XLX_SEP_ PragmaType=array_partition_XLX_SEP_ PragmaContext=_XLX_SEP_ PragmaFunction=conifer_xgboost_moons_XLX_SEP_ PragmaOptions=variable=score_XLX_SEP_ [-Wdump-hls-pragmas]
#pragma HLS array_partition variable=score
        ^
firmware/conifer_xgboost_moons.cpp:8:9: warning: HLS pragma dump _XLX_SEP_ PragmaIsValid=1_XLX_SEP_ PragmaType=pipeline_XLX_SEP_ PragmaContext=_XLX_SEP_ PragmaFunction=conifer_xgboost_moons_XLX_SEP_ PragmaOptions=_XLX_SEP_ [-Wdump-hls-pragmas]
#pragma HLS pipeline
        ^
firmware/conifer_xgboost_moons.cpp:9:9: warning: HLS pragma dump _XLX_SEP_ PragmaIsValid=1_XLX_SEP_ PragmaType=unroll_XLX_SEP_ PragmaContext=_XLX_SEP_ PragmaFunction=conifer_xgboost_moons_XLX_SEP_ PragmaOptions=_XLX_SEP_ [-Wdump-hls-pragmas]
#pragma HLS unroll
        ^
firmware/conifer_xgboost_moons.cpp:9:9: warning: '#pragma HLS unroll' can only be applied inside loop body [-Winvalid-hls-pragmas]
/home/bspanu/repo/prj_conifer_pynq/build_hls.tcl:54:9: warning: HLS pragma dump _XLX_SEP_ PragmaIsValid=1_XLX_SEP_ PragmaType=top_XLX_SEP_ PragmaContext=directive_XLX_SEP_ PragmaFunction=conifer_xgboost_moons_accelerator_XLX_SEP_ PragmaOptions=name=conifer_xgboost_moons_accelerator_XLX_SEP_ [-Wdump-hls-pragmas]
#pragma HLSDIRECTIVE TOP name=conifer_xgboost_moons_accelerator
        ^
firmware/conifer_xgboost_moons.cpp:26:9: warning: HLS pragma dump _XLX_SEP_ PragmaIsValid=1_XLX_SEP_ PragmaType=interface_XLX_SEP_ PragmaContext=_XLX_SEP_ PragmaFunction=conifer_xgboost_moons_accelerator_XLX_SEP_ PragmaOptions=mode=m_axi port=x offset=slave bundle=gmem0_XLX_SEP_ [-Wdump-hls-pragmas]
#pragma HLS interface mode=m_axi port=x offset=slave bundle=gmem0
        ^
firmware/conifer_xgboost_moons.cpp:27:9: warning: HLS pragma dump _XLX_SEP_ PragmaIsValid=1_XLX_SEP_ PragmaType=interface_XLX_SEP_ PragmaContext=_XLX_SEP_ PragmaFunction=conifer_xgboost_moons_accelerator_XLX_SEP_ PragmaOptions=mode=m_axi port=score offset=slave bundle=gmem0_XLX_SEP_ [-Wdump-hls-pragmas]
#pragma HLS interface mode=m_axi port=score offset=slave bundle=gmem0
        ^
firmware/conifer_xgboost_moons.cpp:28:9: warning: HLS pragma dump _XLX_SEP_ PragmaIsValid=1_XLX_SEP_ PragmaType=interface_XLX_SEP_ PragmaContext=_XLX_SEP_ PragmaFunction=conifer_xgboost_moons_accelerator_XLX_SEP_ PragmaOptions=mode=s_axilite port=x bundle=control_XLX_SEP_ [-Wdump-hls-pragmas]
#pragma HLS interface mode=s_axilite port=x bundle=control
        ^
firmware/conifer_xgboost_moons.cpp:29:9: warning: HLS pragma dump _XLX_SEP_ PragmaIsValid=1_XLX_SEP_ PragmaType=interface_XLX_SEP_ PragmaContext=_XLX_SEP_ PragmaFunction=conifer_xgboost_moons_accelerator_XLX_SEP_ PragmaOptions=mode=s_axilite port=score bundle=control_XLX_SEP_ [-Wdump-hls-pragmas]
#pragma HLS interface mode=s_axilite port=score bundle=control
        ^
firmware/conifer_xgboost_moons.cpp:30:9: warning: HLS pragma dump _XLX_SEP_ PragmaIsValid=1_XLX_SEP_ PragmaType=interface_XLX_SEP_ PragmaContext=_XLX_SEP_ PragmaFunction=conifer_xgboost_moons_accelerator_XLX_SEP_ PragmaOptions=mode=s_axilite port=N bundle=control_XLX_SEP_ [-Wdump-hls-pragmas]
#pragma HLS interface mode=s_axilite port=N bundle=control
        ^
firmware/conifer_xgboost_moons.cpp:31:9: warning: HLS pragma dump _XLX_SEP_ PragmaIsValid=1_XLX_SEP_ PragmaType=interface_XLX_SEP_ PragmaContext=_XLX_SEP_ PragmaFunction=conifer_xgboost_moons_accelerator_XLX_SEP_ PragmaOptions=mode=s_axilite port=n_f bundle=control_XLX_SEP_ [-Wdump-hls-pragmas]
#pragma HLS interface mode=s_axilite port=n_f bundle=control
        ^
firmware/conifer_xgboost_moons.cpp:32:9: warning: HLS pragma dump _XLX_SEP_ PragmaIsValid=1_XLX_SEP_ PragmaType=interface_XLX_SEP_ PragmaContext=_XLX_SEP_ PragmaFunction=conifer_xgboost_moons_accelerator_XLX_SEP_ PragmaOptions=mode=s_axilite port=n_c bundle=control_XLX_SEP_ [-Wdump-hls-pragmas]
#pragma HLS interface mode=s_axilite port=n_c bundle=control
        ^
firmware/conifer_xgboost_moons.cpp:33:9: warning: HLS pragma dump _XLX_SEP_ PragmaIsValid=1_XLX_SEP_ PragmaType=interface_XLX_SEP_ PragmaContext=_XLX_SEP_ PragmaFunction=conifer_xgboost_moons_accelerator_XLX_SEP_ PragmaOptions=mode=s_axilite port=return bundle=control_XLX_SEP_ [-Wdump-hls-pragmas]
#pragma HLS interface mode=s_axilite port=return bundle=control
        ^
firmware/conifer_xgboost_moons.cpp:37:9: warning: HLS pragma dump _XLX_SEP_ PragmaIsValid=1_XLX_SEP_ PragmaType=pipeline_XLX_SEP_ PragmaContext=_XLX_SEP_ PragmaFunction=conifer_xgboost_moons_accelerator_XLX_SEP_ PragmaOptions=_XLX_SEP_ [-Wdump-hls-pragmas]
#pragma HLS pipeline
        ^
29 warnings generated.
