

================================================================
== Vitis HLS Report for 'decision_function_ap_fixed_18_8_5_3_0_ap_fixed_18_8_5_3_0_18'
================================================================
* Date:           Fri Sep 19 13:39:57 2025

* Version:        2023.2 (Build 4023990 on Oct 11 2023)
* Project:        conifer_xgboost_moons
* Solution:       solution1 (Vivado IP Flow Target)
* Product family: zynq
* Target device:  xc7z020-clg400-1


================================================================
== Performance Estimates
================================================================
+ Timing: 
    * Summary: 
    +--------+---------+----------+------------+
    |  Clock |  Target | Estimated| Uncertainty|
    +--------+---------+----------+------------+
    |ap_clk  |  5.00 ns|  3.072 ns|     1.35 ns|
    +--------+---------+----------+------------+

+ Latency: 
    * Summary: 
    +---------+---------+-----------+-----------+-----+-----+---------+
    |  Latency (cycles) |   Latency (absolute)  |  Interval | Pipeline|
    |   min   |   max   |    min    |    max    | min | max |   Type  |
    +---------+---------+-----------+-----------+-----+-----+---------+
    |        4|        4|  20.000 ns|  20.000 ns|    1|    1|      yes|
    +---------+---------+-----------+-----------+-----+-----+---------+

    + Detail: 
        * Instance: 
        N/A

        * Loop: 
        N/A

============================================================
+ Verbose Summary: Synthesis Manager
============================================================
InlineROM: 1
ExposeGlobal: 0
============================================================
+ Verbose Summary: CDFG Model
============================================================
IsTopModel: 0
ResetActiveHigh: 1
IsCombinational: 0
IsDatapathOnly: 0
HasWiredReturn: 1
HasMFsm: 2
HasVarLatency: 0
IsPipeline: 1
IsRtlPipelined: 1
IsInstanceOverlapped: 0
IsDontTouch: 0
HasImplIP: 0
IsGatedGlobalClock: 0

+ Individual pipeline summary: 
  * Pipeline-0: initiation interval (II) = 1, depth = 5


============================================================
+ Verbose Summary: Schedule
============================================================
* Number of FSM states : 5
* Pipeline : 1
  Pipeline-0 : II = 1, D = 5, States = { 1 2 3 4 5 }
* Dataflow Pipeline: 0

* FSM state transitions: 
1 --> 2 
2 --> 3 
3 --> 4 
4 --> 5 
5 --> 

* FSM state operations: 

State 1 <SV = 0> <Delay = 2.13>
ST_1 : Operation 6 [1/1] (0.00ns)   --->   "%p_read = read i18 @_ssdm_op_Read.ap_auto.i18, i18 %p_read7" [firmware/BDT.cpp:4->firmware/BDT.cpp:4->firmware/BDT.h:89]   --->   Operation 6 'read' 'p_read' <Predicate = true> <Delay = 0.00>
ST_1 : Operation 7 [1/1] (0.00ns)   --->   "%p_read66 = read i18 @_ssdm_op_Read.ap_auto.i18, i18 %p_read6" [firmware/BDT.cpp:4->firmware/BDT.cpp:4->firmware/BDT.h:89]   --->   Operation 7 'read' 'p_read66' <Predicate = true> <Delay = 0.00>
ST_1 : Operation 8 [1/1] (0.00ns)   --->   "%p_read55 = read i18 @_ssdm_op_Read.ap_auto.i18, i18 %p_read5" [firmware/BDT.cpp:4->firmware/BDT.cpp:4->firmware/BDT.h:89]   --->   Operation 8 'read' 'p_read55' <Predicate = true> <Delay = 0.00>
ST_1 : Operation 9 [1/1] (0.00ns)   --->   "%p_read44 = read i18 @_ssdm_op_Read.ap_auto.i18, i18 %p_read4" [firmware/BDT.cpp:4->firmware/BDT.cpp:4->firmware/BDT.h:89]   --->   Operation 9 'read' 'p_read44' <Predicate = true> <Delay = 0.00>
ST_1 : Operation 10 [1/1] (0.00ns)   --->   "%p_read33 = read i18 @_ssdm_op_Read.ap_auto.i18, i18 %p_read3" [firmware/BDT.cpp:4->firmware/BDT.cpp:4->firmware/BDT.h:89]   --->   Operation 10 'read' 'p_read33' <Predicate = true> <Delay = 0.00>
ST_1 : Operation 11 [1/1] (0.00ns)   --->   "%p_read22 = read i18 @_ssdm_op_Read.ap_auto.i18, i18 %p_read2" [firmware/BDT.cpp:4->firmware/BDT.cpp:4->firmware/BDT.h:89]   --->   Operation 11 'read' 'p_read22' <Predicate = true> <Delay = 0.00>
ST_1 : Operation 12 [1/1] (0.00ns)   --->   "%p_read11 = read i18 @_ssdm_op_Read.ap_auto.i18, i18 %p_read1" [firmware/BDT.cpp:4->firmware/BDT.cpp:4->firmware/BDT.h:89]   --->   Operation 12 'read' 'p_read11' <Predicate = true> <Delay = 0.00>
ST_1 : Operation 13 [1/1] (2.13ns)   --->   "%icmp_ln4 = icmp_slt  i18 %p_read11, i18 7040" [firmware/BDT.cpp:4->firmware/BDT.cpp:4->firmware/BDT.h:89]   --->   Operation 13 'icmp' 'icmp_ln4' <Predicate = true> <Delay = 2.13> <CoreInst = "Cmp">   --->   Core 9 'Cmp' <Latency = 0> <II = 1> <Delay = 2.13> <FuncUnit> <Opcode : 'icmp'> <InPorts = 2> <OutPorts = 1>
ST_1 : Operation 14 [1/1] (2.13ns)   --->   "%icmp_ln4_66 = icmp_slt  i18 %p_read33, i18 65179" [firmware/BDT.cpp:4->firmware/BDT.cpp:4->firmware/BDT.h:89]   --->   Operation 14 'icmp' 'icmp_ln4_66' <Predicate = true> <Delay = 2.13> <CoreInst = "Cmp">   --->   Core 9 'Cmp' <Latency = 0> <II = 1> <Delay = 2.13> <FuncUnit> <Opcode : 'icmp'> <InPorts = 2> <OutPorts = 1>
ST_1 : Operation 15 [1/1] (2.13ns)   --->   "%icmp_ln4_67 = icmp_slt  i18 %p_read44, i18 59384" [firmware/BDT.cpp:4->firmware/BDT.cpp:4->firmware/BDT.h:89]   --->   Operation 15 'icmp' 'icmp_ln4_67' <Predicate = true> <Delay = 2.13> <CoreInst = "Cmp">   --->   Core 9 'Cmp' <Latency = 0> <II = 1> <Delay = 2.13> <FuncUnit> <Opcode : 'icmp'> <InPorts = 2> <OutPorts = 1>
ST_1 : Operation 16 [1/1] (2.13ns)   --->   "%icmp_ln4_68 = icmp_slt  i18 %p_read44, i18 67576" [firmware/BDT.cpp:4->firmware/BDT.cpp:4->firmware/BDT.h:89]   --->   Operation 16 'icmp' 'icmp_ln4_68' <Predicate = true> <Delay = 2.13> <CoreInst = "Cmp">   --->   Core 9 'Cmp' <Latency = 0> <II = 1> <Delay = 2.13> <FuncUnit> <Opcode : 'icmp'> <InPorts = 2> <OutPorts = 1>
ST_1 : Operation 17 [1/1] (2.13ns)   --->   "%icmp_ln4_69 = icmp_slt  i18 %p_read11, i18 4480" [firmware/BDT.cpp:4->firmware/BDT.cpp:4->firmware/BDT.h:89]   --->   Operation 17 'icmp' 'icmp_ln4_69' <Predicate = true> <Delay = 2.13> <CoreInst = "Cmp">   --->   Core 9 'Cmp' <Latency = 0> <II = 1> <Delay = 2.13> <FuncUnit> <Opcode : 'icmp'> <InPorts = 2> <OutPorts = 1>
ST_1 : Operation 18 [1/1] (2.13ns)   --->   "%icmp_ln4_70 = icmp_slt  i18 %p_read55, i18 352" [firmware/BDT.cpp:4->firmware/BDT.cpp:4->firmware/BDT.h:89]   --->   Operation 18 'icmp' 'icmp_ln4_70' <Predicate = true> <Delay = 2.13> <CoreInst = "Cmp">   --->   Core 9 'Cmp' <Latency = 0> <II = 1> <Delay = 2.13> <FuncUnit> <Opcode : 'icmp'> <InPorts = 2> <OutPorts = 1>
ST_1 : Operation 19 [1/1] (2.13ns)   --->   "%icmp_ln4_71 = icmp_slt  i18 %p_read55, i18 1876" [firmware/BDT.cpp:4->firmware/BDT.cpp:4->firmware/BDT.h:89]   --->   Operation 19 'icmp' 'icmp_ln4_71' <Predicate = true> <Delay = 2.13> <CoreInst = "Cmp">   --->   Core 9 'Cmp' <Latency = 0> <II = 1> <Delay = 2.13> <FuncUnit> <Opcode : 'icmp'> <InPorts = 2> <OutPorts = 1>
ST_1 : Operation 20 [1/1] (2.13ns)   --->   "%icmp_ln4_72 = icmp_slt  i18 %p_read22, i18 10112" [firmware/BDT.cpp:4->firmware/BDT.cpp:4->firmware/BDT.h:89]   --->   Operation 20 'icmp' 'icmp_ln4_72' <Predicate = true> <Delay = 2.13> <CoreInst = "Cmp">   --->   Core 9 'Cmp' <Latency = 0> <II = 1> <Delay = 2.13> <FuncUnit> <Opcode : 'icmp'> <InPorts = 2> <OutPorts = 1>
ST_1 : Operation 21 [1/1] (2.13ns)   --->   "%icmp_ln4_73 = icmp_slt  i18 %p_read11, i18 4736" [firmware/BDT.cpp:4->firmware/BDT.cpp:4->firmware/BDT.h:89]   --->   Operation 21 'icmp' 'icmp_ln4_73' <Predicate = true> <Delay = 2.13> <CoreInst = "Cmp">   --->   Core 9 'Cmp' <Latency = 0> <II = 1> <Delay = 2.13> <FuncUnit> <Opcode : 'icmp'> <InPorts = 2> <OutPorts = 1>
ST_1 : Operation 22 [1/1] (2.13ns)   --->   "%icmp_ln4_74 = icmp_slt  i18 %p_read, i18 472" [firmware/BDT.cpp:4->firmware/BDT.cpp:4->firmware/BDT.h:89]   --->   Operation 22 'icmp' 'icmp_ln4_74' <Predicate = true> <Delay = 2.13> <CoreInst = "Cmp">   --->   Core 9 'Cmp' <Latency = 0> <II = 1> <Delay = 2.13> <FuncUnit> <Opcode : 'icmp'> <InPorts = 2> <OutPorts = 1>
ST_1 : Operation 23 [1/1] (2.13ns)   --->   "%icmp_ln4_75 = icmp_slt  i18 %p_read66, i18 3890" [firmware/BDT.cpp:4->firmware/BDT.cpp:4->firmware/BDT.h:89]   --->   Operation 23 'icmp' 'icmp_ln4_75' <Predicate = true> <Delay = 2.13> <CoreInst = "Cmp">   --->   Core 9 'Cmp' <Latency = 0> <II = 1> <Delay = 2.13> <FuncUnit> <Opcode : 'icmp'> <InPorts = 2> <OutPorts = 1>
ST_1 : Operation 24 [1/1] (2.13ns)   --->   "%icmp_ln4_76 = icmp_slt  i18 %p_read33, i18 24422" [firmware/BDT.cpp:4->firmware/BDT.cpp:4->firmware/BDT.h:89]   --->   Operation 24 'icmp' 'icmp_ln4_76' <Predicate = true> <Delay = 2.13> <CoreInst = "Cmp">   --->   Core 9 'Cmp' <Latency = 0> <II = 1> <Delay = 2.13> <FuncUnit> <Opcode : 'icmp'> <InPorts = 2> <OutPorts = 1>
ST_1 : Operation 25 [1/1] (2.13ns)   --->   "%icmp_ln4_77 = icmp_slt  i18 %p_read55, i18 903" [firmware/BDT.cpp:4->firmware/BDT.cpp:4->firmware/BDT.h:89]   --->   Operation 25 'icmp' 'icmp_ln4_77' <Predicate = true> <Delay = 2.13> <CoreInst = "Cmp">   --->   Core 9 'Cmp' <Latency = 0> <II = 1> <Delay = 2.13> <FuncUnit> <Opcode : 'icmp'> <InPorts = 2> <OutPorts = 1>
ST_1 : Operation 26 [1/1] (2.13ns)   --->   "%icmp_ln4_78 = icmp_slt  i18 %p_read66, i18 4056" [firmware/BDT.cpp:4->firmware/BDT.cpp:4->firmware/BDT.h:89]   --->   Operation 26 'icmp' 'icmp_ln4_78' <Predicate = true> <Delay = 2.13> <CoreInst = "Cmp">   --->   Core 9 'Cmp' <Latency = 0> <II = 1> <Delay = 2.13> <FuncUnit> <Opcode : 'icmp'> <InPorts = 2> <OutPorts = 1>
ST_1 : Operation 27 [1/1] (2.13ns)   --->   "%icmp_ln4_79 = icmp_slt  i18 %p_read22, i18 18816" [firmware/BDT.cpp:4->firmware/BDT.cpp:4->firmware/BDT.h:89]   --->   Operation 27 'icmp' 'icmp_ln4_79' <Predicate = true> <Delay = 2.13> <CoreInst = "Cmp">   --->   Core 9 'Cmp' <Latency = 0> <II = 1> <Delay = 2.13> <FuncUnit> <Opcode : 'icmp'> <InPorts = 2> <OutPorts = 1>

State 2 <SV = 1> <Delay = 2.93>
ST_2 : Operation 28 [1/1] (0.97ns)   --->   "%xor_ln107 = xor i1 %icmp_ln4, i1 1" [firmware/BDT.h:107]   --->   Operation 28 'xor' 'xor_ln107' <Predicate = true> <Delay = 0.97> <CoreInst = "LogicGate">   --->   Core 74 'LogicGate' <Latency = 0> <II = 1> <Delay = 0.97> <FuncUnit> <Opcode : 'and' 'or' 'xor'> <InPorts = 2> <OutPorts = 1>
ST_2 : Operation 29 [1/1] (0.97ns)   --->   "%and_ln105 = and i1 %icmp_ln4_66, i1 %icmp_ln4" [firmware/BDT.h:105]   --->   Operation 29 'and' 'and_ln105' <Predicate = (icmp_ln4)> <Delay = 0.97> <CoreInst = "LogicGate">   --->   Core 74 'LogicGate' <Latency = 0> <II = 1> <Delay = 0.97> <FuncUnit> <Opcode : 'and' 'or' 'xor'> <InPorts = 2> <OutPorts = 1>
ST_2 : Operation 30 [1/1] (0.00ns) (grouped into LUT with out node and_ln107)   --->   "%xor_ln107_30 = xor i1 %icmp_ln4_66, i1 1" [firmware/BDT.h:107]   --->   Operation 30 'xor' 'xor_ln107_30' <Predicate = (icmp_ln4)> <Delay = 0.00> <CoreInst = "LogicGate">   --->   Core 74 'LogicGate' <Latency = 0> <II = 1> <Delay = 0.97> <FuncUnit> <Opcode : 'and' 'or' 'xor'> <InPorts = 2> <OutPorts = 1>
ST_2 : Operation 31 [1/1] (0.97ns) (out node of the LUT)   --->   "%and_ln107 = and i1 %icmp_ln4, i1 %xor_ln107_30" [firmware/BDT.h:107]   --->   Operation 31 'and' 'and_ln107' <Predicate = (icmp_ln4)> <Delay = 0.97> <CoreInst = "LogicGate">   --->   Core 74 'LogicGate' <Latency = 0> <II = 1> <Delay = 0.97> <FuncUnit> <Opcode : 'and' 'or' 'xor'> <InPorts = 2> <OutPorts = 1>
ST_2 : Operation 32 [1/1] (0.97ns)   --->   "%and_ln105_69 = and i1 %icmp_ln4_67, i1 %xor_ln107" [firmware/BDT.h:105]   --->   Operation 32 'and' 'and_ln105_69' <Predicate = true> <Delay = 0.97> <CoreInst = "LogicGate">   --->   Core 74 'LogicGate' <Latency = 0> <II = 1> <Delay = 0.97> <FuncUnit> <Opcode : 'and' 'or' 'xor'> <InPorts = 2> <OutPorts = 1>
ST_2 : Operation 33 [1/1] (0.00ns) (grouped into LUT with out node and_ln107_7)   --->   "%xor_ln107_31 = xor i1 %icmp_ln4_67, i1 1" [firmware/BDT.h:107]   --->   Operation 33 'xor' 'xor_ln107_31' <Predicate = true> <Delay = 0.00> <CoreInst = "LogicGate">   --->   Core 74 'LogicGate' <Latency = 0> <II = 1> <Delay = 0.97> <FuncUnit> <Opcode : 'and' 'or' 'xor'> <InPorts = 2> <OutPorts = 1>
ST_2 : Operation 34 [1/1] (0.97ns) (out node of the LUT)   --->   "%and_ln107_7 = and i1 %xor_ln107_31, i1 %xor_ln107" [firmware/BDT.h:107]   --->   Operation 34 'and' 'and_ln107_7' <Predicate = true> <Delay = 0.97> <CoreInst = "LogicGate">   --->   Core 74 'LogicGate' <Latency = 0> <II = 1> <Delay = 0.97> <FuncUnit> <Opcode : 'and' 'or' 'xor'> <InPorts = 2> <OutPorts = 1>
ST_2 : Operation 35 [1/1] (0.97ns)   --->   "%and_ln105_70 = and i1 %icmp_ln4_68, i1 %and_ln105" [firmware/BDT.h:105]   --->   Operation 35 'and' 'and_ln105_70' <Predicate = (icmp_ln4)> <Delay = 0.97> <CoreInst = "LogicGate">   --->   Core 74 'LogicGate' <Latency = 0> <II = 1> <Delay = 0.97> <FuncUnit> <Opcode : 'and' 'or' 'xor'> <InPorts = 2> <OutPorts = 1>
ST_2 : Operation 36 [1/1] (0.00ns) (grouped into LUT with out node or_ln120)   --->   "%xor_ln107_32 = xor i1 %icmp_ln4_68, i1 1" [firmware/BDT.h:107]   --->   Operation 36 'xor' 'xor_ln107_32' <Predicate = (icmp_ln4)> <Delay = 0.00> <CoreInst = "LogicGate">   --->   Core 74 'LogicGate' <Latency = 0> <II = 1> <Delay = 0.97> <FuncUnit> <Opcode : 'and' 'or' 'xor'> <InPorts = 2> <OutPorts = 1>
ST_2 : Operation 37 [1/1] (0.97ns)   --->   "%and_ln105_71 = and i1 %icmp_ln4_69, i1 %and_ln107" [firmware/BDT.h:105]   --->   Operation 37 'and' 'and_ln105_71' <Predicate = (icmp_ln4)> <Delay = 0.97> <CoreInst = "LogicGate">   --->   Core 74 'LogicGate' <Latency = 0> <II = 1> <Delay = 0.97> <FuncUnit> <Opcode : 'and' 'or' 'xor'> <InPorts = 2> <OutPorts = 1>
ST_2 : Operation 38 [1/1] (0.00ns) (grouped into LUT with out node or_ln120)   --->   "%and_ln105_75 = and i1 %icmp_ln4_73, i1 %xor_ln107_32" [firmware/BDT.h:105]   --->   Operation 38 'and' 'and_ln105_75' <Predicate = (icmp_ln4)> <Delay = 0.00> <CoreInst = "LogicGate">   --->   Core 74 'LogicGate' <Latency = 0> <II = 1> <Delay = 0.97> <FuncUnit> <Opcode : 'and' 'or' 'xor'> <InPorts = 2> <OutPorts = 1>
ST_2 : Operation 39 [1/1] (0.00ns) (grouped into LUT with out node or_ln120)   --->   "%and_ln105_76 = and i1 %and_ln105_75, i1 %and_ln105" [firmware/BDT.h:105]   --->   Operation 39 'and' 'and_ln105_76' <Predicate = (icmp_ln4)> <Delay = 0.00> <CoreInst = "LogicGate">   --->   Core 74 'LogicGate' <Latency = 0> <II = 1> <Delay = 0.97> <FuncUnit> <Opcode : 'and' 'or' 'xor'> <InPorts = 2> <OutPorts = 1>
ST_2 : Operation 40 [1/1] (0.97ns) (out node of the LUT)   --->   "%or_ln120 = or i1 %and_ln105_70, i1 %and_ln105_76" [firmware/BDT.h:120]   --->   Operation 40 'or' 'or_ln120' <Predicate = (icmp_ln4)> <Delay = 0.97> <CoreInst = "LogicGate">   --->   Core 74 'LogicGate' <Latency = 0> <II = 1> <Delay = 0.97> <FuncUnit> <Opcode : 'and' 'or' 'xor'> <InPorts = 2> <OutPorts = 1>

State 3 <SV = 2> <Delay = 2.99>
ST_3 : Operation 41 [1/1] (0.00ns) (grouped into LUT with out node select_ln120_67)   --->   "%xor_ln107_33 = xor i1 %icmp_ln4_69, i1 1" [firmware/BDT.h:107]   --->   Operation 41 'xor' 'xor_ln107_33' <Predicate = (icmp_ln4)> <Delay = 0.00> <CoreInst = "LogicGate">   --->   Core 74 'LogicGate' <Latency = 0> <II = 1> <Delay = 0.97> <FuncUnit> <Opcode : 'and' 'or' 'xor'> <InPorts = 2> <OutPorts = 1>
ST_3 : Operation 42 [1/1] (0.97ns)   --->   "%and_ln105_72 = and i1 %icmp_ln4_70, i1 %and_ln105_69" [firmware/BDT.h:105]   --->   Operation 42 'and' 'and_ln105_72' <Predicate = true> <Delay = 0.97> <CoreInst = "LogicGate">   --->   Core 74 'LogicGate' <Latency = 0> <II = 1> <Delay = 0.97> <FuncUnit> <Opcode : 'and' 'or' 'xor'> <InPorts = 2> <OutPorts = 1>
ST_3 : Operation 43 [1/1] (0.00ns) (grouped into LUT with out node select_ln120_63)   --->   "%and_ln105_74 = and i1 %icmp_ln4_72, i1 %and_ln105_70" [firmware/BDT.h:105]   --->   Operation 43 'and' 'and_ln105_74' <Predicate = (and_ln105_70 & and_ln105 & icmp_ln4 & or_ln120)> <Delay = 0.00> <CoreInst = "LogicGate">   --->   Core 74 'LogicGate' <Latency = 0> <II = 1> <Delay = 0.97> <FuncUnit> <Opcode : 'and' 'or' 'xor'> <InPorts = 2> <OutPorts = 1>
ST_3 : Operation 44 [1/1] (0.00ns) (grouped into LUT with out node select_ln120_65)   --->   "%and_ln105_77 = and i1 %icmp_ln4_74, i1 %and_ln105_71" [firmware/BDT.h:105]   --->   Operation 44 'and' 'and_ln105_77' <Predicate = (icmp_ln4)> <Delay = 0.00> <CoreInst = "LogicGate">   --->   Core 74 'LogicGate' <Latency = 0> <II = 1> <Delay = 0.97> <FuncUnit> <Opcode : 'and' 'or' 'xor'> <InPorts = 2> <OutPorts = 1>
ST_3 : Operation 45 [1/1] (0.00ns) (grouped into LUT with out node select_ln120_67)   --->   "%and_ln105_78 = and i1 %icmp_ln4_75, i1 %xor_ln107_33" [firmware/BDT.h:105]   --->   Operation 45 'and' 'and_ln105_78' <Predicate = (icmp_ln4)> <Delay = 0.00> <CoreInst = "LogicGate">   --->   Core 74 'LogicGate' <Latency = 0> <II = 1> <Delay = 0.97> <FuncUnit> <Opcode : 'and' 'or' 'xor'> <InPorts = 2> <OutPorts = 1>
ST_3 : Operation 46 [1/1] (0.00ns) (grouped into LUT with out node select_ln120_67)   --->   "%and_ln105_79 = and i1 %and_ln105_78, i1 %and_ln107" [firmware/BDT.h:105]   --->   Operation 46 'and' 'and_ln105_79' <Predicate = (icmp_ln4)> <Delay = 0.00> <CoreInst = "LogicGate">   --->   Core 74 'LogicGate' <Latency = 0> <II = 1> <Delay = 0.97> <FuncUnit> <Opcode : 'and' 'or' 'xor'> <InPorts = 2> <OutPorts = 1>
ST_3 : Operation 47 [1/1] (0.00ns) (grouped into LUT with out node select_ln120_65)   --->   "%or_ln120_53 = or i1 %and_ln105, i1 %and_ln105_77" [firmware/BDT.h:120]   --->   Operation 47 'or' 'or_ln120_53' <Predicate = (icmp_ln4)> <Delay = 0.00> <CoreInst = "LogicGate">   --->   Core 74 'LogicGate' <Latency = 0> <II = 1> <Delay = 0.97> <FuncUnit> <Opcode : 'and' 'or' 'xor'> <InPorts = 2> <OutPorts = 1>
ST_3 : Operation 48 [1/1] (0.97ns)   --->   "%or_ln120_54 = or i1 %and_ln105, i1 %and_ln105_71" [firmware/BDT.h:120]   --->   Operation 48 'or' 'or_ln120_54' <Predicate = (icmp_ln4)> <Delay = 0.97> <CoreInst = "LogicGate">   --->   Core 74 'LogicGate' <Latency = 0> <II = 1> <Delay = 0.97> <FuncUnit> <Opcode : 'and' 'or' 'xor'> <InPorts = 2> <OutPorts = 1>
ST_3 : Operation 49 [1/1] (0.00ns) (grouped into LUT with out node select_ln120_67)   --->   "%or_ln120_55 = or i1 %or_ln120_54, i1 %and_ln105_79" [firmware/BDT.h:120]   --->   Operation 49 'or' 'or_ln120_55' <Predicate = (icmp_ln4)> <Delay = 0.00> <CoreInst = "LogicGate">   --->   Core 74 'LogicGate' <Latency = 0> <II = 1> <Delay = 0.97> <FuncUnit> <Opcode : 'and' 'or' 'xor'> <InPorts = 2> <OutPorts = 1>
ST_3 : Operation 50 [1/1] (0.97ns)   --->   "%or_ln120_57 = or i1 %icmp_ln4, i1 %and_ln105_72" [firmware/BDT.h:120]   --->   Operation 50 'or' 'or_ln120_57' <Predicate = true> <Delay = 0.97> <CoreInst = "LogicGate">   --->   Core 74 'LogicGate' <Latency = 0> <II = 1> <Delay = 0.97> <FuncUnit> <Opcode : 'and' 'or' 'xor'> <InPorts = 2> <OutPorts = 1>
ST_3 : Operation 51 [1/1] (0.00ns) (grouped into LUT with out node select_ln120_63)   --->   "%xor_ln120 = xor i1 %and_ln105_74, i1 1" [firmware/BDT.h:120]   --->   Operation 51 'xor' 'xor_ln120' <Predicate = (and_ln105_70 & and_ln105 & icmp_ln4 & or_ln120)> <Delay = 0.00> <CoreInst = "LogicGate">   --->   Core 74 'LogicGate' <Latency = 0> <II = 1> <Delay = 0.97> <FuncUnit> <Opcode : 'and' 'or' 'xor'> <InPorts = 2> <OutPorts = 1>
ST_3 : Operation 52 [1/1] (0.00ns) (grouped into LUT with out node select_ln120_63)   --->   "%zext_ln120 = zext i1 %xor_ln120" [firmware/BDT.h:120]   --->   Operation 52 'zext' 'zext_ln120' <Predicate = (and_ln105_70 & and_ln105 & icmp_ln4 & or_ln120)> <Delay = 0.00>
ST_3 : Operation 53 [1/1] (0.00ns) (grouped into LUT with out node select_ln120_63)   --->   "%select_ln120 = select i1 %and_ln105_70, i2 %zext_ln120, i2 2" [firmware/BDT.h:120]   --->   Operation 53 'select' 'select_ln120' <Predicate = (and_ln105 & icmp_ln4 & or_ln120)> <Delay = 0.00> <CoreInst = "Sel">   --->   Core 73 'Sel' <Latency = 0> <II = 1> <Delay = 0.99> <FuncUnit> <Opcode : 'select'> <InPorts = 3> <OutPorts = 1>
ST_3 : Operation 54 [1/1] (0.00ns) (grouped into LUT with out node select_ln120_63)   --->   "%select_ln120_62 = select i1 %or_ln120, i2 %select_ln120, i2 3" [firmware/BDT.h:120]   --->   Operation 54 'select' 'select_ln120_62' <Predicate = (and_ln105 & icmp_ln4)> <Delay = 0.00> <CoreInst = "Sel">   --->   Core 73 'Sel' <Latency = 0> <II = 1> <Delay = 0.99> <FuncUnit> <Opcode : 'select'> <InPorts = 3> <OutPorts = 1>
ST_3 : Operation 55 [1/1] (0.00ns) (grouped into LUT with out node select_ln120_63)   --->   "%zext_ln120_11 = zext i2 %select_ln120_62" [firmware/BDT.h:120]   --->   Operation 55 'zext' 'zext_ln120_11' <Predicate = (and_ln105 & icmp_ln4)> <Delay = 0.00>
ST_3 : Operation 56 [1/1] (0.99ns) (out node of the LUT)   --->   "%select_ln120_63 = select i1 %and_ln105, i3 %zext_ln120_11, i3 4" [firmware/BDT.h:120]   --->   Operation 56 'select' 'select_ln120_63' <Predicate = (icmp_ln4)> <Delay = 0.99> <CoreInst = "Sel">   --->   Core 73 'Sel' <Latency = 0> <II = 1> <Delay = 0.98> <FuncUnit> <Opcode : 'select'> <InPorts = 3> <OutPorts = 1>
ST_3 : Operation 57 [1/1] (0.00ns) (grouped into LUT with out node select_ln120_65)   --->   "%select_ln120_64 = select i1 %or_ln120_53, i3 %select_ln120_63, i3 5" [firmware/BDT.h:120]   --->   Operation 57 'select' 'select_ln120_64' <Predicate = (icmp_ln4)> <Delay = 0.00> <CoreInst = "Sel">   --->   Core 73 'Sel' <Latency = 0> <II = 1> <Delay = 0.98> <FuncUnit> <Opcode : 'select'> <InPorts = 3> <OutPorts = 1>
ST_3 : Operation 58 [1/1] (0.98ns) (out node of the LUT)   --->   "%select_ln120_65 = select i1 %or_ln120_54, i3 %select_ln120_64, i3 6" [firmware/BDT.h:120]   --->   Operation 58 'select' 'select_ln120_65' <Predicate = (icmp_ln4)> <Delay = 0.98> <CoreInst = "Sel">   --->   Core 73 'Sel' <Latency = 0> <II = 1> <Delay = 0.98> <FuncUnit> <Opcode : 'select'> <InPorts = 3> <OutPorts = 1>
ST_3 : Operation 59 [1/1] (0.00ns) (grouped into LUT with out node select_ln120_67)   --->   "%select_ln120_66 = select i1 %or_ln120_55, i3 %select_ln120_65, i3 7" [firmware/BDT.h:120]   --->   Operation 59 'select' 'select_ln120_66' <Predicate = (icmp_ln4)> <Delay = 0.00> <CoreInst = "Sel">   --->   Core 73 'Sel' <Latency = 0> <II = 1> <Delay = 0.98> <FuncUnit> <Opcode : 'select'> <InPorts = 3> <OutPorts = 1>
ST_3 : Operation 60 [1/1] (0.00ns) (grouped into LUT with out node select_ln120_67)   --->   "%zext_ln120_12 = zext i3 %select_ln120_66" [firmware/BDT.h:120]   --->   Operation 60 'zext' 'zext_ln120_12' <Predicate = (icmp_ln4)> <Delay = 0.00>
ST_3 : Operation 61 [1/1] (1.02ns) (out node of the LUT)   --->   "%select_ln120_67 = select i1 %icmp_ln4, i4 %zext_ln120_12, i4 8" [firmware/BDT.h:120]   --->   Operation 61 'select' 'select_ln120_67' <Predicate = true> <Delay = 1.02> <CoreInst = "Sel">   --->   Core 73 'Sel' <Latency = 0> <II = 1> <Delay = 1.02> <FuncUnit> <Opcode : 'select'> <InPorts = 3> <OutPorts = 1>

State 4 <SV = 3> <Delay = 3.07>
ST_4 : Operation 62 [1/1] (0.00ns) (grouped into LUT with out node select_ln120_71)   --->   "%xor_ln107_34 = xor i1 %icmp_ln4_70, i1 1" [firmware/BDT.h:107]   --->   Operation 62 'xor' 'xor_ln107_34' <Predicate = true> <Delay = 0.00> <CoreInst = "LogicGate">   --->   Core 74 'LogicGate' <Latency = 0> <II = 1> <Delay = 0.97> <FuncUnit> <Opcode : 'and' 'or' 'xor'> <InPorts = 2> <OutPorts = 1>
ST_4 : Operation 63 [1/1] (0.97ns)   --->   "%and_ln105_73 = and i1 %icmp_ln4_71, i1 %and_ln107_7" [firmware/BDT.h:105]   --->   Operation 63 'and' 'and_ln105_73' <Predicate = true> <Delay = 0.97> <CoreInst = "LogicGate">   --->   Core 74 'LogicGate' <Latency = 0> <II = 1> <Delay = 0.97> <FuncUnit> <Opcode : 'and' 'or' 'xor'> <InPorts = 2> <OutPorts = 1>
ST_4 : Operation 64 [1/1] (0.00ns) (grouped into LUT with out node select_ln120_69)   --->   "%and_ln105_80 = and i1 %icmp_ln4_76, i1 %and_ln105_72" [firmware/BDT.h:105]   --->   Operation 64 'and' 'and_ln105_80' <Predicate = (or_ln120_57)> <Delay = 0.00> <CoreInst = "LogicGate">   --->   Core 74 'LogicGate' <Latency = 0> <II = 1> <Delay = 0.97> <FuncUnit> <Opcode : 'and' 'or' 'xor'> <InPorts = 2> <OutPorts = 1>
ST_4 : Operation 65 [1/1] (0.00ns) (grouped into LUT with out node select_ln120_71)   --->   "%and_ln105_81 = and i1 %icmp_ln4_77, i1 %xor_ln107_34" [firmware/BDT.h:105]   --->   Operation 65 'and' 'and_ln105_81' <Predicate = true> <Delay = 0.00> <CoreInst = "LogicGate">   --->   Core 74 'LogicGate' <Latency = 0> <II = 1> <Delay = 0.97> <FuncUnit> <Opcode : 'and' 'or' 'xor'> <InPorts = 2> <OutPorts = 1>
ST_4 : Operation 66 [1/1] (0.00ns) (grouped into LUT with out node select_ln120_71)   --->   "%and_ln105_82 = and i1 %and_ln105_81, i1 %and_ln105_69" [firmware/BDT.h:105]   --->   Operation 66 'and' 'and_ln105_82' <Predicate = true> <Delay = 0.00> <CoreInst = "LogicGate">   --->   Core 74 'LogicGate' <Latency = 0> <II = 1> <Delay = 0.97> <FuncUnit> <Opcode : 'and' 'or' 'xor'> <InPorts = 2> <OutPorts = 1>
ST_4 : Operation 67 [1/1] (0.00ns) (grouped into LUT with out node select_ln120_73)   --->   "%and_ln105_83 = and i1 %icmp_ln4_78, i1 %and_ln105_73" [firmware/BDT.h:105]   --->   Operation 67 'and' 'and_ln105_83' <Predicate = true> <Delay = 0.00> <CoreInst = "LogicGate">   --->   Core 74 'LogicGate' <Latency = 0> <II = 1> <Delay = 0.97> <FuncUnit> <Opcode : 'and' 'or' 'xor'> <InPorts = 2> <OutPorts = 1>
ST_4 : Operation 68 [1/1] (0.00ns) (grouped into LUT with out node select_ln120_69)   --->   "%or_ln120_56 = or i1 %icmp_ln4, i1 %and_ln105_80" [firmware/BDT.h:120]   --->   Operation 68 'or' 'or_ln120_56' <Predicate = (or_ln120_57)> <Delay = 0.00> <CoreInst = "LogicGate">   --->   Core 74 'LogicGate' <Latency = 0> <II = 1> <Delay = 0.97> <FuncUnit> <Opcode : 'and' 'or' 'xor'> <InPorts = 2> <OutPorts = 1>
ST_4 : Operation 69 [1/1] (0.00ns) (grouped into LUT with out node select_ln120_71)   --->   "%or_ln120_58 = or i1 %or_ln120_57, i1 %and_ln105_82" [firmware/BDT.h:120]   --->   Operation 69 'or' 'or_ln120_58' <Predicate = true> <Delay = 0.00> <CoreInst = "LogicGate">   --->   Core 74 'LogicGate' <Latency = 0> <II = 1> <Delay = 0.97> <FuncUnit> <Opcode : 'and' 'or' 'xor'> <InPorts = 2> <OutPorts = 1>
ST_4 : Operation 70 [1/1] (0.97ns)   --->   "%or_ln120_59 = or i1 %icmp_ln4, i1 %and_ln105_69" [firmware/BDT.h:120]   --->   Operation 70 'or' 'or_ln120_59' <Predicate = true> <Delay = 0.97> <CoreInst = "LogicGate">   --->   Core 74 'LogicGate' <Latency = 0> <II = 1> <Delay = 0.97> <FuncUnit> <Opcode : 'and' 'or' 'xor'> <InPorts = 2> <OutPorts = 1>
ST_4 : Operation 71 [1/1] (0.00ns) (grouped into LUT with out node select_ln120_73)   --->   "%or_ln120_60 = or i1 %or_ln120_59, i1 %and_ln105_83" [firmware/BDT.h:120]   --->   Operation 71 'or' 'or_ln120_60' <Predicate = true> <Delay = 0.00> <CoreInst = "LogicGate">   --->   Core 74 'LogicGate' <Latency = 0> <II = 1> <Delay = 0.97> <FuncUnit> <Opcode : 'and' 'or' 'xor'> <InPorts = 2> <OutPorts = 1>
ST_4 : Operation 72 [1/1] (0.97ns)   --->   "%or_ln120_61 = or i1 %or_ln120_59, i1 %and_ln105_73" [firmware/BDT.h:120]   --->   Operation 72 'or' 'or_ln120_61' <Predicate = true> <Delay = 0.97> <CoreInst = "LogicGate">   --->   Core 74 'LogicGate' <Latency = 0> <II = 1> <Delay = 0.97> <FuncUnit> <Opcode : 'and' 'or' 'xor'> <InPorts = 2> <OutPorts = 1>
ST_4 : Operation 73 [1/1] (0.00ns) (grouped into LUT with out node select_ln120_69)   --->   "%select_ln120_68 = select i1 %or_ln120_56, i4 %select_ln120_67, i4 9" [firmware/BDT.h:120]   --->   Operation 73 'select' 'select_ln120_68' <Predicate = (or_ln120_57)> <Delay = 0.00> <CoreInst = "Sel">   --->   Core 73 'Sel' <Latency = 0> <II = 1> <Delay = 1.02> <FuncUnit> <Opcode : 'select'> <InPorts = 3> <OutPorts = 1>
ST_4 : Operation 74 [1/1] (1.02ns) (out node of the LUT)   --->   "%select_ln120_69 = select i1 %or_ln120_57, i4 %select_ln120_68, i4 10" [firmware/BDT.h:120]   --->   Operation 74 'select' 'select_ln120_69' <Predicate = true> <Delay = 1.02> <CoreInst = "Sel">   --->   Core 73 'Sel' <Latency = 0> <II = 1> <Delay = 1.02> <FuncUnit> <Opcode : 'select'> <InPorts = 3> <OutPorts = 1>
ST_4 : Operation 75 [1/1] (0.00ns) (grouped into LUT with out node select_ln120_71)   --->   "%select_ln120_70 = select i1 %or_ln120_58, i4 %select_ln120_69, i4 11" [firmware/BDT.h:120]   --->   Operation 75 'select' 'select_ln120_70' <Predicate = true> <Delay = 0.00> <CoreInst = "Sel">   --->   Core 73 'Sel' <Latency = 0> <II = 1> <Delay = 1.02> <FuncUnit> <Opcode : 'select'> <InPorts = 3> <OutPorts = 1>
ST_4 : Operation 76 [1/1] (1.02ns) (out node of the LUT)   --->   "%select_ln120_71 = select i1 %or_ln120_59, i4 %select_ln120_70, i4 12" [firmware/BDT.h:120]   --->   Operation 76 'select' 'select_ln120_71' <Predicate = true> <Delay = 1.02> <CoreInst = "Sel">   --->   Core 73 'Sel' <Latency = 0> <II = 1> <Delay = 1.02> <FuncUnit> <Opcode : 'select'> <InPorts = 3> <OutPorts = 1>
ST_4 : Operation 77 [1/1] (0.00ns) (grouped into LUT with out node select_ln120_73)   --->   "%select_ln120_72 = select i1 %or_ln120_60, i4 %select_ln120_71, i4 13" [firmware/BDT.h:120]   --->   Operation 77 'select' 'select_ln120_72' <Predicate = true> <Delay = 0.00> <CoreInst = "Sel">   --->   Core 73 'Sel' <Latency = 0> <II = 1> <Delay = 1.02> <FuncUnit> <Opcode : 'select'> <InPorts = 3> <OutPorts = 1>
ST_4 : Operation 78 [1/1] (1.02ns) (out node of the LUT)   --->   "%select_ln120_73 = select i1 %or_ln120_61, i4 %select_ln120_72, i4 14" [firmware/BDT.h:120]   --->   Operation 78 'select' 'select_ln120_73' <Predicate = true> <Delay = 1.02> <CoreInst = "Sel">   --->   Core 73 'Sel' <Latency = 0> <II = 1> <Delay = 1.02> <FuncUnit> <Opcode : 'select'> <InPorts = 3> <OutPorts = 1>

State 5 <SV = 4> <Delay = 2.06>
ST_5 : Operation 79 [1/1] (0.00ns)   --->   "%specpipeline_ln0 = specpipeline void @_ssdm_op_SpecPipeline, i32 1, i32 0, i32 0, i32 0, void @empty_12"   --->   Operation 79 'specpipeline' 'specpipeline_ln0' <Predicate = true> <Delay = 0.00>
ST_5 : Operation 80 [1/1] (0.00ns) (grouped into LUT with out node agg_result)   --->   "%xor_ln107_35 = xor i1 %icmp_ln4_71, i1 1" [firmware/BDT.h:107]   --->   Operation 80 'xor' 'xor_ln107_35' <Predicate = true> <Delay = 0.00> <CoreInst = "LogicGate">   --->   Core 74 'LogicGate' <Latency = 0> <II = 1> <Delay = 0.97> <FuncUnit> <Opcode : 'and' 'or' 'xor'> <InPorts = 2> <OutPorts = 1>
ST_5 : Operation 81 [1/1] (0.00ns) (grouped into LUT with out node agg_result)   --->   "%and_ln105_84 = and i1 %icmp_ln4_79, i1 %xor_ln107_35" [firmware/BDT.h:105]   --->   Operation 81 'and' 'and_ln105_84' <Predicate = true> <Delay = 0.00> <CoreInst = "LogicGate">   --->   Core 74 'LogicGate' <Latency = 0> <II = 1> <Delay = 0.97> <FuncUnit> <Opcode : 'and' 'or' 'xor'> <InPorts = 2> <OutPorts = 1>
ST_5 : Operation 82 [1/1] (0.00ns) (grouped into LUT with out node agg_result)   --->   "%and_ln105_85 = and i1 %and_ln105_84, i1 %and_ln107_7" [firmware/BDT.h:105]   --->   Operation 82 'and' 'and_ln105_85' <Predicate = true> <Delay = 0.00> <CoreInst = "LogicGate">   --->   Core 74 'LogicGate' <Latency = 0> <II = 1> <Delay = 0.97> <FuncUnit> <Opcode : 'and' 'or' 'xor'> <InPorts = 2> <OutPorts = 1>
ST_5 : Operation 83 [1/1] (0.00ns) (grouped into LUT with out node agg_result)   --->   "%or_ln120_62 = or i1 %or_ln120_61, i1 %and_ln105_85" [firmware/BDT.h:120]   --->   Operation 83 'or' 'or_ln120_62' <Predicate = true> <Delay = 0.00> <CoreInst = "LogicGate">   --->   Core 74 'LogicGate' <Latency = 0> <II = 1> <Delay = 0.97> <FuncUnit> <Opcode : 'and' 'or' 'xor'> <InPorts = 2> <OutPorts = 1>
ST_5 : Operation 84 [1/1] (0.00ns) (grouped into LUT with out node agg_result)   --->   "%select_ln120_74 = select i1 %or_ln120_62, i4 %select_ln120_73, i4 15" [firmware/BDT.h:120]   --->   Operation 84 'select' 'select_ln120_74' <Predicate = true> <Delay = 0.00> <CoreInst = "Sel">   --->   Core 73 'Sel' <Latency = 0> <II = 1> <Delay = 1.02> <FuncUnit> <Opcode : 'select'> <InPorts = 3> <OutPorts = 1>
ST_5 : Operation 85 [1/1] (2.06ns) (out node of the LUT)   --->   "%agg_result = sparsemux i12 @_ssdm_op_SparseMux.ap_auto.16i12.i12.i4, i4 0, i12 2955, i4 1, i12 3069, i4 2, i12 3098, i4 3, i12 3812, i4 4, i12 3802, i4 5, i12 3169, i4 6, i12 605, i4 7, i12 3322, i4 8, i12 3445, i4 9, i12 630, i4 10, i12 3529, i4 11, i12 2999, i4 12, i12 1073, i4 13, i12 4030, i4 14, i12 3248, i4 15, i12 58, i12 0, i4 %select_ln120_74" [firmware/BDT.h:121]   --->   Operation 85 'sparsemux' 'agg_result' <Predicate = true> <Delay = 2.06> <CoreInst = "SparseMux">   --->   Core 135 'SparseMux' <Latency = 0> <II = 1> <Delay = 2.06> <FuncUnit> <Opcode : 'sparsemux'> <InPorts = 2> <OutPorts = 1>
ST_5 : Operation 86 [1/1] (0.00ns)   --->   "%ret_ln125 = ret i12 %agg_result" [firmware/BDT.h:125]   --->   Operation 86 'ret' 'ret_ln125' <Predicate = true> <Delay = 0.00>


============================================================
+ Verbose Summary: Timing violations
============================================================
Target clock period: 5.000ns, clock uncertainty: 1.350ns.

 <State 1>: 2.136ns
The critical path consists of the following:
	wire read operation ('p_read11', firmware/BDT.cpp:4->firmware/BDT.cpp:4->firmware/BDT.h:89) on port 'p_read1' (firmware/BDT.cpp:4->firmware/BDT.cpp:4->firmware/BDT.h:89) [15]  (0.000 ns)
	'icmp' operation 1 bit ('icmp_ln4', firmware/BDT.cpp:4->firmware/BDT.cpp:4->firmware/BDT.h:89) [16]  (2.136 ns)

 <State 2>: 2.934ns
The critical path consists of the following:
	'and' operation 1 bit ('and_ln105', firmware/BDT.h:105) [32]  (0.978 ns)
	'and' operation 1 bit ('and_ln105_70', firmware/BDT.h:105) [38]  (0.978 ns)
	'or' operation 1 bit ('or_ln120', firmware/BDT.h:120) [58]  (0.978 ns)

 <State 3>: 2.997ns
The critical path consists of the following:
	'and' operation 1 bit ('and_ln105_74', firmware/BDT.h:105) [46]  (0.000 ns)
	'xor' operation 1 bit ('xor_ln120', firmware/BDT.h:120) [69]  (0.000 ns)
	'select' operation 2 bit ('select_ln120', firmware/BDT.h:120) [71]  (0.000 ns)
	'select' operation 2 bit ('select_ln120_62', firmware/BDT.h:120) [72]  (0.000 ns)
	'select' operation 3 bit ('select_ln120_63', firmware/BDT.h:120) [74]  (0.993 ns)
	'select' operation 3 bit ('select_ln120_64', firmware/BDT.h:120) [75]  (0.000 ns)
	'select' operation 3 bit ('select_ln120_65', firmware/BDT.h:120) [76]  (0.980 ns)
	'select' operation 3 bit ('select_ln120_66', firmware/BDT.h:120) [77]  (0.000 ns)
	'select' operation 4 bit ('select_ln120_67', firmware/BDT.h:120) [79]  (1.024 ns)

 <State 4>: 3.072ns
The critical path consists of the following:
	'and' operation 1 bit ('and_ln105_80', firmware/BDT.h:105) [52]  (0.000 ns)
	'or' operation 1 bit ('or_ln120_56', firmware/BDT.h:120) [62]  (0.000 ns)
	'select' operation 4 bit ('select_ln120_68', firmware/BDT.h:120) [80]  (0.000 ns)
	'select' operation 4 bit ('select_ln120_69', firmware/BDT.h:120) [81]  (1.024 ns)
	'select' operation 4 bit ('select_ln120_70', firmware/BDT.h:120) [82]  (0.000 ns)
	'select' operation 4 bit ('select_ln120_71', firmware/BDT.h:120) [83]  (1.024 ns)
	'select' operation 4 bit ('select_ln120_72', firmware/BDT.h:120) [84]  (0.000 ns)
	'select' operation 4 bit ('select_ln120_73', firmware/BDT.h:120) [85]  (1.024 ns)

 <State 5>: 2.064ns
The critical path consists of the following:
	'xor' operation 1 bit ('xor_ln107_35', firmware/BDT.h:107) [45]  (0.000 ns)
	'and' operation 1 bit ('and_ln105_84', firmware/BDT.h:105) [56]  (0.000 ns)
	'and' operation 1 bit ('and_ln105_85', firmware/BDT.h:105) [57]  (0.000 ns)
	'or' operation 1 bit ('or_ln120_62', firmware/BDT.h:120) [68]  (0.000 ns)
	'select' operation 4 bit ('select_ln120_74', firmware/BDT.h:120) [86]  (0.000 ns)
	'sparsemux' operation 12 bit ('agg_result', firmware/BDT.h:121) [87]  (2.064 ns)


============================================================
+ Verbose Summary: Binding
============================================================
N/A
* FSMD analyzer results:
  - Output states:
 - Input state : 
  - Chain level:
	State 1
	State 2
	State 3
	State 4
	State 5


============================================================
+ Verbose Summary: Datapath Resource usage 
============================================================
N/A
