

================================================================
== Vitis HLS Report for 'decision_function_ap_fixed_18_8_5_3_0_ap_fixed_18_8_5_3_0_9'
================================================================
* Date:           Fri Sep 19 13:39:59 2025

* Version:        2023.2 (Build 4023990 on Oct 11 2023)
* Project:        conifer_xgboost_moons
* Solution:       solution1 (Vivado IP Flow Target)
* Product family: zynq
* Target device:  xc7z020-clg400-1


================================================================
== Performance Estimates
================================================================
+ Timing: 
    * Summary: 
    +--------+---------+----------+------------+
    |  Clock |  Target | Estimated| Uncertainty|
    +--------+---------+----------+------------+
    |ap_clk  |  5.00 ns|  3.114 ns|     1.35 ns|
    +--------+---------+----------+------------+

+ Latency: 
    * Summary: 
    +---------+---------+-----------+-----------+-----+-----+---------+
    |  Latency (cycles) |   Latency (absolute)  |  Interval | Pipeline|
    |   min   |   max   |    min    |    max    | min | max |   Type  |
    +---------+---------+-----------+-----------+-----+-----+---------+
    |        3|        3|  15.000 ns|  15.000 ns|    1|    1|      yes|
    +---------+---------+-----------+-----------+-----+-----+---------+

    + Detail: 
        * Instance: 
        N/A

        * Loop: 
        N/A

============================================================
+ Verbose Summary: Synthesis Manager
============================================================
InlineROM: 1
ExposeGlobal: 0
============================================================
+ Verbose Summary: CDFG Model
============================================================
IsTopModel: 0
ResetActiveHigh: 1
IsCombinational: 0
IsDatapathOnly: 0
HasWiredReturn: 1
HasMFsm: 2
HasVarLatency: 0
IsPipeline: 1
IsRtlPipelined: 1
IsInstanceOverlapped: 0
IsDontTouch: 0
HasImplIP: 0
IsGatedGlobalClock: 0

+ Individual pipeline summary: 
  * Pipeline-0: initiation interval (II) = 1, depth = 4


============================================================
+ Verbose Summary: Schedule
============================================================
* Number of FSM states : 4
* Pipeline : 1
  Pipeline-0 : II = 1, D = 4, States = { 1 2 3 4 }
* Dataflow Pipeline: 0

* FSM state transitions: 
1 --> 2 
2 --> 3 
3 --> 4 
4 --> 

* FSM state operations: 

State 1 <SV = 0> <Delay = 3.11>
ST_1 : Operation 5 [1/1] (0.00ns)   --->   "%p_read = read i18 @_ssdm_op_Read.ap_auto.i18, i18 %p_read7" [firmware/BDT.cpp:0->firmware/BDT.h:89]   --->   Operation 5 'read' 'p_read' <Predicate = true> <Delay = 0.00>
ST_1 : Operation 6 [1/1] (0.00ns)   --->   "%p_read_1 = read i18 @_ssdm_op_Read.ap_auto.i18, i18 %p_read6" [firmware/BDT.cpp:0->firmware/BDT.h:89]   --->   Operation 6 'read' 'p_read_1' <Predicate = true> <Delay = 0.00>
ST_1 : Operation 7 [1/1] (0.00ns)   --->   "%p_read_2 = read i18 @_ssdm_op_Read.ap_auto.i18, i18 %p_read5" [firmware/BDT.cpp:0->firmware/BDT.h:89]   --->   Operation 7 'read' 'p_read_2' <Predicate = true> <Delay = 0.00>
ST_1 : Operation 8 [1/1] (0.00ns)   --->   "%p_read_3 = read i18 @_ssdm_op_Read.ap_auto.i18, i18 %p_read4" [firmware/BDT.cpp:0->firmware/BDT.h:89]   --->   Operation 8 'read' 'p_read_3' <Predicate = true> <Delay = 0.00>
ST_1 : Operation 9 [1/1] (0.00ns)   --->   "%p_read33 = read i18 @_ssdm_op_Read.ap_auto.i18, i18 %p_read3" [firmware/BDT.cpp:0->firmware/BDT.h:89]   --->   Operation 9 'read' 'p_read33' <Predicate = true> <Delay = 0.00>
ST_1 : Operation 10 [1/1] (0.00ns)   --->   "%p_read22 = read i18 @_ssdm_op_Read.ap_auto.i18, i18 %p_read2" [firmware/BDT.cpp:0->firmware/BDT.h:89]   --->   Operation 10 'read' 'p_read22' <Predicate = true> <Delay = 0.00>
ST_1 : Operation 11 [1/1] (0.00ns)   --->   "%p_read11 = read i18 @_ssdm_op_Read.ap_auto.i18, i18 %p_read1" [firmware/BDT.cpp:0->firmware/BDT.h:89]   --->   Operation 11 'read' 'p_read11' <Predicate = true> <Delay = 0.00>
ST_1 : Operation 12 [1/1] (2.13ns)   --->   "%icmp_ln4 = icmp_slt  i18 %p_read_1, i18 260608" [firmware/BDT.cpp:4->firmware/BDT.cpp:4->firmware/BDT.h:89]   --->   Operation 12 'icmp' 'icmp_ln4' <Predicate = true> <Delay = 2.13> <CoreInst = "Cmp">   --->   Core 9 'Cmp' <Latency = 0> <II = 1> <Delay = 2.13> <FuncUnit> <Opcode : 'icmp'> <InPorts = 2> <OutPorts = 1>
ST_1 : Operation 13 [1/1] (2.13ns)   --->   "%icmp_ln4_1 = icmp_slt  i18 %p_read22, i18 18816" [firmware/BDT.cpp:4->firmware/BDT.cpp:4->firmware/BDT.h:89]   --->   Operation 13 'icmp' 'icmp_ln4_1' <Predicate = true> <Delay = 2.13> <CoreInst = "Cmp">   --->   Core 9 'Cmp' <Latency = 0> <II = 1> <Delay = 2.13> <FuncUnit> <Opcode : 'icmp'> <InPorts = 2> <OutPorts = 1>
ST_1 : Operation 14 [1/1] (2.13ns)   --->   "%icmp_ln4_2 = icmp_slt  i18 %p_read11, i18 8832" [firmware/BDT.cpp:4->firmware/BDT.cpp:4->firmware/BDT.h:89]   --->   Operation 14 'icmp' 'icmp_ln4_2' <Predicate = true> <Delay = 2.13> <CoreInst = "Cmp">   --->   Core 9 'Cmp' <Latency = 0> <II = 1> <Delay = 2.13> <FuncUnit> <Opcode : 'icmp'> <InPorts = 2> <OutPorts = 1>
ST_1 : Operation 15 [1/1] (2.13ns)   --->   "%icmp_ln4_3 = icmp_slt  i18 %p_read22, i18 22656" [firmware/BDT.cpp:4->firmware/BDT.cpp:4->firmware/BDT.h:89]   --->   Operation 15 'icmp' 'icmp_ln4_3' <Predicate = true> <Delay = 2.13> <CoreInst = "Cmp">   --->   Core 9 'Cmp' <Latency = 0> <II = 1> <Delay = 2.13> <FuncUnit> <Opcode : 'icmp'> <InPorts = 2> <OutPorts = 1>
ST_1 : Operation 16 [1/1] (2.13ns)   --->   "%icmp_ln4_4 = icmp_slt  i18 %p_read33, i18 32526" [firmware/BDT.cpp:4->firmware/BDT.cpp:4->firmware/BDT.h:89]   --->   Operation 16 'icmp' 'icmp_ln4_4' <Predicate = true> <Delay = 2.13> <CoreInst = "Cmp">   --->   Core 9 'Cmp' <Latency = 0> <II = 1> <Delay = 2.13> <FuncUnit> <Opcode : 'icmp'> <InPorts = 2> <OutPorts = 1>
ST_1 : Operation 17 [1/1] (2.13ns)   --->   "%icmp_ln4_5 = icmp_slt  i18 %p_read22, i18 16256" [firmware/BDT.cpp:4->firmware/BDT.cpp:4->firmware/BDT.h:89]   --->   Operation 17 'icmp' 'icmp_ln4_5' <Predicate = true> <Delay = 2.13> <CoreInst = "Cmp">   --->   Core 9 'Cmp' <Latency = 0> <II = 1> <Delay = 2.13> <FuncUnit> <Opcode : 'icmp'> <InPorts = 2> <OutPorts = 1>
ST_1 : Operation 18 [1/1] (2.13ns)   --->   "%icmp_ln4_6 = icmp_slt  i18 %p_read, i18 261786" [firmware/BDT.cpp:4->firmware/BDT.cpp:4->firmware/BDT.h:89]   --->   Operation 18 'icmp' 'icmp_ln4_6' <Predicate = true> <Delay = 2.13> <CoreInst = "Cmp">   --->   Core 9 'Cmp' <Latency = 0> <II = 1> <Delay = 2.13> <FuncUnit> <Opcode : 'icmp'> <InPorts = 2> <OutPorts = 1>
ST_1 : Operation 19 [1/1] (2.13ns)   --->   "%icmp_ln4_7 = icmp_slt  i18 %p_read_2, i18 6784" [firmware/BDT.cpp:4->firmware/BDT.cpp:4->firmware/BDT.h:89]   --->   Operation 19 'icmp' 'icmp_ln4_7' <Predicate = true> <Delay = 2.13> <CoreInst = "Cmp">   --->   Core 9 'Cmp' <Latency = 0> <II = 1> <Delay = 2.13> <FuncUnit> <Opcode : 'icmp'> <InPorts = 2> <OutPorts = 1>
ST_1 : Operation 20 [1/1] (2.13ns)   --->   "%icmp_ln4_8 = icmp_slt  i18 %p_read_2, i18 11136" [firmware/BDT.cpp:4->firmware/BDT.cpp:4->firmware/BDT.h:89]   --->   Operation 20 'icmp' 'icmp_ln4_8' <Predicate = true> <Delay = 2.13> <CoreInst = "Cmp">   --->   Core 9 'Cmp' <Latency = 0> <II = 1> <Delay = 2.13> <FuncUnit> <Opcode : 'icmp'> <InPorts = 2> <OutPorts = 1>
ST_1 : Operation 21 [1/1] (2.13ns)   --->   "%icmp_ln4_9 = icmp_slt  i18 %p_read11, i18 12928" [firmware/BDT.cpp:4->firmware/BDT.cpp:4->firmware/BDT.h:89]   --->   Operation 21 'icmp' 'icmp_ln4_9' <Predicate = true> <Delay = 2.13> <CoreInst = "Cmp">   --->   Core 9 'Cmp' <Latency = 0> <II = 1> <Delay = 2.13> <FuncUnit> <Opcode : 'icmp'> <InPorts = 2> <OutPorts = 1>
ST_1 : Operation 22 [1/1] (2.13ns)   --->   "%icmp_ln4_10 = icmp_slt  i18 %p_read_3, i18 3889" [firmware/BDT.cpp:4->firmware/BDT.cpp:4->firmware/BDT.h:89]   --->   Operation 22 'icmp' 'icmp_ln4_10' <Predicate = true> <Delay = 2.13> <CoreInst = "Cmp">   --->   Core 9 'Cmp' <Latency = 0> <II = 1> <Delay = 2.13> <FuncUnit> <Opcode : 'icmp'> <InPorts = 2> <OutPorts = 1>
ST_1 : Operation 23 [1/1] (0.97ns)   --->   "%xor_ln107 = xor i1 %icmp_ln4, i1 1" [firmware/BDT.h:107]   --->   Operation 23 'xor' 'xor_ln107' <Predicate = true> <Delay = 0.97> <CoreInst = "LogicGate">   --->   Core 74 'LogicGate' <Latency = 0> <II = 1> <Delay = 0.97> <FuncUnit> <Opcode : 'and' 'or' 'xor'> <InPorts = 2> <OutPorts = 1>

State 2 <SV = 1> <Delay = 2.94>
ST_2 : Operation 24 [1/1] (0.97ns)   --->   "%and_ln105 = and i1 %icmp_ln4_1, i1 %icmp_ln4" [firmware/BDT.h:105]   --->   Operation 24 'and' 'and_ln105' <Predicate = (icmp_ln4)> <Delay = 0.97> <CoreInst = "LogicGate">   --->   Core 74 'LogicGate' <Latency = 0> <II = 1> <Delay = 0.97> <FuncUnit> <Opcode : 'and' 'or' 'xor'> <InPorts = 2> <OutPorts = 1>
ST_2 : Operation 25 [1/1] (0.00ns) (grouped into LUT with out node and_ln107)   --->   "%xor_ln107_1 = xor i1 %icmp_ln4_1, i1 1" [firmware/BDT.h:107]   --->   Operation 25 'xor' 'xor_ln107_1' <Predicate = (icmp_ln4)> <Delay = 0.00> <CoreInst = "LogicGate">   --->   Core 74 'LogicGate' <Latency = 0> <II = 1> <Delay = 0.97> <FuncUnit> <Opcode : 'and' 'or' 'xor'> <InPorts = 2> <OutPorts = 1>
ST_2 : Operation 26 [1/1] (0.97ns) (out node of the LUT)   --->   "%and_ln107 = and i1 %icmp_ln4, i1 %xor_ln107_1" [firmware/BDT.h:107]   --->   Operation 26 'and' 'and_ln107' <Predicate = (icmp_ln4)> <Delay = 0.97> <CoreInst = "LogicGate">   --->   Core 74 'LogicGate' <Latency = 0> <II = 1> <Delay = 0.97> <FuncUnit> <Opcode : 'and' 'or' 'xor'> <InPorts = 2> <OutPorts = 1>
ST_2 : Operation 27 [1/1] (0.97ns)   --->   "%and_ln105_1 = and i1 %icmp_ln4_2, i1 %xor_ln107" [firmware/BDT.h:105]   --->   Operation 27 'and' 'and_ln105_1' <Predicate = true> <Delay = 0.97> <CoreInst = "LogicGate">   --->   Core 74 'LogicGate' <Latency = 0> <II = 1> <Delay = 0.97> <FuncUnit> <Opcode : 'and' 'or' 'xor'> <InPorts = 2> <OutPorts = 1>
ST_2 : Operation 28 [1/1] (0.00ns) (grouped into LUT with out node and_ln107_1)   --->   "%xor_ln107_2 = xor i1 %icmp_ln4_2, i1 1" [firmware/BDT.h:107]   --->   Operation 28 'xor' 'xor_ln107_2' <Predicate = true> <Delay = 0.00> <CoreInst = "LogicGate">   --->   Core 74 'LogicGate' <Latency = 0> <II = 1> <Delay = 0.97> <FuncUnit> <Opcode : 'and' 'or' 'xor'> <InPorts = 2> <OutPorts = 1>
ST_2 : Operation 29 [1/1] (0.97ns) (out node of the LUT)   --->   "%and_ln107_1 = and i1 %xor_ln107_2, i1 %xor_ln107" [firmware/BDT.h:107]   --->   Operation 29 'and' 'and_ln107_1' <Predicate = true> <Delay = 0.97> <CoreInst = "LogicGate">   --->   Core 74 'LogicGate' <Latency = 0> <II = 1> <Delay = 0.97> <FuncUnit> <Opcode : 'and' 'or' 'xor'> <InPorts = 2> <OutPorts = 1>
ST_2 : Operation 30 [1/1] (0.00ns) (grouped into LUT with out node or_ln120)   --->   "%and_ln105_2 = and i1 %icmp_ln4_3, i1 %and_ln107" [firmware/BDT.h:105]   --->   Operation 30 'and' 'and_ln105_2' <Predicate = (icmp_ln4)> <Delay = 0.00> <CoreInst = "LogicGate">   --->   Core 74 'LogicGate' <Latency = 0> <II = 1> <Delay = 0.97> <FuncUnit> <Opcode : 'and' 'or' 'xor'> <InPorts = 2> <OutPorts = 1>
ST_2 : Operation 31 [1/1] (0.00ns) (grouped into LUT with out node select_ln120_1)   --->   "%xor_ln107_3 = xor i1 %icmp_ln4_3, i1 1" [firmware/BDT.h:107]   --->   Operation 31 'xor' 'xor_ln107_3' <Predicate = (icmp_ln4)> <Delay = 0.00> <CoreInst = "LogicGate">   --->   Core 74 'LogicGate' <Latency = 0> <II = 1> <Delay = 0.97> <FuncUnit> <Opcode : 'and' 'or' 'xor'> <InPorts = 2> <OutPorts = 1>
ST_2 : Operation 32 [1/1] (0.97ns)   --->   "%and_ln105_3 = and i1 %icmp_ln4_4, i1 %and_ln105_1" [firmware/BDT.h:105]   --->   Operation 32 'and' 'and_ln105_3' <Predicate = true> <Delay = 0.97> <CoreInst = "LogicGate">   --->   Core 74 'LogicGate' <Latency = 0> <II = 1> <Delay = 0.97> <FuncUnit> <Opcode : 'and' 'or' 'xor'> <InPorts = 2> <OutPorts = 1>
ST_2 : Operation 33 [1/1] (0.00ns) (grouped into LUT with out node select_ln120_1)   --->   "%and_ln105_5 = and i1 %icmp_ln4_6, i1 %xor_ln107_3" [firmware/BDT.h:105]   --->   Operation 33 'and' 'and_ln105_5' <Predicate = (icmp_ln4)> <Delay = 0.00> <CoreInst = "LogicGate">   --->   Core 74 'LogicGate' <Latency = 0> <II = 1> <Delay = 0.97> <FuncUnit> <Opcode : 'and' 'or' 'xor'> <InPorts = 2> <OutPorts = 1>
ST_2 : Operation 34 [1/1] (0.00ns) (grouped into LUT with out node select_ln120_1)   --->   "%and_ln105_6 = and i1 %and_ln105_5, i1 %and_ln107" [firmware/BDT.h:105]   --->   Operation 34 'and' 'and_ln105_6' <Predicate = (icmp_ln4)> <Delay = 0.00> <CoreInst = "LogicGate">   --->   Core 74 'LogicGate' <Latency = 0> <II = 1> <Delay = 0.97> <FuncUnit> <Opcode : 'and' 'or' 'xor'> <InPorts = 2> <OutPorts = 1>
ST_2 : Operation 35 [1/1] (0.97ns) (out node of the LUT)   --->   "%or_ln120 = or i1 %and_ln105, i1 %and_ln105_2" [firmware/BDT.h:120]   --->   Operation 35 'or' 'or_ln120' <Predicate = (icmp_ln4)> <Delay = 0.97> <CoreInst = "LogicGate">   --->   Core 74 'LogicGate' <Latency = 0> <II = 1> <Delay = 0.97> <FuncUnit> <Opcode : 'and' 'or' 'xor'> <InPorts = 2> <OutPorts = 1>
ST_2 : Operation 36 [1/1] (0.00ns) (grouped into LUT with out node select_ln120_1)   --->   "%or_ln120_1 = or i1 %or_ln120, i1 %and_ln105_6" [firmware/BDT.h:120]   --->   Operation 36 'or' 'or_ln120_1' <Predicate = (icmp_ln4)> <Delay = 0.00> <CoreInst = "LogicGate">   --->   Core 74 'LogicGate' <Latency = 0> <II = 1> <Delay = 0.97> <FuncUnit> <Opcode : 'and' 'or' 'xor'> <InPorts = 2> <OutPorts = 1>
ST_2 : Operation 37 [1/1] (0.97ns)   --->   "%or_ln120_3 = or i1 %icmp_ln4, i1 %and_ln105_3" [firmware/BDT.h:120]   --->   Operation 37 'or' 'or_ln120_3' <Predicate = true> <Delay = 0.97> <CoreInst = "LogicGate">   --->   Core 74 'LogicGate' <Latency = 0> <II = 1> <Delay = 0.97> <FuncUnit> <Opcode : 'and' 'or' 'xor'> <InPorts = 2> <OutPorts = 1>
ST_2 : Operation 38 [1/1] (0.00ns) (grouped into LUT with out node select_ln120_1)   --->   "%xor_ln120 = xor i1 %and_ln105, i1 1" [firmware/BDT.h:120]   --->   Operation 38 'xor' 'xor_ln120' <Predicate = (icmp_ln4)> <Delay = 0.00> <CoreInst = "LogicGate">   --->   Core 74 'LogicGate' <Latency = 0> <II = 1> <Delay = 0.97> <FuncUnit> <Opcode : 'and' 'or' 'xor'> <InPorts = 2> <OutPorts = 1>
ST_2 : Operation 39 [1/1] (0.00ns) (grouped into LUT with out node select_ln120_1)   --->   "%zext_ln120 = zext i1 %xor_ln120" [firmware/BDT.h:120]   --->   Operation 39 'zext' 'zext_ln120' <Predicate = (icmp_ln4)> <Delay = 0.00>
ST_2 : Operation 40 [1/1] (0.00ns) (grouped into LUT with out node select_ln120_1)   --->   "%select_ln120 = select i1 %or_ln120, i2 %zext_ln120, i2 2" [firmware/BDT.h:120]   --->   Operation 40 'select' 'select_ln120' <Predicate = (icmp_ln4)> <Delay = 0.00> <CoreInst = "Sel">   --->   Core 73 'Sel' <Latency = 0> <II = 1> <Delay = 0.99> <FuncUnit> <Opcode : 'select'> <InPorts = 3> <OutPorts = 1>
ST_2 : Operation 41 [1/1] (0.99ns) (out node of the LUT)   --->   "%select_ln120_1 = select i1 %or_ln120_1, i2 %select_ln120, i2 3" [firmware/BDT.h:120]   --->   Operation 41 'select' 'select_ln120_1' <Predicate = (icmp_ln4)> <Delay = 0.99> <CoreInst = "Sel">   --->   Core 73 'Sel' <Latency = 0> <II = 1> <Delay = 0.99> <FuncUnit> <Opcode : 'select'> <InPorts = 3> <OutPorts = 1>

State 3 <SV = 2> <Delay = 3.02>
ST_3 : Operation 42 [1/1] (0.00ns) (grouped into LUT with out node select_ln120_6)   --->   "%xor_ln107_4 = xor i1 %icmp_ln4_4, i1 1" [firmware/BDT.h:107]   --->   Operation 42 'xor' 'xor_ln107_4' <Predicate = true> <Delay = 0.00> <CoreInst = "LogicGate">   --->   Core 74 'LogicGate' <Latency = 0> <II = 1> <Delay = 0.97> <FuncUnit> <Opcode : 'and' 'or' 'xor'> <InPorts = 2> <OutPorts = 1>
ST_3 : Operation 43 [1/1] (0.97ns)   --->   "%and_ln105_4 = and i1 %icmp_ln4_5, i1 %and_ln107_1" [firmware/BDT.h:105]   --->   Operation 43 'and' 'and_ln105_4' <Predicate = true> <Delay = 0.97> <CoreInst = "LogicGate">   --->   Core 74 'LogicGate' <Latency = 0> <II = 1> <Delay = 0.97> <FuncUnit> <Opcode : 'and' 'or' 'xor'> <InPorts = 2> <OutPorts = 1>
ST_3 : Operation 44 [1/1] (0.00ns) (grouped into LUT with out node select_ln120_4)   --->   "%and_ln105_7 = and i1 %icmp_ln4_7, i1 %and_ln105_3" [firmware/BDT.h:105]   --->   Operation 44 'and' 'and_ln105_7' <Predicate = (or_ln120_3)> <Delay = 0.00> <CoreInst = "LogicGate">   --->   Core 74 'LogicGate' <Latency = 0> <II = 1> <Delay = 0.97> <FuncUnit> <Opcode : 'and' 'or' 'xor'> <InPorts = 2> <OutPorts = 1>
ST_3 : Operation 45 [1/1] (0.00ns) (grouped into LUT with out node select_ln120_6)   --->   "%and_ln105_8 = and i1 %icmp_ln4_8, i1 %xor_ln107_4" [firmware/BDT.h:105]   --->   Operation 45 'and' 'and_ln105_8' <Predicate = true> <Delay = 0.00> <CoreInst = "LogicGate">   --->   Core 74 'LogicGate' <Latency = 0> <II = 1> <Delay = 0.97> <FuncUnit> <Opcode : 'and' 'or' 'xor'> <InPorts = 2> <OutPorts = 1>
ST_3 : Operation 46 [1/1] (0.00ns) (grouped into LUT with out node select_ln120_6)   --->   "%and_ln105_9 = and i1 %and_ln105_8, i1 %and_ln105_1" [firmware/BDT.h:105]   --->   Operation 46 'and' 'and_ln105_9' <Predicate = true> <Delay = 0.00> <CoreInst = "LogicGate">   --->   Core 74 'LogicGate' <Latency = 0> <II = 1> <Delay = 0.97> <FuncUnit> <Opcode : 'and' 'or' 'xor'> <InPorts = 2> <OutPorts = 1>
ST_3 : Operation 47 [1/1] (0.00ns) (grouped into LUT with out node select_ln120_8)   --->   "%and_ln105_10 = and i1 %icmp_ln4_9, i1 %and_ln105_4" [firmware/BDT.h:105]   --->   Operation 47 'and' 'and_ln105_10' <Predicate = true> <Delay = 0.00> <CoreInst = "LogicGate">   --->   Core 74 'LogicGate' <Latency = 0> <II = 1> <Delay = 0.97> <FuncUnit> <Opcode : 'and' 'or' 'xor'> <InPorts = 2> <OutPorts = 1>
ST_3 : Operation 48 [1/1] (0.00ns) (grouped into LUT with out node select_ln120_4)   --->   "%or_ln120_2 = or i1 %icmp_ln4, i1 %and_ln105_7" [firmware/BDT.h:120]   --->   Operation 48 'or' 'or_ln120_2' <Predicate = (or_ln120_3)> <Delay = 0.00> <CoreInst = "LogicGate">   --->   Core 74 'LogicGate' <Latency = 0> <II = 1> <Delay = 0.97> <FuncUnit> <Opcode : 'and' 'or' 'xor'> <InPorts = 2> <OutPorts = 1>
ST_3 : Operation 49 [1/1] (0.00ns) (grouped into LUT with out node select_ln120_6)   --->   "%or_ln120_4 = or i1 %or_ln120_3, i1 %and_ln105_9" [firmware/BDT.h:120]   --->   Operation 49 'or' 'or_ln120_4' <Predicate = true> <Delay = 0.00> <CoreInst = "LogicGate">   --->   Core 74 'LogicGate' <Latency = 0> <II = 1> <Delay = 0.97> <FuncUnit> <Opcode : 'and' 'or' 'xor'> <InPorts = 2> <OutPorts = 1>
ST_3 : Operation 50 [1/1] (0.97ns)   --->   "%or_ln120_5 = or i1 %icmp_ln4, i1 %and_ln105_1" [firmware/BDT.h:120]   --->   Operation 50 'or' 'or_ln120_5' <Predicate = true> <Delay = 0.97> <CoreInst = "LogicGate">   --->   Core 74 'LogicGate' <Latency = 0> <II = 1> <Delay = 0.97> <FuncUnit> <Opcode : 'and' 'or' 'xor'> <InPorts = 2> <OutPorts = 1>
ST_3 : Operation 51 [1/1] (0.00ns) (grouped into LUT with out node select_ln120_8)   --->   "%or_ln120_6 = or i1 %or_ln120_5, i1 %and_ln105_10" [firmware/BDT.h:120]   --->   Operation 51 'or' 'or_ln120_6' <Predicate = true> <Delay = 0.00> <CoreInst = "LogicGate">   --->   Core 74 'LogicGate' <Latency = 0> <II = 1> <Delay = 0.97> <FuncUnit> <Opcode : 'and' 'or' 'xor'> <InPorts = 2> <OutPorts = 1>
ST_3 : Operation 52 [1/1] (0.97ns)   --->   "%or_ln120_7 = or i1 %or_ln120_5, i1 %and_ln105_4" [firmware/BDT.h:120]   --->   Operation 52 'or' 'or_ln120_7' <Predicate = true> <Delay = 0.97> <CoreInst = "LogicGate">   --->   Core 74 'LogicGate' <Latency = 0> <II = 1> <Delay = 0.97> <FuncUnit> <Opcode : 'and' 'or' 'xor'> <InPorts = 2> <OutPorts = 1>
ST_3 : Operation 53 [1/1] (0.00ns) (grouped into LUT with out node select_ln120_4)   --->   "%zext_ln120_1 = zext i2 %select_ln120_1" [firmware/BDT.h:120]   --->   Operation 53 'zext' 'zext_ln120_1' <Predicate = (icmp_ln4 & or_ln120_3)> <Delay = 0.00>
ST_3 : Operation 54 [1/1] (0.00ns) (grouped into LUT with out node select_ln120_4)   --->   "%select_ln120_2 = select i1 %icmp_ln4, i3 %zext_ln120_1, i3 4" [firmware/BDT.h:120]   --->   Operation 54 'select' 'select_ln120_2' <Predicate = (or_ln120_3)> <Delay = 0.00> <CoreInst = "Sel">   --->   Core 73 'Sel' <Latency = 0> <II = 1> <Delay = 0.98> <FuncUnit> <Opcode : 'select'> <InPorts = 3> <OutPorts = 1>
ST_3 : Operation 55 [1/1] (0.00ns) (grouped into LUT with out node select_ln120_4)   --->   "%select_ln120_3 = select i1 %or_ln120_2, i3 %select_ln120_2, i3 5" [firmware/BDT.h:120]   --->   Operation 55 'select' 'select_ln120_3' <Predicate = (or_ln120_3)> <Delay = 0.00> <CoreInst = "Sel">   --->   Core 73 'Sel' <Latency = 0> <II = 1> <Delay = 0.98> <FuncUnit> <Opcode : 'select'> <InPorts = 3> <OutPorts = 1>
ST_3 : Operation 56 [1/1] (0.98ns) (out node of the LUT)   --->   "%select_ln120_4 = select i1 %or_ln120_3, i3 %select_ln120_3, i3 6" [firmware/BDT.h:120]   --->   Operation 56 'select' 'select_ln120_4' <Predicate = true> <Delay = 0.98> <CoreInst = "Sel">   --->   Core 73 'Sel' <Latency = 0> <II = 1> <Delay = 0.98> <FuncUnit> <Opcode : 'select'> <InPorts = 3> <OutPorts = 1>
ST_3 : Operation 57 [1/1] (0.00ns) (grouped into LUT with out node select_ln120_6)   --->   "%select_ln120_5 = select i1 %or_ln120_4, i3 %select_ln120_4, i3 7" [firmware/BDT.h:120]   --->   Operation 57 'select' 'select_ln120_5' <Predicate = true> <Delay = 0.00> <CoreInst = "Sel">   --->   Core 73 'Sel' <Latency = 0> <II = 1> <Delay = 0.98> <FuncUnit> <Opcode : 'select'> <InPorts = 3> <OutPorts = 1>
ST_3 : Operation 58 [1/1] (0.00ns) (grouped into LUT with out node select_ln120_6)   --->   "%zext_ln120_2 = zext i3 %select_ln120_5" [firmware/BDT.h:120]   --->   Operation 58 'zext' 'zext_ln120_2' <Predicate = true> <Delay = 0.00>
ST_3 : Operation 59 [1/1] (1.02ns) (out node of the LUT)   --->   "%select_ln120_6 = select i1 %or_ln120_5, i4 %zext_ln120_2, i4 8" [firmware/BDT.h:120]   --->   Operation 59 'select' 'select_ln120_6' <Predicate = true> <Delay = 1.02> <CoreInst = "Sel">   --->   Core 73 'Sel' <Latency = 0> <II = 1> <Delay = 1.02> <FuncUnit> <Opcode : 'select'> <InPorts = 3> <OutPorts = 1>
ST_3 : Operation 60 [1/1] (0.00ns) (grouped into LUT with out node select_ln120_8)   --->   "%select_ln120_7 = select i1 %or_ln120_6, i4 %select_ln120_6, i4 9" [firmware/BDT.h:120]   --->   Operation 60 'select' 'select_ln120_7' <Predicate = true> <Delay = 0.00> <CoreInst = "Sel">   --->   Core 73 'Sel' <Latency = 0> <II = 1> <Delay = 1.02> <FuncUnit> <Opcode : 'select'> <InPorts = 3> <OutPorts = 1>
ST_3 : Operation 61 [1/1] (1.02ns) (out node of the LUT)   --->   "%select_ln120_8 = select i1 %or_ln120_7, i4 %select_ln120_7, i4 10" [firmware/BDT.h:120]   --->   Operation 61 'select' 'select_ln120_8' <Predicate = true> <Delay = 1.02> <CoreInst = "Sel">   --->   Core 73 'Sel' <Latency = 0> <II = 1> <Delay = 1.02> <FuncUnit> <Opcode : 'select'> <InPorts = 3> <OutPorts = 1>

State 4 <SV = 3> <Delay = 2.78>
ST_4 : Operation 62 [1/1] (0.00ns)   --->   "%specpipeline_ln0 = specpipeline void @_ssdm_op_SpecPipeline, i32 1, i32 0, i32 0, i32 0, void @empty_12"   --->   Operation 62 'specpipeline' 'specpipeline_ln0' <Predicate = true> <Delay = 0.00>
ST_4 : Operation 63 [1/1] (0.00ns) (grouped into LUT with out node agg_result)   --->   "%xor_ln107_5 = xor i1 %icmp_ln4_5, i1 1" [firmware/BDT.h:107]   --->   Operation 63 'xor' 'xor_ln107_5' <Predicate = true> <Delay = 0.00> <CoreInst = "LogicGate">   --->   Core 74 'LogicGate' <Latency = 0> <II = 1> <Delay = 0.97> <FuncUnit> <Opcode : 'and' 'or' 'xor'> <InPorts = 2> <OutPorts = 1>
ST_4 : Operation 64 [1/1] (0.00ns) (grouped into LUT with out node agg_result)   --->   "%and_ln105_11 = and i1 %icmp_ln4_10, i1 %xor_ln107_5" [firmware/BDT.h:105]   --->   Operation 64 'and' 'and_ln105_11' <Predicate = true> <Delay = 0.00> <CoreInst = "LogicGate">   --->   Core 74 'LogicGate' <Latency = 0> <II = 1> <Delay = 0.97> <FuncUnit> <Opcode : 'and' 'or' 'xor'> <InPorts = 2> <OutPorts = 1>
ST_4 : Operation 65 [1/1] (0.00ns) (grouped into LUT with out node agg_result)   --->   "%and_ln105_12 = and i1 %and_ln105_11, i1 %and_ln107_1" [firmware/BDT.h:105]   --->   Operation 65 'and' 'and_ln105_12' <Predicate = true> <Delay = 0.00> <CoreInst = "LogicGate">   --->   Core 74 'LogicGate' <Latency = 0> <II = 1> <Delay = 0.97> <FuncUnit> <Opcode : 'and' 'or' 'xor'> <InPorts = 2> <OutPorts = 1>
ST_4 : Operation 66 [1/1] (0.00ns) (grouped into LUT with out node agg_result)   --->   "%or_ln120_8 = or i1 %or_ln120_7, i1 %and_ln105_12" [firmware/BDT.h:120]   --->   Operation 66 'or' 'or_ln120_8' <Predicate = true> <Delay = 0.00> <CoreInst = "LogicGate">   --->   Core 74 'LogicGate' <Latency = 0> <II = 1> <Delay = 0.97> <FuncUnit> <Opcode : 'and' 'or' 'xor'> <InPorts = 2> <OutPorts = 1>
ST_4 : Operation 67 [1/1] (0.00ns) (grouped into LUT with out node agg_result)   --->   "%select_ln120_9 = select i1 %or_ln120_8, i4 %select_ln120_8, i4 11" [firmware/BDT.h:120]   --->   Operation 67 'select' 'select_ln120_9' <Predicate = true> <Delay = 0.00> <CoreInst = "Sel">   --->   Core 73 'Sel' <Latency = 0> <II = 1> <Delay = 1.02> <FuncUnit> <Opcode : 'select'> <InPorts = 3> <OutPorts = 1>
ST_4 : Operation 68 [1/1] (2.78ns) (out node of the LUT)   --->   "%agg_result = sparsemux i11 @_ssdm_op_SparseMux.ap_auto.12i11.i11.i4, i4 0, i11 1450, i4 1, i11 597, i4 2, i11 75, i4 3, i11 1426, i4 4, i11 1793, i4 5, i11 358, i4 6, i11 1594, i4 7, i11 2021, i4 8, i11 1977, i4 9, i11 1116, i4 10, i11 259, i4 11, i11 1639, i11 0, i4 %select_ln120_9" [firmware/BDT.h:121]   --->   Operation 68 'sparsemux' 'agg_result' <Predicate = true> <Delay = 2.78> <CoreInst = "SparseMux">   --->   Core 135 'SparseMux' <Latency = 0> <II = 1> <Delay = 2.78> <FuncUnit> <Opcode : 'sparsemux'> <InPorts = 2> <OutPorts = 1>
ST_4 : Operation 69 [1/1] (0.00ns)   --->   "%ret_ln125 = ret i11 %agg_result" [firmware/BDT.h:125]   --->   Operation 69 'ret' 'ret_ln125' <Predicate = true> <Delay = 0.00>


============================================================
+ Verbose Summary: Binding
============================================================
STG Binding: 
---------------- STG Properties BEGIN ----------------
- Is combinational: 0
- Is one-state seq: 0
- Is datapath-only: 1
- Is pipelined: 1
- Is top level: 0
Port [ Return ] is wired: 1; IO mode=ap_ctrl_hs:ce=0
Port [ p_read1]:  wired=1; compound=0; hidden=0; nouse=0; global=0; static=0; extern=0; dir=0; type=0; pingpong=0; private_global=0; IO mode=ap_none:ce=0
Port [ p_read2]:  wired=1; compound=0; hidden=0; nouse=0; global=0; static=0; extern=0; dir=0; type=0; pingpong=0; private_global=0; IO mode=ap_none:ce=0
Port [ p_read3]:  wired=1; compound=0; hidden=0; nouse=0; global=0; static=0; extern=0; dir=0; type=0; pingpong=0; private_global=0; IO mode=ap_none:ce=0
Port [ p_read4]:  wired=1; compound=0; hidden=0; nouse=0; global=0; static=0; extern=0; dir=0; type=0; pingpong=0; private_global=0; IO mode=ap_none:ce=0
Port [ p_read5]:  wired=1; compound=0; hidden=0; nouse=0; global=0; static=0; extern=0; dir=0; type=0; pingpong=0; private_global=0; IO mode=ap_none:ce=0
Port [ p_read6]:  wired=1; compound=0; hidden=0; nouse=0; global=0; static=0; extern=0; dir=0; type=0; pingpong=0; private_global=0; IO mode=ap_none:ce=0
Port [ p_read7]:  wired=1; compound=0; hidden=0; nouse=0; global=0; static=0; extern=0; dir=0; type=0; pingpong=0; private_global=0; IO mode=ap_none:ce=0
---------------- STG Properties END ------------------

---------------- Datapath Model BEGIN ----------------

<LifeTime>
<method=bitvector/>
p_read           (read        ) [ 00000]
p_read_1         (read        ) [ 00000]
p_read_2         (read        ) [ 00000]
p_read_3         (read        ) [ 00000]
p_read33         (read        ) [ 00000]
p_read22         (read        ) [ 00000]
p_read11         (read        ) [ 00000]
icmp_ln4         (icmp        ) [ 01110]
icmp_ln4_1       (icmp        ) [ 01100]
icmp_ln4_2       (icmp        ) [ 01100]
icmp_ln4_3       (icmp        ) [ 01100]
icmp_ln4_4       (icmp        ) [ 01110]
icmp_ln4_5       (icmp        ) [ 01111]
icmp_ln4_6       (icmp        ) [ 01100]
icmp_ln4_7       (icmp        ) [ 01110]
icmp_ln4_8       (icmp        ) [ 01110]
icmp_ln4_9       (icmp        ) [ 01110]
icmp_ln4_10      (icmp        ) [ 01111]
xor_ln107        (xor         ) [ 01100]
and_ln105        (and         ) [ 00000]
xor_ln107_1      (xor         ) [ 00000]
and_ln107        (and         ) [ 00000]
and_ln105_1      (and         ) [ 01010]
xor_ln107_2      (xor         ) [ 00000]
and_ln107_1      (and         ) [ 01011]
and_ln105_2      (and         ) [ 00000]
xor_ln107_3      (xor         ) [ 00000]
and_ln105_3      (and         ) [ 01010]
and_ln105_5      (and         ) [ 00000]
and_ln105_6      (and         ) [ 00000]
or_ln120         (or          ) [ 00000]
or_ln120_1       (or          ) [ 00000]
or_ln120_3       (or          ) [ 01010]
xor_ln120        (xor         ) [ 00000]
zext_ln120       (zext        ) [ 00000]
select_ln120     (select      ) [ 00000]
select_ln120_1   (select      ) [ 01010]
xor_ln107_4      (xor         ) [ 00000]
and_ln105_4      (and         ) [ 00000]
and_ln105_7      (and         ) [ 00000]
and_ln105_8      (and         ) [ 00000]
and_ln105_9      (and         ) [ 00000]
and_ln105_10     (and         ) [ 00000]
or_ln120_2       (or          ) [ 00000]
or_ln120_4       (or          ) [ 00000]
or_ln120_5       (or          ) [ 00000]
or_ln120_6       (or          ) [ 00000]
or_ln120_7       (or          ) [ 01001]
zext_ln120_1     (zext        ) [ 00000]
select_ln120_2   (select      ) [ 00000]
select_ln120_3   (select      ) [ 00000]
select_ln120_4   (select      ) [ 00000]
select_ln120_5   (select      ) [ 00000]
zext_ln120_2     (zext        ) [ 00000]
select_ln120_6   (select      ) [ 00000]
select_ln120_7   (select      ) [ 00000]
select_ln120_8   (select      ) [ 01001]
specpipeline_ln0 (specpipeline) [ 00000]
xor_ln107_5      (xor         ) [ 00000]
and_ln105_11     (and         ) [ 00000]
and_ln105_12     (and         ) [ 00000]
or_ln120_8       (or          ) [ 00000]
select_ln120_9   (select      ) [ 00000]
agg_result       (sparsemux   ) [ 00000]
ret_ln125        (ret         ) [ 00000]
</LifeTime>

<model>

<comp_list>
<comp id="0" class="1000" name="p_read1">
<pin_list>
<pin id="1" dir="1" index="0" bw="1" slack="0"/>
</pin_list>
<bind>
<StgValue><ssdm name="p_read1"/></StgValue>
</bind>
</comp>

<comp id="2" class="1000" name="p_read2">
<pin_list>
<pin id="3" dir="1" index="0" bw="1" slack="0"/>
</pin_list>
<bind>
<StgValue><ssdm name="p_read2"/></StgValue>
</bind>
</comp>

<comp id="4" class="1000" name="p_read3">
<pin_list>
<pin id="5" dir="1" index="0" bw="1" slack="0"/>
</pin_list>
<bind>
<StgValue><ssdm name="p_read3"/></StgValue>
</bind>
</comp>

<comp id="6" class="1000" name="p_read4">
<pin_list>
<pin id="7" dir="1" index="0" bw="1" slack="0"/>
</pin_list>
<bind>
<StgValue><ssdm name="p_read4"/></StgValue>
</bind>
</comp>

<comp id="8" class="1000" name="p_read5">
<pin_list>
<pin id="9" dir="1" index="0" bw="1" slack="0"/>
</pin_list>
<bind>
<StgValue><ssdm name="p_read5"/></StgValue>
</bind>
</comp>

<comp id="10" class="1000" name="p_read6">
<pin_list>
<pin id="11" dir="1" index="0" bw="1" slack="0"/>
</pin_list>
<bind>
<StgValue><ssdm name="p_read6"/></StgValue>
</bind>
</comp>

<comp id="12" class="1000" name="p_read7">
<pin_list>
<pin id="13" dir="1" index="0" bw="1" slack="0"/>
</pin_list>
<bind>
<StgValue><ssdm name="p_read7"/></StgValue>
</bind>
</comp>

<comp id="14" class="1001" name="const_14">
<pin_list>
<pin id="15" dir="1" index="0" bw="1" slack="0"/>
</pin_list>
<bind>
<StgValue><ssdm name="_ssdm_op_Read.ap_auto.i18"/></StgValue>
</bind>
</comp>

<comp id="16" class="1001" name="const_16">
<pin_list>
<pin id="17" dir="1" index="0" bw="1" slack="0"/>
</pin_list>
<bind>
<StgValue><ssdm name=""/></StgValue>
</bind>
</comp>

<comp id="18" class="1001" name="const_18">
<pin_list>
<pin id="19" dir="1" index="0" bw="1" slack="0"/>
</pin_list>
<bind>
<StgValue><ssdm name=""/></StgValue>
</bind>
</comp>

<comp id="20" class="1001" name="const_20">
<pin_list>
<pin id="21" dir="1" index="0" bw="1" slack="0"/>
</pin_list>
<bind>
<StgValue><ssdm name=""/></StgValue>
</bind>
</comp>

<comp id="22" class="1001" name="const_22">
<pin_list>
<pin id="23" dir="1" index="0" bw="1" slack="0"/>
</pin_list>
<bind>
<StgValue><ssdm name=""/></StgValue>
</bind>
</comp>

<comp id="24" class="1001" name="const_24">
<pin_list>
<pin id="25" dir="1" index="0" bw="1" slack="0"/>
</pin_list>
<bind>
<StgValue><ssdm name=""/></StgValue>
</bind>
</comp>

<comp id="26" class="1001" name="const_26">
<pin_list>
<pin id="27" dir="1" index="0" bw="1" slack="0"/>
</pin_list>
<bind>
<StgValue><ssdm name=""/></StgValue>
</bind>
</comp>

<comp id="28" class="1001" name="const_28">
<pin_list>
<pin id="29" dir="1" index="0" bw="1" slack="0"/>
</pin_list>
<bind>
<StgValue><ssdm name=""/></StgValue>
</bind>
</comp>

<comp id="30" class="1001" name="const_30">
<pin_list>
<pin id="31" dir="1" index="0" bw="1" slack="0"/>
</pin_list>
<bind>
<StgValue><ssdm name=""/></StgValue>
</bind>
</comp>

<comp id="32" class="1001" name="const_32">
<pin_list>
<pin id="33" dir="1" index="0" bw="1" slack="0"/>
</pin_list>
<bind>
<StgValue><ssdm name=""/></StgValue>
</bind>
</comp>

<comp id="34" class="1001" name="const_34">
<pin_list>
<pin id="35" dir="1" index="0" bw="1" slack="0"/>
</pin_list>
<bind>
<StgValue><ssdm name=""/></StgValue>
</bind>
</comp>

<comp id="36" class="1001" name="const_36">
<pin_list>
<pin id="37" dir="1" index="0" bw="1" slack="0"/>
</pin_list>
<bind>
<StgValue><ssdm name=""/></StgValue>
</bind>
</comp>

<comp id="38" class="1001" name="const_38">
<pin_list>
<pin id="39" dir="1" index="0" bw="1" slack="0"/>
</pin_list>
<bind>
<StgValue><ssdm name=""/></StgValue>
</bind>
</comp>

<comp id="40" class="1001" name="const_40">
<pin_list>
<pin id="41" dir="1" index="0" bw="1" slack="0"/>
</pin_list>
<bind>
<StgValue><ssdm name=""/></StgValue>
</bind>
</comp>

<comp id="42" class="1001" name="const_42">
<pin_list>
<pin id="43" dir="1" index="0" bw="1" slack="0"/>
</pin_list>
<bind>
<StgValue><ssdm name=""/></StgValue>
</bind>
</comp>

<comp id="44" class="1001" name="const_44">
<pin_list>
<pin id="45" dir="1" index="0" bw="1" slack="0"/>
</pin_list>
<bind>
<StgValue><ssdm name=""/></StgValue>
</bind>
</comp>

<comp id="46" class="1001" name="const_46">
<pin_list>
<pin id="47" dir="1" index="0" bw="1" slack="0"/>
</pin_list>
<bind>
<StgValue><ssdm name=""/></StgValue>
</bind>
</comp>

<comp id="48" class="1001" name="const_48">
<pin_list>
<pin id="49" dir="1" index="0" bw="1" slack="0"/>
</pin_list>
<bind>
<StgValue><ssdm name=""/></StgValue>
</bind>
</comp>

<comp id="50" class="1001" name="const_50">
<pin_list>
<pin id="51" dir="1" index="0" bw="1" slack="0"/>
</pin_list>
<bind>
<StgValue><ssdm name=""/></StgValue>
</bind>
</comp>

<comp id="52" class="1001" name="const_52">
<pin_list>
<pin id="53" dir="1" index="0" bw="1" slack="0"/>
</pin_list>
<bind>
<StgValue><ssdm name=""/></StgValue>
</bind>
</comp>

<comp id="54" class="1001" name="const_54">
<pin_list>
<pin id="55" dir="1" index="0" bw="1" slack="0"/>
</pin_list>
<bind>
<StgValue><ssdm name=""/></StgValue>
</bind>
</comp>

<comp id="56" class="1001" name="const_56">
<pin_list>
<pin id="57" dir="1" index="0" bw="1" slack="0"/>
</pin_list>
<bind>
<StgValue><ssdm name=""/></StgValue>
</bind>
</comp>

<comp id="58" class="1001" name="const_58">
<pin_list>
<pin id="59" dir="1" index="0" bw="1" slack="2147483647"/>
</pin_list>
<bind>
<StgValue><ssdm name="_ssdm_op_SpecPipeline"/></StgValue>
</bind>
</comp>

<comp id="60" class="1001" name="const_60">
<pin_list>
<pin id="61" dir="1" index="0" bw="1" slack="2147483647"/>
</pin_list>
<bind>
<StgValue><ssdm name=""/></StgValue>
</bind>
</comp>

<comp id="62" class="1001" name="const_62">
<pin_list>
<pin id="63" dir="1" index="0" bw="1" slack="2147483647"/>
</pin_list>
<bind>
<StgValue><ssdm name=""/></StgValue>
</bind>
</comp>

<comp id="64" class="1001" name="const_64">
<pin_list>
<pin id="65" dir="1" index="0" bw="1" slack="2147483647"/>
</pin_list>
<bind>
<StgValue><ssdm name="empty_12"/></StgValue>
</bind>
</comp>

<comp id="66" class="1001" name="const_66">
<pin_list>
<pin id="67" dir="1" index="0" bw="1" slack="0"/>
</pin_list>
<bind>
<StgValue><ssdm name=""/></StgValue>
</bind>
</comp>

<comp id="68" class="1001" name="const_68">
<pin_list>
<pin id="69" dir="1" index="0" bw="1" slack="0"/>
</pin_list>
<bind>
<StgValue><ssdm name="_ssdm_op_SparseMux.ap_auto.12i11.i11.i4"/></StgValue>
</bind>
</comp>

<comp id="70" class="1001" name="const_70">
<pin_list>
<pin id="71" dir="1" index="0" bw="1" slack="0"/>
</pin_list>
<bind>
<StgValue><ssdm name=""/></StgValue>
</bind>
</comp>

<comp id="72" class="1001" name="const_72">
<pin_list>
<pin id="73" dir="1" index="0" bw="1" slack="0"/>
</pin_list>
<bind>
<StgValue><ssdm name=""/></StgValue>
</bind>
</comp>

<comp id="74" class="1001" name="const_74">
<pin_list>
<pin id="75" dir="1" index="0" bw="1" slack="0"/>
</pin_list>
<bind>
<StgValue><ssdm name=""/></StgValue>
</bind>
</comp>

<comp id="76" class="1001" name="const_76">
<pin_list>
<pin id="77" dir="1" index="0" bw="1" slack="0"/>
</pin_list>
<bind>
<StgValue><ssdm name=""/></StgValue>
</bind>
</comp>

<comp id="78" class="1001" name="const_78">
<pin_list>
<pin id="79" dir="1" index="0" bw="1" slack="0"/>
</pin_list>
<bind>
<StgValue><ssdm name=""/></StgValue>
</bind>
</comp>

<comp id="80" class="1001" name="const_80">
<pin_list>
<pin id="81" dir="1" index="0" bw="1" slack="0"/>
</pin_list>
<bind>
<StgValue><ssdm name=""/></StgValue>
</bind>
</comp>

<comp id="82" class="1001" name="const_82">
<pin_list>
<pin id="83" dir="1" index="0" bw="1" slack="0"/>
</pin_list>
<bind>
<StgValue><ssdm name=""/></StgValue>
</bind>
</comp>

<comp id="84" class="1001" name="const_84">
<pin_list>
<pin id="85" dir="1" index="0" bw="1" slack="0"/>
</pin_list>
<bind>
<StgValue><ssdm name=""/></StgValue>
</bind>
</comp>

<comp id="86" class="1001" name="const_86">
<pin_list>
<pin id="87" dir="1" index="0" bw="1" slack="0"/>
</pin_list>
<bind>
<StgValue><ssdm name=""/></StgValue>
</bind>
</comp>

<comp id="88" class="1001" name="const_88">
<pin_list>
<pin id="89" dir="1" index="0" bw="1" slack="0"/>
</pin_list>
<bind>
<StgValue><ssdm name=""/></StgValue>
</bind>
</comp>

<comp id="90" class="1001" name="const_90">
<pin_list>
<pin id="91" dir="1" index="0" bw="1" slack="0"/>
</pin_list>
<bind>
<StgValue><ssdm name=""/></StgValue>
</bind>
</comp>

<comp id="92" class="1001" name="const_92">
<pin_list>
<pin id="93" dir="1" index="0" bw="1" slack="0"/>
</pin_list>
<bind>
<StgValue><ssdm name=""/></StgValue>
</bind>
</comp>

<comp id="94" class="1001" name="const_94">
<pin_list>
<pin id="95" dir="1" index="0" bw="1" slack="0"/>
</pin_list>
<bind>
<StgValue><ssdm name=""/></StgValue>
</bind>
</comp>

<comp id="96" class="1001" name="const_96">
<pin_list>
<pin id="97" dir="1" index="0" bw="1" slack="0"/>
</pin_list>
<bind>
<StgValue><ssdm name=""/></StgValue>
</bind>
</comp>

<comp id="98" class="1001" name="const_98">
<pin_list>
<pin id="99" dir="1" index="0" bw="1" slack="0"/>
</pin_list>
<bind>
<StgValue><ssdm name=""/></StgValue>
</bind>
</comp>

<comp id="100" class="1001" name="const_100">
<pin_list>
<pin id="101" dir="1" index="0" bw="1" slack="0"/>
</pin_list>
<bind>
<StgValue><ssdm name=""/></StgValue>
</bind>
</comp>

<comp id="102" class="1001" name="const_102">
<pin_list>
<pin id="103" dir="1" index="0" bw="1" slack="0"/>
</pin_list>
<bind>
<StgValue><ssdm name=""/></StgValue>
</bind>
</comp>

<comp id="104" class="1001" name="const_104">
<pin_list>
<pin id="105" dir="1" index="0" bw="1" slack="0"/>
</pin_list>
<bind>
<StgValue><ssdm name=""/></StgValue>
</bind>
</comp>

<comp id="106" class="1001" name="const_106">
<pin_list>
<pin id="107" dir="1" index="0" bw="1" slack="0"/>
</pin_list>
<bind>
<StgValue><ssdm name=""/></StgValue>
</bind>
</comp>

<comp id="108" class="1001" name="const_108">
<pin_list>
<pin id="109" dir="1" index="0" bw="1" slack="0"/>
</pin_list>
<bind>
<StgValue><ssdm name=""/></StgValue>
</bind>
</comp>

<comp id="110" class="1001" name="const_110">
<pin_list>
<pin id="111" dir="1" index="0" bw="1" slack="0"/>
</pin_list>
<bind>
<StgValue><ssdm name=""/></StgValue>
</bind>
</comp>

<comp id="112" class="1004" name="p_read_read_fu_112">
<pin_list>
<pin id="113" dir="0" index="0" bw="18" slack="0"/>
<pin id="114" dir="0" index="1" bw="18" slack="0"/>
<pin id="115" dir="1" index="2" bw="18" slack="0"/>
</pin_list>
<bind>
<opcode="read(1150) " fcode="read"/>
<opset="p_read/1 "/>
</bind>
</comp>

<comp id="118" class="1004" name="p_read_1_read_fu_118">
<pin_list>
<pin id="119" dir="0" index="0" bw="18" slack="0"/>
<pin id="120" dir="0" index="1" bw="18" slack="0"/>
<pin id="121" dir="1" index="2" bw="18" slack="0"/>
</pin_list>
<bind>
<opcode="read(1150) " fcode="read"/>
<opset="p_read_1/1 "/>
</bind>
</comp>

<comp id="124" class="1004" name="p_read_2_read_fu_124">
<pin_list>
<pin id="125" dir="0" index="0" bw="18" slack="0"/>
<pin id="126" dir="0" index="1" bw="18" slack="0"/>
<pin id="127" dir="1" index="2" bw="18" slack="0"/>
</pin_list>
<bind>
<opcode="read(1150) " fcode="read"/>
<opset="p_read_2/1 "/>
</bind>
</comp>

<comp id="130" class="1004" name="p_read_3_read_fu_130">
<pin_list>
<pin id="131" dir="0" index="0" bw="18" slack="0"/>
<pin id="132" dir="0" index="1" bw="18" slack="0"/>
<pin id="133" dir="1" index="2" bw="18" slack="0"/>
</pin_list>
<bind>
<opcode="read(1150) " fcode="read"/>
<opset="p_read_3/1 "/>
</bind>
</comp>

<comp id="136" class="1004" name="p_read33_read_fu_136">
<pin_list>
<pin id="137" dir="0" index="0" bw="18" slack="0"/>
<pin id="138" dir="0" index="1" bw="18" slack="0"/>
<pin id="139" dir="1" index="2" bw="18" slack="0"/>
</pin_list>
<bind>
<opcode="read(1150) " fcode="read"/>
<opset="p_read33/1 "/>
</bind>
</comp>

<comp id="142" class="1004" name="p_read22_read_fu_142">
<pin_list>
<pin id="143" dir="0" index="0" bw="18" slack="0"/>
<pin id="144" dir="0" index="1" bw="18" slack="0"/>
<pin id="145" dir="1" index="2" bw="18" slack="0"/>
</pin_list>
<bind>
<opcode="read(1150) " fcode="read"/>
<opset="p_read22/1 "/>
</bind>
</comp>

<comp id="148" class="1004" name="p_read11_read_fu_148">
<pin_list>
<pin id="149" dir="0" index="0" bw="18" slack="0"/>
<pin id="150" dir="0" index="1" bw="18" slack="0"/>
<pin id="151" dir="1" index="2" bw="18" slack="0"/>
</pin_list>
<bind>
<opcode="read(1150) " fcode="read"/>
<opset="p_read11/1 "/>
</bind>
</comp>

<comp id="154" class="1004" name="icmp_ln4_fu_154">
<pin_list>
<pin id="155" dir="0" index="0" bw="18" slack="0"/>
<pin id="156" dir="0" index="1" bw="12" slack="0"/>
<pin id="157" dir="1" index="2" bw="1" slack="0"/>
</pin_list>
<bind>
<opcode="icmp(45) " fcode="icmp"/>
<opset="icmp_ln4/1 "/>
</bind>
</comp>

<comp id="160" class="1004" name="icmp_ln4_1_fu_160">
<pin_list>
<pin id="161" dir="0" index="0" bw="18" slack="0"/>
<pin id="162" dir="0" index="1" bw="16" slack="0"/>
<pin id="163" dir="1" index="2" bw="1" slack="1"/>
</pin_list>
<bind>
<opcode="icmp(45) " fcode="icmp"/>
<opset="icmp_ln4_1/1 "/>
</bind>
</comp>

<comp id="166" class="1004" name="icmp_ln4_2_fu_166">
<pin_list>
<pin id="167" dir="0" index="0" bw="18" slack="0"/>
<pin id="168" dir="0" index="1" bw="15" slack="0"/>
<pin id="169" dir="1" index="2" bw="1" slack="1"/>
</pin_list>
<bind>
<opcode="icmp(45) " fcode="icmp"/>
<opset="icmp_ln4_2/1 "/>
</bind>
</comp>

<comp id="172" class="1004" name="icmp_ln4_3_fu_172">
<pin_list>
<pin id="173" dir="0" index="0" bw="18" slack="0"/>
<pin id="174" dir="0" index="1" bw="16" slack="0"/>
<pin id="175" dir="1" index="2" bw="1" slack="1"/>
</pin_list>
<bind>
<opcode="icmp(45) " fcode="icmp"/>
<opset="icmp_ln4_3/1 "/>
</bind>
</comp>

<comp id="178" class="1004" name="icmp_ln4_4_fu_178">
<pin_list>
<pin id="179" dir="0" index="0" bw="18" slack="0"/>
<pin id="180" dir="0" index="1" bw="16" slack="0"/>
<pin id="181" dir="1" index="2" bw="1" slack="1"/>
</pin_list>
<bind>
<opcode="icmp(45) " fcode="icmp"/>
<opset="icmp_ln4_4/1 "/>
</bind>
</comp>

<comp id="184" class="1004" name="icmp_ln4_5_fu_184">
<pin_list>
<pin id="185" dir="0" index="0" bw="18" slack="0"/>
<pin id="186" dir="0" index="1" bw="15" slack="0"/>
<pin id="187" dir="1" index="2" bw="1" slack="2"/>
</pin_list>
<bind>
<opcode="icmp(45) " fcode="icmp"/>
<opset="icmp_ln4_5/1 "/>
</bind>
</comp>

<comp id="190" class="1004" name="icmp_ln4_6_fu_190">
<pin_list>
<pin id="191" dir="0" index="0" bw="18" slack="0"/>
<pin id="192" dir="0" index="1" bw="10" slack="0"/>
<pin id="193" dir="1" index="2" bw="1" slack="1"/>
</pin_list>
<bind>
<opcode="icmp(45) " fcode="icmp"/>
<opset="icmp_ln4_6/1 "/>
</bind>
</comp>

<comp id="196" class="1004" name="icmp_ln4_7_fu_196">
<pin_list>
<pin id="197" dir="0" index="0" bw="18" slack="0"/>
<pin id="198" dir="0" index="1" bw="14" slack="0"/>
<pin id="199" dir="1" index="2" bw="1" slack="2"/>
</pin_list>
<bind>
<opcode="icmp(45) " fcode="icmp"/>
<opset="icmp_ln4_7/1 "/>
</bind>
</comp>

<comp id="202" class="1004" name="icmp_ln4_8_fu_202">
<pin_list>
<pin id="203" dir="0" index="0" bw="18" slack="0"/>
<pin id="204" dir="0" index="1" bw="15" slack="0"/>
<pin id="205" dir="1" index="2" bw="1" slack="2"/>
</pin_list>
<bind>
<opcode="icmp(45) " fcode="icmp"/>
<opset="icmp_ln4_8/1 "/>
</bind>
</comp>

<comp id="208" class="1004" name="icmp_ln4_9_fu_208">
<pin_list>
<pin id="209" dir="0" index="0" bw="18" slack="0"/>
<pin id="210" dir="0" index="1" bw="15" slack="0"/>
<pin id="211" dir="1" index="2" bw="1" slack="2"/>
</pin_list>
<bind>
<opcode="icmp(45) " fcode="icmp"/>
<opset="icmp_ln4_9/1 "/>
</bind>
</comp>

<comp id="214" class="1004" name="icmp_ln4_10_fu_214">
<pin_list>
<pin id="215" dir="0" index="0" bw="18" slack="0"/>
<pin id="216" dir="0" index="1" bw="13" slack="0"/>
<pin id="217" dir="1" index="2" bw="1" slack="3"/>
</pin_list>
<bind>
<opcode="icmp(45) " fcode="icmp"/>
<opset="icmp_ln4_10/1 "/>
</bind>
</comp>

<comp id="220" class="1004" name="xor_ln107_fu_220">
<pin_list>
<pin id="221" dir="0" index="0" bw="1" slack="0"/>
<pin id="222" dir="0" index="1" bw="1" slack="0"/>
<pin id="223" dir="1" index="2" bw="1" slack="1"/>
</pin_list>
<bind>
<opcode="xor(25) " fcode="xor"/>
<opset="xor_ln107/1 "/>
</bind>
</comp>

<comp id="226" class="1004" name="and_ln105_fu_226">
<pin_list>
<pin id="227" dir="0" index="0" bw="1" slack="1"/>
<pin id="228" dir="0" index="1" bw="1" slack="1"/>
<pin id="229" dir="1" index="2" bw="1" slack="0"/>
</pin_list>
<bind>
<opcode="and(23) " fcode="and"/>
<opset="and_ln105/2 "/>
</bind>
</comp>

<comp id="230" class="1004" name="xor_ln107_1_fu_230">
<pin_list>
<pin id="231" dir="0" index="0" bw="1" slack="1"/>
<pin id="232" dir="0" index="1" bw="1" slack="0"/>
<pin id="233" dir="1" index="2" bw="1" slack="0"/>
</pin_list>
<bind>
<opcode="xor(25) " fcode="xor"/>
<opset="xor_ln107_1/2 "/>
</bind>
</comp>

<comp id="235" class="1004" name="and_ln107_fu_235">
<pin_list>
<pin id="236" dir="0" index="0" bw="1" slack="1"/>
<pin id="237" dir="0" index="1" bw="1" slack="0"/>
<pin id="238" dir="1" index="2" bw="1" slack="0"/>
</pin_list>
<bind>
<opcode="and(23) " fcode="and"/>
<opset="and_ln107/2 "/>
</bind>
</comp>

<comp id="240" class="1004" name="and_ln105_1_fu_240">
<pin_list>
<pin id="241" dir="0" index="0" bw="1" slack="1"/>
<pin id="242" dir="0" index="1" bw="1" slack="1"/>
<pin id="243" dir="1" index="2" bw="1" slack="0"/>
</pin_list>
<bind>
<opcode="and(23) " fcode="and"/>
<opset="and_ln105_1/2 "/>
</bind>
</comp>

<comp id="244" class="1004" name="xor_ln107_2_fu_244">
<pin_list>
<pin id="245" dir="0" index="0" bw="1" slack="1"/>
<pin id="246" dir="0" index="1" bw="1" slack="0"/>
<pin id="247" dir="1" index="2" bw="1" slack="0"/>
</pin_list>
<bind>
<opcode="xor(25) " fcode="xor"/>
<opset="xor_ln107_2/2 "/>
</bind>
</comp>

<comp id="249" class="1004" name="and_ln107_1_fu_249">
<pin_list>
<pin id="250" dir="0" index="0" bw="1" slack="0"/>
<pin id="251" dir="0" index="1" bw="1" slack="1"/>
<pin id="252" dir="1" index="2" bw="1" slack="1"/>
</pin_list>
<bind>
<opcode="and(23) " fcode="and"/>
<opset="and_ln107_1/2 "/>
</bind>
</comp>

<comp id="254" class="1004" name="and_ln105_2_fu_254">
<pin_list>
<pin id="255" dir="0" index="0" bw="1" slack="1"/>
<pin id="256" dir="0" index="1" bw="1" slack="0"/>
<pin id="257" dir="1" index="2" bw="1" slack="0"/>
</pin_list>
<bind>
<opcode="and(23) " fcode="and"/>
<opset="and_ln105_2/2 "/>
</bind>
</comp>

<comp id="259" class="1004" name="xor_ln107_3_fu_259">
<pin_list>
<pin id="260" dir="0" index="0" bw="1" slack="1"/>
<pin id="261" dir="0" index="1" bw="1" slack="0"/>
<pin id="262" dir="1" index="2" bw="1" slack="0"/>
</pin_list>
<bind>
<opcode="xor(25) " fcode="xor"/>
<opset="xor_ln107_3/2 "/>
</bind>
</comp>

<comp id="264" class="1004" name="and_ln105_3_fu_264">
<pin_list>
<pin id="265" dir="0" index="0" bw="1" slack="1"/>
<pin id="266" dir="0" index="1" bw="1" slack="0"/>
<pin id="267" dir="1" index="2" bw="1" slack="0"/>
</pin_list>
<bind>
<opcode="and(23) " fcode="and"/>
<opset="and_ln105_3/2 "/>
</bind>
</comp>

<comp id="269" class="1004" name="and_ln105_5_fu_269">
<pin_list>
<pin id="270" dir="0" index="0" bw="1" slack="1"/>
<pin id="271" dir="0" index="1" bw="1" slack="0"/>
<pin id="272" dir="1" index="2" bw="1" slack="0"/>
</pin_list>
<bind>
<opcode="and(23) " fcode="and"/>
<opset="and_ln105_5/2 "/>
</bind>
</comp>

<comp id="274" class="1004" name="and_ln105_6_fu_274">
<pin_list>
<pin id="275" dir="0" index="0" bw="1" slack="0"/>
<pin id="276" dir="0" index="1" bw="1" slack="0"/>
<pin id="277" dir="1" index="2" bw="1" slack="0"/>
</pin_list>
<bind>
<opcode="and(23) " fcode="and"/>
<opset="and_ln105_6/2 "/>
</bind>
</comp>

<comp id="280" class="1004" name="or_ln120_fu_280">
<pin_list>
<pin id="281" dir="0" index="0" bw="1" slack="0"/>
<pin id="282" dir="0" index="1" bw="1" slack="0"/>
<pin id="283" dir="1" index="2" bw="1" slack="0"/>
</pin_list>
<bind>
<opcode="or(24) " fcode="or"/>
<opset="or_ln120/2 "/>
</bind>
</comp>

<comp id="286" class="1004" name="or_ln120_1_fu_286">
<pin_list>
<pin id="287" dir="0" index="0" bw="1" slack="0"/>
<pin id="288" dir="0" index="1" bw="1" slack="0"/>
<pin id="289" dir="1" index="2" bw="1" slack="0"/>
</pin_list>
<bind>
<opcode="or(24) " fcode="or"/>
<opset="or_ln120_1/2 "/>
</bind>
</comp>

<comp id="292" class="1004" name="or_ln120_3_fu_292">
<pin_list>
<pin id="293" dir="0" index="0" bw="1" slack="1"/>
<pin id="294" dir="0" index="1" bw="1" slack="0"/>
<pin id="295" dir="1" index="2" bw="1" slack="1"/>
</pin_list>
<bind>
<opcode="or(24) " fcode="or"/>
<opset="or_ln120_3/2 "/>
</bind>
</comp>

<comp id="297" class="1004" name="xor_ln120_fu_297">
<pin_list>
<pin id="298" dir="0" index="0" bw="1" slack="0"/>
<pin id="299" dir="0" index="1" bw="1" slack="0"/>
<pin id="300" dir="1" index="2" bw="1" slack="0"/>
</pin_list>
<bind>
<opcode="xor(25) " fcode="xor"/>
<opset="xor_ln120/2 "/>
</bind>
</comp>

<comp id="303" class="1004" name="zext_ln120_fu_303">
<pin_list>
<pin id="304" dir="0" index="0" bw="1" slack="0"/>
<pin id="305" dir="1" index="1" bw="2" slack="0"/>
</pin_list>
<bind>
<opcode="zext(34) " fcode="zext"/>
<opset="zext_ln120/2 "/>
</bind>
</comp>

<comp id="307" class="1004" name="select_ln120_fu_307">
<pin_list>
<pin id="308" dir="0" index="0" bw="1" slack="0"/>
<pin id="309" dir="0" index="1" bw="1" slack="0"/>
<pin id="310" dir="0" index="2" bw="2" slack="0"/>
<pin id="311" dir="1" index="3" bw="2" slack="0"/>
</pin_list>
<bind>
<opcode="select(49) " fcode="select"/>
<opset="select_ln120/2 "/>
</bind>
</comp>

<comp id="315" class="1004" name="select_ln120_1_fu_315">
<pin_list>
<pin id="316" dir="0" index="0" bw="1" slack="0"/>
<pin id="317" dir="0" index="1" bw="2" slack="0"/>
<pin id="318" dir="0" index="2" bw="1" slack="0"/>
<pin id="319" dir="1" index="3" bw="2" slack="1"/>
</pin_list>
<bind>
<opcode="select(49) " fcode="select"/>
<opset="select_ln120_1/2 "/>
</bind>
</comp>

<comp id="323" class="1004" name="xor_ln107_4_fu_323">
<pin_list>
<pin id="324" dir="0" index="0" bw="1" slack="2"/>
<pin id="325" dir="0" index="1" bw="1" slack="0"/>
<pin id="326" dir="1" index="2" bw="1" slack="0"/>
</pin_list>
<bind>
<opcode="xor(25) " fcode="xor"/>
<opset="xor_ln107_4/3 "/>
</bind>
</comp>

<comp id="328" class="1004" name="and_ln105_4_fu_328">
<pin_list>
<pin id="329" dir="0" index="0" bw="1" slack="2"/>
<pin id="330" dir="0" index="1" bw="1" slack="1"/>
<pin id="331" dir="1" index="2" bw="1" slack="0"/>
</pin_list>
<bind>
<opcode="and(23) " fcode="and"/>
<opset="and_ln105_4/3 "/>
</bind>
</comp>

<comp id="332" class="1004" name="and_ln105_7_fu_332">
<pin_list>
<pin id="333" dir="0" index="0" bw="1" slack="2"/>
<pin id="334" dir="0" index="1" bw="1" slack="1"/>
<pin id="335" dir="1" index="2" bw="1" slack="0"/>
</pin_list>
<bind>
<opcode="and(23) " fcode="and"/>
<opset="and_ln105_7/3 "/>
</bind>
</comp>

<comp id="336" class="1004" name="and_ln105_8_fu_336">
<pin_list>
<pin id="337" dir="0" index="0" bw="1" slack="2"/>
<pin id="338" dir="0" index="1" bw="1" slack="0"/>
<pin id="339" dir="1" index="2" bw="1" slack="0"/>
</pin_list>
<bind>
<opcode="and(23) " fcode="and"/>
<opset="and_ln105_8/3 "/>
</bind>
</comp>

<comp id="341" class="1004" name="and_ln105_9_fu_341">
<pin_list>
<pin id="342" dir="0" index="0" bw="1" slack="0"/>
<pin id="343" dir="0" index="1" bw="1" slack="1"/>
<pin id="344" dir="1" index="2" bw="1" slack="0"/>
</pin_list>
<bind>
<opcode="and(23) " fcode="and"/>
<opset="and_ln105_9/3 "/>
</bind>
</comp>

<comp id="346" class="1004" name="and_ln105_10_fu_346">
<pin_list>
<pin id="347" dir="0" index="0" bw="1" slack="2"/>
<pin id="348" dir="0" index="1" bw="1" slack="0"/>
<pin id="349" dir="1" index="2" bw="1" slack="0"/>
</pin_list>
<bind>
<opcode="and(23) " fcode="and"/>
<opset="and_ln105_10/3 "/>
</bind>
</comp>

<comp id="351" class="1004" name="or_ln120_2_fu_351">
<pin_list>
<pin id="352" dir="0" index="0" bw="1" slack="2"/>
<pin id="353" dir="0" index="1" bw="1" slack="0"/>
<pin id="354" dir="1" index="2" bw="1" slack="0"/>
</pin_list>
<bind>
<opcode="or(24) " fcode="or"/>
<opset="or_ln120_2/3 "/>
</bind>
</comp>

<comp id="356" class="1004" name="or_ln120_4_fu_356">
<pin_list>
<pin id="357" dir="0" index="0" bw="1" slack="1"/>
<pin id="358" dir="0" index="1" bw="1" slack="0"/>
<pin id="359" dir="1" index="2" bw="1" slack="0"/>
</pin_list>
<bind>
<opcode="or(24) " fcode="or"/>
<opset="or_ln120_4/3 "/>
</bind>
</comp>

<comp id="361" class="1004" name="or_ln120_5_fu_361">
<pin_list>
<pin id="362" dir="0" index="0" bw="1" slack="2"/>
<pin id="363" dir="0" index="1" bw="1" slack="1"/>
<pin id="364" dir="1" index="2" bw="1" slack="0"/>
</pin_list>
<bind>
<opcode="or(24) " fcode="or"/>
<opset="or_ln120_5/3 "/>
</bind>
</comp>

<comp id="365" class="1004" name="or_ln120_6_fu_365">
<pin_list>
<pin id="366" dir="0" index="0" bw="1" slack="0"/>
<pin id="367" dir="0" index="1" bw="1" slack="0"/>
<pin id="368" dir="1" index="2" bw="1" slack="0"/>
</pin_list>
<bind>
<opcode="or(24) " fcode="or"/>
<opset="or_ln120_6/3 "/>
</bind>
</comp>

<comp id="371" class="1004" name="or_ln120_7_fu_371">
<pin_list>
<pin id="372" dir="0" index="0" bw="1" slack="0"/>
<pin id="373" dir="0" index="1" bw="1" slack="0"/>
<pin id="374" dir="1" index="2" bw="1" slack="0"/>
</pin_list>
<bind>
<opcode="or(24) " fcode="or"/>
<opset="or_ln120_7/3 "/>
</bind>
</comp>

<comp id="377" class="1004" name="zext_ln120_1_fu_377">
<pin_list>
<pin id="378" dir="0" index="0" bw="2" slack="1"/>
<pin id="379" dir="1" index="1" bw="3" slack="0"/>
</pin_list>
<bind>
<opcode="zext(34) " fcode="zext"/>
<opset="zext_ln120_1/3 "/>
</bind>
</comp>

<comp id="380" class="1004" name="select_ln120_2_fu_380">
<pin_list>
<pin id="381" dir="0" index="0" bw="1" slack="2"/>
<pin id="382" dir="0" index="1" bw="2" slack="0"/>
<pin id="383" dir="0" index="2" bw="3" slack="0"/>
<pin id="384" dir="1" index="3" bw="3" slack="0"/>
</pin_list>
<bind>
<opcode="select(49) " fcode="select"/>
<opset="select_ln120_2/3 "/>
</bind>
</comp>

<comp id="387" class="1004" name="select_ln120_3_fu_387">
<pin_list>
<pin id="388" dir="0" index="0" bw="1" slack="0"/>
<pin id="389" dir="0" index="1" bw="3" slack="0"/>
<pin id="390" dir="0" index="2" bw="3" slack="0"/>
<pin id="391" dir="1" index="3" bw="3" slack="0"/>
</pin_list>
<bind>
<opcode="select(49) " fcode="select"/>
<opset="select_ln120_3/3 "/>
</bind>
</comp>

<comp id="395" class="1004" name="select_ln120_4_fu_395">
<pin_list>
<pin id="396" dir="0" index="0" bw="1" slack="1"/>
<pin id="397" dir="0" index="1" bw="3" slack="0"/>
<pin id="398" dir="0" index="2" bw="2" slack="0"/>
<pin id="399" dir="1" index="3" bw="3" slack="0"/>
</pin_list>
<bind>
<opcode="select(49) " fcode="select"/>
<opset="select_ln120_4/3 "/>
</bind>
</comp>

<comp id="402" class="1004" name="select_ln120_5_fu_402">
<pin_list>
<pin id="403" dir="0" index="0" bw="1" slack="0"/>
<pin id="404" dir="0" index="1" bw="3" slack="0"/>
<pin id="405" dir="0" index="2" bw="1" slack="0"/>
<pin id="406" dir="1" index="3" bw="3" slack="0"/>
</pin_list>
<bind>
<opcode="select(49) " fcode="select"/>
<opset="select_ln120_5/3 "/>
</bind>
</comp>

<comp id="410" class="1004" name="zext_ln120_2_fu_410">
<pin_list>
<pin id="411" dir="0" index="0" bw="3" slack="0"/>
<pin id="412" dir="1" index="1" bw="4" slack="0"/>
</pin_list>
<bind>
<opcode="zext(34) " fcode="zext"/>
<opset="zext_ln120_2/3 "/>
</bind>
</comp>

<comp id="414" class="1004" name="select_ln120_6_fu_414">
<pin_list>
<pin id="415" dir="0" index="0" bw="1" slack="0"/>
<pin id="416" dir="0" index="1" bw="3" slack="0"/>
<pin id="417" dir="0" index="2" bw="4" slack="0"/>
<pin id="418" dir="1" index="3" bw="4" slack="0"/>
</pin_list>
<bind>
<opcode="select(49) " fcode="select"/>
<opset="select_ln120_6/3 "/>
</bind>
</comp>

<comp id="422" class="1004" name="select_ln120_7_fu_422">
<pin_list>
<pin id="423" dir="0" index="0" bw="1" slack="0"/>
<pin id="424" dir="0" index="1" bw="4" slack="0"/>
<pin id="425" dir="0" index="2" bw="4" slack="0"/>
<pin id="426" dir="1" index="3" bw="4" slack="0"/>
</pin_list>
<bind>
<opcode="select(49) " fcode="select"/>
<opset="select_ln120_7/3 "/>
</bind>
</comp>

<comp id="430" class="1004" name="select_ln120_8_fu_430">
<pin_list>
<pin id="431" dir="0" index="0" bw="1" slack="0"/>
<pin id="432" dir="0" index="1" bw="4" slack="0"/>
<pin id="433" dir="0" index="2" bw="4" slack="0"/>
<pin id="434" dir="1" index="3" bw="4" slack="1"/>
</pin_list>
<bind>
<opcode="select(49) " fcode="select"/>
<opset="select_ln120_8/3 "/>
</bind>
</comp>

<comp id="438" class="1004" name="xor_ln107_5_fu_438">
<pin_list>
<pin id="439" dir="0" index="0" bw="1" slack="3"/>
<pin id="440" dir="0" index="1" bw="1" slack="0"/>
<pin id="441" dir="1" index="2" bw="1" slack="0"/>
</pin_list>
<bind>
<opcode="xor(25) " fcode="xor"/>
<opset="xor_ln107_5/4 "/>
</bind>
</comp>

<comp id="443" class="1004" name="and_ln105_11_fu_443">
<pin_list>
<pin id="444" dir="0" index="0" bw="1" slack="3"/>
<pin id="445" dir="0" index="1" bw="1" slack="0"/>
<pin id="446" dir="1" index="2" bw="1" slack="0"/>
</pin_list>
<bind>
<opcode="and(23) " fcode="and"/>
<opset="and_ln105_11/4 "/>
</bind>
</comp>

<comp id="448" class="1004" name="and_ln105_12_fu_448">
<pin_list>
<pin id="449" dir="0" index="0" bw="1" slack="0"/>
<pin id="450" dir="0" index="1" bw="1" slack="2"/>
<pin id="451" dir="1" index="2" bw="1" slack="0"/>
</pin_list>
<bind>
<opcode="and(23) " fcode="and"/>
<opset="and_ln105_12/4 "/>
</bind>
</comp>

<comp id="453" class="1004" name="or_ln120_8_fu_453">
<pin_list>
<pin id="454" dir="0" index="0" bw="1" slack="1"/>
<pin id="455" dir="0" index="1" bw="1" slack="0"/>
<pin id="456" dir="1" index="2" bw="1" slack="0"/>
</pin_list>
<bind>
<opcode="or(24) " fcode="or"/>
<opset="or_ln120_8/4 "/>
</bind>
</comp>

<comp id="458" class="1004" name="select_ln120_9_fu_458">
<pin_list>
<pin id="459" dir="0" index="0" bw="1" slack="0"/>
<pin id="460" dir="0" index="1" bw="4" slack="1"/>
<pin id="461" dir="0" index="2" bw="4" slack="0"/>
<pin id="462" dir="1" index="3" bw="4" slack="0"/>
</pin_list>
<bind>
<opcode="select(49) " fcode="select"/>
<opset="select_ln120_9/4 "/>
</bind>
</comp>

<comp id="465" class="1004" name="agg_result_fu_465">
<pin_list>
<pin id="466" dir="0" index="0" bw="11" slack="0"/>
<pin id="467" dir="0" index="1" bw="1" slack="0"/>
<pin id="468" dir="0" index="2" bw="11" slack="0"/>
<pin id="469" dir="0" index="3" bw="1" slack="0"/>
<pin id="470" dir="0" index="4" bw="11" slack="0"/>
<pin id="471" dir="0" index="5" bw="3" slack="0"/>
<pin id="472" dir="0" index="6" bw="8" slack="0"/>
<pin id="473" dir="0" index="7" bw="3" slack="0"/>
<pin id="474" dir="0" index="8" bw="11" slack="0"/>
<pin id="475" dir="0" index="9" bw="4" slack="0"/>
<pin id="476" dir="0" index="10" bw="9" slack="0"/>
<pin id="477" dir="0" index="11" bw="4" slack="0"/>
<pin id="478" dir="0" index="12" bw="10" slack="0"/>
<pin id="479" dir="0" index="13" bw="4" slack="0"/>
<pin id="480" dir="0" index="14" bw="10" slack="0"/>
<pin id="481" dir="0" index="15" bw="4" slack="0"/>
<pin id="482" dir="0" index="16" bw="6" slack="0"/>
<pin id="483" dir="0" index="17" bw="4" slack="0"/>
<pin id="484" dir="0" index="18" bw="8" slack="0"/>
<pin id="485" dir="0" index="19" bw="4" slack="0"/>
<pin id="486" dir="0" index="20" bw="11" slack="0"/>
<pin id="487" dir="0" index="21" bw="4" slack="0"/>
<pin id="488" dir="0" index="22" bw="10" slack="0"/>
<pin id="489" dir="0" index="23" bw="4" slack="0"/>
<pin id="490" dir="0" index="24" bw="10" slack="0"/>
<pin id="491" dir="0" index="25" bw="1" slack="0"/>
<pin id="492" dir="0" index="26" bw="4" slack="0"/>
<pin id="493" dir="1" index="27" bw="11" slack="2147483647"/>
</pin_list>
<bind>
<opcode="sparsemux(1197) " fcode="sparsemux"/>
<opset="agg_result/4 "/>
</bind>
</comp>

<comp id="521" class="1005" name="icmp_ln4_reg_521">
<pin_list>
<pin id="522" dir="0" index="0" bw="1" slack="1"/>
<pin id="523" dir="1" index="1" bw="1" slack="1"/>
</pin_list>
<bind>
<opset="icmp_ln4 "/>
</bind>
</comp>

<comp id="531" class="1005" name="icmp_ln4_1_reg_531">
<pin_list>
<pin id="532" dir="0" index="0" bw="1" slack="1"/>
<pin id="533" dir="1" index="1" bw="1" slack="1"/>
</pin_list>
<bind>
<opset="icmp_ln4_1 "/>
</bind>
</comp>

<comp id="537" class="1005" name="icmp_ln4_2_reg_537">
<pin_list>
<pin id="538" dir="0" index="0" bw="1" slack="1"/>
<pin id="539" dir="1" index="1" bw="1" slack="1"/>
</pin_list>
<bind>
<opset="icmp_ln4_2 "/>
</bind>
</comp>

<comp id="543" class="1005" name="icmp_ln4_3_reg_543">
<pin_list>
<pin id="544" dir="0" index="0" bw="1" slack="1"/>
<pin id="545" dir="1" index="1" bw="1" slack="1"/>
</pin_list>
<bind>
<opset="icmp_ln4_3 "/>
</bind>
</comp>

<comp id="549" class="1005" name="icmp_ln4_4_reg_549">
<pin_list>
<pin id="550" dir="0" index="0" bw="1" slack="1"/>
<pin id="551" dir="1" index="1" bw="1" slack="1"/>
</pin_list>
<bind>
<opset="icmp_ln4_4 "/>
</bind>
</comp>

<comp id="555" class="1005" name="icmp_ln4_5_reg_555">
<pin_list>
<pin id="556" dir="0" index="0" bw="1" slack="2"/>
<pin id="557" dir="1" index="1" bw="1" slack="2"/>
</pin_list>
<bind>
<opset="icmp_ln4_5 "/>
</bind>
</comp>

<comp id="561" class="1005" name="icmp_ln4_6_reg_561">
<pin_list>
<pin id="562" dir="0" index="0" bw="1" slack="1"/>
<pin id="563" dir="1" index="1" bw="1" slack="1"/>
</pin_list>
<bind>
<opset="icmp_ln4_6 "/>
</bind>
</comp>

<comp id="566" class="1005" name="icmp_ln4_7_reg_566">
<pin_list>
<pin id="567" dir="0" index="0" bw="1" slack="2"/>
<pin id="568" dir="1" index="1" bw="1" slack="2"/>
</pin_list>
<bind>
<opset="icmp_ln4_7 "/>
</bind>
</comp>

<comp id="571" class="1005" name="icmp_ln4_8_reg_571">
<pin_list>
<pin id="572" dir="0" index="0" bw="1" slack="2"/>
<pin id="573" dir="1" index="1" bw="1" slack="2"/>
</pin_list>
<bind>
<opset="icmp_ln4_8 "/>
</bind>
</comp>

<comp id="576" class="1005" name="icmp_ln4_9_reg_576">
<pin_list>
<pin id="577" dir="0" index="0" bw="1" slack="2"/>
<pin id="578" dir="1" index="1" bw="1" slack="2"/>
</pin_list>
<bind>
<opset="icmp_ln4_9 "/>
</bind>
</comp>

<comp id="581" class="1005" name="icmp_ln4_10_reg_581">
<pin_list>
<pin id="582" dir="0" index="0" bw="1" slack="3"/>
<pin id="583" dir="1" index="1" bw="1" slack="3"/>
</pin_list>
<bind>
<opset="icmp_ln4_10 "/>
</bind>
</comp>

<comp id="586" class="1005" name="xor_ln107_reg_586">
<pin_list>
<pin id="587" dir="0" index="0" bw="1" slack="1"/>
<pin id="588" dir="1" index="1" bw="1" slack="1"/>
</pin_list>
<bind>
<opset="xor_ln107 "/>
</bind>
</comp>

<comp id="592" class="1005" name="and_ln105_1_reg_592">
<pin_list>
<pin id="593" dir="0" index="0" bw="1" slack="1"/>
<pin id="594" dir="1" index="1" bw="1" slack="1"/>
</pin_list>
<bind>
<opset="and_ln105_1 "/>
</bind>
</comp>

<comp id="598" class="1005" name="and_ln107_1_reg_598">
<pin_list>
<pin id="599" dir="0" index="0" bw="1" slack="1"/>
<pin id="600" dir="1" index="1" bw="1" slack="1"/>
</pin_list>
<bind>
<opset="and_ln107_1 "/>
</bind>
</comp>

<comp id="604" class="1005" name="and_ln105_3_reg_604">
<pin_list>
<pin id="605" dir="0" index="0" bw="1" slack="1"/>
<pin id="606" dir="1" index="1" bw="1" slack="1"/>
</pin_list>
<bind>
<opset="and_ln105_3 "/>
</bind>
</comp>

<comp id="609" class="1005" name="or_ln120_3_reg_609">
<pin_list>
<pin id="610" dir="0" index="0" bw="1" slack="1"/>
<pin id="611" dir="1" index="1" bw="1" slack="1"/>
</pin_list>
<bind>
<opset="or_ln120_3 "/>
</bind>
</comp>

<comp id="615" class="1005" name="select_ln120_1_reg_615">
<pin_list>
<pin id="616" dir="0" index="0" bw="2" slack="1"/>
<pin id="617" dir="1" index="1" bw="2" slack="1"/>
</pin_list>
<bind>
<opset="select_ln120_1 "/>
</bind>
</comp>

<comp id="620" class="1005" name="or_ln120_7_reg_620">
<pin_list>
<pin id="621" dir="0" index="0" bw="1" slack="1"/>
<pin id="622" dir="1" index="1" bw="1" slack="1"/>
</pin_list>
<bind>
<opset="or_ln120_7 "/>
</bind>
</comp>

<comp id="625" class="1005" name="select_ln120_8_reg_625">
<pin_list>
<pin id="626" dir="0" index="0" bw="4" slack="1"/>
<pin id="627" dir="1" index="1" bw="4" slack="1"/>
</pin_list>
<bind>
<opset="select_ln120_8 "/>
</bind>
</comp>

</comp_list>

<net_list>
<net id="116"><net_src comp="14" pin="0"/><net_sink comp="112" pin=0"/></net>

<net id="117"><net_src comp="12" pin="0"/><net_sink comp="112" pin=1"/></net>

<net id="122"><net_src comp="14" pin="0"/><net_sink comp="118" pin=0"/></net>

<net id="123"><net_src comp="10" pin="0"/><net_sink comp="118" pin=1"/></net>

<net id="128"><net_src comp="14" pin="0"/><net_sink comp="124" pin=0"/></net>

<net id="129"><net_src comp="8" pin="0"/><net_sink comp="124" pin=1"/></net>

<net id="134"><net_src comp="14" pin="0"/><net_sink comp="130" pin=0"/></net>

<net id="135"><net_src comp="6" pin="0"/><net_sink comp="130" pin=1"/></net>

<net id="140"><net_src comp="14" pin="0"/><net_sink comp="136" pin=0"/></net>

<net id="141"><net_src comp="4" pin="0"/><net_sink comp="136" pin=1"/></net>

<net id="146"><net_src comp="14" pin="0"/><net_sink comp="142" pin=0"/></net>

<net id="147"><net_src comp="2" pin="0"/><net_sink comp="142" pin=1"/></net>

<net id="152"><net_src comp="14" pin="0"/><net_sink comp="148" pin=0"/></net>

<net id="153"><net_src comp="0" pin="0"/><net_sink comp="148" pin=1"/></net>

<net id="158"><net_src comp="118" pin="2"/><net_sink comp="154" pin=0"/></net>

<net id="159"><net_src comp="16" pin="0"/><net_sink comp="154" pin=1"/></net>

<net id="164"><net_src comp="142" pin="2"/><net_sink comp="160" pin=0"/></net>

<net id="165"><net_src comp="18" pin="0"/><net_sink comp="160" pin=1"/></net>

<net id="170"><net_src comp="148" pin="2"/><net_sink comp="166" pin=0"/></net>

<net id="171"><net_src comp="20" pin="0"/><net_sink comp="166" pin=1"/></net>

<net id="176"><net_src comp="142" pin="2"/><net_sink comp="172" pin=0"/></net>

<net id="177"><net_src comp="22" pin="0"/><net_sink comp="172" pin=1"/></net>

<net id="182"><net_src comp="136" pin="2"/><net_sink comp="178" pin=0"/></net>

<net id="183"><net_src comp="24" pin="0"/><net_sink comp="178" pin=1"/></net>

<net id="188"><net_src comp="142" pin="2"/><net_sink comp="184" pin=0"/></net>

<net id="189"><net_src comp="26" pin="0"/><net_sink comp="184" pin=1"/></net>

<net id="194"><net_src comp="112" pin="2"/><net_sink comp="190" pin=0"/></net>

<net id="195"><net_src comp="28" pin="0"/><net_sink comp="190" pin=1"/></net>

<net id="200"><net_src comp="124" pin="2"/><net_sink comp="196" pin=0"/></net>

<net id="201"><net_src comp="30" pin="0"/><net_sink comp="196" pin=1"/></net>

<net id="206"><net_src comp="124" pin="2"/><net_sink comp="202" pin=0"/></net>

<net id="207"><net_src comp="32" pin="0"/><net_sink comp="202" pin=1"/></net>

<net id="212"><net_src comp="148" pin="2"/><net_sink comp="208" pin=0"/></net>

<net id="213"><net_src comp="34" pin="0"/><net_sink comp="208" pin=1"/></net>

<net id="218"><net_src comp="130" pin="2"/><net_sink comp="214" pin=0"/></net>

<net id="219"><net_src comp="36" pin="0"/><net_sink comp="214" pin=1"/></net>

<net id="224"><net_src comp="154" pin="2"/><net_sink comp="220" pin=0"/></net>

<net id="225"><net_src comp="38" pin="0"/><net_sink comp="220" pin=1"/></net>

<net id="234"><net_src comp="38" pin="0"/><net_sink comp="230" pin=1"/></net>

<net id="239"><net_src comp="230" pin="2"/><net_sink comp="235" pin=1"/></net>

<net id="248"><net_src comp="38" pin="0"/><net_sink comp="244" pin=1"/></net>

<net id="253"><net_src comp="244" pin="2"/><net_sink comp="249" pin=0"/></net>

<net id="258"><net_src comp="235" pin="2"/><net_sink comp="254" pin=1"/></net>

<net id="263"><net_src comp="38" pin="0"/><net_sink comp="259" pin=1"/></net>

<net id="268"><net_src comp="240" pin="2"/><net_sink comp="264" pin=1"/></net>

<net id="273"><net_src comp="259" pin="2"/><net_sink comp="269" pin=1"/></net>

<net id="278"><net_src comp="269" pin="2"/><net_sink comp="274" pin=0"/></net>

<net id="279"><net_src comp="235" pin="2"/><net_sink comp="274" pin=1"/></net>

<net id="284"><net_src comp="226" pin="2"/><net_sink comp="280" pin=0"/></net>

<net id="285"><net_src comp="254" pin="2"/><net_sink comp="280" pin=1"/></net>

<net id="290"><net_src comp="280" pin="2"/><net_sink comp="286" pin=0"/></net>

<net id="291"><net_src comp="274" pin="2"/><net_sink comp="286" pin=1"/></net>

<net id="296"><net_src comp="264" pin="2"/><net_sink comp="292" pin=1"/></net>

<net id="301"><net_src comp="226" pin="2"/><net_sink comp="297" pin=0"/></net>

<net id="302"><net_src comp="38" pin="0"/><net_sink comp="297" pin=1"/></net>

<net id="306"><net_src comp="297" pin="2"/><net_sink comp="303" pin=0"/></net>

<net id="312"><net_src comp="280" pin="2"/><net_sink comp="307" pin=0"/></net>

<net id="313"><net_src comp="303" pin="1"/><net_sink comp="307" pin=1"/></net>

<net id="314"><net_src comp="40" pin="0"/><net_sink comp="307" pin=2"/></net>

<net id="320"><net_src comp="286" pin="2"/><net_sink comp="315" pin=0"/></net>

<net id="321"><net_src comp="307" pin="3"/><net_sink comp="315" pin=1"/></net>

<net id="322"><net_src comp="42" pin="0"/><net_sink comp="315" pin=2"/></net>

<net id="327"><net_src comp="38" pin="0"/><net_sink comp="323" pin=1"/></net>

<net id="340"><net_src comp="323" pin="2"/><net_sink comp="336" pin=1"/></net>

<net id="345"><net_src comp="336" pin="2"/><net_sink comp="341" pin=0"/></net>

<net id="350"><net_src comp="328" pin="2"/><net_sink comp="346" pin=1"/></net>

<net id="355"><net_src comp="332" pin="2"/><net_sink comp="351" pin=1"/></net>

<net id="360"><net_src comp="341" pin="2"/><net_sink comp="356" pin=1"/></net>

<net id="369"><net_src comp="361" pin="2"/><net_sink comp="365" pin=0"/></net>

<net id="370"><net_src comp="346" pin="2"/><net_sink comp="365" pin=1"/></net>

<net id="375"><net_src comp="361" pin="2"/><net_sink comp="371" pin=0"/></net>

<net id="376"><net_src comp="328" pin="2"/><net_sink comp="371" pin=1"/></net>

<net id="385"><net_src comp="377" pin="1"/><net_sink comp="380" pin=1"/></net>

<net id="386"><net_src comp="44" pin="0"/><net_sink comp="380" pin=2"/></net>

<net id="392"><net_src comp="351" pin="2"/><net_sink comp="387" pin=0"/></net>

<net id="393"><net_src comp="380" pin="3"/><net_sink comp="387" pin=1"/></net>

<net id="394"><net_src comp="46" pin="0"/><net_sink comp="387" pin=2"/></net>

<net id="400"><net_src comp="387" pin="3"/><net_sink comp="395" pin=1"/></net>

<net id="401"><net_src comp="48" pin="0"/><net_sink comp="395" pin=2"/></net>

<net id="407"><net_src comp="356" pin="2"/><net_sink comp="402" pin=0"/></net>

<net id="408"><net_src comp="395" pin="3"/><net_sink comp="402" pin=1"/></net>

<net id="409"><net_src comp="50" pin="0"/><net_sink comp="402" pin=2"/></net>

<net id="413"><net_src comp="402" pin="3"/><net_sink comp="410" pin=0"/></net>

<net id="419"><net_src comp="361" pin="2"/><net_sink comp="414" pin=0"/></net>

<net id="420"><net_src comp="410" pin="1"/><net_sink comp="414" pin=1"/></net>

<net id="421"><net_src comp="52" pin="0"/><net_sink comp="414" pin=2"/></net>

<net id="427"><net_src comp="365" pin="2"/><net_sink comp="422" pin=0"/></net>

<net id="428"><net_src comp="414" pin="3"/><net_sink comp="422" pin=1"/></net>

<net id="429"><net_src comp="54" pin="0"/><net_sink comp="422" pin=2"/></net>

<net id="435"><net_src comp="371" pin="2"/><net_sink comp="430" pin=0"/></net>

<net id="436"><net_src comp="422" pin="3"/><net_sink comp="430" pin=1"/></net>

<net id="437"><net_src comp="56" pin="0"/><net_sink comp="430" pin=2"/></net>

<net id="442"><net_src comp="38" pin="0"/><net_sink comp="438" pin=1"/></net>

<net id="447"><net_src comp="438" pin="2"/><net_sink comp="443" pin=1"/></net>

<net id="452"><net_src comp="443" pin="2"/><net_sink comp="448" pin=0"/></net>

<net id="457"><net_src comp="448" pin="2"/><net_sink comp="453" pin=1"/></net>

<net id="463"><net_src comp="453" pin="2"/><net_sink comp="458" pin=0"/></net>

<net id="464"><net_src comp="66" pin="0"/><net_sink comp="458" pin=2"/></net>

<net id="494"><net_src comp="68" pin="0"/><net_sink comp="465" pin=0"/></net>

<net id="495"><net_src comp="70" pin="0"/><net_sink comp="465" pin=1"/></net>

<net id="496"><net_src comp="72" pin="0"/><net_sink comp="465" pin=2"/></net>

<net id="497"><net_src comp="74" pin="0"/><net_sink comp="465" pin=3"/></net>

<net id="498"><net_src comp="76" pin="0"/><net_sink comp="465" pin=4"/></net>

<net id="499"><net_src comp="78" pin="0"/><net_sink comp="465" pin=5"/></net>

<net id="500"><net_src comp="80" pin="0"/><net_sink comp="465" pin=6"/></net>

<net id="501"><net_src comp="82" pin="0"/><net_sink comp="465" pin=7"/></net>

<net id="502"><net_src comp="84" pin="0"/><net_sink comp="465" pin=8"/></net>

<net id="503"><net_src comp="86" pin="0"/><net_sink comp="465" pin=9"/></net>

<net id="504"><net_src comp="88" pin="0"/><net_sink comp="465" pin=10"/></net>

<net id="505"><net_src comp="90" pin="0"/><net_sink comp="465" pin=11"/></net>

<net id="506"><net_src comp="92" pin="0"/><net_sink comp="465" pin=12"/></net>

<net id="507"><net_src comp="94" pin="0"/><net_sink comp="465" pin=13"/></net>

<net id="508"><net_src comp="96" pin="0"/><net_sink comp="465" pin=14"/></net>

<net id="509"><net_src comp="98" pin="0"/><net_sink comp="465" pin=15"/></net>

<net id="510"><net_src comp="100" pin="0"/><net_sink comp="465" pin=16"/></net>

<net id="511"><net_src comp="52" pin="0"/><net_sink comp="465" pin=17"/></net>

<net id="512"><net_src comp="102" pin="0"/><net_sink comp="465" pin=18"/></net>

<net id="513"><net_src comp="54" pin="0"/><net_sink comp="465" pin=19"/></net>

<net id="514"><net_src comp="104" pin="0"/><net_sink comp="465" pin=20"/></net>

<net id="515"><net_src comp="56" pin="0"/><net_sink comp="465" pin=21"/></net>

<net id="516"><net_src comp="106" pin="0"/><net_sink comp="465" pin=22"/></net>

<net id="517"><net_src comp="66" pin="0"/><net_sink comp="465" pin=23"/></net>

<net id="518"><net_src comp="108" pin="0"/><net_sink comp="465" pin=24"/></net>

<net id="519"><net_src comp="110" pin="0"/><net_sink comp="465" pin=25"/></net>

<net id="520"><net_src comp="458" pin="3"/><net_sink comp="465" pin=26"/></net>

<net id="524"><net_src comp="154" pin="2"/><net_sink comp="521" pin=0"/></net>

<net id="525"><net_src comp="521" pin="1"/><net_sink comp="226" pin=1"/></net>

<net id="526"><net_src comp="521" pin="1"/><net_sink comp="235" pin=0"/></net>

<net id="527"><net_src comp="521" pin="1"/><net_sink comp="292" pin=0"/></net>

<net id="528"><net_src comp="521" pin="1"/><net_sink comp="351" pin=0"/></net>

<net id="529"><net_src comp="521" pin="1"/><net_sink comp="361" pin=0"/></net>

<net id="530"><net_src comp="521" pin="1"/><net_sink comp="380" pin=0"/></net>

<net id="534"><net_src comp="160" pin="2"/><net_sink comp="531" pin=0"/></net>

<net id="535"><net_src comp="531" pin="1"/><net_sink comp="226" pin=0"/></net>

<net id="536"><net_src comp="531" pin="1"/><net_sink comp="230" pin=0"/></net>

<net id="540"><net_src comp="166" pin="2"/><net_sink comp="537" pin=0"/></net>

<net id="541"><net_src comp="537" pin="1"/><net_sink comp="240" pin=0"/></net>

<net id="542"><net_src comp="537" pin="1"/><net_sink comp="244" pin=0"/></net>

<net id="546"><net_src comp="172" pin="2"/><net_sink comp="543" pin=0"/></net>

<net id="547"><net_src comp="543" pin="1"/><net_sink comp="254" pin=0"/></net>

<net id="548"><net_src comp="543" pin="1"/><net_sink comp="259" pin=0"/></net>

<net id="552"><net_src comp="178" pin="2"/><net_sink comp="549" pin=0"/></net>

<net id="553"><net_src comp="549" pin="1"/><net_sink comp="264" pin=0"/></net>

<net id="554"><net_src comp="549" pin="1"/><net_sink comp="323" pin=0"/></net>

<net id="558"><net_src comp="184" pin="2"/><net_sink comp="555" pin=0"/></net>

<net id="559"><net_src comp="555" pin="1"/><net_sink comp="328" pin=0"/></net>

<net id="560"><net_src comp="555" pin="1"/><net_sink comp="438" pin=0"/></net>

<net id="564"><net_src comp="190" pin="2"/><net_sink comp="561" pin=0"/></net>

<net id="565"><net_src comp="561" pin="1"/><net_sink comp="269" pin=0"/></net>

<net id="569"><net_src comp="196" pin="2"/><net_sink comp="566" pin=0"/></net>

<net id="570"><net_src comp="566" pin="1"/><net_sink comp="332" pin=0"/></net>

<net id="574"><net_src comp="202" pin="2"/><net_sink comp="571" pin=0"/></net>

<net id="575"><net_src comp="571" pin="1"/><net_sink comp="336" pin=0"/></net>

<net id="579"><net_src comp="208" pin="2"/><net_sink comp="576" pin=0"/></net>

<net id="580"><net_src comp="576" pin="1"/><net_sink comp="346" pin=0"/></net>

<net id="584"><net_src comp="214" pin="2"/><net_sink comp="581" pin=0"/></net>

<net id="585"><net_src comp="581" pin="1"/><net_sink comp="443" pin=0"/></net>

<net id="589"><net_src comp="220" pin="2"/><net_sink comp="586" pin=0"/></net>

<net id="590"><net_src comp="586" pin="1"/><net_sink comp="240" pin=1"/></net>

<net id="591"><net_src comp="586" pin="1"/><net_sink comp="249" pin=1"/></net>

<net id="595"><net_src comp="240" pin="2"/><net_sink comp="592" pin=0"/></net>

<net id="596"><net_src comp="592" pin="1"/><net_sink comp="341" pin=1"/></net>

<net id="597"><net_src comp="592" pin="1"/><net_sink comp="361" pin=1"/></net>

<net id="601"><net_src comp="249" pin="2"/><net_sink comp="598" pin=0"/></net>

<net id="602"><net_src comp="598" pin="1"/><net_sink comp="328" pin=1"/></net>

<net id="603"><net_src comp="598" pin="1"/><net_sink comp="448" pin=1"/></net>

<net id="607"><net_src comp="264" pin="2"/><net_sink comp="604" pin=0"/></net>

<net id="608"><net_src comp="604" pin="1"/><net_sink comp="332" pin=1"/></net>

<net id="612"><net_src comp="292" pin="2"/><net_sink comp="609" pin=0"/></net>

<net id="613"><net_src comp="609" pin="1"/><net_sink comp="356" pin=0"/></net>

<net id="614"><net_src comp="609" pin="1"/><net_sink comp="395" pin=0"/></net>

<net id="618"><net_src comp="315" pin="3"/><net_sink comp="615" pin=0"/></net>

<net id="619"><net_src comp="615" pin="1"/><net_sink comp="377" pin=0"/></net>

<net id="623"><net_src comp="371" pin="2"/><net_sink comp="620" pin=0"/></net>

<net id="624"><net_src comp="620" pin="1"/><net_sink comp="453" pin=0"/></net>

<net id="628"><net_src comp="430" pin="3"/><net_sink comp="625" pin=0"/></net>

<net id="629"><net_src comp="625" pin="1"/><net_sink comp="458" pin=1"/></net>

</net_list>

</model> 
---------------- Datapath Model END ------------------

* FSMD analyzer results:
  - Output states:
 - Input state : 
	Port: decision_function<ap_fixed<18, 8, 5, 3, 0>, ap_fixed<18, 8, 5, 3, 0> >.9 : p_read1 | {1 }
	Port: decision_function<ap_fixed<18, 8, 5, 3, 0>, ap_fixed<18, 8, 5, 3, 0> >.9 : p_read2 | {1 }
	Port: decision_function<ap_fixed<18, 8, 5, 3, 0>, ap_fixed<18, 8, 5, 3, 0> >.9 : p_read3 | {1 }
	Port: decision_function<ap_fixed<18, 8, 5, 3, 0>, ap_fixed<18, 8, 5, 3, 0> >.9 : p_read4 | {1 }
	Port: decision_function<ap_fixed<18, 8, 5, 3, 0>, ap_fixed<18, 8, 5, 3, 0> >.9 : p_read5 | {1 }
	Port: decision_function<ap_fixed<18, 8, 5, 3, 0>, ap_fixed<18, 8, 5, 3, 0> >.9 : p_read6 | {1 }
	Port: decision_function<ap_fixed<18, 8, 5, 3, 0>, ap_fixed<18, 8, 5, 3, 0> >.9 : p_read7 | {1 }
  - Chain level:
	State 1
		xor_ln107 : 1
	State 2
		select_ln120_1 : 1
	State 3
		select_ln120_2 : 1
		select_ln120_3 : 2
		select_ln120_4 : 3
		select_ln120_5 : 4
		zext_ln120_2 : 5
		select_ln120_6 : 6
		select_ln120_7 : 7
		select_ln120_8 : 8
	State 4
		agg_result : 1
		ret_ln125 : 2


============================================================
+ Verbose Summary: Datapath Resource usage 
============================================================

* Functional unit list:
|----------|-----------------------|---------|---------|
| Operation|    Functional Unit    |    FF   |   LUT   |
|----------|-----------------------|---------|---------|
|          |    icmp_ln4_fu_154    |    0    |    25   |
|          |   icmp_ln4_1_fu_160   |    0    |    25   |
|          |   icmp_ln4_2_fu_166   |    0    |    25   |
|          |   icmp_ln4_3_fu_172   |    0    |    25   |
|          |   icmp_ln4_4_fu_178   |    0    |    25   |
|   icmp   |   icmp_ln4_5_fu_184   |    0    |    25   |
|          |   icmp_ln4_6_fu_190   |    0    |    25   |
|          |   icmp_ln4_7_fu_196   |    0    |    25   |
|          |   icmp_ln4_8_fu_202   |    0    |    25   |
|          |   icmp_ln4_9_fu_208   |    0    |    25   |
|          |   icmp_ln4_10_fu_214  |    0    |    25   |
|----------|-----------------------|---------|---------|
| sparsemux|   agg_result_fu_465   |    0    |    65   |
|----------|-----------------------|---------|---------|
|          |  select_ln120_fu_307  |    0    |    2    |
|          | select_ln120_1_fu_315 |    0    |    2    |
|          | select_ln120_2_fu_380 |    0    |    3    |
|          | select_ln120_3_fu_387 |    0    |    3    |
|  select  | select_ln120_4_fu_395 |    0    |    3    |
|          | select_ln120_5_fu_402 |    0    |    3    |
|          | select_ln120_6_fu_414 |    0    |    4    |
|          | select_ln120_7_fu_422 |    0    |    4    |
|          | select_ln120_8_fu_430 |    0    |    4    |
|          | select_ln120_9_fu_458 |    0    |    4    |
|----------|-----------------------|---------|---------|
|          |    and_ln105_fu_226   |    0    |    2    |
|          |    and_ln107_fu_235   |    0    |    2    |
|          |   and_ln105_1_fu_240  |    0    |    2    |
|          |   and_ln107_1_fu_249  |    0    |    2    |
|          |   and_ln105_2_fu_254  |    0    |    2    |
|          |   and_ln105_3_fu_264  |    0    |    2    |
|          |   and_ln105_5_fu_269  |    0    |    2    |
|    and   |   and_ln105_6_fu_274  |    0    |    2    |
|          |   and_ln105_4_fu_328  |    0    |    2    |
|          |   and_ln105_7_fu_332  |    0    |    2    |
|          |   and_ln105_8_fu_336  |    0    |    2    |
|          |   and_ln105_9_fu_341  |    0    |    2    |
|          |  and_ln105_10_fu_346  |    0    |    2    |
|          |  and_ln105_11_fu_443  |    0    |    2    |
|          |  and_ln105_12_fu_448  |    0    |    2    |
|----------|-----------------------|---------|---------|
|          |    or_ln120_fu_280    |    0    |    2    |
|          |   or_ln120_1_fu_286   |    0    |    2    |
|          |   or_ln120_3_fu_292   |    0    |    2    |
|          |   or_ln120_2_fu_351   |    0    |    2    |
|    or    |   or_ln120_4_fu_356   |    0    |    2    |
|          |   or_ln120_5_fu_361   |    0    |    2    |
|          |   or_ln120_6_fu_365   |    0    |    2    |
|          |   or_ln120_7_fu_371   |    0    |    2    |
|          |   or_ln120_8_fu_453   |    0    |    2    |
|----------|-----------------------|---------|---------|
|          |    xor_ln107_fu_220   |    0    |    2    |
|          |   xor_ln107_1_fu_230  |    0    |    2    |
|          |   xor_ln107_2_fu_244  |    0    |    2    |
|    xor   |   xor_ln107_3_fu_259  |    0    |    2    |
|          |    xor_ln120_fu_297   |    0    |    2    |
|          |   xor_ln107_4_fu_323  |    0    |    2    |
|          |   xor_ln107_5_fu_438  |    0    |    2    |
|----------|-----------------------|---------|---------|
|          |   p_read_read_fu_112  |    0    |    0    |
|          |  p_read_1_read_fu_118 |    0    |    0    |
|          |  p_read_2_read_fu_124 |    0    |    0    |
|   read   |  p_read_3_read_fu_130 |    0    |    0    |
|          |  p_read33_read_fu_136 |    0    |    0    |
|          |  p_read22_read_fu_142 |    0    |    0    |
|          |  p_read11_read_fu_148 |    0    |    0    |
|----------|-----------------------|---------|---------|
|          |   zext_ln120_fu_303   |    0    |    0    |
|   zext   |  zext_ln120_1_fu_377  |    0    |    0    |
|          |  zext_ln120_2_fu_410  |    0    |    0    |
|----------|-----------------------|---------|---------|
|   Total  |                       |    0    |   434   |
|----------|-----------------------|---------|---------|

Memories:
N/A

* Register list:
+----------------------+--------+
|                      |   FF   |
+----------------------+--------+
|  and_ln105_1_reg_592 |    1   |
|  and_ln105_3_reg_604 |    1   |
|  and_ln107_1_reg_598 |    1   |
|  icmp_ln4_10_reg_581 |    1   |
|  icmp_ln4_1_reg_531  |    1   |
|  icmp_ln4_2_reg_537  |    1   |
|  icmp_ln4_3_reg_543  |    1   |
|  icmp_ln4_4_reg_549  |    1   |
|  icmp_ln4_5_reg_555  |    1   |
|  icmp_ln4_6_reg_561  |    1   |
|  icmp_ln4_7_reg_566  |    1   |
|  icmp_ln4_8_reg_571  |    1   |
|  icmp_ln4_9_reg_576  |    1   |
|   icmp_ln4_reg_521   |    1   |
|  or_ln120_3_reg_609  |    1   |
|  or_ln120_7_reg_620  |    1   |
|select_ln120_1_reg_615|    2   |
|select_ln120_8_reg_625|    4   |
|   xor_ln107_reg_586  |    1   |
+----------------------+--------+
|         Total        |   23   |
+----------------------+--------+

* Multiplexer (MUX) list: 
|--------|------|------|------|--------|
|  Comp  |  Pin | Size |  BW  | S x BW |
|--------|------|------|------|--------|
|  Total |      |      |      |    0   |
|--------|------|------|------|--------|



* Summary:
+-----------+--------+--------+
|           |   FF   |   LUT  |
+-----------+--------+--------+
|  Function |    0   |   434  |
|   Memory  |    -   |    -   |
|Multiplexer|    -   |    -   |
|  Register |   23   |    -   |
+-----------+--------+--------+
|   Total   |   23   |   434  |
+-----------+--------+--------+
